14:57:47 INFO  : Registering command handlers for SDK TCF services
14:57:47 INFO  : Launching XSCT server: xsct.bat -interactive D:\xlinx-projects\custom_ip_tb\custom_ip_tb.sdk\temp_xsdb_launch_script.tcl
14:57:50 INFO  : XSCT server has started successfully.
14:57:51 INFO  : Successfully done setting XSCT server connection channel  
14:57:51 INFO  : Successfully done setting SDK workspace  
14:57:51 INFO  : Processing command line option -hwspec D:/xlinx-projects/custom_ip_tb/custom_ip_tb.sdk/custo_ip_tb_wrapper.hdf.
15:03:37 INFO  : Connected to target on host '127.0.0.1' and port '3121'.
15:03:40 INFO  : 'targets -set -filter {jtag_cable_name =~ "Digilent Zybo Z7 210351AF24E2A" && level==0} -index 1' command is executed.
15:03:41 INFO  : FPGA configured successfully with bitstream "D:/xlinx-projects/custom_ip_tb/custom_ip_tb.sdk/custo_ip_tb_wrapper_hw_platform_0/custo_ip_tb_wrapper.bit"
15:04:14 INFO  : 'targets -set -filter {jtag_cable_name =~ "Digilent Zybo Z7 210351AF24E2A" && level==0} -index 1' command is executed.
15:04:14 INFO  : 'fpga -state' command is executed.
15:04:14 INFO  : Connected to target on host '127.0.0.1' and port '3121'.
15:04:14 INFO  : Jtag cable 'Digilent Zybo Z7 210351AF24E2A' is selected.
15:04:14 INFO  : 'jtag frequency' command is executed.
15:04:14 INFO  : Sourcing of 'D:/xlinx-projects/custom_ip_tb/custom_ip_tb.sdk/custo_ip_tb_wrapper_hw_platform_0/ps7_init.tcl' is done.
15:04:14 INFO  : Context for 'APU' is selected.
15:04:14 INFO  : Hardware design information is loaded from 'D:/xlinx-projects/custom_ip_tb/custom_ip_tb.sdk/custo_ip_tb_wrapper_hw_platform_0/system.hdf'.
15:04:14 INFO  : 'configparams force-mem-access 1' command is executed.
15:04:14 INFO  : Context for 'APU' is selected.
15:04:14 INFO  : 'stop' command is executed.
15:04:15 INFO  : 'ps7_init' command is executed.
15:04:15 INFO  : 'ps7_post_config' command is executed.
15:04:15 INFO  : Context for processor 'ps7_cortexa9_0' is selected.
15:04:15 INFO  : Processor reset is completed for 'ps7_cortexa9_0'.
15:04:15 INFO  : Context for processor 'ps7_cortexa9_0' is selected.
15:04:15 INFO  : The application 'D:/xlinx-projects/custom_ip_tb/custom_ip_tb.sdk/cstmiptest/Debug/cstmiptest.elf' is downloaded to processor 'ps7_cortexa9_0'.
15:04:15 INFO  : 'configparams force-mem-access 0' command is executed.
15:04:15 INFO  : ----------------XSDB Script----------------
connect -url tcp:127.0.0.1:3121
source D:/xlinx-projects/custom_ip_tb/custom_ip_tb.sdk/custo_ip_tb_wrapper_hw_platform_0/ps7_init.tcl
targets -set -nocase -filter {name =~"APU*" && jtag_cable_name =~ "Digilent Zybo Z7 210351AF24E2A"} -index 0
loadhw -hw D:/xlinx-projects/custom_ip_tb/custom_ip_tb.sdk/custo_ip_tb_wrapper_hw_platform_0/system.hdf -mem-ranges [list {0x40000000 0xbfffffff}]
configparams force-mem-access 1
targets -set -nocase -filter {name =~"APU*" && jtag_cable_name =~ "Digilent Zybo Z7 210351AF24E2A"} -index 0
stop
ps7_init
ps7_post_config
targets -set -nocase -filter {name =~ "ARM*#0" && jtag_cable_name =~ "Digilent Zybo Z7 210351AF24E2A"} -index 0
rst -processor
targets -set -nocase -filter {name =~ "ARM*#0" && jtag_cable_name =~ "Digilent Zybo Z7 210351AF24E2A"} -index 0
dow D:/xlinx-projects/custom_ip_tb/custom_ip_tb.sdk/cstmiptest/Debug/cstmiptest.elf
configparams force-mem-access 0
----------------End of Script----------------

15:04:15 INFO  : Context for processor 'ps7_cortexa9_0' is selected.
15:04:15 INFO  : 'con' command is executed.
15:04:15 INFO  : ----------------XSDB Script (After Launch)----------------
targets -set -nocase -filter {name =~ "ARM*#0" && jtag_cable_name =~ "Digilent Zybo Z7 210351AF24E2A"} -index 0
con
----------------End of Script----------------

15:04:15 INFO  : Disconnected from the channel tcfchan#1.
15:35:09 INFO  : Registering command handlers for SDK TCF services
15:35:10 INFO  : Launching XSCT server: xsct.bat -interactive D:\xlinx-projects\custom_ip_tb\custom_ip_tb.sdk\temp_xsdb_launch_script.tcl
15:35:13 INFO  : XSCT server has started successfully.
15:35:14 INFO  : Successfully done setting XSCT server connection channel  
15:35:14 INFO  : Successfully done setting SDK workspace  
15:35:14 INFO  : Processing command line option -hwspec D:/xlinx-projects/custom_ip_tb/custom_ip_tb.sdk/custo_ip_tb_wrapper.hdf.
15:35:14 INFO  : Checking for hwspec changes in the project custo_ip_tb_wrapper_hw_platform_0.
15:35:20 INFO  : SDK has detected change in the last modified timestamps for source hardware specification file Source:1613396000433,  Project:1613393763719
15:35:20 INFO  : The hardware specification for project 'custo_ip_tb_wrapper_hw_platform_0' is different from D:/xlinx-projects/custom_ip_tb/custom_ip_tb.sdk/custo_ip_tb_wrapper.hdf.
15:35:21 INFO  : Copied contents of D:/xlinx-projects/custom_ip_tb/custom_ip_tb.sdk/custo_ip_tb_wrapper.hdf into \custo_ip_tb_wrapper_hw_platform_0\system.hdf.
15:35:26 INFO  : Synchronizing projects in the workspace with the hardware platform specification changes.
15:35:29 INFO  : 
15:35:30 INFO  : Updating hardware inferred compiler options for cstmiptest.
15:35:30 INFO  : Clearing existing target manager status.
15:56:57 INFO  : Connected to target on host '127.0.0.1' and port '3121'.
15:57:00 INFO  : 'targets -set -filter {jtag_cable_name =~ "Digilent Zybo Z7 210351AF24E2A" && level==0} -index 1' command is executed.
15:57:01 INFO  : FPGA configured successfully with bitstream "D:/xlinx-projects/custom_ip_tb/custom_ip_tb.sdk/custo_ip_tb_wrapper_hw_platform_0/custo_ip_tb_wrapper.bit"
15:57:24 INFO  : 'targets -set -filter {jtag_cable_name =~ "Digilent Zybo Z7 210351AF24E2A" && level==0} -index 1' command is executed.
15:57:24 INFO  : 'fpga -state' command is executed.
15:57:24 INFO  : Connected to target on host '127.0.0.1' and port '3121'.
15:57:24 INFO  : Jtag cable 'Digilent Zybo Z7 210351AF24E2A' is selected.
15:57:24 INFO  : 'jtag frequency' command is executed.
15:57:24 INFO  : Sourcing of 'D:/xlinx-projects/custom_ip_tb/custom_ip_tb.sdk/custo_ip_tb_wrapper_hw_platform_0/ps7_init.tcl' is done.
15:57:24 INFO  : Context for 'APU' is selected.
15:57:24 INFO  : Hardware design information is loaded from 'D:/xlinx-projects/custom_ip_tb/custom_ip_tb.sdk/custo_ip_tb_wrapper_hw_platform_0/system.hdf'.
15:57:24 INFO  : 'configparams force-mem-access 1' command is executed.
15:57:24 INFO  : Context for 'APU' is selected.
15:57:25 INFO  : 'stop' command is executed.
15:57:25 INFO  : 'ps7_init' command is executed.
15:57:25 INFO  : 'ps7_post_config' command is executed.
15:57:25 INFO  : Context for processor 'ps7_cortexa9_0' is selected.
15:57:26 INFO  : Processor reset is completed for 'ps7_cortexa9_0'.
15:57:26 INFO  : Context for processor 'ps7_cortexa9_0' is selected.
15:57:26 INFO  : The application 'D:/xlinx-projects/custom_ip_tb/custom_ip_tb.sdk/newcustip/Debug/newcustip.elf' is downloaded to processor 'ps7_cortexa9_0'.
15:57:26 INFO  : 'configparams force-mem-access 0' command is executed.
15:57:26 INFO  : ----------------XSDB Script----------------
connect -url tcp:127.0.0.1:3121
source D:/xlinx-projects/custom_ip_tb/custom_ip_tb.sdk/custo_ip_tb_wrapper_hw_platform_0/ps7_init.tcl
targets -set -nocase -filter {name =~"APU*" && jtag_cable_name =~ "Digilent Zybo Z7 210351AF24E2A"} -index 0
loadhw -hw D:/xlinx-projects/custom_ip_tb/custom_ip_tb.sdk/custo_ip_tb_wrapper_hw_platform_0/system.hdf -mem-ranges [list {0x40000000 0xbfffffff}]
configparams force-mem-access 1
targets -set -nocase -filter {name =~"APU*" && jtag_cable_name =~ "Digilent Zybo Z7 210351AF24E2A"} -index 0
stop
ps7_init
ps7_post_config
targets -set -nocase -filter {name =~ "ARM*#0" && jtag_cable_name =~ "Digilent Zybo Z7 210351AF24E2A"} -index 0
rst -processor
targets -set -nocase -filter {name =~ "ARM*#0" && jtag_cable_name =~ "Digilent Zybo Z7 210351AF24E2A"} -index 0
dow D:/xlinx-projects/custom_ip_tb/custom_ip_tb.sdk/newcustip/Debug/newcustip.elf
configparams force-mem-access 0
----------------End of Script----------------

15:57:26 INFO  : Context for processor 'ps7_cortexa9_0' is selected.
15:57:26 INFO  : 'con' command is executed.
15:57:26 INFO  : ----------------XSDB Script (After Launch)----------------
targets -set -nocase -filter {name =~ "ARM*#0" && jtag_cable_name =~ "Digilent Zybo Z7 210351AF24E2A"} -index 0
con
----------------End of Script----------------

15:57:26 INFO  : Disconnected from the channel tcfchan#1.
