00:36:19 INFO  : Registering command handlers for SDK TCF services
00:36:20 INFO  : Launching XSCT server: xsct.bat -interactive D:\xlinx-projects\scu_timer_interrupts\scu_timer_interrupts.sdk\temp_xsdb_launch_script.tcl
00:36:23 INFO  : XSCT server has started successfully.
00:36:23 INFO  : Successfully done setting XSCT server connection channel  
00:36:23 INFO  : Successfully done setting SDK workspace  
00:36:23 INFO  : Processing command line option -hwspec D:/xlinx-projects/scu_timer_interrupts/scu_timer_interrupts.sdk/hw_3_p1_wrapper.hdf.
00:41:44 INFO  : Connected to target on host '127.0.0.1' and port '3121'.
00:41:47 INFO  : 'targets -set -filter {jtag_cable_name =~ "Digilent Zybo Z7 210351AF24E2A" && level==0} -index 1' command is executed.
00:41:48 INFO  : FPGA configured successfully with bitstream "D:/xlinx-projects/scu_timer_interrupts/scu_timer_interrupts.sdk/hw_3_p1_wrapper_hw_platform_0/hw_3_p1_wrapper.bit"
00:42:01 INFO  : 'targets -set -filter {jtag_cable_name =~ "Digilent Zybo Z7 210351AF24E2A" && level==0} -index 1' command is executed.
00:42:01 INFO  : 'fpga -state' command is executed.
00:42:01 INFO  : Connected to target on host '127.0.0.1' and port '3121'.
00:42:01 INFO  : Jtag cable 'Digilent Zybo Z7 210351AF24E2A' is selected.
00:42:01 INFO  : 'jtag frequency' command is executed.
00:42:01 INFO  : Sourcing of 'D:/xlinx-projects/scu_timer_interrupts/scu_timer_interrupts.sdk/hw_3_p1_wrapper_hw_platform_0/ps7_init.tcl' is done.
00:42:01 INFO  : Context for 'APU' is selected.
00:42:01 INFO  : Hardware design information is loaded from 'D:/xlinx-projects/scu_timer_interrupts/scu_timer_interrupts.sdk/hw_3_p1_wrapper_hw_platform_0/system.hdf'.
00:42:01 INFO  : 'configparams force-mem-access 1' command is executed.
00:42:01 INFO  : Context for 'APU' is selected.
00:42:02 INFO  : 'stop' command is executed.
00:42:02 INFO  : 'ps7_init' command is executed.
00:42:02 INFO  : 'ps7_post_config' command is executed.
00:42:02 INFO  : Context for processor 'ps7_cortexa9_0' is selected.
00:42:02 INFO  : Processor reset is completed for 'ps7_cortexa9_0'.
00:42:02 INFO  : Context for processor 'ps7_cortexa9_0' is selected.
00:42:02 INFO  : The application 'D:/xlinx-projects/scu_timer_interrupts/scu_timer_interrupts.sdk/test/Debug/test.elf' is downloaded to processor 'ps7_cortexa9_0'.
00:42:02 INFO  : 'configparams force-mem-access 0' command is executed.
00:42:02 INFO  : ----------------XSDB Script----------------
connect -url tcp:127.0.0.1:3121
source D:/xlinx-projects/scu_timer_interrupts/scu_timer_interrupts.sdk/hw_3_p1_wrapper_hw_platform_0/ps7_init.tcl
targets -set -nocase -filter {name =~"APU*" && jtag_cable_name =~ "Digilent Zybo Z7 210351AF24E2A"} -index 0
loadhw -hw D:/xlinx-projects/scu_timer_interrupts/scu_timer_interrupts.sdk/hw_3_p1_wrapper_hw_platform_0/system.hdf -mem-ranges [list {0x40000000 0xbfffffff}]
configparams force-mem-access 1
targets -set -nocase -filter {name =~"APU*" && jtag_cable_name =~ "Digilent Zybo Z7 210351AF24E2A"} -index 0
stop
ps7_init
ps7_post_config
targets -set -nocase -filter {name =~ "ARM*#0" && jtag_cable_name =~ "Digilent Zybo Z7 210351AF24E2A"} -index 0
rst -processor
targets -set -nocase -filter {name =~ "ARM*#0" && jtag_cable_name =~ "Digilent Zybo Z7 210351AF24E2A"} -index 0
dow D:/xlinx-projects/scu_timer_interrupts/scu_timer_interrupts.sdk/test/Debug/test.elf
configparams force-mem-access 0
----------------End of Script----------------

00:42:02 INFO  : Context for processor 'ps7_cortexa9_0' is selected.
00:42:02 INFO  : 'con' command is executed.
00:42:02 INFO  : ----------------XSDB Script (After Launch)----------------
targets -set -nocase -filter {name =~ "ARM*#0" && jtag_cable_name =~ "Digilent Zybo Z7 210351AF24E2A"} -index 0
con
----------------End of Script----------------

00:42:02 INFO  : Disconnected from the channel tcfchan#1.
00:56:36 INFO  : Connected to target on host '127.0.0.1' and port '3121'.
00:56:39 INFO  : 'targets -set -filter {jtag_cable_name =~ "Digilent Zybo Z7 210351AF24E2A" && level==0} -index 1' command is executed.
00:56:40 INFO  : FPGA configured successfully with bitstream "D:/xlinx-projects/scu_timer_interrupts/scu_timer_interrupts.sdk/hw_3_p1_wrapper_hw_platform_0/hw_3_p1_wrapper.bit"
00:56:51 INFO  : 'targets -set -filter {jtag_cable_name =~ "Digilent Zybo Z7 210351AF24E2A" && level==0} -index 1' command is executed.
00:56:51 INFO  : 'fpga -state' command is executed.
00:56:51 INFO  : Connected to target on host '127.0.0.1' and port '3121'.
00:56:52 INFO  : Jtag cable 'Digilent Zybo Z7 210351AF24E2A' is selected.
00:56:52 INFO  : 'jtag frequency' command is executed.
00:56:52 INFO  : Sourcing of 'D:/xlinx-projects/scu_timer_interrupts/scu_timer_interrupts.sdk/hw_3_p1_wrapper_hw_platform_0/ps7_init.tcl' is done.
00:56:52 INFO  : Context for 'APU' is selected.
00:56:52 INFO  : Hardware design information is loaded from 'D:/xlinx-projects/scu_timer_interrupts/scu_timer_interrupts.sdk/hw_3_p1_wrapper_hw_platform_0/system.hdf'.
00:56:52 INFO  : 'configparams force-mem-access 1' command is executed.
00:56:52 INFO  : Context for 'APU' is selected.
00:56:52 INFO  : 'stop' command is executed.
00:56:52 INFO  : 'ps7_init' command is executed.
00:56:52 INFO  : 'ps7_post_config' command is executed.
00:56:53 INFO  : Context for processor 'ps7_cortexa9_0' is selected.
00:56:53 INFO  : Processor reset is completed for 'ps7_cortexa9_0'.
00:56:53 INFO  : Context for processor 'ps7_cortexa9_0' is selected.
00:56:53 INFO  : The application 'D:/xlinx-projects/scu_timer_interrupts/scu_timer_interrupts.sdk/test/Debug/test.elf' is downloaded to processor 'ps7_cortexa9_0'.
00:56:53 INFO  : 'configparams force-mem-access 0' command is executed.
00:56:53 INFO  : ----------------XSDB Script----------------
connect -url tcp:127.0.0.1:3121
source D:/xlinx-projects/scu_timer_interrupts/scu_timer_interrupts.sdk/hw_3_p1_wrapper_hw_platform_0/ps7_init.tcl
targets -set -nocase -filter {name =~"APU*" && jtag_cable_name =~ "Digilent Zybo Z7 210351AF24E2A"} -index 0
loadhw -hw D:/xlinx-projects/scu_timer_interrupts/scu_timer_interrupts.sdk/hw_3_p1_wrapper_hw_platform_0/system.hdf -mem-ranges [list {0x40000000 0xbfffffff}]
configparams force-mem-access 1
targets -set -nocase -filter {name =~"APU*" && jtag_cable_name =~ "Digilent Zybo Z7 210351AF24E2A"} -index 0
stop
ps7_init
ps7_post_config
targets -set -nocase -filter {name =~ "ARM*#0" && jtag_cable_name =~ "Digilent Zybo Z7 210351AF24E2A"} -index 0
rst -processor
targets -set -nocase -filter {name =~ "ARM*#0" && jtag_cable_name =~ "Digilent Zybo Z7 210351AF24E2A"} -index 0
dow D:/xlinx-projects/scu_timer_interrupts/scu_timer_interrupts.sdk/test/Debug/test.elf
configparams force-mem-access 0
----------------End of Script----------------

00:56:53 INFO  : Context for processor 'ps7_cortexa9_0' is selected.
00:56:53 INFO  : 'con' command is executed.
00:56:53 INFO  : ----------------XSDB Script (After Launch)----------------
targets -set -nocase -filter {name =~ "ARM*#0" && jtag_cable_name =~ "Digilent Zybo Z7 210351AF24E2A"} -index 0
con
----------------End of Script----------------

00:56:53 INFO  : Disconnected from the channel tcfchan#2.
00:57:58 INFO  : Connected to target on host '127.0.0.1' and port '3121'.
00:58:45 INFO  : Connected to target on host '127.0.0.1' and port '3121'.
00:58:46 INFO  : 'targets -set -filter {jtag_cable_name =~ "Digilent Zybo Z7 210351AF24E2A" && level==0} -index 1' command is executed.
00:58:47 INFO  : FPGA configured successfully with bitstream "D:/xlinx-projects/scu_timer_interrupts/scu_timer_interrupts.sdk/hw_3_p1_wrapper_hw_platform_0/hw_3_p1_wrapper.bit"
00:59:25 INFO  : 'targets -set -filter {jtag_cable_name =~ "Digilent Zybo Z7 210351AF24E2A" && level==0} -index 1' command is executed.
00:59:25 INFO  : 'fpga -state' command is executed.
00:59:25 INFO  : Connected to target on host '127.0.0.1' and port '3121'.
00:59:25 INFO  : Jtag cable 'Digilent Zybo Z7 210351AF24E2A' is selected.
00:59:25 INFO  : 'jtag frequency' command is executed.
00:59:25 INFO  : Sourcing of 'D:/xlinx-projects/scu_timer_interrupts/scu_timer_interrupts.sdk/hw_3_p1_wrapper_hw_platform_0/ps7_init.tcl' is done.
00:59:25 INFO  : Context for 'APU' is selected.
00:59:25 INFO  : Hardware design information is loaded from 'D:/xlinx-projects/scu_timer_interrupts/scu_timer_interrupts.sdk/hw_3_p1_wrapper_hw_platform_0/system.hdf'.
00:59:25 INFO  : 'configparams force-mem-access 1' command is executed.
00:59:25 INFO  : Context for 'APU' is selected.
00:59:26 INFO  : 'stop' command is executed.
00:59:26 INFO  : 'ps7_init' command is executed.
00:59:26 INFO  : 'ps7_post_config' command is executed.
00:59:26 INFO  : Context for processor 'ps7_cortexa9_0' is selected.
00:59:26 INFO  : Processor reset is completed for 'ps7_cortexa9_0'.
00:59:26 INFO  : Context for processor 'ps7_cortexa9_0' is selected.
00:59:27 INFO  : The application 'D:/xlinx-projects/scu_timer_interrupts/scu_timer_interrupts.sdk/test/Debug/test.elf' is downloaded to processor 'ps7_cortexa9_0'.
00:59:27 INFO  : 'configparams force-mem-access 0' command is executed.
00:59:27 INFO  : ----------------XSDB Script----------------
connect -url tcp:127.0.0.1:3121
source D:/xlinx-projects/scu_timer_interrupts/scu_timer_interrupts.sdk/hw_3_p1_wrapper_hw_platform_0/ps7_init.tcl
targets -set -nocase -filter {name =~"APU*" && jtag_cable_name =~ "Digilent Zybo Z7 210351AF24E2A"} -index 0
loadhw -hw D:/xlinx-projects/scu_timer_interrupts/scu_timer_interrupts.sdk/hw_3_p1_wrapper_hw_platform_0/system.hdf -mem-ranges [list {0x40000000 0xbfffffff}]
configparams force-mem-access 1
targets -set -nocase -filter {name =~"APU*" && jtag_cable_name =~ "Digilent Zybo Z7 210351AF24E2A"} -index 0
stop
ps7_init
ps7_post_config
targets -set -nocase -filter {name =~ "ARM*#0" && jtag_cable_name =~ "Digilent Zybo Z7 210351AF24E2A"} -index 0
rst -processor
targets -set -nocase -filter {name =~ "ARM*#0" && jtag_cable_name =~ "Digilent Zybo Z7 210351AF24E2A"} -index 0
dow D:/xlinx-projects/scu_timer_interrupts/scu_timer_interrupts.sdk/test/Debug/test.elf
configparams force-mem-access 0
----------------End of Script----------------

00:59:27 INFO  : Context for processor 'ps7_cortexa9_0' is selected.
00:59:27 INFO  : 'con' command is executed.
00:59:27 INFO  : ----------------XSDB Script (After Launch)----------------
targets -set -nocase -filter {name =~ "ARM*#0" && jtag_cable_name =~ "Digilent Zybo Z7 210351AF24E2A"} -index 0
con
----------------End of Script----------------

00:59:27 INFO  : Disconnected from the channel tcfchan#3.
01:00:40 INFO  : Connected to target on host '127.0.0.1' and port '3121'.
01:00:40 INFO  : 'targets -set -filter {jtag_cable_name =~ "Digilent Zybo Z7 210351AF24E2A" && level==0} -index 1' command is executed.
01:00:41 INFO  : FPGA configured successfully with bitstream "D:/xlinx-projects/scu_timer_interrupts/scu_timer_interrupts.sdk/hw_3_p1_wrapper_hw_platform_0/hw_3_p1_wrapper.bit"
01:00:52 INFO  : 'targets -set -filter {jtag_cable_name =~ "Digilent Zybo Z7 210351AF24E2A" && level==0} -index 1' command is executed.
01:00:52 INFO  : 'fpga -state' command is executed.
01:00:52 INFO  : Connected to target on host '127.0.0.1' and port '3121'.
01:00:52 INFO  : Jtag cable 'Digilent Zybo Z7 210351AF24E2A' is selected.
01:00:52 INFO  : 'jtag frequency' command is executed.
01:00:52 INFO  : Sourcing of 'D:/xlinx-projects/scu_timer_interrupts/scu_timer_interrupts.sdk/hw_3_p1_wrapper_hw_platform_0/ps7_init.tcl' is done.
01:00:52 INFO  : Context for 'APU' is selected.
01:00:52 INFO  : Hardware design information is loaded from 'D:/xlinx-projects/scu_timer_interrupts/scu_timer_interrupts.sdk/hw_3_p1_wrapper_hw_platform_0/system.hdf'.
01:00:52 INFO  : 'configparams force-mem-access 1' command is executed.
01:00:52 INFO  : Context for 'APU' is selected.
01:00:52 INFO  : 'stop' command is executed.
01:00:53 INFO  : 'ps7_init' command is executed.
01:00:53 INFO  : 'ps7_post_config' command is executed.
01:00:53 INFO  : Context for processor 'ps7_cortexa9_0' is selected.
01:00:53 INFO  : Processor reset is completed for 'ps7_cortexa9_0'.
01:00:53 INFO  : Context for processor 'ps7_cortexa9_0' is selected.
01:00:53 INFO  : The application 'D:/xlinx-projects/scu_timer_interrupts/scu_timer_interrupts.sdk/test/Debug/test.elf' is downloaded to processor 'ps7_cortexa9_0'.
01:00:53 INFO  : 'configparams force-mem-access 0' command is executed.
01:00:53 INFO  : ----------------XSDB Script----------------
connect -url tcp:127.0.0.1:3121
source D:/xlinx-projects/scu_timer_interrupts/scu_timer_interrupts.sdk/hw_3_p1_wrapper_hw_platform_0/ps7_init.tcl
targets -set -nocase -filter {name =~"APU*" && jtag_cable_name =~ "Digilent Zybo Z7 210351AF24E2A"} -index 0
loadhw -hw D:/xlinx-projects/scu_timer_interrupts/scu_timer_interrupts.sdk/hw_3_p1_wrapper_hw_platform_0/system.hdf -mem-ranges [list {0x40000000 0xbfffffff}]
configparams force-mem-access 1
targets -set -nocase -filter {name =~"APU*" && jtag_cable_name =~ "Digilent Zybo Z7 210351AF24E2A"} -index 0
stop
ps7_init
ps7_post_config
targets -set -nocase -filter {name =~ "ARM*#0" && jtag_cable_name =~ "Digilent Zybo Z7 210351AF24E2A"} -index 0
rst -processor
targets -set -nocase -filter {name =~ "ARM*#0" && jtag_cable_name =~ "Digilent Zybo Z7 210351AF24E2A"} -index 0
dow D:/xlinx-projects/scu_timer_interrupts/scu_timer_interrupts.sdk/test/Debug/test.elf
configparams force-mem-access 0
----------------End of Script----------------

01:00:53 INFO  : Context for processor 'ps7_cortexa9_0' is selected.
01:00:53 INFO  : 'con' command is executed.
01:00:53 INFO  : ----------------XSDB Script (After Launch)----------------
targets -set -nocase -filter {name =~ "ARM*#0" && jtag_cable_name =~ "Digilent Zybo Z7 210351AF24E2A"} -index 0
con
----------------End of Script----------------

01:00:53 INFO  : Disconnected from the channel tcfchan#4.
01:02:29 INFO  : Connected to target on host '127.0.0.1' and port '3121'.
01:02:39 INFO  : 'targets -set -filter {jtag_cable_name =~ "Digilent Zybo Z7 210351AF24E2A" && level==0} -index 1' command is executed.
01:02:40 INFO  : FPGA configured successfully with bitstream "D:/xlinx-projects/scu_timer_interrupts/scu_timer_interrupts.sdk/hw_3_p1_wrapper_hw_platform_0/hw_3_p1_wrapper.bit"
01:02:52 INFO  : 'targets -set -filter {jtag_cable_name =~ "Digilent Zybo Z7 210351AF24E2A" && level==0} -index 1' command is executed.
01:02:52 INFO  : 'fpga -state' command is executed.
01:02:52 INFO  : Connected to target on host '127.0.0.1' and port '3121'.
01:02:52 INFO  : Jtag cable 'Digilent Zybo Z7 210351AF24E2A' is selected.
01:02:52 INFO  : 'jtag frequency' command is executed.
01:02:52 INFO  : Sourcing of 'D:/xlinx-projects/scu_timer_interrupts/scu_timer_interrupts.sdk/hw_3_p1_wrapper_hw_platform_0/ps7_init.tcl' is done.
01:02:52 INFO  : Context for 'APU' is selected.
01:02:52 INFO  : Hardware design information is loaded from 'D:/xlinx-projects/scu_timer_interrupts/scu_timer_interrupts.sdk/hw_3_p1_wrapper_hw_platform_0/system.hdf'.
01:02:52 INFO  : 'configparams force-mem-access 1' command is executed.
01:02:52 INFO  : Context for 'APU' is selected.
01:02:52 INFO  : 'stop' command is executed.
01:02:53 INFO  : 'ps7_init' command is executed.
01:02:53 INFO  : 'ps7_post_config' command is executed.
01:02:53 INFO  : Context for processor 'ps7_cortexa9_0' is selected.
01:02:53 INFO  : Processor reset is completed for 'ps7_cortexa9_0'.
01:02:53 INFO  : Context for processor 'ps7_cortexa9_0' is selected.
01:02:53 INFO  : The application 'D:/xlinx-projects/scu_timer_interrupts/scu_timer_interrupts.sdk/test/Debug/test.elf' is downloaded to processor 'ps7_cortexa9_0'.
01:02:53 INFO  : 'configparams force-mem-access 0' command is executed.
01:02:53 INFO  : ----------------XSDB Script----------------
connect -url tcp:127.0.0.1:3121
source D:/xlinx-projects/scu_timer_interrupts/scu_timer_interrupts.sdk/hw_3_p1_wrapper_hw_platform_0/ps7_init.tcl
targets -set -nocase -filter {name =~"APU*" && jtag_cable_name =~ "Digilent Zybo Z7 210351AF24E2A"} -index 0
loadhw -hw D:/xlinx-projects/scu_timer_interrupts/scu_timer_interrupts.sdk/hw_3_p1_wrapper_hw_platform_0/system.hdf -mem-ranges [list {0x40000000 0xbfffffff}]
configparams force-mem-access 1
targets -set -nocase -filter {name =~"APU*" && jtag_cable_name =~ "Digilent Zybo Z7 210351AF24E2A"} -index 0
stop
ps7_init
ps7_post_config
targets -set -nocase -filter {name =~ "ARM*#0" && jtag_cable_name =~ "Digilent Zybo Z7 210351AF24E2A"} -index 0
rst -processor
targets -set -nocase -filter {name =~ "ARM*#0" && jtag_cable_name =~ "Digilent Zybo Z7 210351AF24E2A"} -index 0
dow D:/xlinx-projects/scu_timer_interrupts/scu_timer_interrupts.sdk/test/Debug/test.elf
configparams force-mem-access 0
----------------End of Script----------------

01:02:53 INFO  : Context for processor 'ps7_cortexa9_0' is selected.
01:02:53 INFO  : 'con' command is executed.
01:02:53 INFO  : ----------------XSDB Script (After Launch)----------------
targets -set -nocase -filter {name =~ "ARM*#0" && jtag_cable_name =~ "Digilent Zybo Z7 210351AF24E2A"} -index 0
con
----------------End of Script----------------

01:02:53 INFO  : Disconnected from the channel tcfchan#5.
01:04:07 INFO  : Connected to target on host '127.0.0.1' and port '3121'.
01:04:09 INFO  : 'targets -set -filter {jtag_cable_name =~ "Digilent Zybo Z7 210351AF24E2A" && level==0} -index 1' command is executed.
01:04:10 INFO  : FPGA configured successfully with bitstream "D:/xlinx-projects/scu_timer_interrupts/scu_timer_interrupts.sdk/hw_3_p1_wrapper_hw_platform_0/hw_3_p1_wrapper.bit"
01:04:21 INFO  : 'targets -set -filter {jtag_cable_name =~ "Digilent Zybo Z7 210351AF24E2A" && level==0} -index 1' command is executed.
01:04:21 INFO  : 'fpga -state' command is executed.
01:04:21 INFO  : Connected to target on host '127.0.0.1' and port '3121'.
01:04:21 INFO  : Jtag cable 'Digilent Zybo Z7 210351AF24E2A' is selected.
01:04:21 INFO  : 'jtag frequency' command is executed.
01:04:21 INFO  : Sourcing of 'D:/xlinx-projects/scu_timer_interrupts/scu_timer_interrupts.sdk/hw_3_p1_wrapper_hw_platform_0/ps7_init.tcl' is done.
01:04:21 INFO  : Context for 'APU' is selected.
01:04:21 INFO  : Hardware design information is loaded from 'D:/xlinx-projects/scu_timer_interrupts/scu_timer_interrupts.sdk/hw_3_p1_wrapper_hw_platform_0/system.hdf'.
01:04:21 INFO  : 'configparams force-mem-access 1' command is executed.
01:04:21 INFO  : Context for 'APU' is selected.
01:04:21 INFO  : 'stop' command is executed.
01:04:22 INFO  : 'ps7_init' command is executed.
01:04:22 INFO  : 'ps7_post_config' command is executed.
01:04:22 INFO  : Context for processor 'ps7_cortexa9_0' is selected.
01:04:22 INFO  : Processor reset is completed for 'ps7_cortexa9_0'.
01:04:22 INFO  : Context for processor 'ps7_cortexa9_0' is selected.
01:04:22 INFO  : The application 'D:/xlinx-projects/scu_timer_interrupts/scu_timer_interrupts.sdk/test/Debug/test.elf' is downloaded to processor 'ps7_cortexa9_0'.
01:04:22 INFO  : 'configparams force-mem-access 0' command is executed.
01:04:22 INFO  : ----------------XSDB Script----------------
connect -url tcp:127.0.0.1:3121
source D:/xlinx-projects/scu_timer_interrupts/scu_timer_interrupts.sdk/hw_3_p1_wrapper_hw_platform_0/ps7_init.tcl
targets -set -nocase -filter {name =~"APU*" && jtag_cable_name =~ "Digilent Zybo Z7 210351AF24E2A"} -index 0
loadhw -hw D:/xlinx-projects/scu_timer_interrupts/scu_timer_interrupts.sdk/hw_3_p1_wrapper_hw_platform_0/system.hdf -mem-ranges [list {0x40000000 0xbfffffff}]
configparams force-mem-access 1
targets -set -nocase -filter {name =~"APU*" && jtag_cable_name =~ "Digilent Zybo Z7 210351AF24E2A"} -index 0
stop
ps7_init
ps7_post_config
targets -set -nocase -filter {name =~ "ARM*#0" && jtag_cable_name =~ "Digilent Zybo Z7 210351AF24E2A"} -index 0
rst -processor
targets -set -nocase -filter {name =~ "ARM*#0" && jtag_cable_name =~ "Digilent Zybo Z7 210351AF24E2A"} -index 0
dow D:/xlinx-projects/scu_timer_interrupts/scu_timer_interrupts.sdk/test/Debug/test.elf
configparams force-mem-access 0
----------------End of Script----------------

01:04:22 INFO  : Context for processor 'ps7_cortexa9_0' is selected.
01:04:22 INFO  : 'con' command is executed.
01:04:22 INFO  : ----------------XSDB Script (After Launch)----------------
targets -set -nocase -filter {name =~ "ARM*#0" && jtag_cable_name =~ "Digilent Zybo Z7 210351AF24E2A"} -index 0
con
----------------End of Script----------------

01:04:22 INFO  : Disconnected from the channel tcfchan#6.
01:08:12 INFO  : Connected to target on host '127.0.0.1' and port '3121'.
01:08:19 INFO  : 'targets -set -filter {jtag_cable_name =~ "Digilent Zybo Z7 210351AF24E2A" && level==0} -index 1' command is executed.
01:08:21 INFO  : FPGA configured successfully with bitstream "D:/xlinx-projects/scu_timer_interrupts/scu_timer_interrupts.sdk/hw_3_p1_wrapper_hw_platform_0/hw_3_p1_wrapper.bit"
01:08:35 INFO  : 'targets -set -filter {jtag_cable_name =~ "Digilent Zybo Z7 210351AF24E2A" && level==0} -index 1' command is executed.
01:08:35 INFO  : 'fpga -state' command is executed.
01:08:35 INFO  : Connected to target on host '127.0.0.1' and port '3121'.
01:08:35 INFO  : Jtag cable 'Digilent Zybo Z7 210351AF24E2A' is selected.
01:08:35 INFO  : 'jtag frequency' command is executed.
01:08:35 INFO  : Sourcing of 'D:/xlinx-projects/scu_timer_interrupts/scu_timer_interrupts.sdk/hw_3_p1_wrapper_hw_platform_0/ps7_init.tcl' is done.
01:08:35 INFO  : Context for 'APU' is selected.
01:08:35 INFO  : Hardware design information is loaded from 'D:/xlinx-projects/scu_timer_interrupts/scu_timer_interrupts.sdk/hw_3_p1_wrapper_hw_platform_0/system.hdf'.
01:08:35 INFO  : 'configparams force-mem-access 1' command is executed.
01:08:35 INFO  : Context for 'APU' is selected.
01:08:35 INFO  : 'stop' command is executed.
01:08:36 INFO  : 'ps7_init' command is executed.
01:08:36 INFO  : 'ps7_post_config' command is executed.
01:08:36 INFO  : Context for processor 'ps7_cortexa9_0' is selected.
01:08:36 INFO  : Processor reset is completed for 'ps7_cortexa9_0'.
01:08:36 INFO  : Context for processor 'ps7_cortexa9_0' is selected.
01:08:37 INFO  : The application 'D:/xlinx-projects/scu_timer_interrupts/scu_timer_interrupts.sdk/test/Debug/test.elf' is downloaded to processor 'ps7_cortexa9_0'.
01:08:37 INFO  : 'configparams force-mem-access 0' command is executed.
01:08:37 INFO  : ----------------XSDB Script----------------
connect -url tcp:127.0.0.1:3121
source D:/xlinx-projects/scu_timer_interrupts/scu_timer_interrupts.sdk/hw_3_p1_wrapper_hw_platform_0/ps7_init.tcl
targets -set -nocase -filter {name =~"APU*" && jtag_cable_name =~ "Digilent Zybo Z7 210351AF24E2A"} -index 0
loadhw -hw D:/xlinx-projects/scu_timer_interrupts/scu_timer_interrupts.sdk/hw_3_p1_wrapper_hw_platform_0/system.hdf -mem-ranges [list {0x40000000 0xbfffffff}]
configparams force-mem-access 1
targets -set -nocase -filter {name =~"APU*" && jtag_cable_name =~ "Digilent Zybo Z7 210351AF24E2A"} -index 0
stop
ps7_init
ps7_post_config
targets -set -nocase -filter {name =~ "ARM*#0" && jtag_cable_name =~ "Digilent Zybo Z7 210351AF24E2A"} -index 0
rst -processor
targets -set -nocase -filter {name =~ "ARM*#0" && jtag_cable_name =~ "Digilent Zybo Z7 210351AF24E2A"} -index 0
dow D:/xlinx-projects/scu_timer_interrupts/scu_timer_interrupts.sdk/test/Debug/test.elf
configparams force-mem-access 0
----------------End of Script----------------

01:08:37 INFO  : Context for processor 'ps7_cortexa9_0' is selected.
01:08:37 INFO  : 'con' command is executed.
01:08:37 INFO  : ----------------XSDB Script (After Launch)----------------
targets -set -nocase -filter {name =~ "ARM*#0" && jtag_cable_name =~ "Digilent Zybo Z7 210351AF24E2A"} -index 0
con
----------------End of Script----------------

01:08:37 INFO  : Disconnected from the channel tcfchan#7.
01:09:59 INFO  : Connected to target on host '127.0.0.1' and port '3121'.
01:10:02 INFO  : 'targets -set -filter {jtag_cable_name =~ "Digilent Zybo Z7 210351AF24E2A" && level==0} -index 1' command is executed.
01:10:03 INFO  : FPGA configured successfully with bitstream "D:/xlinx-projects/scu_timer_interrupts/scu_timer_interrupts.sdk/hw_3_p1_wrapper_hw_platform_0/hw_3_p1_wrapper.bit"
01:10:16 INFO  : 'targets -set -filter {jtag_cable_name =~ "Digilent Zybo Z7 210351AF24E2A" && level==0} -index 1' command is executed.
01:10:16 INFO  : 'fpga -state' command is executed.
01:10:16 INFO  : Connected to target on host '127.0.0.1' and port '3121'.
01:10:17 INFO  : Jtag cable 'Digilent Zybo Z7 210351AF24E2A' is selected.
01:10:17 INFO  : 'jtag frequency' command is executed.
01:10:17 INFO  : Sourcing of 'D:/xlinx-projects/scu_timer_interrupts/scu_timer_interrupts.sdk/hw_3_p1_wrapper_hw_platform_0/ps7_init.tcl' is done.
01:10:17 INFO  : Context for 'APU' is selected.
01:10:17 INFO  : Hardware design information is loaded from 'D:/xlinx-projects/scu_timer_interrupts/scu_timer_interrupts.sdk/hw_3_p1_wrapper_hw_platform_0/system.hdf'.
01:10:17 INFO  : 'configparams force-mem-access 1' command is executed.
01:10:17 INFO  : Context for 'APU' is selected.
01:10:17 INFO  : 'stop' command is executed.
01:10:17 INFO  : 'ps7_init' command is executed.
01:10:17 INFO  : 'ps7_post_config' command is executed.
01:10:17 INFO  : Context for processor 'ps7_cortexa9_0' is selected.
01:10:17 INFO  : Processor reset is completed for 'ps7_cortexa9_0'.
01:10:17 INFO  : Context for processor 'ps7_cortexa9_0' is selected.
01:10:18 INFO  : The application 'D:/xlinx-projects/scu_timer_interrupts/scu_timer_interrupts.sdk/test/Debug/test.elf' is downloaded to processor 'ps7_cortexa9_0'.
01:10:18 INFO  : 'configparams force-mem-access 0' command is executed.
01:10:18 INFO  : ----------------XSDB Script----------------
connect -url tcp:127.0.0.1:3121
source D:/xlinx-projects/scu_timer_interrupts/scu_timer_interrupts.sdk/hw_3_p1_wrapper_hw_platform_0/ps7_init.tcl
targets -set -nocase -filter {name =~"APU*" && jtag_cable_name =~ "Digilent Zybo Z7 210351AF24E2A"} -index 0
loadhw -hw D:/xlinx-projects/scu_timer_interrupts/scu_timer_interrupts.sdk/hw_3_p1_wrapper_hw_platform_0/system.hdf -mem-ranges [list {0x40000000 0xbfffffff}]
configparams force-mem-access 1
targets -set -nocase -filter {name =~"APU*" && jtag_cable_name =~ "Digilent Zybo Z7 210351AF24E2A"} -index 0
stop
ps7_init
ps7_post_config
targets -set -nocase -filter {name =~ "ARM*#0" && jtag_cable_name =~ "Digilent Zybo Z7 210351AF24E2A"} -index 0
rst -processor
targets -set -nocase -filter {name =~ "ARM*#0" && jtag_cable_name =~ "Digilent Zybo Z7 210351AF24E2A"} -index 0
dow D:/xlinx-projects/scu_timer_interrupts/scu_timer_interrupts.sdk/test/Debug/test.elf
configparams force-mem-access 0
----------------End of Script----------------

01:10:18 INFO  : Context for processor 'ps7_cortexa9_0' is selected.
01:10:18 INFO  : 'con' command is executed.
01:10:18 INFO  : ----------------XSDB Script (After Launch)----------------
targets -set -nocase -filter {name =~ "ARM*#0" && jtag_cable_name =~ "Digilent Zybo Z7 210351AF24E2A"} -index 0
con
----------------End of Script----------------

01:10:18 INFO  : Disconnected from the channel tcfchan#8.
01:12:46 INFO  : Connected to target on host '127.0.0.1' and port '3121'.
01:12:48 INFO  : 'targets -set -filter {jtag_cable_name =~ "Digilent Zybo Z7 210351AF24E2A" && level==0} -index 1' command is executed.
01:12:49 INFO  : FPGA configured successfully with bitstream "D:/xlinx-projects/scu_timer_interrupts/scu_timer_interrupts.sdk/hw_3_p1_wrapper_hw_platform_0/hw_3_p1_wrapper.bit"
01:13:01 INFO  : 'targets -set -filter {jtag_cable_name =~ "Digilent Zybo Z7 210351AF24E2A" && level==0} -index 1' command is executed.
01:13:01 INFO  : 'fpga -state' command is executed.
01:13:01 INFO  : Connected to target on host '127.0.0.1' and port '3121'.
01:13:02 INFO  : Jtag cable 'Digilent Zybo Z7 210351AF24E2A' is selected.
01:13:02 INFO  : 'jtag frequency' command is executed.
01:13:02 INFO  : Sourcing of 'D:/xlinx-projects/scu_timer_interrupts/scu_timer_interrupts.sdk/hw_3_p1_wrapper_hw_platform_0/ps7_init.tcl' is done.
01:13:02 INFO  : Context for 'APU' is selected.
01:13:02 INFO  : Hardware design information is loaded from 'D:/xlinx-projects/scu_timer_interrupts/scu_timer_interrupts.sdk/hw_3_p1_wrapper_hw_platform_0/system.hdf'.
01:13:02 INFO  : 'configparams force-mem-access 1' command is executed.
01:13:02 INFO  : Context for 'APU' is selected.
01:13:02 INFO  : 'stop' command is executed.
01:13:03 INFO  : 'ps7_init' command is executed.
01:13:03 INFO  : 'ps7_post_config' command is executed.
01:13:03 INFO  : Context for processor 'ps7_cortexa9_0' is selected.
01:13:03 INFO  : Processor reset is completed for 'ps7_cortexa9_0'.
01:13:03 INFO  : Context for processor 'ps7_cortexa9_0' is selected.
01:13:03 INFO  : The application 'D:/xlinx-projects/scu_timer_interrupts/scu_timer_interrupts.sdk/test/Debug/test.elf' is downloaded to processor 'ps7_cortexa9_0'.
01:13:03 INFO  : 'configparams force-mem-access 0' command is executed.
01:13:03 INFO  : ----------------XSDB Script----------------
connect -url tcp:127.0.0.1:3121
source D:/xlinx-projects/scu_timer_interrupts/scu_timer_interrupts.sdk/hw_3_p1_wrapper_hw_platform_0/ps7_init.tcl
targets -set -nocase -filter {name =~"APU*" && jtag_cable_name =~ "Digilent Zybo Z7 210351AF24E2A"} -index 0
loadhw -hw D:/xlinx-projects/scu_timer_interrupts/scu_timer_interrupts.sdk/hw_3_p1_wrapper_hw_platform_0/system.hdf -mem-ranges [list {0x40000000 0xbfffffff}]
configparams force-mem-access 1
targets -set -nocase -filter {name =~"APU*" && jtag_cable_name =~ "Digilent Zybo Z7 210351AF24E2A"} -index 0
stop
ps7_init
ps7_post_config
targets -set -nocase -filter {name =~ "ARM*#0" && jtag_cable_name =~ "Digilent Zybo Z7 210351AF24E2A"} -index 0
rst -processor
targets -set -nocase -filter {name =~ "ARM*#0" && jtag_cable_name =~ "Digilent Zybo Z7 210351AF24E2A"} -index 0
dow D:/xlinx-projects/scu_timer_interrupts/scu_timer_interrupts.sdk/test/Debug/test.elf
configparams force-mem-access 0
----------------End of Script----------------

01:13:03 INFO  : Context for processor 'ps7_cortexa9_0' is selected.
01:13:03 INFO  : 'con' command is executed.
01:13:03 INFO  : ----------------XSDB Script (After Launch)----------------
targets -set -nocase -filter {name =~ "ARM*#0" && jtag_cable_name =~ "Digilent Zybo Z7 210351AF24E2A"} -index 0
con
----------------End of Script----------------

01:13:03 INFO  : Disconnected from the channel tcfchan#9.
01:36:41 INFO  : Connected to target on host '127.0.0.1' and port '3121'.
01:36:44 INFO  : 'targets -set -filter {jtag_cable_name =~ "Digilent Zybo Z7 210351AF24E2A" && level==0} -index 1' command is executed.
01:36:45 INFO  : FPGA configured successfully with bitstream "D:/xlinx-projects/scu_timer_interrupts/scu_timer_interrupts.sdk/hw_3_p1_wrapper_hw_platform_0/hw_3_p1_wrapper.bit"
01:36:52 INFO  : 'targets -set -filter {jtag_cable_name =~ "Digilent Zybo Z7 210351AF24E2A" && level==0} -index 1' command is executed.
01:36:52 INFO  : 'fpga -state' command is executed.
01:36:52 INFO  : Connected to target on host '127.0.0.1' and port '3121'.
01:36:52 INFO  : Jtag cable 'Digilent Zybo Z7 210351AF24E2A' is selected.
01:36:52 INFO  : 'jtag frequency' command is executed.
01:36:52 INFO  : Sourcing of 'D:/xlinx-projects/scu_timer_interrupts/scu_timer_interrupts.sdk/hw_3_p1_wrapper_hw_platform_0/ps7_init.tcl' is done.
01:36:52 INFO  : Context for 'APU' is selected.
01:36:52 INFO  : Hardware design information is loaded from 'D:/xlinx-projects/scu_timer_interrupts/scu_timer_interrupts.sdk/hw_3_p1_wrapper_hw_platform_0/system.hdf'.
01:36:52 INFO  : 'configparams force-mem-access 1' command is executed.
01:36:52 INFO  : Context for 'APU' is selected.
01:36:52 INFO  : 'stop' command is executed.
01:36:53 INFO  : 'ps7_init' command is executed.
01:36:53 INFO  : 'ps7_post_config' command is executed.
01:36:53 INFO  : Context for processor 'ps7_cortexa9_0' is selected.
01:36:53 INFO  : Processor reset is completed for 'ps7_cortexa9_0'.
01:36:53 INFO  : Context for processor 'ps7_cortexa9_0' is selected.
01:36:53 INFO  : The application 'D:/xlinx-projects/scu_timer_interrupts/scu_timer_interrupts.sdk/test/Debug/test.elf' is downloaded to processor 'ps7_cortexa9_0'.
01:36:53 INFO  : 'configparams force-mem-access 0' command is executed.
01:36:53 INFO  : ----------------XSDB Script----------------
connect -url tcp:127.0.0.1:3121
source D:/xlinx-projects/scu_timer_interrupts/scu_timer_interrupts.sdk/hw_3_p1_wrapper_hw_platform_0/ps7_init.tcl
targets -set -nocase -filter {name =~"APU*" && jtag_cable_name =~ "Digilent Zybo Z7 210351AF24E2A"} -index 0
loadhw -hw D:/xlinx-projects/scu_timer_interrupts/scu_timer_interrupts.sdk/hw_3_p1_wrapper_hw_platform_0/system.hdf -mem-ranges [list {0x40000000 0xbfffffff}]
configparams force-mem-access 1
targets -set -nocase -filter {name =~"APU*" && jtag_cable_name =~ "Digilent Zybo Z7 210351AF24E2A"} -index 0
stop
ps7_init
ps7_post_config
targets -set -nocase -filter {name =~ "ARM*#0" && jtag_cable_name =~ "Digilent Zybo Z7 210351AF24E2A"} -index 0
rst -processor
targets -set -nocase -filter {name =~ "ARM*#0" && jtag_cable_name =~ "Digilent Zybo Z7 210351AF24E2A"} -index 0
dow D:/xlinx-projects/scu_timer_interrupts/scu_timer_interrupts.sdk/test/Debug/test.elf
configparams force-mem-access 0
----------------End of Script----------------

01:36:53 INFO  : Context for processor 'ps7_cortexa9_0' is selected.
01:36:53 INFO  : 'con' command is executed.
01:36:53 INFO  : ----------------XSDB Script (After Launch)----------------
targets -set -nocase -filter {name =~ "ARM*#0" && jtag_cable_name =~ "Digilent Zybo Z7 210351AF24E2A"} -index 0
con
----------------End of Script----------------

01:36:53 INFO  : Disconnected from the channel tcfchan#10.
01:37:24 INFO  : Connected to target on host '127.0.0.1' and port '3121'.
01:37:27 INFO  : 'targets -set -filter {jtag_cable_name =~ "Digilent Zybo Z7 210351AF24E2A" && level==0} -index 1' command is executed.
01:37:28 INFO  : FPGA configured successfully with bitstream "D:/xlinx-projects/scu_timer_interrupts/scu_timer_interrupts.sdk/hw_3_p1_wrapper_hw_platform_0/hw_3_p1_wrapper.bit"
01:37:36 INFO  : 'targets -set -filter {jtag_cable_name =~ "Digilent Zybo Z7 210351AF24E2A" && level==0} -index 1' command is executed.
01:37:36 INFO  : 'fpga -state' command is executed.
01:37:36 INFO  : Connected to target on host '127.0.0.1' and port '3121'.
01:37:37 INFO  : Jtag cable 'Digilent Zybo Z7 210351AF24E2A' is selected.
01:37:37 INFO  : 'jtag frequency' command is executed.
01:37:37 INFO  : Sourcing of 'D:/xlinx-projects/scu_timer_interrupts/scu_timer_interrupts.sdk/hw_3_p1_wrapper_hw_platform_0/ps7_init.tcl' is done.
01:37:37 INFO  : Context for 'APU' is selected.
01:37:37 INFO  : Hardware design information is loaded from 'D:/xlinx-projects/scu_timer_interrupts/scu_timer_interrupts.sdk/hw_3_p1_wrapper_hw_platform_0/system.hdf'.
01:37:37 INFO  : 'configparams force-mem-access 1' command is executed.
01:37:37 INFO  : Context for 'APU' is selected.
01:37:37 INFO  : 'stop' command is executed.
01:37:37 INFO  : 'ps7_init' command is executed.
01:37:37 INFO  : 'ps7_post_config' command is executed.
01:37:37 INFO  : Context for processor 'ps7_cortexa9_0' is selected.
01:37:38 INFO  : Processor reset is completed for 'ps7_cortexa9_0'.
01:37:38 INFO  : Context for processor 'ps7_cortexa9_0' is selected.
01:37:38 INFO  : The application 'D:/xlinx-projects/scu_timer_interrupts/scu_timer_interrupts.sdk/test/Debug/test.elf' is downloaded to processor 'ps7_cortexa9_0'.
01:37:38 INFO  : 'configparams force-mem-access 0' command is executed.
01:37:38 INFO  : ----------------XSDB Script----------------
connect -url tcp:127.0.0.1:3121
source D:/xlinx-projects/scu_timer_interrupts/scu_timer_interrupts.sdk/hw_3_p1_wrapper_hw_platform_0/ps7_init.tcl
targets -set -nocase -filter {name =~"APU*" && jtag_cable_name =~ "Digilent Zybo Z7 210351AF24E2A"} -index 0
loadhw -hw D:/xlinx-projects/scu_timer_interrupts/scu_timer_interrupts.sdk/hw_3_p1_wrapper_hw_platform_0/system.hdf -mem-ranges [list {0x40000000 0xbfffffff}]
configparams force-mem-access 1
targets -set -nocase -filter {name =~"APU*" && jtag_cable_name =~ "Digilent Zybo Z7 210351AF24E2A"} -index 0
stop
ps7_init
ps7_post_config
targets -set -nocase -filter {name =~ "ARM*#0" && jtag_cable_name =~ "Digilent Zybo Z7 210351AF24E2A"} -index 0
rst -processor
targets -set -nocase -filter {name =~ "ARM*#0" && jtag_cable_name =~ "Digilent Zybo Z7 210351AF24E2A"} -index 0
dow D:/xlinx-projects/scu_timer_interrupts/scu_timer_interrupts.sdk/test/Debug/test.elf
configparams force-mem-access 0
----------------End of Script----------------

01:37:38 INFO  : Context for processor 'ps7_cortexa9_0' is selected.
01:37:38 INFO  : 'con' command is executed.
01:37:38 INFO  : ----------------XSDB Script (After Launch)----------------
targets -set -nocase -filter {name =~ "ARM*#0" && jtag_cable_name =~ "Digilent Zybo Z7 210351AF24E2A"} -index 0
con
----------------End of Script----------------

01:37:38 INFO  : Disconnected from the channel tcfchan#11.
01:39:55 INFO  : Connected to target on host '127.0.0.1' and port '3121'.
01:40:08 INFO  : 'targets -set -filter {jtag_cable_name =~ "Digilent Zybo Z7 210351AF24E2A" && level==0} -index 1' command is executed.
01:40:09 INFO  : FPGA configured successfully with bitstream "D:/xlinx-projects/scu_timer_interrupts/scu_timer_interrupts.sdk/hw_3_p1_wrapper_hw_platform_0/hw_3_p1_wrapper.bit"
01:40:52 INFO  : 'targets -set -filter {jtag_cable_name =~ "Digilent Zybo Z7 210351AF24E2A" && level==0} -index 1' command is executed.
01:40:52 INFO  : 'fpga -state' command is executed.
01:40:52 INFO  : Connected to target on host '127.0.0.1' and port '3121'.
01:40:52 INFO  : Jtag cable 'Digilent Zybo Z7 210351AF24E2A' is selected.
01:40:52 INFO  : 'jtag frequency' command is executed.
01:40:52 INFO  : Sourcing of 'D:/xlinx-projects/scu_timer_interrupts/scu_timer_interrupts.sdk/hw_3_p1_wrapper_hw_platform_0/ps7_init.tcl' is done.
01:40:52 INFO  : Context for 'APU' is selected.
01:40:52 INFO  : Hardware design information is loaded from 'D:/xlinx-projects/scu_timer_interrupts/scu_timer_interrupts.sdk/hw_3_p1_wrapper_hw_platform_0/system.hdf'.
01:40:52 INFO  : 'configparams force-mem-access 1' command is executed.
01:40:52 INFO  : Context for 'APU' is selected.
01:40:53 INFO  : 'stop' command is executed.
01:40:53 INFO  : 'ps7_init' command is executed.
01:40:53 INFO  : 'ps7_post_config' command is executed.
01:40:53 INFO  : Context for processor 'ps7_cortexa9_0' is selected.
01:40:53 INFO  : Processor reset is completed for 'ps7_cortexa9_0'.
01:40:53 INFO  : Context for processor 'ps7_cortexa9_0' is selected.
01:40:54 INFO  : The application 'D:/xlinx-projects/scu_timer_interrupts/scu_timer_interrupts.sdk/test/Debug/test.elf' is downloaded to processor 'ps7_cortexa9_0'.
01:40:54 INFO  : 'configparams force-mem-access 0' command is executed.
01:40:54 INFO  : ----------------XSDB Script----------------
connect -url tcp:127.0.0.1:3121
source D:/xlinx-projects/scu_timer_interrupts/scu_timer_interrupts.sdk/hw_3_p1_wrapper_hw_platform_0/ps7_init.tcl
targets -set -nocase -filter {name =~"APU*" && jtag_cable_name =~ "Digilent Zybo Z7 210351AF24E2A"} -index 0
loadhw -hw D:/xlinx-projects/scu_timer_interrupts/scu_timer_interrupts.sdk/hw_3_p1_wrapper_hw_platform_0/system.hdf -mem-ranges [list {0x40000000 0xbfffffff}]
configparams force-mem-access 1
targets -set -nocase -filter {name =~"APU*" && jtag_cable_name =~ "Digilent Zybo Z7 210351AF24E2A"} -index 0
stop
ps7_init
ps7_post_config
targets -set -nocase -filter {name =~ "ARM*#0" && jtag_cable_name =~ "Digilent Zybo Z7 210351AF24E2A"} -index 0
rst -processor
targets -set -nocase -filter {name =~ "ARM*#0" && jtag_cable_name =~ "Digilent Zybo Z7 210351AF24E2A"} -index 0
dow D:/xlinx-projects/scu_timer_interrupts/scu_timer_interrupts.sdk/test/Debug/test.elf
configparams force-mem-access 0
----------------End of Script----------------

01:40:54 INFO  : Context for processor 'ps7_cortexa9_0' is selected.
01:40:54 INFO  : 'con' command is executed.
01:40:54 INFO  : ----------------XSDB Script (After Launch)----------------
targets -set -nocase -filter {name =~ "ARM*#0" && jtag_cable_name =~ "Digilent Zybo Z7 210351AF24E2A"} -index 0
con
----------------End of Script----------------

01:40:54 INFO  : Disconnected from the channel tcfchan#12.
01:41:31 INFO  : Connected to target on host '127.0.0.1' and port '3121'.
01:41:33 INFO  : 'targets -set -filter {jtag_cable_name =~ "Digilent Zybo Z7 210351AF24E2A" && level==0} -index 1' command is executed.
01:41:34 INFO  : FPGA configured successfully with bitstream "D:/xlinx-projects/scu_timer_interrupts/scu_timer_interrupts.sdk/hw_3_p1_wrapper_hw_platform_0/hw_3_p1_wrapper.bit"
01:41:43 INFO  : 'targets -set -filter {jtag_cable_name =~ "Digilent Zybo Z7 210351AF24E2A" && level==0} -index 1' command is executed.
01:41:43 INFO  : 'fpga -state' command is executed.
01:41:43 INFO  : Connected to target on host '127.0.0.1' and port '3121'.
01:41:43 INFO  : Jtag cable 'Digilent Zybo Z7 210351AF24E2A' is selected.
01:41:43 INFO  : 'jtag frequency' command is executed.
01:41:43 INFO  : Sourcing of 'D:/xlinx-projects/scu_timer_interrupts/scu_timer_interrupts.sdk/hw_3_p1_wrapper_hw_platform_0/ps7_init.tcl' is done.
01:41:43 INFO  : Context for 'APU' is selected.
01:41:43 INFO  : Hardware design information is loaded from 'D:/xlinx-projects/scu_timer_interrupts/scu_timer_interrupts.sdk/hw_3_p1_wrapper_hw_platform_0/system.hdf'.
01:41:43 INFO  : 'configparams force-mem-access 1' command is executed.
01:41:44 INFO  : Context for 'APU' is selected.
01:41:44 INFO  : 'stop' command is executed.
01:41:45 INFO  : 'ps7_init' command is executed.
01:41:45 INFO  : 'ps7_post_config' command is executed.
01:41:45 INFO  : Context for processor 'ps7_cortexa9_0' is selected.
01:41:45 INFO  : Processor reset is completed for 'ps7_cortexa9_0'.
01:41:45 INFO  : Context for processor 'ps7_cortexa9_0' is selected.
01:41:45 INFO  : The application 'D:/xlinx-projects/scu_timer_interrupts/scu_timer_interrupts.sdk/test/Debug/test.elf' is downloaded to processor 'ps7_cortexa9_0'.
01:41:45 INFO  : 'configparams force-mem-access 0' command is executed.
01:41:45 INFO  : ----------------XSDB Script----------------
connect -url tcp:127.0.0.1:3121
source D:/xlinx-projects/scu_timer_interrupts/scu_timer_interrupts.sdk/hw_3_p1_wrapper_hw_platform_0/ps7_init.tcl
targets -set -nocase -filter {name =~"APU*" && jtag_cable_name =~ "Digilent Zybo Z7 210351AF24E2A"} -index 0
loadhw -hw D:/xlinx-projects/scu_timer_interrupts/scu_timer_interrupts.sdk/hw_3_p1_wrapper_hw_platform_0/system.hdf -mem-ranges [list {0x40000000 0xbfffffff}]
configparams force-mem-access 1
targets -set -nocase -filter {name =~"APU*" && jtag_cable_name =~ "Digilent Zybo Z7 210351AF24E2A"} -index 0
stop
ps7_init
ps7_post_config
targets -set -nocase -filter {name =~ "ARM*#0" && jtag_cable_name =~ "Digilent Zybo Z7 210351AF24E2A"} -index 0
rst -processor
targets -set -nocase -filter {name =~ "ARM*#0" && jtag_cable_name =~ "Digilent Zybo Z7 210351AF24E2A"} -index 0
dow D:/xlinx-projects/scu_timer_interrupts/scu_timer_interrupts.sdk/test/Debug/test.elf
configparams force-mem-access 0
----------------End of Script----------------

01:41:45 INFO  : Context for processor 'ps7_cortexa9_0' is selected.
01:41:45 INFO  : 'con' command is executed.
01:41:45 INFO  : ----------------XSDB Script (After Launch)----------------
targets -set -nocase -filter {name =~ "ARM*#0" && jtag_cable_name =~ "Digilent Zybo Z7 210351AF24E2A"} -index 0
con
----------------End of Script----------------

01:41:45 INFO  : Disconnected from the channel tcfchan#13.
17:18:30 INFO  : Registering command handlers for SDK TCF services
17:18:30 INFO  : Launching XSCT server: xsct.bat -interactive D:\xlinx-projects\scu_timer_interrupts\scu_timer_interrupts.sdk\temp_xsdb_launch_script.tcl
17:18:32 INFO  : XSCT server has started successfully.
17:18:32 INFO  : Successfully done setting XSCT server connection channel  
17:18:33 INFO  : Successfully done setting SDK workspace  
17:18:33 INFO  : Processing command line option -hwspec D:/xlinx-projects/scu_timer_interrupts/scu_timer_interrupts.sdk/hw_3_p1_wrapper.hdf.
17:18:33 INFO  : Checking for hwspec changes in the project hw_3_p1_wrapper_hw_platform_0.
17:20:01 INFO  : Connected to target on host '127.0.0.1' and port '3121'.
17:20:03 INFO  : 'targets -set -filter {jtag_cable_name =~ "Digilent Zybo Z7 210351AF24E2A" && level==0} -index 1' command is executed.
17:20:04 INFO  : FPGA configured successfully with bitstream "D:/xlinx-projects/scu_timer_interrupts/scu_timer_interrupts.sdk/hw_3_p1_wrapper_hw_platform_0/hw_3_p1_wrapper.bit"
17:20:30 INFO  : Registering command handlers for SDK TCF services
17:20:30 INFO  : Launching XSCT server: xsct.bat -interactive D:\xlinx-projects\scu_timer_interrupts\scu_timer_interrupts.sdk\temp_xsdb_launch_script.tcl
17:20:32 INFO  : XSCT server has started successfully.
17:20:33 INFO  : Successfully done setting XSCT server connection channel  
17:20:33 INFO  : Successfully done setting SDK workspace  
17:20:33 INFO  : Processing command line option -hwspec D:/xlinx-projects/scu_timer_interrupts/scu_timer_interrupts.sdk/hw_3_p1_wrapper.hdf.
17:20:33 INFO  : Checking for hwspec changes in the project hw_3_p1_wrapper_hw_platform_0.
17:21:08 INFO  : Connected to target on host '127.0.0.1' and port '3121'.
17:21:10 INFO  : 'targets -set -filter {jtag_cable_name =~ "Digilent Zybo Z7 210351AF24E2A" && level==0} -index 1' command is executed.
17:21:11 INFO  : FPGA configured successfully with bitstream "D:/xlinx-projects/scu_timer_interrupts/scu_timer_interrupts.sdk/hw_3_p1_wrapper_hw_platform_0/hw_3_p1_wrapper.bit"
17:21:32 INFO  : 'targets -set -filter {jtag_cable_name =~ "Digilent Zybo Z7 210351AF24E2A" && level==0} -index 1' command is executed.
17:21:32 INFO  : 'fpga -state' command is executed.
17:21:32 INFO  : Connected to target on host '127.0.0.1' and port '3121'.
17:21:33 INFO  : Jtag cable 'Digilent Zybo Z7 210351AF24E2A' is selected.
17:21:33 INFO  : 'jtag frequency' command is executed.
17:21:33 INFO  : Sourcing of 'D:/xlinx-projects/scu_timer_interrupts/scu_timer_interrupts.sdk/hw_3_p1_wrapper_hw_platform_0/ps7_init.tcl' is done.
17:21:33 INFO  : Context for 'APU' is selected.
17:21:33 INFO  : Hardware design information is loaded from 'D:/xlinx-projects/scu_timer_interrupts/scu_timer_interrupts.sdk/hw_3_p1_wrapper_hw_platform_0/system.hdf'.
17:21:33 INFO  : 'configparams force-mem-access 1' command is executed.
17:21:33 INFO  : Context for 'APU' is selected.
17:21:33 INFO  : 'stop' command is executed.
17:21:33 INFO  : 'ps7_init' command is executed.
17:21:33 INFO  : 'ps7_post_config' command is executed.
17:21:33 INFO  : Context for processor 'ps7_cortexa9_0' is selected.
17:21:33 INFO  : Processor reset is completed for 'ps7_cortexa9_0'.
17:21:34 INFO  : Context for processor 'ps7_cortexa9_0' is selected.
17:21:34 INFO  : The application 'D:/xlinx-projects/scu_timer_interrupts/scu_timer_interrupts.sdk/test/Debug/test.elf' is downloaded to processor 'ps7_cortexa9_0'.
17:21:34 INFO  : 'configparams force-mem-access 0' command is executed.
17:21:34 INFO  : ----------------XSDB Script----------------
connect -url tcp:127.0.0.1:3121
source D:/xlinx-projects/scu_timer_interrupts/scu_timer_interrupts.sdk/hw_3_p1_wrapper_hw_platform_0/ps7_init.tcl
targets -set -nocase -filter {name =~"APU*" && jtag_cable_name =~ "Digilent Zybo Z7 210351AF24E2A"} -index 0
loadhw -hw D:/xlinx-projects/scu_timer_interrupts/scu_timer_interrupts.sdk/hw_3_p1_wrapper_hw_platform_0/system.hdf -mem-ranges [list {0x40000000 0xbfffffff}]
configparams force-mem-access 1
targets -set -nocase -filter {name =~"APU*" && jtag_cable_name =~ "Digilent Zybo Z7 210351AF24E2A"} -index 0
stop
ps7_init
ps7_post_config
targets -set -nocase -filter {name =~ "ARM*#0" && jtag_cable_name =~ "Digilent Zybo Z7 210351AF24E2A"} -index 0
rst -processor
targets -set -nocase -filter {name =~ "ARM*#0" && jtag_cable_name =~ "Digilent Zybo Z7 210351AF24E2A"} -index 0
dow D:/xlinx-projects/scu_timer_interrupts/scu_timer_interrupts.sdk/test/Debug/test.elf
configparams force-mem-access 0
----------------End of Script----------------

17:21:34 INFO  : Context for processor 'ps7_cortexa9_0' is selected.
17:21:34 INFO  : 'con' command is executed.
17:21:34 INFO  : ----------------XSDB Script (After Launch)----------------
targets -set -nocase -filter {name =~ "ARM*#0" && jtag_cable_name =~ "Digilent Zybo Z7 210351AF24E2A"} -index 0
con
----------------End of Script----------------

17:21:34 INFO  : Disconnected from the channel tcfchan#1.
