19:52:16 INFO  : Registering command handlers for SDK TCF services
19:52:17 INFO  : Launching XSCT server: xsct.bat -interactive D:\xlinx-projects\blinking_led_practice\blinking_led_practice.sdk\temp_xsdb_launch_script.tcl
19:52:20 INFO  : XSCT server has started successfully.
19:52:21 INFO  : Successfully done setting XSCT server connection channel  
19:52:21 INFO  : Successfully done setting SDK workspace  
19:52:21 INFO  : Processing command line option -hwspec D:/xlinx-projects/blinking_led_practice/blinking_led_practice.sdk/blinking_led_design_wrapper.hdf.
21:33:52 INFO  : Connected to target on host '127.0.0.1' and port '3121'.
21:33:54 INFO  : 'targets -set -filter {jtag_cable_name =~ "Digilent Zybo Z7 210351AF24E2A" && level==0} -index 1' command is executed.
21:33:55 INFO  : FPGA configured successfully with bitstream "D:/xlinx-projects/blinking_led_practice/blinking_led_practice.sdk/blinking_led_design_wrapper_hw_platform_0/blinking_led_design_wrapper.bit"
21:34:11 INFO  : 'targets -set -filter {jtag_cable_name =~ "Digilent Zybo Z7 210351AF24E2A" && level==0} -index 1' command is executed.
21:34:11 INFO  : 'fpga -state' command is executed.
21:34:11 INFO  : Connected to target on host '127.0.0.1' and port '3121'.
21:34:11 INFO  : Jtag cable 'Digilent Zybo Z7 210351AF24E2A' is selected.
21:34:11 INFO  : 'jtag frequency' command is executed.
21:34:11 INFO  : Sourcing of 'D:/xlinx-projects/blinking_led_practice/blinking_led_practice.sdk/blinking_led_design_wrapper_hw_platform_0/ps7_init.tcl' is done.
21:34:11 INFO  : Context for 'APU' is selected.
21:34:11 INFO  : Hardware design information is loaded from 'D:/xlinx-projects/blinking_led_practice/blinking_led_practice.sdk/blinking_led_design_wrapper_hw_platform_0/system.hdf'.
21:34:11 INFO  : 'configparams force-mem-access 1' command is executed.
21:34:12 INFO  : Context for 'APU' is selected.
21:34:12 INFO  : 'stop' command is executed.
21:34:12 INFO  : 'ps7_init' command is executed.
21:34:12 INFO  : 'ps7_post_config' command is executed.
21:34:12 INFO  : Context for processor 'ps7_cortexa9_0' is selected.
21:34:12 INFO  : Processor reset is completed for 'ps7_cortexa9_0'.
21:34:12 INFO  : Context for processor 'ps7_cortexa9_0' is selected.
21:34:13 INFO  : The application 'D:/xlinx-projects/blinking_led_practice/blinking_led_practice.sdk/blink/Debug/blink.elf' is downloaded to processor 'ps7_cortexa9_0'.
21:34:13 INFO  : 'configparams force-mem-access 0' command is executed.
21:34:13 INFO  : ----------------XSDB Script----------------
connect -url tcp:127.0.0.1:3121
source D:/xlinx-projects/blinking_led_practice/blinking_led_practice.sdk/blinking_led_design_wrapper_hw_platform_0/ps7_init.tcl
targets -set -nocase -filter {name =~"APU*" && jtag_cable_name =~ "Digilent Zybo Z7 210351AF24E2A"} -index 0
loadhw -hw D:/xlinx-projects/blinking_led_practice/blinking_led_practice.sdk/blinking_led_design_wrapper_hw_platform_0/system.hdf -mem-ranges [list {0x40000000 0xbfffffff}]
configparams force-mem-access 1
targets -set -nocase -filter {name =~"APU*" && jtag_cable_name =~ "Digilent Zybo Z7 210351AF24E2A"} -index 0
stop
ps7_init
ps7_post_config
targets -set -nocase -filter {name =~ "ARM*#0" && jtag_cable_name =~ "Digilent Zybo Z7 210351AF24E2A"} -index 0
rst -processor
targets -set -nocase -filter {name =~ "ARM*#0" && jtag_cable_name =~ "Digilent Zybo Z7 210351AF24E2A"} -index 0
dow D:/xlinx-projects/blinking_led_practice/blinking_led_practice.sdk/blink/Debug/blink.elf
configparams force-mem-access 0
----------------End of Script----------------

21:34:13 INFO  : Context for processor 'ps7_cortexa9_0' is selected.
21:34:13 INFO  : 'con' command is executed.
21:34:13 INFO  : ----------------XSDB Script (After Launch)----------------
targets -set -nocase -filter {name =~ "ARM*#0" && jtag_cable_name =~ "Digilent Zybo Z7 210351AF24E2A"} -index 0
con
----------------End of Script----------------

21:34:13 INFO  : Disconnected from the channel tcfchan#1.
21:35:57 INFO  : 'targets -set -filter {jtag_cable_name =~ "Digilent Zybo Z7 210351AF24E2A" && level==0} -index 1' command is executed.
21:35:57 INFO  : 'fpga -state' command is executed.
21:35:57 INFO  : Connected to target on host '127.0.0.1' and port '3121'.
21:35:57 INFO  : Jtag cable 'Digilent Zybo Z7 210351AF24E2A' is selected.
21:35:57 INFO  : 'jtag frequency' command is executed.
21:35:57 INFO  : Sourcing of 'D:/xlinx-projects/blinking_led_practice/blinking_led_practice.sdk/blinking_led_design_wrapper_hw_platform_0/ps7_init.tcl' is done.
21:35:58 INFO  : Context for 'APU' is selected.
21:35:58 INFO  : Hardware design information is loaded from 'D:/xlinx-projects/blinking_led_practice/blinking_led_practice.sdk/blinking_led_design_wrapper_hw_platform_0/system.hdf'.
21:35:58 INFO  : 'configparams force-mem-access 1' command is executed.
21:35:59 INFO  : Context for 'APU' is selected.
21:35:59 INFO  : 'stop' command is executed.
21:35:59 INFO  : 'ps7_init' command is executed.
21:35:59 INFO  : 'ps7_post_config' command is executed.
21:36:00 INFO  : Context for processor 'ps7_cortexa9_0' is selected.
21:36:00 INFO  : Processor reset is completed for 'ps7_cortexa9_0'.
21:36:01 INFO  : Context for processor 'ps7_cortexa9_0' is selected.
21:36:01 INFO  : The application 'D:/xlinx-projects/blinking_led_practice/blinking_led_practice.sdk/blink/Debug/blink.elf' is downloaded to processor 'ps7_cortexa9_0'.
21:36:01 INFO  : 'configparams force-mem-access 0' command is executed.
21:36:01 INFO  : ----------------XSDB Script----------------
connect -url tcp:127.0.0.1:3121
source D:/xlinx-projects/blinking_led_practice/blinking_led_practice.sdk/blinking_led_design_wrapper_hw_platform_0/ps7_init.tcl
targets -set -nocase -filter {name =~"APU*" && jtag_cable_name =~ "Digilent Zybo Z7 210351AF24E2A"} -index 0
loadhw -hw D:/xlinx-projects/blinking_led_practice/blinking_led_practice.sdk/blinking_led_design_wrapper_hw_platform_0/system.hdf -mem-ranges [list {0x40000000 0xbfffffff}]
configparams force-mem-access 1
targets -set -nocase -filter {name =~"APU*" && jtag_cable_name =~ "Digilent Zybo Z7 210351AF24E2A"} -index 0
stop
ps7_init
ps7_post_config
targets -set -nocase -filter {name =~ "ARM*#0" && jtag_cable_name =~ "Digilent Zybo Z7 210351AF24E2A"} -index 0
rst -processor
targets -set -nocase -filter {name =~ "ARM*#0" && jtag_cable_name =~ "Digilent Zybo Z7 210351AF24E2A"} -index 0
dow D:/xlinx-projects/blinking_led_practice/blinking_led_practice.sdk/blink/Debug/blink.elf
configparams force-mem-access 0
----------------End of Script----------------

21:36:02 INFO  : Context for processor 'ps7_cortexa9_0' is selected.
21:36:02 INFO  : 'con' command is executed.
21:36:02 INFO  : ----------------XSDB Script (After Launch)----------------
targets -set -nocase -filter {name =~ "ARM*#0" && jtag_cable_name =~ "Digilent Zybo Z7 210351AF24E2A"} -index 0
con
----------------End of Script----------------

21:36:02 INFO  : Disconnected from the channel tcfchan#2.
21:36:49 INFO  : 'targets -set -filter {jtag_cable_name =~ "Digilent Zybo Z7 210351AF24E2A" && level==0} -index 1' command is executed.
21:36:49 INFO  : 'fpga -state' command is executed.
21:36:49 INFO  : Connected to target on host '127.0.0.1' and port '3121'.
21:36:49 INFO  : Jtag cable 'Digilent Zybo Z7 210351AF24E2A' is selected.
21:36:49 INFO  : 'jtag frequency' command is executed.
21:36:49 INFO  : Sourcing of 'D:/xlinx-projects/blinking_led_practice/blinking_led_practice.sdk/blinking_led_design_wrapper_hw_platform_0/ps7_init.tcl' is done.
21:36:50 INFO  : Context for 'APU' is selected.
21:36:50 INFO  : Hardware design information is loaded from 'D:/xlinx-projects/blinking_led_practice/blinking_led_practice.sdk/blinking_led_design_wrapper_hw_platform_0/system.hdf'.
21:36:50 INFO  : 'configparams force-mem-access 1' command is executed.
21:36:50 INFO  : Context for 'APU' is selected.
21:36:50 INFO  : 'stop' command is executed.
21:36:51 INFO  : 'ps7_init' command is executed.
21:36:51 INFO  : 'ps7_post_config' command is executed.
21:36:52 INFO  : Context for processor 'ps7_cortexa9_0' is selected.
21:36:52 INFO  : Processor reset is completed for 'ps7_cortexa9_0'.
21:36:53 INFO  : Context for processor 'ps7_cortexa9_0' is selected.
21:36:53 INFO  : The application 'D:/xlinx-projects/blinking_led_practice/blinking_led_practice.sdk/blink/Debug/blink.elf' is downloaded to processor 'ps7_cortexa9_0'.
21:36:53 INFO  : 'configparams force-mem-access 0' command is executed.
21:36:53 INFO  : ----------------XSDB Script----------------
connect -url tcp:127.0.0.1:3121
source D:/xlinx-projects/blinking_led_practice/blinking_led_practice.sdk/blinking_led_design_wrapper_hw_platform_0/ps7_init.tcl
targets -set -nocase -filter {name =~"APU*" && jtag_cable_name =~ "Digilent Zybo Z7 210351AF24E2A"} -index 0
loadhw -hw D:/xlinx-projects/blinking_led_practice/blinking_led_practice.sdk/blinking_led_design_wrapper_hw_platform_0/system.hdf -mem-ranges [list {0x40000000 0xbfffffff}]
configparams force-mem-access 1
targets -set -nocase -filter {name =~"APU*" && jtag_cable_name =~ "Digilent Zybo Z7 210351AF24E2A"} -index 0
stop
ps7_init
ps7_post_config
targets -set -nocase -filter {name =~ "ARM*#0" && jtag_cable_name =~ "Digilent Zybo Z7 210351AF24E2A"} -index 0
rst -processor
targets -set -nocase -filter {name =~ "ARM*#0" && jtag_cable_name =~ "Digilent Zybo Z7 210351AF24E2A"} -index 0
dow D:/xlinx-projects/blinking_led_practice/blinking_led_practice.sdk/blink/Debug/blink.elf
configparams force-mem-access 0
----------------End of Script----------------

21:36:54 INFO  : Context for processor 'ps7_cortexa9_0' is selected.
21:36:54 INFO  : 'con' command is executed.
21:36:54 INFO  : ----------------XSDB Script (After Launch)----------------
targets -set -nocase -filter {name =~ "ARM*#0" && jtag_cable_name =~ "Digilent Zybo Z7 210351AF24E2A"} -index 0
con
----------------End of Script----------------

21:36:54 INFO  : Disconnected from the channel tcfchan#3.
21:37:21 INFO  : 'targets -set -filter {jtag_cable_name =~ "Digilent Zybo Z7 210351AF24E2A" && level==0} -index 1' command is executed.
21:37:21 INFO  : 'fpga -state' command is executed.
21:37:21 INFO  : Connected to target on host '127.0.0.1' and port '3121'.
21:37:21 INFO  : Jtag cable 'Digilent Zybo Z7 210351AF24E2A' is selected.
21:37:21 INFO  : 'jtag frequency' command is executed.
21:37:21 INFO  : Sourcing of 'D:/xlinx-projects/blinking_led_practice/blinking_led_practice.sdk/blinking_led_design_wrapper_hw_platform_0/ps7_init.tcl' is done.
21:37:22 INFO  : Context for 'APU' is selected.
21:37:22 INFO  : Hardware design information is loaded from 'D:/xlinx-projects/blinking_led_practice/blinking_led_practice.sdk/blinking_led_design_wrapper_hw_platform_0/system.hdf'.
21:37:22 INFO  : 'configparams force-mem-access 1' command is executed.
21:37:23 INFO  : Context for 'APU' is selected.
21:37:23 INFO  : 'stop' command is executed.
21:37:23 INFO  : 'ps7_init' command is executed.
21:37:23 INFO  : 'ps7_post_config' command is executed.
21:37:24 INFO  : Context for processor 'ps7_cortexa9_0' is selected.
21:37:24 INFO  : Processor reset is completed for 'ps7_cortexa9_0'.
21:37:24 INFO  : Context for processor 'ps7_cortexa9_0' is selected.
21:37:25 INFO  : The application 'D:/xlinx-projects/blinking_led_practice/blinking_led_practice.sdk/blink/Debug/blink.elf' is downloaded to processor 'ps7_cortexa9_0'.
21:37:25 INFO  : 'configparams force-mem-access 0' command is executed.
21:37:25 INFO  : ----------------XSDB Script----------------
connect -url tcp:127.0.0.1:3121
source D:/xlinx-projects/blinking_led_practice/blinking_led_practice.sdk/blinking_led_design_wrapper_hw_platform_0/ps7_init.tcl
targets -set -nocase -filter {name =~"APU*" && jtag_cable_name =~ "Digilent Zybo Z7 210351AF24E2A"} -index 0
loadhw -hw D:/xlinx-projects/blinking_led_practice/blinking_led_practice.sdk/blinking_led_design_wrapper_hw_platform_0/system.hdf -mem-ranges [list {0x40000000 0xbfffffff}]
configparams force-mem-access 1
targets -set -nocase -filter {name =~"APU*" && jtag_cable_name =~ "Digilent Zybo Z7 210351AF24E2A"} -index 0
stop
ps7_init
ps7_post_config
targets -set -nocase -filter {name =~ "ARM*#0" && jtag_cable_name =~ "Digilent Zybo Z7 210351AF24E2A"} -index 0
rst -processor
targets -set -nocase -filter {name =~ "ARM*#0" && jtag_cable_name =~ "Digilent Zybo Z7 210351AF24E2A"} -index 0
dow D:/xlinx-projects/blinking_led_practice/blinking_led_practice.sdk/blink/Debug/blink.elf
configparams force-mem-access 0
----------------End of Script----------------

21:37:26 INFO  : Context for processor 'ps7_cortexa9_0' is selected.
21:37:26 INFO  : 'con' command is executed.
21:37:26 INFO  : ----------------XSDB Script (After Launch)----------------
targets -set -nocase -filter {name =~ "ARM*#0" && jtag_cable_name =~ "Digilent Zybo Z7 210351AF24E2A"} -index 0
con
----------------End of Script----------------

21:37:26 INFO  : Disconnected from the channel tcfchan#4.
21:38:13 INFO  : 'targets -set -filter {jtag_cable_name =~ "Digilent Zybo Z7 210351AF24E2A" && level==0} -index 1' command is executed.
21:38:13 INFO  : 'fpga -state' command is executed.
21:38:13 INFO  : Connected to target on host '127.0.0.1' and port '3121'.
21:38:13 INFO  : Jtag cable 'Digilent Zybo Z7 210351AF24E2A' is selected.
21:38:13 INFO  : 'jtag frequency' command is executed.
21:38:13 INFO  : Sourcing of 'D:/xlinx-projects/blinking_led_practice/blinking_led_practice.sdk/blinking_led_design_wrapper_hw_platform_0/ps7_init.tcl' is done.
21:38:14 INFO  : Context for 'APU' is selected.
21:38:14 INFO  : Hardware design information is loaded from 'D:/xlinx-projects/blinking_led_practice/blinking_led_practice.sdk/blinking_led_design_wrapper_hw_platform_0/system.hdf'.
21:38:14 INFO  : 'configparams force-mem-access 1' command is executed.
21:38:15 INFO  : Context for 'APU' is selected.
21:38:15 INFO  : 'stop' command is executed.
21:38:15 INFO  : 'ps7_init' command is executed.
21:38:15 INFO  : 'ps7_post_config' command is executed.
21:38:16 INFO  : Context for processor 'ps7_cortexa9_0' is selected.
21:38:16 INFO  : Processor reset is completed for 'ps7_cortexa9_0'.
21:38:17 INFO  : Context for processor 'ps7_cortexa9_0' is selected.
21:38:17 INFO  : The application 'D:/xlinx-projects/blinking_led_practice/blinking_led_practice.sdk/blink/Debug/blink.elf' is downloaded to processor 'ps7_cortexa9_0'.
21:38:17 INFO  : 'configparams force-mem-access 0' command is executed.
21:38:17 INFO  : ----------------XSDB Script----------------
connect -url tcp:127.0.0.1:3121
source D:/xlinx-projects/blinking_led_practice/blinking_led_practice.sdk/blinking_led_design_wrapper_hw_platform_0/ps7_init.tcl
targets -set -nocase -filter {name =~"APU*" && jtag_cable_name =~ "Digilent Zybo Z7 210351AF24E2A"} -index 0
loadhw -hw D:/xlinx-projects/blinking_led_practice/blinking_led_practice.sdk/blinking_led_design_wrapper_hw_platform_0/system.hdf -mem-ranges [list {0x40000000 0xbfffffff}]
configparams force-mem-access 1
targets -set -nocase -filter {name =~"APU*" && jtag_cable_name =~ "Digilent Zybo Z7 210351AF24E2A"} -index 0
stop
ps7_init
ps7_post_config
targets -set -nocase -filter {name =~ "ARM*#0" && jtag_cable_name =~ "Digilent Zybo Z7 210351AF24E2A"} -index 0
rst -processor
targets -set -nocase -filter {name =~ "ARM*#0" && jtag_cable_name =~ "Digilent Zybo Z7 210351AF24E2A"} -index 0
dow D:/xlinx-projects/blinking_led_practice/blinking_led_practice.sdk/blink/Debug/blink.elf
configparams force-mem-access 0
----------------End of Script----------------

21:38:18 INFO  : Context for processor 'ps7_cortexa9_0' is selected.
21:38:18 INFO  : 'con' command is executed.
21:38:18 INFO  : ----------------XSDB Script (After Launch)----------------
targets -set -nocase -filter {name =~ "ARM*#0" && jtag_cable_name =~ "Digilent Zybo Z7 210351AF24E2A"} -index 0
con
----------------End of Script----------------

21:38:18 INFO  : Disconnected from the channel tcfchan#5.
21:39:03 INFO  : 'targets -set -filter {jtag_cable_name =~ "Digilent Zybo Z7 210351AF24E2A" && level==0} -index 1' command is executed.
21:39:03 INFO  : 'fpga -state' command is executed.
21:39:03 INFO  : Connected to target on host '127.0.0.1' and port '3121'.
21:39:03 INFO  : Jtag cable 'Digilent Zybo Z7 210351AF24E2A' is selected.
21:39:03 INFO  : 'jtag frequency' command is executed.
21:39:03 INFO  : Sourcing of 'D:/xlinx-projects/blinking_led_practice/blinking_led_practice.sdk/blinking_led_design_wrapper_hw_platform_0/ps7_init.tcl' is done.
21:39:04 INFO  : Context for 'APU' is selected.
21:39:04 INFO  : Hardware design information is loaded from 'D:/xlinx-projects/blinking_led_practice/blinking_led_practice.sdk/blinking_led_design_wrapper_hw_platform_0/system.hdf'.
21:39:04 INFO  : 'configparams force-mem-access 1' command is executed.
21:39:04 INFO  : Context for 'APU' is selected.
21:39:05 INFO  : 'stop' command is executed.
21:39:05 INFO  : 'ps7_init' command is executed.
21:39:05 INFO  : 'ps7_post_config' command is executed.
21:39:06 INFO  : Context for processor 'ps7_cortexa9_0' is selected.
21:39:06 INFO  : Processor reset is completed for 'ps7_cortexa9_0'.
21:39:07 INFO  : Context for processor 'ps7_cortexa9_0' is selected.
21:39:07 INFO  : The application 'D:/xlinx-projects/blinking_led_practice/blinking_led_practice.sdk/blink/Debug/blink.elf' is downloaded to processor 'ps7_cortexa9_0'.
21:39:07 INFO  : 'configparams force-mem-access 0' command is executed.
21:39:07 INFO  : ----------------XSDB Script----------------
connect -url tcp:127.0.0.1:3121
source D:/xlinx-projects/blinking_led_practice/blinking_led_practice.sdk/blinking_led_design_wrapper_hw_platform_0/ps7_init.tcl
targets -set -nocase -filter {name =~"APU*" && jtag_cable_name =~ "Digilent Zybo Z7 210351AF24E2A"} -index 0
loadhw -hw D:/xlinx-projects/blinking_led_practice/blinking_led_practice.sdk/blinking_led_design_wrapper_hw_platform_0/system.hdf -mem-ranges [list {0x40000000 0xbfffffff}]
configparams force-mem-access 1
targets -set -nocase -filter {name =~"APU*" && jtag_cable_name =~ "Digilent Zybo Z7 210351AF24E2A"} -index 0
stop
ps7_init
ps7_post_config
targets -set -nocase -filter {name =~ "ARM*#0" && jtag_cable_name =~ "Digilent Zybo Z7 210351AF24E2A"} -index 0
rst -processor
targets -set -nocase -filter {name =~ "ARM*#0" && jtag_cable_name =~ "Digilent Zybo Z7 210351AF24E2A"} -index 0
dow D:/xlinx-projects/blinking_led_practice/blinking_led_practice.sdk/blink/Debug/blink.elf
configparams force-mem-access 0
----------------End of Script----------------

21:39:08 INFO  : Context for processor 'ps7_cortexa9_0' is selected.
21:39:08 INFO  : 'con' command is executed.
21:39:08 INFO  : ----------------XSDB Script (After Launch)----------------
targets -set -nocase -filter {name =~ "ARM*#0" && jtag_cable_name =~ "Digilent Zybo Z7 210351AF24E2A"} -index 0
con
----------------End of Script----------------

21:39:08 INFO  : Disconnected from the channel tcfchan#6.
21:40:18 INFO  : 'targets -set -filter {jtag_cable_name =~ "Digilent Zybo Z7 210351AF24E2A" && level==0} -index 1' command is executed.
21:40:18 INFO  : 'fpga -state' command is executed.
21:40:18 INFO  : Connected to target on host '127.0.0.1' and port '3121'.
21:40:18 INFO  : Jtag cable 'Digilent Zybo Z7 210351AF24E2A' is selected.
21:40:18 INFO  : 'jtag frequency' command is executed.
21:40:18 INFO  : Sourcing of 'D:/xlinx-projects/blinking_led_practice/blinking_led_practice.sdk/blinking_led_design_wrapper_hw_platform_0/ps7_init.tcl' is done.
21:40:19 INFO  : Context for 'APU' is selected.
21:40:19 INFO  : Hardware design information is loaded from 'D:/xlinx-projects/blinking_led_practice/blinking_led_practice.sdk/blinking_led_design_wrapper_hw_platform_0/system.hdf'.
21:40:19 INFO  : 'configparams force-mem-access 1' command is executed.
21:40:19 INFO  : Context for 'APU' is selected.
21:40:20 INFO  : 'stop' command is executed.
21:40:20 INFO  : 'ps7_init' command is executed.
21:40:20 INFO  : 'ps7_post_config' command is executed.
21:40:21 INFO  : Context for processor 'ps7_cortexa9_0' is selected.
21:40:21 INFO  : Processor reset is completed for 'ps7_cortexa9_0'.
21:40:22 INFO  : Context for processor 'ps7_cortexa9_0' is selected.
21:40:22 INFO  : The application 'D:/xlinx-projects/blinking_led_practice/blinking_led_practice.sdk/blink/Debug/blink.elf' is downloaded to processor 'ps7_cortexa9_0'.
21:40:22 INFO  : 'configparams force-mem-access 0' command is executed.
21:40:22 INFO  : ----------------XSDB Script----------------
connect -url tcp:127.0.0.1:3121
source D:/xlinx-projects/blinking_led_practice/blinking_led_practice.sdk/blinking_led_design_wrapper_hw_platform_0/ps7_init.tcl
targets -set -nocase -filter {name =~"APU*" && jtag_cable_name =~ "Digilent Zybo Z7 210351AF24E2A"} -index 0
loadhw -hw D:/xlinx-projects/blinking_led_practice/blinking_led_practice.sdk/blinking_led_design_wrapper_hw_platform_0/system.hdf -mem-ranges [list {0x40000000 0xbfffffff}]
configparams force-mem-access 1
targets -set -nocase -filter {name =~"APU*" && jtag_cable_name =~ "Digilent Zybo Z7 210351AF24E2A"} -index 0
stop
ps7_init
ps7_post_config
targets -set -nocase -filter {name =~ "ARM*#0" && jtag_cable_name =~ "Digilent Zybo Z7 210351AF24E2A"} -index 0
rst -processor
targets -set -nocase -filter {name =~ "ARM*#0" && jtag_cable_name =~ "Digilent Zybo Z7 210351AF24E2A"} -index 0
dow D:/xlinx-projects/blinking_led_practice/blinking_led_practice.sdk/blink/Debug/blink.elf
configparams force-mem-access 0
----------------End of Script----------------

21:40:23 INFO  : Context for processor 'ps7_cortexa9_0' is selected.
21:40:23 INFO  : 'con' command is executed.
21:40:23 INFO  : ----------------XSDB Script (After Launch)----------------
targets -set -nocase -filter {name =~ "ARM*#0" && jtag_cable_name =~ "Digilent Zybo Z7 210351AF24E2A"} -index 0
con
----------------End of Script----------------

21:40:23 INFO  : Disconnected from the channel tcfchan#7.
21:40:55 INFO  : Connected to target on host '127.0.0.1' and port '3121'.
21:40:57 INFO  : 'targets -set -filter {jtag_cable_name =~ "Digilent Zybo Z7 210351AF24E2A" && level==0} -index 1' command is executed.
21:40:59 INFO  : FPGA configured successfully with bitstream "D:/xlinx-projects/blinking_led_practice/blinking_led_practice.sdk/blinking_led_design_wrapper_hw_platform_0/blinking_led_design_wrapper.bit"
21:41:06 INFO  : 'targets -set -filter {jtag_cable_name =~ "Digilent Zybo Z7 210351AF24E2A" && level==0} -index 1' command is executed.
21:41:06 INFO  : 'fpga -state' command is executed.
21:41:06 INFO  : Connected to target on host '127.0.0.1' and port '3121'.
21:41:06 INFO  : Jtag cable 'Digilent Zybo Z7 210351AF24E2A' is selected.
21:41:06 INFO  : 'jtag frequency' command is executed.
21:41:06 INFO  : Sourcing of 'D:/xlinx-projects/blinking_led_practice/blinking_led_practice.sdk/blinking_led_design_wrapper_hw_platform_0/ps7_init.tcl' is done.
21:41:06 INFO  : Context for 'APU' is selected.
21:41:06 INFO  : Hardware design information is loaded from 'D:/xlinx-projects/blinking_led_practice/blinking_led_practice.sdk/blinking_led_design_wrapper_hw_platform_0/system.hdf'.
21:41:06 INFO  : 'configparams force-mem-access 1' command is executed.
21:41:06 INFO  : Context for 'APU' is selected.
21:41:06 INFO  : 'stop' command is executed.
21:41:07 INFO  : 'ps7_init' command is executed.
21:41:07 INFO  : 'ps7_post_config' command is executed.
21:41:07 INFO  : Context for processor 'ps7_cortexa9_0' is selected.
21:41:07 INFO  : Processor reset is completed for 'ps7_cortexa9_0'.
21:41:07 INFO  : Context for processor 'ps7_cortexa9_0' is selected.
21:41:07 INFO  : The application 'D:/xlinx-projects/blinking_led_practice/blinking_led_practice.sdk/blink/Debug/blink.elf' is downloaded to processor 'ps7_cortexa9_0'.
21:41:07 INFO  : 'configparams force-mem-access 0' command is executed.
21:41:07 INFO  : ----------------XSDB Script----------------
connect -url tcp:127.0.0.1:3121
source D:/xlinx-projects/blinking_led_practice/blinking_led_practice.sdk/blinking_led_design_wrapper_hw_platform_0/ps7_init.tcl
targets -set -nocase -filter {name =~"APU*" && jtag_cable_name =~ "Digilent Zybo Z7 210351AF24E2A"} -index 0
loadhw -hw D:/xlinx-projects/blinking_led_practice/blinking_led_practice.sdk/blinking_led_design_wrapper_hw_platform_0/system.hdf -mem-ranges [list {0x40000000 0xbfffffff}]
configparams force-mem-access 1
targets -set -nocase -filter {name =~"APU*" && jtag_cable_name =~ "Digilent Zybo Z7 210351AF24E2A"} -index 0
stop
ps7_init
ps7_post_config
targets -set -nocase -filter {name =~ "ARM*#0" && jtag_cable_name =~ "Digilent Zybo Z7 210351AF24E2A"} -index 0
rst -processor
targets -set -nocase -filter {name =~ "ARM*#0" && jtag_cable_name =~ "Digilent Zybo Z7 210351AF24E2A"} -index 0
dow D:/xlinx-projects/blinking_led_practice/blinking_led_practice.sdk/blink/Debug/blink.elf
configparams force-mem-access 0
----------------End of Script----------------

21:41:07 INFO  : Context for processor 'ps7_cortexa9_0' is selected.
21:41:07 INFO  : 'con' command is executed.
21:41:07 INFO  : ----------------XSDB Script (After Launch)----------------
targets -set -nocase -filter {name =~ "ARM*#0" && jtag_cable_name =~ "Digilent Zybo Z7 210351AF24E2A"} -index 0
con
----------------End of Script----------------

21:41:07 INFO  : Disconnected from the channel tcfchan#8.
21:42:26 INFO  : 'targets -set -filter {jtag_cable_name =~ "Digilent Zybo Z7 210351AF24E2A" && level==0} -index 1' command is executed.
21:42:26 INFO  : 'fpga -state' command is executed.
21:42:26 INFO  : Connected to target on host '127.0.0.1' and port '3121'.
21:42:26 INFO  : Jtag cable 'Digilent Zybo Z7 210351AF24E2A' is selected.
21:42:26 INFO  : 'jtag frequency' command is executed.
21:42:26 INFO  : Sourcing of 'D:/xlinx-projects/blinking_led_practice/blinking_led_practice.sdk/blinking_led_design_wrapper_hw_platform_0/ps7_init.tcl' is done.
21:42:27 INFO  : Context for 'APU' is selected.
21:42:27 INFO  : Hardware design information is loaded from 'D:/xlinx-projects/blinking_led_practice/blinking_led_practice.sdk/blinking_led_design_wrapper_hw_platform_0/system.hdf'.
21:42:27 INFO  : 'configparams force-mem-access 1' command is executed.
21:42:28 INFO  : Context for 'APU' is selected.
21:42:28 INFO  : 'stop' command is executed.
21:42:28 INFO  : 'ps7_init' command is executed.
21:42:28 INFO  : 'ps7_post_config' command is executed.
21:42:29 INFO  : Context for processor 'ps7_cortexa9_0' is selected.
21:42:29 INFO  : Processor reset is completed for 'ps7_cortexa9_0'.
21:42:30 INFO  : Context for processor 'ps7_cortexa9_0' is selected.
21:42:30 INFO  : The application 'D:/xlinx-projects/blinking_led_practice/blinking_led_practice.sdk/blink/Debug/blink.elf' is downloaded to processor 'ps7_cortexa9_0'.
21:42:30 INFO  : 'configparams force-mem-access 0' command is executed.
21:42:30 INFO  : ----------------XSDB Script----------------
connect -url tcp:127.0.0.1:3121
source D:/xlinx-projects/blinking_led_practice/blinking_led_practice.sdk/blinking_led_design_wrapper_hw_platform_0/ps7_init.tcl
targets -set -nocase -filter {name =~"APU*" && jtag_cable_name =~ "Digilent Zybo Z7 210351AF24E2A"} -index 0
loadhw -hw D:/xlinx-projects/blinking_led_practice/blinking_led_practice.sdk/blinking_led_design_wrapper_hw_platform_0/system.hdf -mem-ranges [list {0x40000000 0xbfffffff}]
configparams force-mem-access 1
targets -set -nocase -filter {name =~"APU*" && jtag_cable_name =~ "Digilent Zybo Z7 210351AF24E2A"} -index 0
stop
ps7_init
ps7_post_config
targets -set -nocase -filter {name =~ "ARM*#0" && jtag_cable_name =~ "Digilent Zybo Z7 210351AF24E2A"} -index 0
rst -processor
targets -set -nocase -filter {name =~ "ARM*#0" && jtag_cable_name =~ "Digilent Zybo Z7 210351AF24E2A"} -index 0
dow D:/xlinx-projects/blinking_led_practice/blinking_led_practice.sdk/blink/Debug/blink.elf
configparams force-mem-access 0
----------------End of Script----------------

21:42:31 INFO  : Context for processor 'ps7_cortexa9_0' is selected.
21:42:31 INFO  : 'con' command is executed.
21:42:31 INFO  : ----------------XSDB Script (After Launch)----------------
targets -set -nocase -filter {name =~ "ARM*#0" && jtag_cable_name =~ "Digilent Zybo Z7 210351AF24E2A"} -index 0
con
----------------End of Script----------------

21:42:31 INFO  : Disconnected from the channel tcfchan#9.
21:44:04 INFO  : 'targets -set -filter {jtag_cable_name =~ "Digilent Zybo Z7 210351AF24E2A" && level==0} -index 1' command is executed.
21:44:04 INFO  : 'fpga -state' command is executed.
21:44:04 INFO  : Connected to target on host '127.0.0.1' and port '3121'.
21:44:04 INFO  : Jtag cable 'Digilent Zybo Z7 210351AF24E2A' is selected.
21:44:04 INFO  : 'jtag frequency' command is executed.
21:44:04 INFO  : Sourcing of 'D:/xlinx-projects/blinking_led_practice/blinking_led_practice.sdk/blinking_led_design_wrapper_hw_platform_0/ps7_init.tcl' is done.
21:44:05 INFO  : Context for 'APU' is selected.
21:44:05 INFO  : Hardware design information is loaded from 'D:/xlinx-projects/blinking_led_practice/blinking_led_practice.sdk/blinking_led_design_wrapper_hw_platform_0/system.hdf'.
21:44:05 INFO  : 'configparams force-mem-access 1' command is executed.
21:44:06 INFO  : Context for 'APU' is selected.
21:44:06 INFO  : 'stop' command is executed.
21:44:06 INFO  : 'ps7_init' command is executed.
21:44:06 INFO  : 'ps7_post_config' command is executed.
21:44:07 INFO  : Context for processor 'ps7_cortexa9_0' is selected.
21:44:07 INFO  : Processor reset is completed for 'ps7_cortexa9_0'.
21:44:07 INFO  : Context for processor 'ps7_cortexa9_0' is selected.
21:44:08 INFO  : The application 'D:/xlinx-projects/blinking_led_practice/blinking_led_practice.sdk/blink/Debug/blink.elf' is downloaded to processor 'ps7_cortexa9_0'.
21:44:08 INFO  : 'configparams force-mem-access 0' command is executed.
21:44:08 INFO  : ----------------XSDB Script----------------
connect -url tcp:127.0.0.1:3121
source D:/xlinx-projects/blinking_led_practice/blinking_led_practice.sdk/blinking_led_design_wrapper_hw_platform_0/ps7_init.tcl
targets -set -nocase -filter {name =~"APU*" && jtag_cable_name =~ "Digilent Zybo Z7 210351AF24E2A"} -index 0
loadhw -hw D:/xlinx-projects/blinking_led_practice/blinking_led_practice.sdk/blinking_led_design_wrapper_hw_platform_0/system.hdf -mem-ranges [list {0x40000000 0xbfffffff}]
configparams force-mem-access 1
targets -set -nocase -filter {name =~"APU*" && jtag_cable_name =~ "Digilent Zybo Z7 210351AF24E2A"} -index 0
stop
ps7_init
ps7_post_config
targets -set -nocase -filter {name =~ "ARM*#0" && jtag_cable_name =~ "Digilent Zybo Z7 210351AF24E2A"} -index 0
rst -processor
targets -set -nocase -filter {name =~ "ARM*#0" && jtag_cable_name =~ "Digilent Zybo Z7 210351AF24E2A"} -index 0
dow D:/xlinx-projects/blinking_led_practice/blinking_led_practice.sdk/blink/Debug/blink.elf
configparams force-mem-access 0
----------------End of Script----------------

21:44:08 INFO  : Context for processor 'ps7_cortexa9_0' is selected.
21:44:09 INFO  : 'con' command is executed.
21:44:09 INFO  : ----------------XSDB Script (After Launch)----------------
targets -set -nocase -filter {name =~ "ARM*#0" && jtag_cable_name =~ "Digilent Zybo Z7 210351AF24E2A"} -index 0
con
----------------End of Script----------------

21:44:09 INFO  : Disconnected from the channel tcfchan#10.
21:47:10 INFO  : 'targets -set -filter {jtag_cable_name =~ "Digilent Zybo Z7 210351AF24E2A" && level==0} -index 1' command is executed.
21:47:10 INFO  : 'fpga -state' command is executed.
21:47:10 INFO  : Connected to target on host '127.0.0.1' and port '3121'.
21:47:10 INFO  : Jtag cable 'Digilent Zybo Z7 210351AF24E2A' is selected.
21:47:10 INFO  : 'jtag frequency' command is executed.
21:47:10 INFO  : Sourcing of 'D:/xlinx-projects/blinking_led_practice/blinking_led_practice.sdk/blinking_led_design_wrapper_hw_platform_0/ps7_init.tcl' is done.
21:47:11 INFO  : Context for 'APU' is selected.
21:47:11 INFO  : Hardware design information is loaded from 'D:/xlinx-projects/blinking_led_practice/blinking_led_practice.sdk/blinking_led_design_wrapper_hw_platform_0/system.hdf'.
21:47:11 INFO  : 'configparams force-mem-access 1' command is executed.
21:47:12 INFO  : Context for 'APU' is selected.
21:47:12 INFO  : 'stop' command is executed.
21:47:12 INFO  : 'ps7_init' command is executed.
21:47:12 INFO  : 'ps7_post_config' command is executed.
21:47:13 INFO  : Context for processor 'ps7_cortexa9_0' is selected.
21:47:13 INFO  : Processor reset is completed for 'ps7_cortexa9_0'.
21:47:14 INFO  : Context for processor 'ps7_cortexa9_0' is selected.
21:47:14 INFO  : The application 'D:/xlinx-projects/blinking_led_practice/blinking_led_practice.sdk/blink/Debug/blink.elf' is downloaded to processor 'ps7_cortexa9_0'.
21:47:14 INFO  : 'configparams force-mem-access 0' command is executed.
21:47:14 INFO  : ----------------XSDB Script----------------
connect -url tcp:127.0.0.1:3121
source D:/xlinx-projects/blinking_led_practice/blinking_led_practice.sdk/blinking_led_design_wrapper_hw_platform_0/ps7_init.tcl
targets -set -nocase -filter {name =~"APU*" && jtag_cable_name =~ "Digilent Zybo Z7 210351AF24E2A"} -index 0
loadhw -hw D:/xlinx-projects/blinking_led_practice/blinking_led_practice.sdk/blinking_led_design_wrapper_hw_platform_0/system.hdf -mem-ranges [list {0x40000000 0xbfffffff}]
configparams force-mem-access 1
targets -set -nocase -filter {name =~"APU*" && jtag_cable_name =~ "Digilent Zybo Z7 210351AF24E2A"} -index 0
stop
ps7_init
ps7_post_config
targets -set -nocase -filter {name =~ "ARM*#0" && jtag_cable_name =~ "Digilent Zybo Z7 210351AF24E2A"} -index 0
rst -processor
targets -set -nocase -filter {name =~ "ARM*#0" && jtag_cable_name =~ "Digilent Zybo Z7 210351AF24E2A"} -index 0
dow D:/xlinx-projects/blinking_led_practice/blinking_led_practice.sdk/blink/Debug/blink.elf
configparams force-mem-access 0
----------------End of Script----------------

21:47:15 INFO  : Context for processor 'ps7_cortexa9_0' is selected.
21:47:15 INFO  : 'con' command is executed.
21:47:15 INFO  : ----------------XSDB Script (After Launch)----------------
targets -set -nocase -filter {name =~ "ARM*#0" && jtag_cable_name =~ "Digilent Zybo Z7 210351AF24E2A"} -index 0
con
----------------End of Script----------------

21:47:15 INFO  : Disconnected from the channel tcfchan#11.
21:49:46 INFO  : 'targets -set -filter {jtag_cable_name =~ "Digilent Zybo Z7 210351AF24E2A" && level==0} -index 1' command is executed.
21:49:46 INFO  : 'fpga -state' command is executed.
21:49:46 INFO  : Connected to target on host '127.0.0.1' and port '3121'.
21:49:46 INFO  : Jtag cable 'Digilent Zybo Z7 210351AF24E2A' is selected.
21:49:46 INFO  : 'jtag frequency' command is executed.
21:49:46 INFO  : Sourcing of 'D:/xlinx-projects/blinking_led_practice/blinking_led_practice.sdk/blinking_led_design_wrapper_hw_platform_0/ps7_init.tcl' is done.
21:49:46 INFO  : Context for 'APU' is selected.
21:49:46 INFO  : Hardware design information is loaded from 'D:/xlinx-projects/blinking_led_practice/blinking_led_practice.sdk/blinking_led_design_wrapper_hw_platform_0/system.hdf'.
21:49:46 INFO  : 'configparams force-mem-access 1' command is executed.
21:49:46 INFO  : Context for 'APU' is selected.
21:49:46 INFO  : 'stop' command is executed.
21:49:47 INFO  : 'ps7_init' command is executed.
21:49:47 INFO  : 'ps7_post_config' command is executed.
21:49:47 INFO  : Context for processor 'ps7_cortexa9_0' is selected.
21:49:47 INFO  : Processor reset is completed for 'ps7_cortexa9_0'.
21:49:47 INFO  : Context for processor 'ps7_cortexa9_0' is selected.
21:49:47 INFO  : The application 'D:/xlinx-projects/blinking_led_practice/blinking_led_practice.sdk/blink/Debug/blink.elf' is downloaded to processor 'ps7_cortexa9_0'.
21:49:47 INFO  : 'configparams force-mem-access 0' command is executed.
21:49:47 INFO  : ----------------XSDB Script----------------
connect -url tcp:127.0.0.1:3121
source D:/xlinx-projects/blinking_led_practice/blinking_led_practice.sdk/blinking_led_design_wrapper_hw_platform_0/ps7_init.tcl
targets -set -nocase -filter {name =~"APU*" && jtag_cable_name =~ "Digilent Zybo Z7 210351AF24E2A"} -index 0
loadhw -hw D:/xlinx-projects/blinking_led_practice/blinking_led_practice.sdk/blinking_led_design_wrapper_hw_platform_0/system.hdf -mem-ranges [list {0x40000000 0xbfffffff}]
configparams force-mem-access 1
targets -set -nocase -filter {name =~"APU*" && jtag_cable_name =~ "Digilent Zybo Z7 210351AF24E2A"} -index 0
stop
ps7_init
ps7_post_config
targets -set -nocase -filter {name =~ "ARM*#0" && jtag_cable_name =~ "Digilent Zybo Z7 210351AF24E2A"} -index 0
rst -processor
targets -set -nocase -filter {name =~ "ARM*#0" && jtag_cable_name =~ "Digilent Zybo Z7 210351AF24E2A"} -index 0
dow D:/xlinx-projects/blinking_led_practice/blinking_led_practice.sdk/blink/Debug/blink.elf
configparams force-mem-access 0
----------------End of Script----------------

21:49:47 INFO  : Context for processor 'ps7_cortexa9_0' is selected.
21:49:48 INFO  : 'con' command is executed.
21:49:48 INFO  : ----------------XSDB Script (After Launch)----------------
targets -set -nocase -filter {name =~ "ARM*#0" && jtag_cable_name =~ "Digilent Zybo Z7 210351AF24E2A"} -index 0
con
----------------End of Script----------------

21:49:48 INFO  : Disconnected from the channel tcfchan#12.
21:51:57 INFO  : 'targets -set -filter {jtag_cable_name =~ "Digilent Zybo Z7 210351AF24E2A" && level==0} -index 1' command is executed.
21:51:57 INFO  : 'fpga -state' command is executed.
21:51:57 INFO  : Connected to target on host '127.0.0.1' and port '3121'.
21:51:57 INFO  : Jtag cable 'Digilent Zybo Z7 210351AF24E2A' is selected.
21:51:57 INFO  : 'jtag frequency' command is executed.
21:51:57 INFO  : Sourcing of 'D:/xlinx-projects/blinking_led_practice/blinking_led_practice.sdk/blinking_led_design_wrapper_hw_platform_0/ps7_init.tcl' is done.
21:51:57 INFO  : Context for 'APU' is selected.
21:51:57 INFO  : Hardware design information is loaded from 'D:/xlinx-projects/blinking_led_practice/blinking_led_practice.sdk/blinking_led_design_wrapper_hw_platform_0/system.hdf'.
21:51:57 INFO  : 'configparams force-mem-access 1' command is executed.
21:51:57 INFO  : Context for 'APU' is selected.
21:51:58 INFO  : 'stop' command is executed.
21:51:58 INFO  : 'ps7_init' command is executed.
21:51:58 INFO  : 'ps7_post_config' command is executed.
21:51:58 INFO  : Context for processor 'ps7_cortexa9_0' is selected.
21:51:58 INFO  : Processor reset is completed for 'ps7_cortexa9_0'.
21:51:58 INFO  : Context for processor 'ps7_cortexa9_0' is selected.
21:51:59 INFO  : The application 'D:/xlinx-projects/blinking_led_practice/blinking_led_practice.sdk/blink/Debug/blink.elf' is downloaded to processor 'ps7_cortexa9_0'.
21:51:59 INFO  : 'configparams force-mem-access 0' command is executed.
21:51:59 INFO  : ----------------XSDB Script----------------
connect -url tcp:127.0.0.1:3121
source D:/xlinx-projects/blinking_led_practice/blinking_led_practice.sdk/blinking_led_design_wrapper_hw_platform_0/ps7_init.tcl
targets -set -nocase -filter {name =~"APU*" && jtag_cable_name =~ "Digilent Zybo Z7 210351AF24E2A"} -index 0
loadhw -hw D:/xlinx-projects/blinking_led_practice/blinking_led_practice.sdk/blinking_led_design_wrapper_hw_platform_0/system.hdf -mem-ranges [list {0x40000000 0xbfffffff}]
configparams force-mem-access 1
targets -set -nocase -filter {name =~"APU*" && jtag_cable_name =~ "Digilent Zybo Z7 210351AF24E2A"} -index 0
stop
ps7_init
ps7_post_config
targets -set -nocase -filter {name =~ "ARM*#0" && jtag_cable_name =~ "Digilent Zybo Z7 210351AF24E2A"} -index 0
rst -processor
targets -set -nocase -filter {name =~ "ARM*#0" && jtag_cable_name =~ "Digilent Zybo Z7 210351AF24E2A"} -index 0
dow D:/xlinx-projects/blinking_led_practice/blinking_led_practice.sdk/blink/Debug/blink.elf
configparams force-mem-access 0
----------------End of Script----------------

21:51:59 INFO  : Context for processor 'ps7_cortexa9_0' is selected.
21:51:59 INFO  : 'con' command is executed.
21:51:59 INFO  : ----------------XSDB Script (After Launch)----------------
targets -set -nocase -filter {name =~ "ARM*#0" && jtag_cable_name =~ "Digilent Zybo Z7 210351AF24E2A"} -index 0
con
----------------End of Script----------------

21:51:59 INFO  : Disconnected from the channel tcfchan#13.
21:52:15 INFO  : 'targets -set -filter {jtag_cable_name =~ "Digilent Zybo Z7 210351AF24E2A" && level==0} -index 1' command is executed.
21:52:15 INFO  : 'fpga -state' command is executed.
21:52:15 INFO  : Connected to target on host '127.0.0.1' and port '3121'.
21:52:15 INFO  : Jtag cable 'Digilent Zybo Z7 210351AF24E2A' is selected.
21:52:15 INFO  : 'jtag frequency' command is executed.
21:52:15 INFO  : Sourcing of 'D:/xlinx-projects/blinking_led_practice/blinking_led_practice.sdk/blinking_led_design_wrapper_hw_platform_0/ps7_init.tcl' is done.
21:52:15 INFO  : Context for 'APU' is selected.
21:52:15 INFO  : Hardware design information is loaded from 'D:/xlinx-projects/blinking_led_practice/blinking_led_practice.sdk/blinking_led_design_wrapper_hw_platform_0/system.hdf'.
21:52:15 INFO  : 'configparams force-mem-access 1' command is executed.
21:52:15 INFO  : Context for 'APU' is selected.
21:52:15 INFO  : 'stop' command is executed.
21:52:16 INFO  : 'ps7_init' command is executed.
21:52:16 INFO  : 'ps7_post_config' command is executed.
21:52:16 INFO  : Context for processor 'ps7_cortexa9_0' is selected.
21:52:16 INFO  : Processor reset is completed for 'ps7_cortexa9_0'.
21:52:16 INFO  : Context for processor 'ps7_cortexa9_0' is selected.
21:52:16 INFO  : The application 'D:/xlinx-projects/blinking_led_practice/blinking_led_practice.sdk/blink/Debug/blink.elf' is downloaded to processor 'ps7_cortexa9_0'.
21:52:16 INFO  : 'configparams force-mem-access 0' command is executed.
21:52:16 INFO  : ----------------XSDB Script----------------
connect -url tcp:127.0.0.1:3121
source D:/xlinx-projects/blinking_led_practice/blinking_led_practice.sdk/blinking_led_design_wrapper_hw_platform_0/ps7_init.tcl
targets -set -nocase -filter {name =~"APU*" && jtag_cable_name =~ "Digilent Zybo Z7 210351AF24E2A"} -index 0
loadhw -hw D:/xlinx-projects/blinking_led_practice/blinking_led_practice.sdk/blinking_led_design_wrapper_hw_platform_0/system.hdf -mem-ranges [list {0x40000000 0xbfffffff}]
configparams force-mem-access 1
targets -set -nocase -filter {name =~"APU*" && jtag_cable_name =~ "Digilent Zybo Z7 210351AF24E2A"} -index 0
stop
ps7_init
ps7_post_config
targets -set -nocase -filter {name =~ "ARM*#0" && jtag_cable_name =~ "Digilent Zybo Z7 210351AF24E2A"} -index 0
rst -processor
targets -set -nocase -filter {name =~ "ARM*#0" && jtag_cable_name =~ "Digilent Zybo Z7 210351AF24E2A"} -index 0
dow D:/xlinx-projects/blinking_led_practice/blinking_led_practice.sdk/blink/Debug/blink.elf
configparams force-mem-access 0
----------------End of Script----------------

21:52:16 INFO  : Context for processor 'ps7_cortexa9_0' is selected.
21:52:16 INFO  : 'con' command is executed.
21:52:16 INFO  : ----------------XSDB Script (After Launch)----------------
targets -set -nocase -filter {name =~ "ARM*#0" && jtag_cable_name =~ "Digilent Zybo Z7 210351AF24E2A"} -index 0
con
----------------End of Script----------------

21:52:16 INFO  : Disconnected from the channel tcfchan#14.
21:58:37 INFO  : Connected to target on host '127.0.0.1' and port '3121'.
21:58:40 INFO  : 'targets -set -filter {jtag_cable_name =~ "Digilent Zybo Z7 210351AF24E2A" && level==0} -index 1' command is executed.
21:58:41 INFO  : FPGA configured successfully with bitstream "D:/xlinx-projects/blinking_led_practice/blinking_led_practice.sdk/blinking_led_design_wrapper_hw_platform_0/blinking_led_design_wrapper.bit"
21:58:48 INFO  : 'targets -set -filter {jtag_cable_name =~ "Digilent Zybo Z7 210351AF24E2A" && level==0} -index 1' command is executed.
21:58:48 INFO  : 'fpga -state' command is executed.
21:58:48 INFO  : Connected to target on host '127.0.0.1' and port '3121'.
21:58:48 INFO  : Jtag cable 'Digilent Zybo Z7 210351AF24E2A' is selected.
21:58:48 INFO  : 'jtag frequency' command is executed.
21:58:48 INFO  : Sourcing of 'D:/xlinx-projects/blinking_led_practice/blinking_led_practice.sdk/blinking_led_design_wrapper_hw_platform_0/ps7_init.tcl' is done.
21:58:48 INFO  : Context for 'APU' is selected.
21:58:48 INFO  : Hardware design information is loaded from 'D:/xlinx-projects/blinking_led_practice/blinking_led_practice.sdk/blinking_led_design_wrapper_hw_platform_0/system.hdf'.
21:58:48 INFO  : 'configparams force-mem-access 1' command is executed.
21:58:48 INFO  : Context for 'APU' is selected.
21:58:48 INFO  : 'stop' command is executed.
21:58:49 INFO  : 'ps7_init' command is executed.
21:58:49 INFO  : 'ps7_post_config' command is executed.
21:58:49 INFO  : Context for processor 'ps7_cortexa9_0' is selected.
21:58:49 INFO  : Processor reset is completed for 'ps7_cortexa9_0'.
21:58:49 INFO  : Context for processor 'ps7_cortexa9_0' is selected.
21:58:49 INFO  : The application 'D:/xlinx-projects/blinking_led_practice/blinking_led_practice.sdk/scutimerblink/Debug/scutimerblink.elf' is downloaded to processor 'ps7_cortexa9_0'.
21:58:49 INFO  : 'configparams force-mem-access 0' command is executed.
21:58:49 INFO  : ----------------XSDB Script----------------
connect -url tcp:127.0.0.1:3121
source D:/xlinx-projects/blinking_led_practice/blinking_led_practice.sdk/blinking_led_design_wrapper_hw_platform_0/ps7_init.tcl
targets -set -nocase -filter {name =~"APU*" && jtag_cable_name =~ "Digilent Zybo Z7 210351AF24E2A"} -index 0
loadhw -hw D:/xlinx-projects/blinking_led_practice/blinking_led_practice.sdk/blinking_led_design_wrapper_hw_platform_0/system.hdf -mem-ranges [list {0x40000000 0xbfffffff}]
configparams force-mem-access 1
targets -set -nocase -filter {name =~"APU*" && jtag_cable_name =~ "Digilent Zybo Z7 210351AF24E2A"} -index 0
stop
ps7_init
ps7_post_config
targets -set -nocase -filter {name =~ "ARM*#0" && jtag_cable_name =~ "Digilent Zybo Z7 210351AF24E2A"} -index 0
rst -processor
targets -set -nocase -filter {name =~ "ARM*#0" && jtag_cable_name =~ "Digilent Zybo Z7 210351AF24E2A"} -index 0
dow D:/xlinx-projects/blinking_led_practice/blinking_led_practice.sdk/scutimerblink/Debug/scutimerblink.elf
configparams force-mem-access 0
----------------End of Script----------------

21:58:49 INFO  : Context for processor 'ps7_cortexa9_0' is selected.
21:58:49 INFO  : 'con' command is executed.
21:58:49 INFO  : ----------------XSDB Script (After Launch)----------------
targets -set -nocase -filter {name =~ "ARM*#0" && jtag_cable_name =~ "Digilent Zybo Z7 210351AF24E2A"} -index 0
con
----------------End of Script----------------

21:58:49 INFO  : Disconnected from the channel tcfchan#15.
21:59:55 INFO  : 'targets -set -filter {jtag_cable_name =~ "Digilent Zybo Z7 210351AF24E2A" && level==0} -index 1' command is executed.
21:59:56 INFO  : 'fpga -state' command is executed.
21:59:56 INFO  : Connected to target on host '127.0.0.1' and port '3121'.
21:59:56 INFO  : Jtag cable 'Digilent Zybo Z7 210351AF24E2A' is selected.
21:59:56 INFO  : 'jtag frequency' command is executed.
21:59:56 INFO  : Sourcing of 'D:/xlinx-projects/blinking_led_practice/blinking_led_practice.sdk/blinking_led_design_wrapper_hw_platform_0/ps7_init.tcl' is done.
21:59:57 INFO  : Context for 'APU' is selected.
21:59:57 INFO  : Hardware design information is loaded from 'D:/xlinx-projects/blinking_led_practice/blinking_led_practice.sdk/blinking_led_design_wrapper_hw_platform_0/system.hdf'.
21:59:57 INFO  : 'configparams force-mem-access 1' command is executed.
21:59:57 INFO  : Context for 'APU' is selected.
21:59:57 INFO  : 'stop' command is executed.
21:59:58 INFO  : 'ps7_init' command is executed.
21:59:58 INFO  : 'ps7_post_config' command is executed.
21:59:59 INFO  : Context for processor 'ps7_cortexa9_0' is selected.
21:59:59 INFO  : Processor reset is completed for 'ps7_cortexa9_0'.
22:00:00 INFO  : Context for processor 'ps7_cortexa9_0' is selected.
22:00:00 INFO  : The application 'D:/xlinx-projects/blinking_led_practice/blinking_led_practice.sdk/scutimerblink/Debug/scutimerblink.elf' is downloaded to processor 'ps7_cortexa9_0'.
22:00:00 INFO  : 'configparams force-mem-access 0' command is executed.
22:00:00 INFO  : ----------------XSDB Script----------------
connect -url tcp:127.0.0.1:3121
source D:/xlinx-projects/blinking_led_practice/blinking_led_practice.sdk/blinking_led_design_wrapper_hw_platform_0/ps7_init.tcl
targets -set -nocase -filter {name =~"APU*" && jtag_cable_name =~ "Digilent Zybo Z7 210351AF24E2A"} -index 0
loadhw -hw D:/xlinx-projects/blinking_led_practice/blinking_led_practice.sdk/blinking_led_design_wrapper_hw_platform_0/system.hdf -mem-ranges [list {0x40000000 0xbfffffff}]
configparams force-mem-access 1
targets -set -nocase -filter {name =~"APU*" && jtag_cable_name =~ "Digilent Zybo Z7 210351AF24E2A"} -index 0
stop
ps7_init
ps7_post_config
targets -set -nocase -filter {name =~ "ARM*#0" && jtag_cable_name =~ "Digilent Zybo Z7 210351AF24E2A"} -index 0
rst -processor
targets -set -nocase -filter {name =~ "ARM*#0" && jtag_cable_name =~ "Digilent Zybo Z7 210351AF24E2A"} -index 0
dow D:/xlinx-projects/blinking_led_practice/blinking_led_practice.sdk/scutimerblink/Debug/scutimerblink.elf
configparams force-mem-access 0
----------------End of Script----------------

22:00:01 INFO  : Context for processor 'ps7_cortexa9_0' is selected.
22:00:01 INFO  : 'con' command is executed.
22:00:01 INFO  : ----------------XSDB Script (After Launch)----------------
targets -set -nocase -filter {name =~ "ARM*#0" && jtag_cable_name =~ "Digilent Zybo Z7 210351AF24E2A"} -index 0
con
----------------End of Script----------------

22:00:01 INFO  : Disconnected from the channel tcfchan#16.
22:03:14 INFO  : 'targets -set -filter {jtag_cable_name =~ "Digilent Zybo Z7 210351AF24E2A" && level==0} -index 1' command is executed.
22:03:14 INFO  : 'fpga -state' command is executed.
22:03:14 INFO  : Connected to target on host '127.0.0.1' and port '3121'.
22:03:14 INFO  : Jtag cable 'Digilent Zybo Z7 210351AF24E2A' is selected.
22:03:14 INFO  : 'jtag frequency' command is executed.
22:03:14 INFO  : Sourcing of 'D:/xlinx-projects/blinking_led_practice/blinking_led_practice.sdk/blinking_led_design_wrapper_hw_platform_0/ps7_init.tcl' is done.
22:03:15 INFO  : Context for 'APU' is selected.
22:03:15 INFO  : Hardware design information is loaded from 'D:/xlinx-projects/blinking_led_practice/blinking_led_practice.sdk/blinking_led_design_wrapper_hw_platform_0/system.hdf'.
22:03:15 INFO  : 'configparams force-mem-access 1' command is executed.
22:03:16 INFO  : Context for 'APU' is selected.
22:03:16 INFO  : 'stop' command is executed.
22:03:16 INFO  : 'ps7_init' command is executed.
22:03:16 INFO  : 'ps7_post_config' command is executed.
22:03:17 INFO  : Context for processor 'ps7_cortexa9_0' is selected.
22:03:17 INFO  : Processor reset is completed for 'ps7_cortexa9_0'.
22:03:18 INFO  : Context for processor 'ps7_cortexa9_0' is selected.
22:03:18 INFO  : The application 'D:/xlinx-projects/blinking_led_practice/blinking_led_practice.sdk/scutimerblink/Debug/scutimerblink.elf' is downloaded to processor 'ps7_cortexa9_0'.
22:03:18 INFO  : 'configparams force-mem-access 0' command is executed.
22:03:18 INFO  : ----------------XSDB Script----------------
connect -url tcp:127.0.0.1:3121
source D:/xlinx-projects/blinking_led_practice/blinking_led_practice.sdk/blinking_led_design_wrapper_hw_platform_0/ps7_init.tcl
targets -set -nocase -filter {name =~"APU*" && jtag_cable_name =~ "Digilent Zybo Z7 210351AF24E2A"} -index 0
loadhw -hw D:/xlinx-projects/blinking_led_practice/blinking_led_practice.sdk/blinking_led_design_wrapper_hw_platform_0/system.hdf -mem-ranges [list {0x40000000 0xbfffffff}]
configparams force-mem-access 1
targets -set -nocase -filter {name =~"APU*" && jtag_cable_name =~ "Digilent Zybo Z7 210351AF24E2A"} -index 0
stop
ps7_init
ps7_post_config
targets -set -nocase -filter {name =~ "ARM*#0" && jtag_cable_name =~ "Digilent Zybo Z7 210351AF24E2A"} -index 0
rst -processor
targets -set -nocase -filter {name =~ "ARM*#0" && jtag_cable_name =~ "Digilent Zybo Z7 210351AF24E2A"} -index 0
dow D:/xlinx-projects/blinking_led_practice/blinking_led_practice.sdk/scutimerblink/Debug/scutimerblink.elf
configparams force-mem-access 0
----------------End of Script----------------

22:03:19 INFO  : Context for processor 'ps7_cortexa9_0' is selected.
22:03:19 INFO  : 'con' command is executed.
22:03:19 INFO  : ----------------XSDB Script (After Launch)----------------
targets -set -nocase -filter {name =~ "ARM*#0" && jtag_cable_name =~ "Digilent Zybo Z7 210351AF24E2A"} -index 0
con
----------------End of Script----------------

22:03:19 INFO  : Disconnected from the channel tcfchan#17.
22:04:46 INFO  : 'targets -set -filter {jtag_cable_name =~ "Digilent Zybo Z7 210351AF24E2A" && level==0} -index 1' command is executed.
22:04:46 INFO  : 'fpga -state' command is executed.
22:04:46 INFO  : Connected to target on host '127.0.0.1' and port '3121'.
22:04:47 INFO  : Jtag cable 'Digilent Zybo Z7 210351AF24E2A' is selected.
22:04:47 INFO  : 'jtag frequency' command is executed.
22:04:47 INFO  : Sourcing of 'D:/xlinx-projects/blinking_led_practice/blinking_led_practice.sdk/blinking_led_design_wrapper_hw_platform_0/ps7_init.tcl' is done.
22:04:48 INFO  : Context for 'APU' is selected.
22:04:48 INFO  : Hardware design information is loaded from 'D:/xlinx-projects/blinking_led_practice/blinking_led_practice.sdk/blinking_led_design_wrapper_hw_platform_0/system.hdf'.
22:04:48 INFO  : 'configparams force-mem-access 1' command is executed.
22:04:48 INFO  : Context for 'APU' is selected.
22:04:48 INFO  : 'stop' command is executed.
22:04:49 INFO  : 'ps7_init' command is executed.
22:04:49 INFO  : 'ps7_post_config' command is executed.
22:04:50 INFO  : Context for processor 'ps7_cortexa9_0' is selected.
22:04:50 INFO  : Processor reset is completed for 'ps7_cortexa9_0'.
22:04:51 INFO  : Context for processor 'ps7_cortexa9_0' is selected.
22:04:51 INFO  : The application 'D:/xlinx-projects/blinking_led_practice/blinking_led_practice.sdk/scutimerblink/Debug/scutimerblink.elf' is downloaded to processor 'ps7_cortexa9_0'.
22:04:51 INFO  : 'configparams force-mem-access 0' command is executed.
22:04:51 INFO  : ----------------XSDB Script----------------
connect -url tcp:127.0.0.1:3121
source D:/xlinx-projects/blinking_led_practice/blinking_led_practice.sdk/blinking_led_design_wrapper_hw_platform_0/ps7_init.tcl
targets -set -nocase -filter {name =~"APU*" && jtag_cable_name =~ "Digilent Zybo Z7 210351AF24E2A"} -index 0
loadhw -hw D:/xlinx-projects/blinking_led_practice/blinking_led_practice.sdk/blinking_led_design_wrapper_hw_platform_0/system.hdf -mem-ranges [list {0x40000000 0xbfffffff}]
configparams force-mem-access 1
targets -set -nocase -filter {name =~"APU*" && jtag_cable_name =~ "Digilent Zybo Z7 210351AF24E2A"} -index 0
stop
ps7_init
ps7_post_config
targets -set -nocase -filter {name =~ "ARM*#0" && jtag_cable_name =~ "Digilent Zybo Z7 210351AF24E2A"} -index 0
rst -processor
targets -set -nocase -filter {name =~ "ARM*#0" && jtag_cable_name =~ "Digilent Zybo Z7 210351AF24E2A"} -index 0
dow D:/xlinx-projects/blinking_led_practice/blinking_led_practice.sdk/scutimerblink/Debug/scutimerblink.elf
configparams force-mem-access 0
----------------End of Script----------------

22:04:52 INFO  : Context for processor 'ps7_cortexa9_0' is selected.
22:04:52 INFO  : 'con' command is executed.
22:04:52 INFO  : ----------------XSDB Script (After Launch)----------------
targets -set -nocase -filter {name =~ "ARM*#0" && jtag_cable_name =~ "Digilent Zybo Z7 210351AF24E2A"} -index 0
con
----------------End of Script----------------

22:04:52 INFO  : Disconnected from the channel tcfchan#18.
