21:37:35 INFO  : Registering command handlers for SDK TCF services
21:37:36 INFO  : Launching XSCT server: xsct.bat -interactive D:\xlinx-projects\final_p1\final_p1.sdk\temp_xsdb_launch_script.tcl
21:37:39 INFO  : XSCT server has started successfully.
21:37:39 INFO  : Successfully done setting XSCT server connection channel  
21:37:43 INFO  : Successfully done setting SDK workspace  
21:37:43 INFO  : Processing command line option -hwspec D:/xlinx-projects/final_p1/final_p1.sdk/sws_diagram_wrapper.hdf.
21:53:14 INFO  : Connected to target on host '127.0.0.1' and port '3121'.
21:53:16 INFO  : 'targets -set -filter {jtag_cable_name =~ "Digilent Zybo Z7 210351AF24E2A" && level==0} -index 1' command is executed.
21:53:18 INFO  : FPGA configured successfully with bitstream "D:/xlinx-projects/final_p1/final_p1.sdk/sws_diagram_wrapper_hw_platform_0/sws_diagram_wrapper.bit"
21:53:26 INFO  : 'targets -set -filter {jtag_cable_name =~ "Digilent Zybo Z7 210351AF24E2A" && level==0} -index 1' command is executed.
21:53:26 INFO  : 'fpga -state' command is executed.
21:53:26 INFO  : Connected to target on host '127.0.0.1' and port '3121'.
21:53:26 INFO  : Jtag cable 'Digilent Zybo Z7 210351AF24E2A' is selected.
21:53:26 INFO  : 'jtag frequency' command is executed.
21:53:26 INFO  : Sourcing of 'D:/xlinx-projects/final_p1/final_p1.sdk/sws_diagram_wrapper_hw_platform_0/ps7_init.tcl' is done.
21:53:26 INFO  : Context for 'APU' is selected.
21:53:26 INFO  : Hardware design information is loaded from 'D:/xlinx-projects/final_p1/final_p1.sdk/sws_diagram_wrapper_hw_platform_0/system.hdf'.
21:53:27 INFO  : 'configparams force-mem-access 1' command is executed.
21:53:27 INFO  : Context for 'APU' is selected.
21:53:27 INFO  : 'stop' command is executed.
21:53:27 INFO  : 'ps7_init' command is executed.
21:53:27 INFO  : 'ps7_post_config' command is executed.
21:53:27 INFO  : Context for processor 'ps7_cortexa9_0' is selected.
21:53:27 INFO  : Processor reset is completed for 'ps7_cortexa9_0'.
21:53:27 INFO  : Context for processor 'ps7_cortexa9_0' is selected.
21:53:28 INFO  : The application 'D:/xlinx-projects/final_p1/final_p1.sdk/sws_test_app/Debug/sws_test_app.elf' is downloaded to processor 'ps7_cortexa9_0'.
21:53:28 INFO  : 'configparams force-mem-access 0' command is executed.
21:53:28 INFO  : ----------------XSDB Script----------------
connect -url tcp:127.0.0.1:3121
source D:/xlinx-projects/final_p1/final_p1.sdk/sws_diagram_wrapper_hw_platform_0/ps7_init.tcl
targets -set -nocase -filter {name =~"APU*" && jtag_cable_name =~ "Digilent Zybo Z7 210351AF24E2A"} -index 0
loadhw -hw D:/xlinx-projects/final_p1/final_p1.sdk/sws_diagram_wrapper_hw_platform_0/system.hdf -mem-ranges [list {0x40000000 0xbfffffff}]
configparams force-mem-access 1
targets -set -nocase -filter {name =~"APU*" && jtag_cable_name =~ "Digilent Zybo Z7 210351AF24E2A"} -index 0
stop
ps7_init
ps7_post_config
targets -set -nocase -filter {name =~ "ARM*#0" && jtag_cable_name =~ "Digilent Zybo Z7 210351AF24E2A"} -index 0
rst -processor
targets -set -nocase -filter {name =~ "ARM*#0" && jtag_cable_name =~ "Digilent Zybo Z7 210351AF24E2A"} -index 0
dow D:/xlinx-projects/final_p1/final_p1.sdk/sws_test_app/Debug/sws_test_app.elf
configparams force-mem-access 0
----------------End of Script----------------

21:53:28 INFO  : Context for processor 'ps7_cortexa9_0' is selected.
21:53:28 INFO  : 'con' command is executed.
21:53:28 INFO  : ----------------XSDB Script (After Launch)----------------
targets -set -nocase -filter {name =~ "ARM*#0" && jtag_cable_name =~ "Digilent Zybo Z7 210351AF24E2A"} -index 0
con
----------------End of Script----------------

21:53:28 INFO  : Disconnected from the channel tcfchan#1.
21:53:56 INFO  : 'targets -set -filter {jtag_cable_name =~ "Digilent Zybo Z7 210351AF24E2A" && level==0} -index 1' command is executed.
21:53:57 INFO  : 'fpga -state' command is executed.
21:53:57 INFO  : Connected to target on host '127.0.0.1' and port '3121'.
21:53:57 INFO  : Jtag cable 'Digilent Zybo Z7 210351AF24E2A' is selected.
21:53:57 INFO  : 'jtag frequency' command is executed.
21:53:57 INFO  : Sourcing of 'D:/xlinx-projects/final_p1/final_p1.sdk/sws_diagram_wrapper_hw_platform_0/ps7_init.tcl' is done.
21:53:57 INFO  : Context for 'APU' is selected.
21:53:57 INFO  : Hardware design information is loaded from 'D:/xlinx-projects/final_p1/final_p1.sdk/sws_diagram_wrapper_hw_platform_0/system.hdf'.
21:53:57 INFO  : 'configparams force-mem-access 1' command is executed.
21:53:57 INFO  : Context for 'APU' is selected.
21:53:57 INFO  : 'stop' command is executed.
21:53:58 INFO  : 'ps7_init' command is executed.
21:53:58 INFO  : 'ps7_post_config' command is executed.
21:53:58 INFO  : Context for processor 'ps7_cortexa9_0' is selected.
21:53:58 INFO  : Processor reset is completed for 'ps7_cortexa9_0'.
21:53:58 INFO  : Context for processor 'ps7_cortexa9_0' is selected.
21:53:58 INFO  : The application 'D:/xlinx-projects/final_p1/final_p1.sdk/sws_test_app/Debug/sws_test_app.elf' is downloaded to processor 'ps7_cortexa9_0'.
21:53:58 INFO  : 'configparams force-mem-access 0' command is executed.
21:53:58 INFO  : ----------------XSDB Script----------------
connect -url tcp:127.0.0.1:3121
source D:/xlinx-projects/final_p1/final_p1.sdk/sws_diagram_wrapper_hw_platform_0/ps7_init.tcl
targets -set -nocase -filter {name =~"APU*" && jtag_cable_name =~ "Digilent Zybo Z7 210351AF24E2A"} -index 0
loadhw -hw D:/xlinx-projects/final_p1/final_p1.sdk/sws_diagram_wrapper_hw_platform_0/system.hdf -mem-ranges [list {0x40000000 0xbfffffff}]
configparams force-mem-access 1
targets -set -nocase -filter {name =~"APU*" && jtag_cable_name =~ "Digilent Zybo Z7 210351AF24E2A"} -index 0
stop
ps7_init
ps7_post_config
targets -set -nocase -filter {name =~ "ARM*#0" && jtag_cable_name =~ "Digilent Zybo Z7 210351AF24E2A"} -index 0
rst -processor
targets -set -nocase -filter {name =~ "ARM*#0" && jtag_cable_name =~ "Digilent Zybo Z7 210351AF24E2A"} -index 0
dow D:/xlinx-projects/final_p1/final_p1.sdk/sws_test_app/Debug/sws_test_app.elf
configparams force-mem-access 0
----------------End of Script----------------

21:53:58 INFO  : Context for processor 'ps7_cortexa9_0' is selected.
21:53:58 INFO  : 'con' command is executed.
21:53:58 INFO  : ----------------XSDB Script (After Launch)----------------
targets -set -nocase -filter {name =~ "ARM*#0" && jtag_cable_name =~ "Digilent Zybo Z7 210351AF24E2A"} -index 0
con
----------------End of Script----------------

21:53:58 INFO  : Disconnected from the channel tcfchan#2.
21:54:31 INFO  : 'targets -set -filter {jtag_cable_name =~ "Digilent Zybo Z7 210351AF24E2A" && level==0} -index 1' command is executed.
21:54:31 INFO  : 'fpga -state' command is executed.
21:54:31 INFO  : Connected to target on host '127.0.0.1' and port '3121'.
21:54:31 INFO  : Jtag cable 'Digilent Zybo Z7 210351AF24E2A' is selected.
21:54:31 INFO  : 'jtag frequency' command is executed.
21:54:31 INFO  : Sourcing of 'D:/xlinx-projects/final_p1/final_p1.sdk/sws_diagram_wrapper_hw_platform_0/ps7_init.tcl' is done.
21:54:31 INFO  : Context for 'APU' is selected.
21:54:31 INFO  : Hardware design information is loaded from 'D:/xlinx-projects/final_p1/final_p1.sdk/sws_diagram_wrapper_hw_platform_0/system.hdf'.
21:54:31 INFO  : 'configparams force-mem-access 1' command is executed.
21:54:31 INFO  : Context for 'APU' is selected.
21:54:31 INFO  : 'stop' command is executed.
21:54:32 INFO  : 'ps7_init' command is executed.
21:54:32 INFO  : 'ps7_post_config' command is executed.
21:54:32 INFO  : Context for processor 'ps7_cortexa9_0' is selected.
21:54:32 INFO  : Processor reset is completed for 'ps7_cortexa9_0'.
21:54:32 INFO  : Context for processor 'ps7_cortexa9_0' is selected.
21:54:32 INFO  : The application 'D:/xlinx-projects/final_p1/final_p1.sdk/sws_test_app/Debug/sws_test_app.elf' is downloaded to processor 'ps7_cortexa9_0'.
21:54:32 INFO  : 'configparams force-mem-access 0' command is executed.
21:54:32 INFO  : ----------------XSDB Script----------------
connect -url tcp:127.0.0.1:3121
source D:/xlinx-projects/final_p1/final_p1.sdk/sws_diagram_wrapper_hw_platform_0/ps7_init.tcl
targets -set -nocase -filter {name =~"APU*" && jtag_cable_name =~ "Digilent Zybo Z7 210351AF24E2A"} -index 0
loadhw -hw D:/xlinx-projects/final_p1/final_p1.sdk/sws_diagram_wrapper_hw_platform_0/system.hdf -mem-ranges [list {0x40000000 0xbfffffff}]
configparams force-mem-access 1
targets -set -nocase -filter {name =~"APU*" && jtag_cable_name =~ "Digilent Zybo Z7 210351AF24E2A"} -index 0
stop
ps7_init
ps7_post_config
targets -set -nocase -filter {name =~ "ARM*#0" && jtag_cable_name =~ "Digilent Zybo Z7 210351AF24E2A"} -index 0
rst -processor
targets -set -nocase -filter {name =~ "ARM*#0" && jtag_cable_name =~ "Digilent Zybo Z7 210351AF24E2A"} -index 0
dow D:/xlinx-projects/final_p1/final_p1.sdk/sws_test_app/Debug/sws_test_app.elf
configparams force-mem-access 0
----------------End of Script----------------

21:54:32 INFO  : Context for processor 'ps7_cortexa9_0' is selected.
21:54:33 INFO  : 'con' command is executed.
21:54:33 INFO  : ----------------XSDB Script (After Launch)----------------
targets -set -nocase -filter {name =~ "ARM*#0" && jtag_cable_name =~ "Digilent Zybo Z7 210351AF24E2A"} -index 0
con
----------------End of Script----------------

21:54:33 INFO  : Disconnected from the channel tcfchan#3.
21:54:54 INFO  : 'targets -set -filter {jtag_cable_name =~ "Digilent Zybo Z7 210351AF24E2A" && level==0} -index 1' command is executed.
21:54:54 INFO  : 'fpga -state' command is executed.
21:54:54 INFO  : Connected to target on host '127.0.0.1' and port '3121'.
21:54:55 INFO  : Jtag cable 'Digilent Zybo Z7 210351AF24E2A' is selected.
21:54:55 INFO  : 'jtag frequency' command is executed.
21:54:55 INFO  : Sourcing of 'D:/xlinx-projects/final_p1/final_p1.sdk/sws_diagram_wrapper_hw_platform_0/ps7_init.tcl' is done.
21:54:55 INFO  : Context for 'APU' is selected.
21:54:55 INFO  : Hardware design information is loaded from 'D:/xlinx-projects/final_p1/final_p1.sdk/sws_diagram_wrapper_hw_platform_0/system.hdf'.
21:54:55 INFO  : 'configparams force-mem-access 1' command is executed.
21:54:55 INFO  : Context for 'APU' is selected.
21:54:55 INFO  : 'stop' command is executed.
21:54:56 INFO  : 'ps7_init' command is executed.
21:54:56 INFO  : 'ps7_post_config' command is executed.
21:54:56 INFO  : Context for processor 'ps7_cortexa9_0' is selected.
21:54:56 INFO  : Processor reset is completed for 'ps7_cortexa9_0'.
21:54:56 INFO  : Context for processor 'ps7_cortexa9_0' is selected.
21:54:56 INFO  : The application 'D:/xlinx-projects/final_p1/final_p1.sdk/sws_test_app/Debug/sws_test_app.elf' is downloaded to processor 'ps7_cortexa9_0'.
21:54:56 INFO  : 'configparams force-mem-access 0' command is executed.
21:54:56 INFO  : ----------------XSDB Script----------------
connect -url tcp:127.0.0.1:3121
source D:/xlinx-projects/final_p1/final_p1.sdk/sws_diagram_wrapper_hw_platform_0/ps7_init.tcl
targets -set -nocase -filter {name =~"APU*" && jtag_cable_name =~ "Digilent Zybo Z7 210351AF24E2A"} -index 0
loadhw -hw D:/xlinx-projects/final_p1/final_p1.sdk/sws_diagram_wrapper_hw_platform_0/system.hdf -mem-ranges [list {0x40000000 0xbfffffff}]
configparams force-mem-access 1
targets -set -nocase -filter {name =~"APU*" && jtag_cable_name =~ "Digilent Zybo Z7 210351AF24E2A"} -index 0
stop
ps7_init
ps7_post_config
targets -set -nocase -filter {name =~ "ARM*#0" && jtag_cable_name =~ "Digilent Zybo Z7 210351AF24E2A"} -index 0
rst -processor
targets -set -nocase -filter {name =~ "ARM*#0" && jtag_cable_name =~ "Digilent Zybo Z7 210351AF24E2A"} -index 0
dow D:/xlinx-projects/final_p1/final_p1.sdk/sws_test_app/Debug/sws_test_app.elf
configparams force-mem-access 0
----------------End of Script----------------

21:54:56 INFO  : Context for processor 'ps7_cortexa9_0' is selected.
21:54:56 INFO  : 'con' command is executed.
21:54:56 INFO  : ----------------XSDB Script (After Launch)----------------
targets -set -nocase -filter {name =~ "ARM*#0" && jtag_cable_name =~ "Digilent Zybo Z7 210351AF24E2A"} -index 0
con
----------------End of Script----------------

21:54:56 INFO  : Disconnected from the channel tcfchan#4.
21:55:25 INFO  : 'targets -set -filter {jtag_cable_name =~ "Digilent Zybo Z7 210351AF24E2A" && level==0} -index 1' command is executed.
21:55:25 INFO  : 'fpga -state' command is executed.
21:55:25 INFO  : Connected to target on host '127.0.0.1' and port '3121'.
21:55:26 INFO  : Jtag cable 'Digilent Zybo Z7 210351AF24E2A' is selected.
21:55:26 INFO  : 'jtag frequency' command is executed.
21:55:26 INFO  : Sourcing of 'D:/xlinx-projects/final_p1/final_p1.sdk/sws_diagram_wrapper_hw_platform_0/ps7_init.tcl' is done.
21:55:26 INFO  : Context for 'APU' is selected.
21:55:26 INFO  : Hardware design information is loaded from 'D:/xlinx-projects/final_p1/final_p1.sdk/sws_diagram_wrapper_hw_platform_0/system.hdf'.
21:55:26 INFO  : 'configparams force-mem-access 1' command is executed.
21:55:26 INFO  : Context for 'APU' is selected.
21:55:26 INFO  : 'stop' command is executed.
21:55:27 INFO  : 'ps7_init' command is executed.
21:55:27 INFO  : 'ps7_post_config' command is executed.
21:55:27 INFO  : Context for processor 'ps7_cortexa9_0' is selected.
21:55:27 INFO  : Processor reset is completed for 'ps7_cortexa9_0'.
21:55:27 INFO  : Context for processor 'ps7_cortexa9_0' is selected.
21:55:27 INFO  : The application 'D:/xlinx-projects/final_p1/final_p1.sdk/sws_test_app/Debug/sws_test_app.elf' is downloaded to processor 'ps7_cortexa9_0'.
21:55:27 INFO  : 'configparams force-mem-access 0' command is executed.
21:55:27 INFO  : ----------------XSDB Script----------------
connect -url tcp:127.0.0.1:3121
source D:/xlinx-projects/final_p1/final_p1.sdk/sws_diagram_wrapper_hw_platform_0/ps7_init.tcl
targets -set -nocase -filter {name =~"APU*" && jtag_cable_name =~ "Digilent Zybo Z7 210351AF24E2A"} -index 0
loadhw -hw D:/xlinx-projects/final_p1/final_p1.sdk/sws_diagram_wrapper_hw_platform_0/system.hdf -mem-ranges [list {0x40000000 0xbfffffff}]
configparams force-mem-access 1
targets -set -nocase -filter {name =~"APU*" && jtag_cable_name =~ "Digilent Zybo Z7 210351AF24E2A"} -index 0
stop
ps7_init
ps7_post_config
targets -set -nocase -filter {name =~ "ARM*#0" && jtag_cable_name =~ "Digilent Zybo Z7 210351AF24E2A"} -index 0
rst -processor
targets -set -nocase -filter {name =~ "ARM*#0" && jtag_cable_name =~ "Digilent Zybo Z7 210351AF24E2A"} -index 0
dow D:/xlinx-projects/final_p1/final_p1.sdk/sws_test_app/Debug/sws_test_app.elf
configparams force-mem-access 0
----------------End of Script----------------

21:55:27 INFO  : Context for processor 'ps7_cortexa9_0' is selected.
21:55:27 INFO  : 'con' command is executed.
21:55:27 INFO  : ----------------XSDB Script (After Launch)----------------
targets -set -nocase -filter {name =~ "ARM*#0" && jtag_cable_name =~ "Digilent Zybo Z7 210351AF24E2A"} -index 0
con
----------------End of Script----------------

21:55:27 INFO  : Disconnected from the channel tcfchan#5.
21:56:02 INFO  : 'targets -set -filter {jtag_cable_name =~ "Digilent Zybo Z7 210351AF24E2A" && level==0} -index 1' command is executed.
21:56:02 INFO  : 'fpga -state' command is executed.
21:56:02 INFO  : Connected to target on host '127.0.0.1' and port '3121'.
21:56:03 INFO  : Jtag cable 'Digilent Zybo Z7 210351AF24E2A' is selected.
21:56:03 INFO  : 'jtag frequency' command is executed.
21:56:03 INFO  : Sourcing of 'D:/xlinx-projects/final_p1/final_p1.sdk/sws_diagram_wrapper_hw_platform_0/ps7_init.tcl' is done.
21:56:03 INFO  : Context for 'APU' is selected.
21:56:03 INFO  : Hardware design information is loaded from 'D:/xlinx-projects/final_p1/final_p1.sdk/sws_diagram_wrapper_hw_platform_0/system.hdf'.
21:56:03 INFO  : 'configparams force-mem-access 1' command is executed.
21:56:03 INFO  : Context for 'APU' is selected.
21:56:03 INFO  : 'stop' command is executed.
21:56:03 INFO  : 'ps7_init' command is executed.
21:56:03 INFO  : 'ps7_post_config' command is executed.
21:56:03 INFO  : Context for processor 'ps7_cortexa9_0' is selected.
21:56:04 INFO  : Processor reset is completed for 'ps7_cortexa9_0'.
21:56:04 INFO  : Context for processor 'ps7_cortexa9_0' is selected.
21:56:04 INFO  : The application 'D:/xlinx-projects/final_p1/final_p1.sdk/sws_test_app/Debug/sws_test_app.elf' is downloaded to processor 'ps7_cortexa9_0'.
21:56:04 INFO  : 'configparams force-mem-access 0' command is executed.
21:56:04 INFO  : ----------------XSDB Script----------------
connect -url tcp:127.0.0.1:3121
source D:/xlinx-projects/final_p1/final_p1.sdk/sws_diagram_wrapper_hw_platform_0/ps7_init.tcl
targets -set -nocase -filter {name =~"APU*" && jtag_cable_name =~ "Digilent Zybo Z7 210351AF24E2A"} -index 0
loadhw -hw D:/xlinx-projects/final_p1/final_p1.sdk/sws_diagram_wrapper_hw_platform_0/system.hdf -mem-ranges [list {0x40000000 0xbfffffff}]
configparams force-mem-access 1
targets -set -nocase -filter {name =~"APU*" && jtag_cable_name =~ "Digilent Zybo Z7 210351AF24E2A"} -index 0
stop
ps7_init
ps7_post_config
targets -set -nocase -filter {name =~ "ARM*#0" && jtag_cable_name =~ "Digilent Zybo Z7 210351AF24E2A"} -index 0
rst -processor
targets -set -nocase -filter {name =~ "ARM*#0" && jtag_cable_name =~ "Digilent Zybo Z7 210351AF24E2A"} -index 0
dow D:/xlinx-projects/final_p1/final_p1.sdk/sws_test_app/Debug/sws_test_app.elf
configparams force-mem-access 0
----------------End of Script----------------

21:56:04 INFO  : Context for processor 'ps7_cortexa9_0' is selected.
21:56:04 INFO  : 'con' command is executed.
21:56:04 INFO  : ----------------XSDB Script (After Launch)----------------
targets -set -nocase -filter {name =~ "ARM*#0" && jtag_cable_name =~ "Digilent Zybo Z7 210351AF24E2A"} -index 0
con
----------------End of Script----------------

21:56:04 INFO  : Disconnected from the channel tcfchan#6.
21:56:29 INFO  : 'targets -set -filter {jtag_cable_name =~ "Digilent Zybo Z7 210351AF24E2A" && level==0} -index 1' command is executed.
21:56:29 INFO  : 'fpga -state' command is executed.
21:56:29 INFO  : Connected to target on host '127.0.0.1' and port '3121'.
21:56:30 INFO  : Jtag cable 'Digilent Zybo Z7 210351AF24E2A' is selected.
21:56:30 INFO  : 'jtag frequency' command is executed.
21:56:30 INFO  : Sourcing of 'D:/xlinx-projects/final_p1/final_p1.sdk/sws_diagram_wrapper_hw_platform_0/ps7_init.tcl' is done.
21:56:30 INFO  : Context for 'APU' is selected.
21:56:30 INFO  : Hardware design information is loaded from 'D:/xlinx-projects/final_p1/final_p1.sdk/sws_diagram_wrapper_hw_platform_0/system.hdf'.
21:56:30 INFO  : 'configparams force-mem-access 1' command is executed.
21:56:30 INFO  : Context for 'APU' is selected.
21:56:30 INFO  : 'stop' command is executed.
21:56:31 INFO  : 'ps7_init' command is executed.
21:56:31 INFO  : 'ps7_post_config' command is executed.
21:56:31 INFO  : Context for processor 'ps7_cortexa9_0' is selected.
21:56:31 INFO  : Processor reset is completed for 'ps7_cortexa9_0'.
21:56:31 INFO  : Context for processor 'ps7_cortexa9_0' is selected.
21:56:31 INFO  : The application 'D:/xlinx-projects/final_p1/final_p1.sdk/sws_test_app/Debug/sws_test_app.elf' is downloaded to processor 'ps7_cortexa9_0'.
21:56:31 INFO  : 'configparams force-mem-access 0' command is executed.
21:56:31 INFO  : ----------------XSDB Script----------------
connect -url tcp:127.0.0.1:3121
source D:/xlinx-projects/final_p1/final_p1.sdk/sws_diagram_wrapper_hw_platform_0/ps7_init.tcl
targets -set -nocase -filter {name =~"APU*" && jtag_cable_name =~ "Digilent Zybo Z7 210351AF24E2A"} -index 0
loadhw -hw D:/xlinx-projects/final_p1/final_p1.sdk/sws_diagram_wrapper_hw_platform_0/system.hdf -mem-ranges [list {0x40000000 0xbfffffff}]
configparams force-mem-access 1
targets -set -nocase -filter {name =~"APU*" && jtag_cable_name =~ "Digilent Zybo Z7 210351AF24E2A"} -index 0
stop
ps7_init
ps7_post_config
targets -set -nocase -filter {name =~ "ARM*#0" && jtag_cable_name =~ "Digilent Zybo Z7 210351AF24E2A"} -index 0
rst -processor
targets -set -nocase -filter {name =~ "ARM*#0" && jtag_cable_name =~ "Digilent Zybo Z7 210351AF24E2A"} -index 0
dow D:/xlinx-projects/final_p1/final_p1.sdk/sws_test_app/Debug/sws_test_app.elf
configparams force-mem-access 0
----------------End of Script----------------

21:56:31 INFO  : Context for processor 'ps7_cortexa9_0' is selected.
21:56:31 INFO  : 'con' command is executed.
21:56:31 INFO  : ----------------XSDB Script (After Launch)----------------
targets -set -nocase -filter {name =~ "ARM*#0" && jtag_cable_name =~ "Digilent Zybo Z7 210351AF24E2A"} -index 0
con
----------------End of Script----------------

21:56:31 INFO  : Disconnected from the channel tcfchan#7.
22:05:02 INFO  : 'targets -set -filter {jtag_cable_name =~ "Digilent Zybo Z7 210351AF24E2A" && level==0} -index 1' command is executed.
22:05:02 INFO  : 'fpga -state' command is executed.
22:05:02 INFO  : Connected to target on host '127.0.0.1' and port '3121'.
22:05:02 INFO  : Jtag cable 'Digilent Zybo Z7 210351AF24E2A' is selected.
22:05:02 INFO  : 'jtag frequency' command is executed.
22:05:02 INFO  : Sourcing of 'D:/xlinx-projects/final_p1/final_p1.sdk/sws_diagram_wrapper_hw_platform_0/ps7_init.tcl' is done.
22:05:02 INFO  : Context for 'APU' is selected.
22:05:02 INFO  : Hardware design information is loaded from 'D:/xlinx-projects/final_p1/final_p1.sdk/sws_diagram_wrapper_hw_platform_0/system.hdf'.
22:05:02 INFO  : 'configparams force-mem-access 1' command is executed.
22:05:02 INFO  : Context for 'APU' is selected.
22:05:02 INFO  : 'stop' command is executed.
22:05:03 INFO  : 'ps7_init' command is executed.
22:05:03 INFO  : 'ps7_post_config' command is executed.
22:05:03 INFO  : Context for processor 'ps7_cortexa9_0' is selected.
22:05:03 INFO  : Processor reset is completed for 'ps7_cortexa9_0'.
22:05:03 INFO  : Context for processor 'ps7_cortexa9_0' is selected.
22:05:03 INFO  : The application 'D:/xlinx-projects/final_p1/final_p1.sdk/sws_state_machine/Debug/sws_state_machine.elf' is downloaded to processor 'ps7_cortexa9_0'.
22:05:03 INFO  : 'configparams force-mem-access 0' command is executed.
22:05:03 INFO  : ----------------XSDB Script----------------
connect -url tcp:127.0.0.1:3121
source D:/xlinx-projects/final_p1/final_p1.sdk/sws_diagram_wrapper_hw_platform_0/ps7_init.tcl
targets -set -nocase -filter {name =~"APU*" && jtag_cable_name =~ "Digilent Zybo Z7 210351AF24E2A"} -index 0
loadhw -hw D:/xlinx-projects/final_p1/final_p1.sdk/sws_diagram_wrapper_hw_platform_0/system.hdf -mem-ranges [list {0x40000000 0xbfffffff}]
configparams force-mem-access 1
targets -set -nocase -filter {name =~"APU*" && jtag_cable_name =~ "Digilent Zybo Z7 210351AF24E2A"} -index 0
stop
ps7_init
ps7_post_config
targets -set -nocase -filter {name =~ "ARM*#0" && jtag_cable_name =~ "Digilent Zybo Z7 210351AF24E2A"} -index 0
rst -processor
targets -set -nocase -filter {name =~ "ARM*#0" && jtag_cable_name =~ "Digilent Zybo Z7 210351AF24E2A"} -index 0
dow D:/xlinx-projects/final_p1/final_p1.sdk/sws_state_machine/Debug/sws_state_machine.elf
configparams force-mem-access 0
----------------End of Script----------------

22:05:03 INFO  : Context for processor 'ps7_cortexa9_0' is selected.
22:05:03 INFO  : 'con' command is executed.
22:05:03 INFO  : ----------------XSDB Script (After Launch)----------------
targets -set -nocase -filter {name =~ "ARM*#0" && jtag_cable_name =~ "Digilent Zybo Z7 210351AF24E2A"} -index 0
con
----------------End of Script----------------

22:05:03 INFO  : Disconnected from the channel tcfchan#8.
22:07:01 INFO  : 'targets -set -filter {jtag_cable_name =~ "Digilent Zybo Z7 210351AF24E2A" && level==0} -index 1' command is executed.
22:07:01 INFO  : 'fpga -state' command is executed.
22:07:01 INFO  : Connected to target on host '127.0.0.1' and port '3121'.
22:07:02 INFO  : Jtag cable 'Digilent Zybo Z7 210351AF24E2A' is selected.
22:07:02 INFO  : 'jtag frequency' command is executed.
22:07:02 INFO  : Sourcing of 'D:/xlinx-projects/final_p1/final_p1.sdk/sws_diagram_wrapper_hw_platform_0/ps7_init.tcl' is done.
22:07:02 INFO  : Context for 'APU' is selected.
22:07:02 INFO  : Hardware design information is loaded from 'D:/xlinx-projects/final_p1/final_p1.sdk/sws_diagram_wrapper_hw_platform_0/system.hdf'.
22:07:02 INFO  : 'configparams force-mem-access 1' command is executed.
22:07:02 INFO  : Context for 'APU' is selected.
22:07:02 INFO  : 'stop' command is executed.
22:07:02 INFO  : 'ps7_init' command is executed.
22:07:02 INFO  : 'ps7_post_config' command is executed.
22:07:02 INFO  : Context for processor 'ps7_cortexa9_0' is selected.
22:07:03 INFO  : Processor reset is completed for 'ps7_cortexa9_0'.
22:07:03 INFO  : Context for processor 'ps7_cortexa9_0' is selected.
22:07:03 INFO  : The application 'D:/xlinx-projects/final_p1/final_p1.sdk/sws_state_machine/Debug/sws_state_machine.elf' is downloaded to processor 'ps7_cortexa9_0'.
22:07:03 INFO  : 'configparams force-mem-access 0' command is executed.
22:07:03 INFO  : ----------------XSDB Script----------------
connect -url tcp:127.0.0.1:3121
source D:/xlinx-projects/final_p1/final_p1.sdk/sws_diagram_wrapper_hw_platform_0/ps7_init.tcl
targets -set -nocase -filter {name =~"APU*" && jtag_cable_name =~ "Digilent Zybo Z7 210351AF24E2A"} -index 0
loadhw -hw D:/xlinx-projects/final_p1/final_p1.sdk/sws_diagram_wrapper_hw_platform_0/system.hdf -mem-ranges [list {0x40000000 0xbfffffff}]
configparams force-mem-access 1
targets -set -nocase -filter {name =~"APU*" && jtag_cable_name =~ "Digilent Zybo Z7 210351AF24E2A"} -index 0
stop
ps7_init
ps7_post_config
targets -set -nocase -filter {name =~ "ARM*#0" && jtag_cable_name =~ "Digilent Zybo Z7 210351AF24E2A"} -index 0
rst -processor
targets -set -nocase -filter {name =~ "ARM*#0" && jtag_cable_name =~ "Digilent Zybo Z7 210351AF24E2A"} -index 0
dow D:/xlinx-projects/final_p1/final_p1.sdk/sws_state_machine/Debug/sws_state_machine.elf
configparams force-mem-access 0
----------------End of Script----------------

22:07:03 INFO  : Context for processor 'ps7_cortexa9_0' is selected.
22:07:03 INFO  : 'con' command is executed.
22:07:03 INFO  : ----------------XSDB Script (After Launch)----------------
targets -set -nocase -filter {name =~ "ARM*#0" && jtag_cable_name =~ "Digilent Zybo Z7 210351AF24E2A"} -index 0
con
----------------End of Script----------------

22:07:03 INFO  : Disconnected from the channel tcfchan#9.
22:07:48 INFO  : 'targets -set -filter {jtag_cable_name =~ "Digilent Zybo Z7 210351AF24E2A" && level==0} -index 1' command is executed.
22:07:48 INFO  : 'fpga -state' command is executed.
22:07:48 INFO  : Connected to target on host '127.0.0.1' and port '3121'.
22:07:48 INFO  : Jtag cable 'Digilent Zybo Z7 210351AF24E2A' is selected.
22:07:48 INFO  : 'jtag frequency' command is executed.
22:07:48 INFO  : Sourcing of 'D:/xlinx-projects/final_p1/final_p1.sdk/sws_diagram_wrapper_hw_platform_0/ps7_init.tcl' is done.
22:07:48 INFO  : Context for 'APU' is selected.
22:07:49 INFO  : Hardware design information is loaded from 'D:/xlinx-projects/final_p1/final_p1.sdk/sws_diagram_wrapper_hw_platform_0/system.hdf'.
22:07:49 INFO  : 'configparams force-mem-access 1' command is executed.
22:07:49 INFO  : Context for 'APU' is selected.
22:07:49 INFO  : 'stop' command is executed.
22:07:49 INFO  : 'ps7_init' command is executed.
22:07:49 INFO  : 'ps7_post_config' command is executed.
22:07:49 INFO  : Context for processor 'ps7_cortexa9_0' is selected.
22:07:49 INFO  : Processor reset is completed for 'ps7_cortexa9_0'.
22:07:49 INFO  : Context for processor 'ps7_cortexa9_0' is selected.
22:07:49 INFO  : The application 'D:/xlinx-projects/final_p1/final_p1.sdk/sws_state_machine/Debug/sws_state_machine.elf' is downloaded to processor 'ps7_cortexa9_0'.
22:07:49 INFO  : 'configparams force-mem-access 0' command is executed.
22:07:49 INFO  : ----------------XSDB Script----------------
connect -url tcp:127.0.0.1:3121
source D:/xlinx-projects/final_p1/final_p1.sdk/sws_diagram_wrapper_hw_platform_0/ps7_init.tcl
targets -set -nocase -filter {name =~"APU*" && jtag_cable_name =~ "Digilent Zybo Z7 210351AF24E2A"} -index 0
loadhw -hw D:/xlinx-projects/final_p1/final_p1.sdk/sws_diagram_wrapper_hw_platform_0/system.hdf -mem-ranges [list {0x40000000 0xbfffffff}]
configparams force-mem-access 1
targets -set -nocase -filter {name =~"APU*" && jtag_cable_name =~ "Digilent Zybo Z7 210351AF24E2A"} -index 0
stop
ps7_init
ps7_post_config
targets -set -nocase -filter {name =~ "ARM*#0" && jtag_cable_name =~ "Digilent Zybo Z7 210351AF24E2A"} -index 0
rst -processor
targets -set -nocase -filter {name =~ "ARM*#0" && jtag_cable_name =~ "Digilent Zybo Z7 210351AF24E2A"} -index 0
dow D:/xlinx-projects/final_p1/final_p1.sdk/sws_state_machine/Debug/sws_state_machine.elf
configparams force-mem-access 0
----------------End of Script----------------

22:07:50 INFO  : Context for processor 'ps7_cortexa9_0' is selected.
22:07:50 INFO  : 'con' command is executed.
22:07:50 INFO  : ----------------XSDB Script (After Launch)----------------
targets -set -nocase -filter {name =~ "ARM*#0" && jtag_cable_name =~ "Digilent Zybo Z7 210351AF24E2A"} -index 0
con
----------------End of Script----------------

22:07:50 INFO  : Disconnected from the channel tcfchan#10.
22:08:05 INFO  : 'targets -set -filter {jtag_cable_name =~ "Digilent Zybo Z7 210351AF24E2A" && level==0} -index 1' command is executed.
22:08:05 INFO  : 'fpga -state' command is executed.
22:08:05 INFO  : Connected to target on host '127.0.0.1' and port '3121'.
22:08:06 INFO  : Jtag cable 'Digilent Zybo Z7 210351AF24E2A' is selected.
22:08:06 INFO  : 'jtag frequency' command is executed.
22:08:06 INFO  : Sourcing of 'D:/xlinx-projects/final_p1/final_p1.sdk/sws_diagram_wrapper_hw_platform_0/ps7_init.tcl' is done.
22:08:06 INFO  : Context for 'APU' is selected.
22:08:06 INFO  : Hardware design information is loaded from 'D:/xlinx-projects/final_p1/final_p1.sdk/sws_diagram_wrapper_hw_platform_0/system.hdf'.
22:08:06 INFO  : 'configparams force-mem-access 1' command is executed.
22:08:06 INFO  : Context for 'APU' is selected.
22:08:06 INFO  : 'stop' command is executed.
22:08:06 INFO  : 'ps7_init' command is executed.
22:08:06 INFO  : 'ps7_post_config' command is executed.
22:08:07 INFO  : Context for processor 'ps7_cortexa9_0' is selected.
22:08:07 INFO  : Processor reset is completed for 'ps7_cortexa9_0'.
22:08:07 INFO  : Context for processor 'ps7_cortexa9_0' is selected.
22:08:07 INFO  : The application 'D:/xlinx-projects/final_p1/final_p1.sdk/sws_state_machine/Debug/sws_state_machine.elf' is downloaded to processor 'ps7_cortexa9_0'.
22:08:07 INFO  : 'configparams force-mem-access 0' command is executed.
22:08:07 INFO  : ----------------XSDB Script----------------
connect -url tcp:127.0.0.1:3121
source D:/xlinx-projects/final_p1/final_p1.sdk/sws_diagram_wrapper_hw_platform_0/ps7_init.tcl
targets -set -nocase -filter {name =~"APU*" && jtag_cable_name =~ "Digilent Zybo Z7 210351AF24E2A"} -index 0
loadhw -hw D:/xlinx-projects/final_p1/final_p1.sdk/sws_diagram_wrapper_hw_platform_0/system.hdf -mem-ranges [list {0x40000000 0xbfffffff}]
configparams force-mem-access 1
targets -set -nocase -filter {name =~"APU*" && jtag_cable_name =~ "Digilent Zybo Z7 210351AF24E2A"} -index 0
stop
ps7_init
ps7_post_config
targets -set -nocase -filter {name =~ "ARM*#0" && jtag_cable_name =~ "Digilent Zybo Z7 210351AF24E2A"} -index 0
rst -processor
targets -set -nocase -filter {name =~ "ARM*#0" && jtag_cable_name =~ "Digilent Zybo Z7 210351AF24E2A"} -index 0
dow D:/xlinx-projects/final_p1/final_p1.sdk/sws_state_machine/Debug/sws_state_machine.elf
configparams force-mem-access 0
----------------End of Script----------------

22:08:07 INFO  : Context for processor 'ps7_cortexa9_0' is selected.
22:08:07 INFO  : 'con' command is executed.
22:08:07 INFO  : ----------------XSDB Script (After Launch)----------------
targets -set -nocase -filter {name =~ "ARM*#0" && jtag_cable_name =~ "Digilent Zybo Z7 210351AF24E2A"} -index 0
con
----------------End of Script----------------

22:08:07 INFO  : Disconnected from the channel tcfchan#11.
22:09:08 INFO  : 'targets -set -filter {jtag_cable_name =~ "Digilent Zybo Z7 210351AF24E2A" && level==0} -index 1' command is executed.
22:09:08 INFO  : 'fpga -state' command is executed.
22:09:08 INFO  : Connected to target on host '127.0.0.1' and port '3121'.
22:09:08 INFO  : Jtag cable 'Digilent Zybo Z7 210351AF24E2A' is selected.
22:09:08 INFO  : 'jtag frequency' command is executed.
22:09:08 INFO  : Sourcing of 'D:/xlinx-projects/final_p1/final_p1.sdk/sws_diagram_wrapper_hw_platform_0/ps7_init.tcl' is done.
22:09:08 INFO  : Context for 'APU' is selected.
22:09:08 INFO  : Hardware design information is loaded from 'D:/xlinx-projects/final_p1/final_p1.sdk/sws_diagram_wrapper_hw_platform_0/system.hdf'.
22:09:08 INFO  : 'configparams force-mem-access 1' command is executed.
22:09:08 INFO  : Context for 'APU' is selected.
22:09:08 INFO  : 'stop' command is executed.
22:09:09 INFO  : 'ps7_init' command is executed.
22:09:09 INFO  : 'ps7_post_config' command is executed.
22:09:09 INFO  : Context for processor 'ps7_cortexa9_0' is selected.
22:09:09 INFO  : Processor reset is completed for 'ps7_cortexa9_0'.
22:09:09 INFO  : Context for processor 'ps7_cortexa9_0' is selected.
22:09:09 INFO  : The application 'D:/xlinx-projects/final_p1/final_p1.sdk/sws_state_machine/Debug/sws_state_machine.elf' is downloaded to processor 'ps7_cortexa9_0'.
22:09:09 INFO  : 'configparams force-mem-access 0' command is executed.
22:09:09 INFO  : ----------------XSDB Script----------------
connect -url tcp:127.0.0.1:3121
source D:/xlinx-projects/final_p1/final_p1.sdk/sws_diagram_wrapper_hw_platform_0/ps7_init.tcl
targets -set -nocase -filter {name =~"APU*" && jtag_cable_name =~ "Digilent Zybo Z7 210351AF24E2A"} -index 0
loadhw -hw D:/xlinx-projects/final_p1/final_p1.sdk/sws_diagram_wrapper_hw_platform_0/system.hdf -mem-ranges [list {0x40000000 0xbfffffff}]
configparams force-mem-access 1
targets -set -nocase -filter {name =~"APU*" && jtag_cable_name =~ "Digilent Zybo Z7 210351AF24E2A"} -index 0
stop
ps7_init
ps7_post_config
targets -set -nocase -filter {name =~ "ARM*#0" && jtag_cable_name =~ "Digilent Zybo Z7 210351AF24E2A"} -index 0
rst -processor
targets -set -nocase -filter {name =~ "ARM*#0" && jtag_cable_name =~ "Digilent Zybo Z7 210351AF24E2A"} -index 0
dow D:/xlinx-projects/final_p1/final_p1.sdk/sws_state_machine/Debug/sws_state_machine.elf
configparams force-mem-access 0
----------------End of Script----------------

22:09:09 INFO  : Context for processor 'ps7_cortexa9_0' is selected.
22:09:10 INFO  : 'con' command is executed.
22:09:10 INFO  : ----------------XSDB Script (After Launch)----------------
targets -set -nocase -filter {name =~ "ARM*#0" && jtag_cable_name =~ "Digilent Zybo Z7 210351AF24E2A"} -index 0
con
----------------End of Script----------------

22:09:10 INFO  : Disconnected from the channel tcfchan#12.
22:21:24 INFO  : Registering command handlers for SDK TCF services
22:21:25 INFO  : Launching XSCT server: xsct.bat -interactive D:\xlinx-projects\final_p1\final_p1.sdk\temp_xsdb_launch_script.tcl
22:21:28 INFO  : XSCT server has started successfully.
22:21:28 INFO  : Successfully done setting XSCT server connection channel  
22:21:28 INFO  : Successfully done setting SDK workspace  
22:21:28 INFO  : Processing command line option -hwspec D:/xlinx-projects/final_p1/final_p1.sdk/sws_diagram_wrapper.hdf.
22:21:28 INFO  : Checking for hwspec changes in the project sws_diagram_wrapper_hw_platform_0.
22:22:33 INFO  : Connected to target on host '127.0.0.1' and port '3121'.
22:22:34 INFO  : 'targets -set -filter {jtag_cable_name =~ "Digilent Zybo Z7 210351AF24E2A" && level==0} -index 1' command is executed.
22:22:35 INFO  : FPGA configured successfully with bitstream "D:/xlinx-projects/final_p1/final_p1.sdk/sws_diagram_wrapper_hw_platform_0/sws_diagram_wrapper.bit"
22:22:46 INFO  : 'targets -set -filter {jtag_cable_name =~ "Digilent Zybo Z7 210351AF24E2A" && level==0} -index 1' command is executed.
22:22:46 INFO  : 'fpga -state' command is executed.
22:22:46 INFO  : Connected to target on host '127.0.0.1' and port '3121'.
22:22:47 INFO  : Jtag cable 'Digilent Zybo Z7 210351AF24E2A' is selected.
22:22:47 INFO  : 'jtag frequency' command is executed.
22:22:47 INFO  : Sourcing of 'D:/xlinx-projects/final_p1/final_p1.sdk/sws_diagram_wrapper_hw_platform_0/ps7_init.tcl' is done.
22:22:47 INFO  : Context for 'APU' is selected.
22:22:47 INFO  : Hardware design information is loaded from 'D:/xlinx-projects/final_p1/final_p1.sdk/sws_diagram_wrapper_hw_platform_0/system.hdf'.
22:22:47 INFO  : 'configparams force-mem-access 1' command is executed.
22:22:47 INFO  : Context for 'APU' is selected.
22:22:47 INFO  : 'stop' command is executed.
22:22:48 INFO  : 'ps7_init' command is executed.
22:22:48 INFO  : 'ps7_post_config' command is executed.
22:22:48 INFO  : Context for processor 'ps7_cortexa9_0' is selected.
22:22:48 INFO  : Processor reset is completed for 'ps7_cortexa9_0'.
22:22:48 INFO  : Context for processor 'ps7_cortexa9_0' is selected.
22:22:48 INFO  : The application 'D:/xlinx-projects/final_p1/final_p1.sdk/sws_state_machine/Debug/sws_state_machine.elf' is downloaded to processor 'ps7_cortexa9_0'.
22:22:48 INFO  : 'configparams force-mem-access 0' command is executed.
22:22:48 INFO  : ----------------XSDB Script----------------
connect -url tcp:127.0.0.1:3121
source D:/xlinx-projects/final_p1/final_p1.sdk/sws_diagram_wrapper_hw_platform_0/ps7_init.tcl
targets -set -nocase -filter {name =~"APU*" && jtag_cable_name =~ "Digilent Zybo Z7 210351AF24E2A"} -index 0
loadhw -hw D:/xlinx-projects/final_p1/final_p1.sdk/sws_diagram_wrapper_hw_platform_0/system.hdf -mem-ranges [list {0x40000000 0xbfffffff}]
configparams force-mem-access 1
targets -set -nocase -filter {name =~"APU*" && jtag_cable_name =~ "Digilent Zybo Z7 210351AF24E2A"} -index 0
stop
ps7_init
ps7_post_config
targets -set -nocase -filter {name =~ "ARM*#0" && jtag_cable_name =~ "Digilent Zybo Z7 210351AF24E2A"} -index 0
rst -processor
targets -set -nocase -filter {name =~ "ARM*#0" && jtag_cable_name =~ "Digilent Zybo Z7 210351AF24E2A"} -index 0
dow D:/xlinx-projects/final_p1/final_p1.sdk/sws_state_machine/Debug/sws_state_machine.elf
configparams force-mem-access 0
----------------End of Script----------------

22:22:48 INFO  : Context for processor 'ps7_cortexa9_0' is selected.
22:22:48 INFO  : 'con' command is executed.
22:22:48 INFO  : ----------------XSDB Script (After Launch)----------------
targets -set -nocase -filter {name =~ "ARM*#0" && jtag_cable_name =~ "Digilent Zybo Z7 210351AF24E2A"} -index 0
con
----------------End of Script----------------

22:22:48 INFO  : Disconnected from the channel tcfchan#1.
22:24:02 INFO  : 'targets -set -filter {jtag_cable_name =~ "Digilent Zybo Z7 210351AF24E2A" && level==0} -index 1' command is executed.
22:24:02 INFO  : 'fpga -state' command is executed.
22:24:02 INFO  : Connected to target on host '127.0.0.1' and port '3121'.
22:24:02 INFO  : Jtag cable 'Digilent Zybo Z7 210351AF24E2A' is selected.
22:24:02 INFO  : 'jtag frequency' command is executed.
22:24:02 INFO  : Sourcing of 'D:/xlinx-projects/final_p1/final_p1.sdk/sws_diagram_wrapper_hw_platform_0/ps7_init.tcl' is done.
22:24:02 INFO  : Context for 'APU' is selected.
22:24:02 INFO  : Hardware design information is loaded from 'D:/xlinx-projects/final_p1/final_p1.sdk/sws_diagram_wrapper_hw_platform_0/system.hdf'.
22:24:02 INFO  : 'configparams force-mem-access 1' command is executed.
22:24:02 INFO  : Context for 'APU' is selected.
22:24:03 INFO  : 'stop' command is executed.
22:24:03 INFO  : 'ps7_init' command is executed.
22:24:03 INFO  : 'ps7_post_config' command is executed.
22:24:03 INFO  : Context for processor 'ps7_cortexa9_0' is selected.
22:24:03 INFO  : Processor reset is completed for 'ps7_cortexa9_0'.
22:24:03 INFO  : Context for processor 'ps7_cortexa9_0' is selected.
22:24:03 INFO  : The application 'D:/xlinx-projects/final_p1/final_p1.sdk/sws_state_machine/Debug/sws_state_machine.elf' is downloaded to processor 'ps7_cortexa9_0'.
22:24:03 INFO  : 'configparams force-mem-access 0' command is executed.
22:24:03 INFO  : ----------------XSDB Script----------------
connect -url tcp:127.0.0.1:3121
source D:/xlinx-projects/final_p1/final_p1.sdk/sws_diagram_wrapper_hw_platform_0/ps7_init.tcl
targets -set -nocase -filter {name =~"APU*" && jtag_cable_name =~ "Digilent Zybo Z7 210351AF24E2A"} -index 0
loadhw -hw D:/xlinx-projects/final_p1/final_p1.sdk/sws_diagram_wrapper_hw_platform_0/system.hdf -mem-ranges [list {0x40000000 0xbfffffff}]
configparams force-mem-access 1
targets -set -nocase -filter {name =~"APU*" && jtag_cable_name =~ "Digilent Zybo Z7 210351AF24E2A"} -index 0
stop
ps7_init
ps7_post_config
targets -set -nocase -filter {name =~ "ARM*#0" && jtag_cable_name =~ "Digilent Zybo Z7 210351AF24E2A"} -index 0
rst -processor
targets -set -nocase -filter {name =~ "ARM*#0" && jtag_cable_name =~ "Digilent Zybo Z7 210351AF24E2A"} -index 0
dow D:/xlinx-projects/final_p1/final_p1.sdk/sws_state_machine/Debug/sws_state_machine.elf
configparams force-mem-access 0
----------------End of Script----------------

22:24:03 INFO  : Context for processor 'ps7_cortexa9_0' is selected.
22:24:03 INFO  : 'con' command is executed.
22:24:03 INFO  : ----------------XSDB Script (After Launch)----------------
targets -set -nocase -filter {name =~ "ARM*#0" && jtag_cable_name =~ "Digilent Zybo Z7 210351AF24E2A"} -index 0
con
----------------End of Script----------------

22:24:03 INFO  : Disconnected from the channel tcfchan#2.
