18:05:05 INFO  : Registering command handlers for SDK TCF services
18:05:06 INFO  : Launching XSCT server: xsct.bat -interactive D:\xlinx-projects\gpio_with_interrupt\gpio_with_interrupt.sdk\temp_xsdb_launch_script.tcl
18:05:09 INFO  : XSCT server has started successfully.
18:05:09 INFO  : Successfully done setting XSCT server connection channel  
18:05:09 INFO  : Successfully done setting SDK workspace  
18:05:09 INFO  : Processing command line option -hwspec D:/xlinx-projects/gpio_with_interrupt/gpio_with_interrupt.sdk/gpio_interrupt_wrapper.hdf.
18:10:19 INFO  : Connected to target on host '127.0.0.1' and port '3121'.
18:10:22 INFO  : 'targets -set -filter {jtag_cable_name =~ "Digilent Zybo Z7 210351AF24E2A" && level==0} -index 1' command is executed.
18:10:23 INFO  : FPGA configured successfully with bitstream "D:/xlinx-projects/gpio_with_interrupt/gpio_with_interrupt.sdk/gpio_interrupt_wrapper_hw_platform_0/gpio_interrupt_wrapper.bit"
18:10:41 INFO  : 'targets -set -filter {jtag_cable_name =~ "Digilent Zybo Z7 210351AF24E2A" && level==0} -index 1' command is executed.
18:10:41 INFO  : 'fpga -state' command is executed.
18:10:41 INFO  : Connected to target on host '127.0.0.1' and port '3121'.
18:10:41 INFO  : Jtag cable 'Digilent Zybo Z7 210351AF24E2A' is selected.
18:10:41 INFO  : 'jtag frequency' command is executed.
18:10:41 INFO  : Sourcing of 'D:/xlinx-projects/gpio_with_interrupt/gpio_with_interrupt.sdk/gpio_interrupt_wrapper_hw_platform_0/ps7_init.tcl' is done.
18:10:41 INFO  : Context for 'APU' is selected.
18:10:41 INFO  : Hardware design information is loaded from 'D:/xlinx-projects/gpio_with_interrupt/gpio_with_interrupt.sdk/gpio_interrupt_wrapper_hw_platform_0/system.hdf'.
18:10:41 INFO  : 'configparams force-mem-access 1' command is executed.
18:10:41 INFO  : Context for 'APU' is selected.
18:10:42 INFO  : 'stop' command is executed.
18:10:42 INFO  : 'ps7_init' command is executed.
18:10:42 INFO  : 'ps7_post_config' command is executed.
18:10:43 INFO  : Context for processor 'ps7_cortexa9_0' is selected.
18:10:43 INFO  : Processor reset is completed for 'ps7_cortexa9_0'.
18:10:43 INFO  : Context for processor 'ps7_cortexa9_0' is selected.
18:10:43 INFO  : The application 'D:/xlinx-projects/gpio_with_interrupt/gpio_with_interrupt.sdk/gpio_intrpt/Debug/gpio_intrpt.elf' is downloaded to processor 'ps7_cortexa9_0'.
18:10:43 INFO  : 'configparams force-mem-access 0' command is executed.
18:10:43 INFO  : ----------------XSDB Script----------------
connect -url tcp:127.0.0.1:3121
source D:/xlinx-projects/gpio_with_interrupt/gpio_with_interrupt.sdk/gpio_interrupt_wrapper_hw_platform_0/ps7_init.tcl
targets -set -nocase -filter {name =~"APU*" && jtag_cable_name =~ "Digilent Zybo Z7 210351AF24E2A"} -index 0
loadhw -hw D:/xlinx-projects/gpio_with_interrupt/gpio_with_interrupt.sdk/gpio_interrupt_wrapper_hw_platform_0/system.hdf -mem-ranges [list {0x40000000 0xbfffffff}]
configparams force-mem-access 1
targets -set -nocase -filter {name =~"APU*" && jtag_cable_name =~ "Digilent Zybo Z7 210351AF24E2A"} -index 0
stop
ps7_init
ps7_post_config
targets -set -nocase -filter {name =~ "ARM*#0" && jtag_cable_name =~ "Digilent Zybo Z7 210351AF24E2A"} -index 0
rst -processor
targets -set -nocase -filter {name =~ "ARM*#0" && jtag_cable_name =~ "Digilent Zybo Z7 210351AF24E2A"} -index 0
dow D:/xlinx-projects/gpio_with_interrupt/gpio_with_interrupt.sdk/gpio_intrpt/Debug/gpio_intrpt.elf
configparams force-mem-access 0
----------------End of Script----------------

18:10:43 INFO  : Context for processor 'ps7_cortexa9_0' is selected.
18:10:43 INFO  : 'con' command is executed.
18:10:43 INFO  : ----------------XSDB Script (After Launch)----------------
targets -set -nocase -filter {name =~ "ARM*#0" && jtag_cable_name =~ "Digilent Zybo Z7 210351AF24E2A"} -index 0
con
----------------End of Script----------------

18:10:43 INFO  : Disconnected from the channel tcfchan#1.
