10:53:46 INFO  : Registering command handlers for SDK TCF services
10:53:47 INFO  : Launching XSCT server: xsct.bat -interactive D:\xlinx-projects\dma_transfer_2\dma_transfer_2.sdk\temp_xsdb_launch_script.tcl
10:53:51 INFO  : XSCT server has started successfully.
10:53:51 INFO  : Successfully done setting XSCT server connection channel  
10:53:55 INFO  : Successfully done setting SDK workspace  
10:53:55 INFO  : Processing command line option -hwspec D:/xlinx-projects/dma_transfer_2/dma_transfer_2.sdk/dma_design_wrapper.hdf.
10:57:14 INFO  : Connected to target on host '127.0.0.1' and port '3121'.
10:57:15 INFO  : 'targets -set -filter {jtag_cable_name =~ "Digilent Zybo Z7 210351AF24E2A" && level==0} -index 1' command is executed.
10:57:16 INFO  : FPGA configured successfully with bitstream "D:/xlinx-projects/dma_transfer_2/dma_transfer_2.sdk/dma_design_wrapper_hw_platform_0/dma_design_wrapper.bit"
10:57:26 INFO  : 'targets -set -filter {jtag_cable_name =~ "Digilent Zybo Z7 210351AF24E2A" && level==0} -index 1' command is executed.
10:57:26 INFO  : 'fpga -state' command is executed.
10:57:26 INFO  : Connected to target on host '127.0.0.1' and port '3121'.
10:57:26 INFO  : Jtag cable 'Digilent Zybo Z7 210351AF24E2A' is selected.
10:57:27 INFO  : 'jtag frequency' command is executed.
10:57:27 INFO  : Sourcing of 'D:/xlinx-projects/dma_transfer_2/dma_transfer_2.sdk/dma_design_wrapper_hw_platform_0/ps7_init.tcl' is done.
10:57:27 INFO  : Context for 'APU' is selected.
10:57:27 INFO  : Hardware design information is loaded from 'D:/xlinx-projects/dma_transfer_2/dma_transfer_2.sdk/dma_design_wrapper_hw_platform_0/system.hdf'.
10:57:27 INFO  : 'configparams force-mem-access 1' command is executed.
10:57:27 INFO  : Context for 'APU' is selected.
10:57:27 INFO  : 'stop' command is executed.
10:57:27 INFO  : 'ps7_init' command is executed.
10:57:27 INFO  : 'ps7_post_config' command is executed.
10:57:27 INFO  : Context for processor 'ps7_cortexa9_0' is selected.
10:57:27 INFO  : Processor reset is completed for 'ps7_cortexa9_0'.
10:57:27 INFO  : Context for processor 'ps7_cortexa9_0' is selected.
10:57:28 INFO  : The application 'D:/xlinx-projects/dma_transfer_2/dma_transfer_2.sdk/dmatest/Debug/dmatest.elf' is downloaded to processor 'ps7_cortexa9_0'.
10:57:28 INFO  : 'configparams force-mem-access 0' command is executed.
10:57:28 INFO  : ----------------XSDB Script----------------
connect -url tcp:127.0.0.1:3121
source D:/xlinx-projects/dma_transfer_2/dma_transfer_2.sdk/dma_design_wrapper_hw_platform_0/ps7_init.tcl
targets -set -nocase -filter {name =~"APU*" && jtag_cable_name =~ "Digilent Zybo Z7 210351AF24E2A"} -index 0
loadhw -hw D:/xlinx-projects/dma_transfer_2/dma_transfer_2.sdk/dma_design_wrapper_hw_platform_0/system.hdf -mem-ranges [list {0x40000000 0xbfffffff}]
configparams force-mem-access 1
targets -set -nocase -filter {name =~"APU*" && jtag_cable_name =~ "Digilent Zybo Z7 210351AF24E2A"} -index 0
stop
ps7_init
ps7_post_config
targets -set -nocase -filter {name =~ "ARM*#0" && jtag_cable_name =~ "Digilent Zybo Z7 210351AF24E2A"} -index 0
rst -processor
targets -set -nocase -filter {name =~ "ARM*#0" && jtag_cable_name =~ "Digilent Zybo Z7 210351AF24E2A"} -index 0
dow D:/xlinx-projects/dma_transfer_2/dma_transfer_2.sdk/dmatest/Debug/dmatest.elf
configparams force-mem-access 0
----------------End of Script----------------

10:57:28 INFO  : Context for processor 'ps7_cortexa9_0' is selected.
10:57:28 INFO  : 'con' command is executed.
10:57:28 INFO  : ----------------XSDB Script (After Launch)----------------
targets -set -nocase -filter {name =~ "ARM*#0" && jtag_cable_name =~ "Digilent Zybo Z7 210351AF24E2A"} -index 0
con
----------------End of Script----------------

10:57:28 INFO  : Disconnected from the channel tcfchan#1.
11:00:28 INFO  : Connected to target on host '127.0.0.1' and port '3121'.
11:00:28 INFO  : 'targets -set -filter {jtag_cable_name =~ "Digilent Zybo Z7 210351AF24E2A" && level==0} -index 1' command is executed.
11:00:30 INFO  : FPGA configured successfully with bitstream "D:/xlinx-projects/dma_transfer_2/dma_transfer_2.sdk/dma_design_wrapper_hw_platform_0/dma_design_wrapper.bit"
11:00:37 INFO  : 'targets -set -filter {jtag_cable_name =~ "Digilent Zybo Z7 210351AF24E2A" && level==0} -index 1' command is executed.
11:00:37 INFO  : 'fpga -state' command is executed.
11:00:37 INFO  : Connected to target on host '127.0.0.1' and port '3121'.
11:00:37 INFO  : Jtag cable 'Digilent Zybo Z7 210351AF24E2A' is selected.
11:00:37 INFO  : 'jtag frequency' command is executed.
11:00:37 INFO  : Sourcing of 'D:/xlinx-projects/dma_transfer_2/dma_transfer_2.sdk/dma_design_wrapper_hw_platform_0/ps7_init.tcl' is done.
11:00:37 INFO  : Context for 'APU' is selected.
11:00:37 INFO  : Hardware design information is loaded from 'D:/xlinx-projects/dma_transfer_2/dma_transfer_2.sdk/dma_design_wrapper_hw_platform_0/system.hdf'.
11:00:37 INFO  : 'configparams force-mem-access 1' command is executed.
11:00:37 INFO  : Context for 'APU' is selected.
11:00:37 INFO  : 'stop' command is executed.
11:00:38 INFO  : 'ps7_init' command is executed.
11:00:38 INFO  : 'ps7_post_config' command is executed.
11:00:38 INFO  : Context for processor 'ps7_cortexa9_0' is selected.
11:00:38 INFO  : Processor reset is completed for 'ps7_cortexa9_0'.
11:00:38 INFO  : Context for processor 'ps7_cortexa9_0' is selected.
11:00:38 INFO  : The application 'D:/xlinx-projects/dma_transfer_2/dma_transfer_2.sdk/dmatest2/Debug/dmatest2.elf' is downloaded to processor 'ps7_cortexa9_0'.
11:00:38 INFO  : 'configparams force-mem-access 0' command is executed.
11:00:38 INFO  : ----------------XSDB Script----------------
connect -url tcp:127.0.0.1:3121
source D:/xlinx-projects/dma_transfer_2/dma_transfer_2.sdk/dma_design_wrapper_hw_platform_0/ps7_init.tcl
targets -set -nocase -filter {name =~"APU*" && jtag_cable_name =~ "Digilent Zybo Z7 210351AF24E2A"} -index 0
loadhw -hw D:/xlinx-projects/dma_transfer_2/dma_transfer_2.sdk/dma_design_wrapper_hw_platform_0/system.hdf -mem-ranges [list {0x40000000 0xbfffffff}]
configparams force-mem-access 1
targets -set -nocase -filter {name =~"APU*" && jtag_cable_name =~ "Digilent Zybo Z7 210351AF24E2A"} -index 0
stop
ps7_init
ps7_post_config
targets -set -nocase -filter {name =~ "ARM*#0" && jtag_cable_name =~ "Digilent Zybo Z7 210351AF24E2A"} -index 0
rst -processor
targets -set -nocase -filter {name =~ "ARM*#0" && jtag_cable_name =~ "Digilent Zybo Z7 210351AF24E2A"} -index 0
dow D:/xlinx-projects/dma_transfer_2/dma_transfer_2.sdk/dmatest2/Debug/dmatest2.elf
configparams force-mem-access 0
----------------End of Script----------------

11:00:38 INFO  : Context for processor 'ps7_cortexa9_0' is selected.
11:00:38 INFO  : 'con' command is executed.
11:00:38 INFO  : ----------------XSDB Script (After Launch)----------------
targets -set -nocase -filter {name =~ "ARM*#0" && jtag_cable_name =~ "Digilent Zybo Z7 210351AF24E2A"} -index 0
con
----------------End of Script----------------

11:00:38 INFO  : Disconnected from the channel tcfchan#2.
11:06:27 INFO  : Connected to target on host '127.0.0.1' and port '3121'.
11:06:28 INFO  : 'targets -set -filter {jtag_cable_name =~ "Digilent Zybo Z7 210351AF24E2A" && level==0} -index 1' command is executed.
11:06:30 INFO  : FPGA configured successfully with bitstream "D:/xlinx-projects/dma_transfer_2/dma_transfer_2.sdk/dma_design_wrapper_hw_platform_0/dma_design_wrapper.bit"
11:06:41 INFO  : 'targets -set -filter {jtag_cable_name =~ "Digilent Zybo Z7 210351AF24E2A" && level==0} -index 1' command is executed.
11:06:41 INFO  : 'fpga -state' command is executed.
11:06:41 INFO  : Connected to target on host '127.0.0.1' and port '3121'.
11:06:41 INFO  : Jtag cable 'Digilent Zybo Z7 210351AF24E2A' is selected.
11:06:41 INFO  : 'jtag frequency' command is executed.
11:06:41 INFO  : Sourcing of 'D:/xlinx-projects/dma_transfer_2/dma_transfer_2.sdk/dma_design_wrapper_hw_platform_0/ps7_init.tcl' is done.
11:06:41 INFO  : Context for 'APU' is selected.
11:06:41 INFO  : Hardware design information is loaded from 'D:/xlinx-projects/dma_transfer_2/dma_transfer_2.sdk/dma_design_wrapper_hw_platform_0/system.hdf'.
11:06:41 INFO  : 'configparams force-mem-access 1' command is executed.
11:06:41 INFO  : Context for 'APU' is selected.
11:06:42 INFO  : 'stop' command is executed.
11:06:42 INFO  : 'ps7_init' command is executed.
11:06:42 INFO  : 'ps7_post_config' command is executed.
11:06:42 INFO  : Context for processor 'ps7_cortexa9_0' is selected.
11:06:42 INFO  : Processor reset is completed for 'ps7_cortexa9_0'.
11:06:42 INFO  : Context for processor 'ps7_cortexa9_0' is selected.
11:06:43 INFO  : The application 'D:/xlinx-projects/dma_transfer_2/dma_transfer_2.sdk/dmatest2/Debug/dmatest2.elf' is downloaded to processor 'ps7_cortexa9_0'.
11:06:43 INFO  : 'configparams force-mem-access 0' command is executed.
11:06:43 INFO  : ----------------XSDB Script----------------
connect -url tcp:127.0.0.1:3121
source D:/xlinx-projects/dma_transfer_2/dma_transfer_2.sdk/dma_design_wrapper_hw_platform_0/ps7_init.tcl
targets -set -nocase -filter {name =~"APU*" && jtag_cable_name =~ "Digilent Zybo Z7 210351AF24E2A"} -index 0
loadhw -hw D:/xlinx-projects/dma_transfer_2/dma_transfer_2.sdk/dma_design_wrapper_hw_platform_0/system.hdf -mem-ranges [list {0x40000000 0xbfffffff}]
configparams force-mem-access 1
targets -set -nocase -filter {name =~"APU*" && jtag_cable_name =~ "Digilent Zybo Z7 210351AF24E2A"} -index 0
stop
ps7_init
ps7_post_config
targets -set -nocase -filter {name =~ "ARM*#0" && jtag_cable_name =~ "Digilent Zybo Z7 210351AF24E2A"} -index 0
rst -processor
targets -set -nocase -filter {name =~ "ARM*#0" && jtag_cable_name =~ "Digilent Zybo Z7 210351AF24E2A"} -index 0
dow D:/xlinx-projects/dma_transfer_2/dma_transfer_2.sdk/dmatest2/Debug/dmatest2.elf
configparams force-mem-access 0
----------------End of Script----------------

11:06:43 INFO  : Context for processor 'ps7_cortexa9_0' is selected.
11:06:43 INFO  : 'con' command is executed.
11:06:43 INFO  : ----------------XSDB Script (After Launch)----------------
targets -set -nocase -filter {name =~ "ARM*#0" && jtag_cable_name =~ "Digilent Zybo Z7 210351AF24E2A"} -index 0
con
----------------End of Script----------------

11:06:43 INFO  : Disconnected from the channel tcfchan#3.
11:08:17 INFO  : 'targets -set -filter {jtag_cable_name =~ "Digilent Zybo Z7 210351AF24E2A" && level==0} -index 1' command is executed.
11:08:17 INFO  : 'fpga -state' command is executed.
11:08:17 INFO  : Connected to target on host '127.0.0.1' and port '3121'.
11:08:18 INFO  : Jtag cable 'Digilent Zybo Z7 210351AF24E2A' is selected.
11:08:18 INFO  : 'jtag frequency' command is executed.
11:08:18 INFO  : Sourcing of 'D:/xlinx-projects/dma_transfer_2/dma_transfer_2.sdk/dma_design_wrapper_hw_platform_0/ps7_init.tcl' is done.
11:08:18 INFO  : Context for 'APU' is selected.
11:08:18 INFO  : Hardware design information is loaded from 'D:/xlinx-projects/dma_transfer_2/dma_transfer_2.sdk/dma_design_wrapper_hw_platform_0/system.hdf'.
11:08:18 INFO  : 'configparams force-mem-access 1' command is executed.
11:08:18 INFO  : Context for 'APU' is selected.
11:08:18 INFO  : 'stop' command is executed.
11:08:19 INFO  : 'ps7_init' command is executed.
11:08:19 INFO  : 'ps7_post_config' command is executed.
11:08:19 INFO  : Context for processor 'ps7_cortexa9_0' is selected.
11:08:19 INFO  : Processor reset is completed for 'ps7_cortexa9_0'.
11:08:19 INFO  : Context for processor 'ps7_cortexa9_0' is selected.
11:08:19 INFO  : The application 'D:/xlinx-projects/dma_transfer_2/dma_transfer_2.sdk/dmatest2/Debug/dmatest2.elf' is downloaded to processor 'ps7_cortexa9_0'.
11:08:19 INFO  : 'configparams force-mem-access 0' command is executed.
11:08:19 INFO  : ----------------XSDB Script----------------
connect -url tcp:127.0.0.1:3121
source D:/xlinx-projects/dma_transfer_2/dma_transfer_2.sdk/dma_design_wrapper_hw_platform_0/ps7_init.tcl
targets -set -nocase -filter {name =~"APU*" && jtag_cable_name =~ "Digilent Zybo Z7 210351AF24E2A"} -index 0
loadhw -hw D:/xlinx-projects/dma_transfer_2/dma_transfer_2.sdk/dma_design_wrapper_hw_platform_0/system.hdf -mem-ranges [list {0x40000000 0xbfffffff}]
configparams force-mem-access 1
targets -set -nocase -filter {name =~"APU*" && jtag_cable_name =~ "Digilent Zybo Z7 210351AF24E2A"} -index 0
stop
ps7_init
ps7_post_config
targets -set -nocase -filter {name =~ "ARM*#0" && jtag_cable_name =~ "Digilent Zybo Z7 210351AF24E2A"} -index 0
rst -processor
targets -set -nocase -filter {name =~ "ARM*#0" && jtag_cable_name =~ "Digilent Zybo Z7 210351AF24E2A"} -index 0
dow D:/xlinx-projects/dma_transfer_2/dma_transfer_2.sdk/dmatest2/Debug/dmatest2.elf
configparams force-mem-access 0
----------------End of Script----------------

11:08:19 INFO  : Context for processor 'ps7_cortexa9_0' is selected.
11:08:19 INFO  : 'con' command is executed.
11:08:19 INFO  : ----------------XSDB Script (After Launch)----------------
targets -set -nocase -filter {name =~ "ARM*#0" && jtag_cable_name =~ "Digilent Zybo Z7 210351AF24E2A"} -index 0
con
----------------End of Script----------------

11:08:19 INFO  : Disconnected from the channel tcfchan#4.
11:10:37 INFO  : 'targets -set -filter {jtag_cable_name =~ "Digilent Zybo Z7 210351AF24E2A" && level==0} -index 1' command is executed.
11:10:37 INFO  : 'fpga -state' command is executed.
11:10:47 INFO  : Connected to target on host '127.0.0.1' and port '3121'.
11:10:48 INFO  : 'targets -set -filter {jtag_cable_name =~ "Digilent Zybo Z7 210351AF24E2A" && level==0} -index 1' command is executed.
11:10:49 INFO  : FPGA configured successfully with bitstream "D:/xlinx-projects/dma_transfer_2/dma_transfer_2.sdk/dma_design_wrapper_hw_platform_0/dma_design_wrapper.bit"
11:11:00 INFO  : 'targets -set -filter {jtag_cable_name =~ "Digilent Zybo Z7 210351AF24E2A" && level==0} -index 1' command is executed.
11:11:00 INFO  : 'fpga -state' command is executed.
11:11:00 INFO  : Connected to target on host '127.0.0.1' and port '3121'.
11:11:00 INFO  : Jtag cable 'Digilent Zybo Z7 210351AF24E2A' is selected.
11:11:00 INFO  : 'jtag frequency' command is executed.
11:11:00 INFO  : Sourcing of 'D:/xlinx-projects/dma_transfer_2/dma_transfer_2.sdk/dma_design_wrapper_hw_platform_0/ps7_init.tcl' is done.
11:11:00 INFO  : Context for 'APU' is selected.
11:11:00 INFO  : Hardware design information is loaded from 'D:/xlinx-projects/dma_transfer_2/dma_transfer_2.sdk/dma_design_wrapper_hw_platform_0/system.hdf'.
11:11:00 INFO  : 'configparams force-mem-access 1' command is executed.
11:11:00 INFO  : Context for 'APU' is selected.
11:11:00 INFO  : 'stop' command is executed.
11:11:01 INFO  : 'ps7_init' command is executed.
11:11:01 INFO  : 'ps7_post_config' command is executed.
11:11:01 INFO  : Context for processor 'ps7_cortexa9_0' is selected.
11:11:01 INFO  : Processor reset is completed for 'ps7_cortexa9_0'.
11:11:01 INFO  : Context for processor 'ps7_cortexa9_0' is selected.
11:11:01 INFO  : The application 'D:/xlinx-projects/dma_transfer_2/dma_transfer_2.sdk/dmatest2/Debug/dmatest2.elf' is downloaded to processor 'ps7_cortexa9_0'.
11:11:01 INFO  : 'configparams force-mem-access 0' command is executed.
11:11:01 INFO  : ----------------XSDB Script----------------
connect -url tcp:127.0.0.1:3121
source D:/xlinx-projects/dma_transfer_2/dma_transfer_2.sdk/dma_design_wrapper_hw_platform_0/ps7_init.tcl
targets -set -nocase -filter {name =~"APU*" && jtag_cable_name =~ "Digilent Zybo Z7 210351AF24E2A"} -index 0
loadhw -hw D:/xlinx-projects/dma_transfer_2/dma_transfer_2.sdk/dma_design_wrapper_hw_platform_0/system.hdf -mem-ranges [list {0x40000000 0xbfffffff}]
configparams force-mem-access 1
targets -set -nocase -filter {name =~"APU*" && jtag_cable_name =~ "Digilent Zybo Z7 210351AF24E2A"} -index 0
stop
ps7_init
ps7_post_config
targets -set -nocase -filter {name =~ "ARM*#0" && jtag_cable_name =~ "Digilent Zybo Z7 210351AF24E2A"} -index 0
rst -processor
targets -set -nocase -filter {name =~ "ARM*#0" && jtag_cable_name =~ "Digilent Zybo Z7 210351AF24E2A"} -index 0
dow D:/xlinx-projects/dma_transfer_2/dma_transfer_2.sdk/dmatest2/Debug/dmatest2.elf
configparams force-mem-access 0
----------------End of Script----------------

11:11:01 INFO  : Context for processor 'ps7_cortexa9_0' is selected.
11:11:02 INFO  : 'con' command is executed.
11:11:02 INFO  : ----------------XSDB Script (After Launch)----------------
targets -set -nocase -filter {name =~ "ARM*#0" && jtag_cable_name =~ "Digilent Zybo Z7 210351AF24E2A"} -index 0
con
----------------End of Script----------------

11:11:02 INFO  : Disconnected from the channel tcfchan#5.
11:11:47 INFO  : 'targets -set -filter {jtag_cable_name =~ "Digilent Zybo Z7 210351AF24E2A" && level==0} -index 1' command is executed.
11:11:47 INFO  : 'fpga -state' command is executed.
11:11:47 INFO  : Connected to target on host '127.0.0.1' and port '3121'.
11:11:47 INFO  : Jtag cable 'Digilent Zybo Z7 210351AF24E2A' is selected.
11:11:47 INFO  : 'jtag frequency' command is executed.
11:11:47 INFO  : Sourcing of 'D:/xlinx-projects/dma_transfer_2/dma_transfer_2.sdk/dma_design_wrapper_hw_platform_0/ps7_init.tcl' is done.
11:11:47 INFO  : Context for 'APU' is selected.
11:11:47 INFO  : Hardware design information is loaded from 'D:/xlinx-projects/dma_transfer_2/dma_transfer_2.sdk/dma_design_wrapper_hw_platform_0/system.hdf'.
11:11:47 INFO  : 'configparams force-mem-access 1' command is executed.
11:11:47 INFO  : Context for 'APU' is selected.
11:11:47 INFO  : 'stop' command is executed.
11:11:48 INFO  : 'ps7_init' command is executed.
11:11:48 INFO  : 'ps7_post_config' command is executed.
11:11:48 INFO  : Context for processor 'ps7_cortexa9_0' is selected.
11:11:48 INFO  : Processor reset is completed for 'ps7_cortexa9_0'.
11:11:48 INFO  : Context for processor 'ps7_cortexa9_0' is selected.
11:11:48 INFO  : The application 'D:/xlinx-projects/dma_transfer_2/dma_transfer_2.sdk/dmatest2/Debug/dmatest2.elf' is downloaded to processor 'ps7_cortexa9_0'.
11:11:48 INFO  : 'configparams force-mem-access 0' command is executed.
11:11:48 INFO  : ----------------XSDB Script----------------
connect -url tcp:127.0.0.1:3121
source D:/xlinx-projects/dma_transfer_2/dma_transfer_2.sdk/dma_design_wrapper_hw_platform_0/ps7_init.tcl
targets -set -nocase -filter {name =~"APU*" && jtag_cable_name =~ "Digilent Zybo Z7 210351AF24E2A"} -index 0
loadhw -hw D:/xlinx-projects/dma_transfer_2/dma_transfer_2.sdk/dma_design_wrapper_hw_platform_0/system.hdf -mem-ranges [list {0x40000000 0xbfffffff}]
configparams force-mem-access 1
targets -set -nocase -filter {name =~"APU*" && jtag_cable_name =~ "Digilent Zybo Z7 210351AF24E2A"} -index 0
stop
ps7_init
ps7_post_config
targets -set -nocase -filter {name =~ "ARM*#0" && jtag_cable_name =~ "Digilent Zybo Z7 210351AF24E2A"} -index 0
rst -processor
targets -set -nocase -filter {name =~ "ARM*#0" && jtag_cable_name =~ "Digilent Zybo Z7 210351AF24E2A"} -index 0
dow D:/xlinx-projects/dma_transfer_2/dma_transfer_2.sdk/dmatest2/Debug/dmatest2.elf
configparams force-mem-access 0
----------------End of Script----------------

11:11:48 INFO  : Context for processor 'ps7_cortexa9_0' is selected.
11:11:48 INFO  : 'con' command is executed.
11:11:48 INFO  : ----------------XSDB Script (After Launch)----------------
targets -set -nocase -filter {name =~ "ARM*#0" && jtag_cable_name =~ "Digilent Zybo Z7 210351AF24E2A"} -index 0
con
----------------End of Script----------------

11:11:48 INFO  : Disconnected from the channel tcfchan#6.
11:35:49 INFO  : Registering command handlers for SDK TCF services
11:35:50 INFO  : Launching XSCT server: xsct.bat -interactive D:\xlinx-projects\dma_transfer_2\dma_transfer_2.sdk\temp_xsdb_launch_script.tcl
11:35:53 INFO  : XSCT server has started successfully.
11:35:54 INFO  : Successfully done setting XSCT server connection channel  
11:35:54 INFO  : Processing command line option -hwspec D:/xlinx-projects/dma_transfer_2/dma_transfer_2.sdk/dma_design_wrapper.hdf.
11:35:54 INFO  : Successfully done setting SDK workspace  
11:35:54 INFO  : Checking for hwspec changes in the project dma_design_wrapper_hw_platform_0.
11:35:58 INFO  : SDK has detected change in the last modified timestamps for source hardware specification file Source:1613640914241,  Project:1613638351540
11:35:58 INFO  : The hardware specification for project 'dma_design_wrapper_hw_platform_0' is different from D:/xlinx-projects/dma_transfer_2/dma_transfer_2.sdk/dma_design_wrapper.hdf.
11:35:58 INFO  : Copied contents of D:/xlinx-projects/dma_transfer_2/dma_transfer_2.sdk/dma_design_wrapper.hdf into \dma_design_wrapper_hw_platform_0\system.hdf.
11:36:02 INFO  : Synchronizing projects in the workspace with the hardware platform specification changes.
11:36:06 INFO  : 
11:36:09 INFO  : 
11:36:10 INFO  : Updating hardware inferred compiler options for dmatest2.
11:36:11 INFO  : Updating hardware inferred compiler options for dmatest.
11:36:11 INFO  : Clearing existing target manager status.
11:36:35 INFO  : Connected to target on host '127.0.0.1' and port '3121'.
11:36:36 INFO  : 'targets -set -filter {jtag_cable_name =~ "Digilent Zybo Z7 210351AF24E2A" && level==0} -index 1' command is executed.
11:36:37 INFO  : FPGA configured successfully with bitstream "D:/xlinx-projects/dma_transfer_2/dma_transfer_2.sdk/dma_design_wrapper_hw_platform_0/dma_design_wrapper.bit"
11:40:10 INFO  : Connected to target on host '127.0.0.1' and port '3121'.
11:40:10 INFO  : 'targets -set -filter {jtag_cable_name =~ "Digilent Zybo Z7 210351AF24E2A" && level==0} -index 1' command is executed.
11:40:11 INFO  : FPGA configured successfully with bitstream "D:/xlinx-projects/dma_transfer_2/dma_transfer_2.sdk/dma_design_wrapper_hw_platform_0/dma_design_wrapper.bit"
11:40:25 INFO  : 'targets -set -filter {jtag_cable_name =~ "Digilent Zybo Z7 210351AF24E2A" && level==0} -index 1' command is executed.
11:40:25 INFO  : 'fpga -state' command is executed.
11:40:25 INFO  : Connected to target on host '127.0.0.1' and port '3121'.
11:40:26 INFO  : Jtag cable 'Digilent Zybo Z7 210351AF24E2A' is selected.
11:40:26 INFO  : 'jtag frequency' command is executed.
11:40:26 INFO  : Sourcing of 'D:/xlinx-projects/dma_transfer_2/dma_transfer_2.sdk/dma_design_wrapper_hw_platform_0/ps7_init.tcl' is done.
11:40:26 INFO  : Context for 'APU' is selected.
11:40:26 INFO  : Hardware design information is loaded from 'D:/xlinx-projects/dma_transfer_2/dma_transfer_2.sdk/dma_design_wrapper_hw_platform_0/system.hdf'.
11:40:26 INFO  : 'configparams force-mem-access 1' command is executed.
11:40:26 INFO  : Context for 'APU' is selected.
11:40:26 INFO  : 'stop' command is executed.
11:40:27 INFO  : 'ps7_init' command is executed.
11:40:27 INFO  : 'ps7_post_config' command is executed.
11:40:27 INFO  : Context for processor 'ps7_cortexa9_0' is selected.
11:40:27 INFO  : Processor reset is completed for 'ps7_cortexa9_0'.
11:40:27 INFO  : Context for processor 'ps7_cortexa9_0' is selected.
11:40:27 INFO  : The application 'D:/xlinx-projects/dma_transfer_2/dma_transfer_2.sdk/dmatest2/Debug/dmatest2.elf' is downloaded to processor 'ps7_cortexa9_0'.
11:40:27 INFO  : 'configparams force-mem-access 0' command is executed.
11:40:27 INFO  : ----------------XSDB Script----------------
connect -url tcp:127.0.0.1:3121
source D:/xlinx-projects/dma_transfer_2/dma_transfer_2.sdk/dma_design_wrapper_hw_platform_0/ps7_init.tcl
targets -set -nocase -filter {name =~"APU*" && jtag_cable_name =~ "Digilent Zybo Z7 210351AF24E2A"} -index 0
loadhw -hw D:/xlinx-projects/dma_transfer_2/dma_transfer_2.sdk/dma_design_wrapper_hw_platform_0/system.hdf -mem-ranges [list {0x40000000 0xbfffffff}]
configparams force-mem-access 1
targets -set -nocase -filter {name =~"APU*" && jtag_cable_name =~ "Digilent Zybo Z7 210351AF24E2A"} -index 0
stop
ps7_init
ps7_post_config
targets -set -nocase -filter {name =~ "ARM*#0" && jtag_cable_name =~ "Digilent Zybo Z7 210351AF24E2A"} -index 0
rst -processor
targets -set -nocase -filter {name =~ "ARM*#0" && jtag_cable_name =~ "Digilent Zybo Z7 210351AF24E2A"} -index 0
dow D:/xlinx-projects/dma_transfer_2/dma_transfer_2.sdk/dmatest2/Debug/dmatest2.elf
configparams force-mem-access 0
----------------End of Script----------------

11:40:27 INFO  : Context for processor 'ps7_cortexa9_0' is selected.
11:40:27 INFO  : 'con' command is executed.
11:40:27 INFO  : ----------------XSDB Script (After Launch)----------------
targets -set -nocase -filter {name =~ "ARM*#0" && jtag_cable_name =~ "Digilent Zybo Z7 210351AF24E2A"} -index 0
con
----------------End of Script----------------

11:40:27 INFO  : Disconnected from the channel tcfchan#1.
