23:50:36 INFO  : Registering command handlers for SDK TCF services
23:50:38 INFO  : Launching XSCT server: xsct.bat -interactive D:\xlinx-projects\knight_rider\knight_rider.sdk\temp_xsdb_launch_script.tcl
23:50:42 INFO  : XSCT server has started successfully.
23:50:43 INFO  : Successfully done setting XSCT server connection channel  
23:50:43 INFO  : Successfully done setting SDK workspace  
23:50:43 INFO  : Processing command line option -hwspec D:/xlinx-projects/knight_rider/knight_rider.sdk/knight_rider_wrapper.hdf.
00:21:23 INFO  : Connected to target on host '127.0.0.1' and port '3121'.
00:21:26 INFO  : 'targets -set -filter {jtag_cable_name =~ "Digilent Zybo Z7 210351AF24E2A" && level==0} -index 1' command is executed.
00:21:27 INFO  : FPGA configured successfully with bitstream "D:/xlinx-projects/knight_rider/knight_rider.sdk/knight_rider_wrapper_hw_platform_0/knight_rider_wrapper.bit"
00:21:48 INFO  : 'targets -set -filter {jtag_cable_name =~ "Digilent Zybo Z7 210351AF24E2A" && level==0} -index 1' command is executed.
00:21:48 INFO  : 'fpga -state' command is executed.
00:21:48 INFO  : Connected to target on host '127.0.0.1' and port '3121'.
00:21:49 INFO  : Jtag cable 'Digilent Zybo Z7 210351AF24E2A' is selected.
00:21:49 INFO  : 'jtag frequency' command is executed.
00:21:49 INFO  : Sourcing of 'D:/xlinx-projects/knight_rider/knight_rider.sdk/knight_rider_wrapper_hw_platform_0/ps7_init.tcl' is done.
00:21:49 INFO  : Context for 'APU' is selected.
00:21:49 INFO  : Hardware design information is loaded from 'D:/xlinx-projects/knight_rider/knight_rider.sdk/knight_rider_wrapper_hw_platform_0/system.hdf'.
00:21:49 INFO  : 'configparams force-mem-access 1' command is executed.
00:21:49 INFO  : Context for 'APU' is selected.
00:21:50 INFO  : 'stop' command is executed.
00:21:51 INFO  : 'ps7_init' command is executed.
00:21:51 INFO  : 'ps7_post_config' command is executed.
00:21:51 INFO  : Context for processor 'ps7_cortexa9_0' is selected.
00:21:51 INFO  : Processor reset is completed for 'ps7_cortexa9_0'.
00:21:51 INFO  : Context for processor 'ps7_cortexa9_0' is selected.
00:21:52 INFO  : The application 'D:/xlinx-projects/knight_rider/knight_rider.sdk/knight_rider/Debug/knight_rider.elf' is downloaded to processor 'ps7_cortexa9_0'.
00:21:52 INFO  : 'configparams force-mem-access 0' command is executed.
00:21:52 INFO  : ----------------XSDB Script----------------
connect -url tcp:127.0.0.1:3121
source D:/xlinx-projects/knight_rider/knight_rider.sdk/knight_rider_wrapper_hw_platform_0/ps7_init.tcl
targets -set -nocase -filter {name =~"APU*" && jtag_cable_name =~ "Digilent Zybo Z7 210351AF24E2A"} -index 0
loadhw -hw D:/xlinx-projects/knight_rider/knight_rider.sdk/knight_rider_wrapper_hw_platform_0/system.hdf -mem-ranges [list {0x40000000 0xbfffffff}]
configparams force-mem-access 1
targets -set -nocase -filter {name =~"APU*" && jtag_cable_name =~ "Digilent Zybo Z7 210351AF24E2A"} -index 0
stop
ps7_init
ps7_post_config
targets -set -nocase -filter {name =~ "ARM*#0" && jtag_cable_name =~ "Digilent Zybo Z7 210351AF24E2A"} -index 0
rst -processor
targets -set -nocase -filter {name =~ "ARM*#0" && jtag_cable_name =~ "Digilent Zybo Z7 210351AF24E2A"} -index 0
dow D:/xlinx-projects/knight_rider/knight_rider.sdk/knight_rider/Debug/knight_rider.elf
configparams force-mem-access 0
----------------End of Script----------------

00:21:52 INFO  : Context for processor 'ps7_cortexa9_0' is selected.
00:21:52 INFO  : 'con' command is executed.
00:21:52 INFO  : ----------------XSDB Script (After Launch)----------------
targets -set -nocase -filter {name =~ "ARM*#0" && jtag_cable_name =~ "Digilent Zybo Z7 210351AF24E2A"} -index 0
con
----------------End of Script----------------

00:21:52 INFO  : Disconnected from the channel tcfchan#1.
13:03:49 INFO  : Registering command handlers for SDK TCF services
13:03:49 INFO  : Launching XSCT server: xsct.bat -interactive D:\xlinx-projects\knight_rider\knight_rider.sdk\temp_xsdb_launch_script.tcl
13:03:52 INFO  : XSCT server has started successfully.
13:03:53 INFO  : Successfully done setting XSCT server connection channel  
13:03:53 INFO  : Successfully done setting SDK workspace  
13:03:53 INFO  : Processing command line option -hwspec D:/xlinx-projects/knight_rider/knight_rider.sdk/knight_rider_wrapper.hdf.
13:03:53 INFO  : Checking for hwspec changes in the project knight_rider_wrapper_hw_platform_0.
13:05:44 INFO  : Connected to target on host '127.0.0.1' and port '3121'.
13:05:46 INFO  : 'targets -set -filter {jtag_cable_name =~ "Digilent Zybo Z7 210351AF24E2A" && level==0} -index 1' command is executed.
13:05:47 INFO  : FPGA configured successfully with bitstream "D:/xlinx-projects/knight_rider/knight_rider.sdk/knight_rider_wrapper_hw_platform_0/knight_rider_wrapper.bit"
13:05:56 INFO  : 'targets -set -filter {jtag_cable_name =~ "Digilent Zybo Z7 210351AF24E2A" && level==0} -index 1' command is executed.
13:05:56 INFO  : 'fpga -state' command is executed.
13:05:56 INFO  : Connected to target on host '127.0.0.1' and port '3121'.
13:05:56 INFO  : Jtag cable 'Digilent Zybo Z7 210351AF24E2A' is selected.
13:05:56 INFO  : 'jtag frequency' command is executed.
13:05:56 INFO  : Sourcing of 'D:/xlinx-projects/knight_rider/knight_rider.sdk/knight_rider_wrapper_hw_platform_0/ps7_init.tcl' is done.
13:05:56 INFO  : Context for 'APU' is selected.
13:05:57 INFO  : Hardware design information is loaded from 'D:/xlinx-projects/knight_rider/knight_rider.sdk/knight_rider_wrapper_hw_platform_0/system.hdf'.
13:05:57 INFO  : 'configparams force-mem-access 1' command is executed.
13:05:57 INFO  : Context for 'APU' is selected.
13:05:57 INFO  : 'stop' command is executed.
13:05:57 INFO  : 'ps7_init' command is executed.
13:05:57 INFO  : 'ps7_post_config' command is executed.
13:05:57 INFO  : Context for processor 'ps7_cortexa9_0' is selected.
13:05:57 INFO  : Processor reset is completed for 'ps7_cortexa9_0'.
13:05:58 INFO  : Context for processor 'ps7_cortexa9_0' is selected.
13:05:58 INFO  : The application 'D:/xlinx-projects/knight_rider/knight_rider.sdk/knight_rider/Debug/knight_rider.elf' is downloaded to processor 'ps7_cortexa9_0'.
13:05:58 INFO  : 'configparams force-mem-access 0' command is executed.
13:05:58 INFO  : ----------------XSDB Script----------------
connect -url tcp:127.0.0.1:3121
source D:/xlinx-projects/knight_rider/knight_rider.sdk/knight_rider_wrapper_hw_platform_0/ps7_init.tcl
targets -set -nocase -filter {name =~"APU*" && jtag_cable_name =~ "Digilent Zybo Z7 210351AF24E2A"} -index 0
loadhw -hw D:/xlinx-projects/knight_rider/knight_rider.sdk/knight_rider_wrapper_hw_platform_0/system.hdf -mem-ranges [list {0x40000000 0xbfffffff}]
configparams force-mem-access 1
targets -set -nocase -filter {name =~"APU*" && jtag_cable_name =~ "Digilent Zybo Z7 210351AF24E2A"} -index 0
stop
ps7_init
ps7_post_config
targets -set -nocase -filter {name =~ "ARM*#0" && jtag_cable_name =~ "Digilent Zybo Z7 210351AF24E2A"} -index 0
rst -processor
targets -set -nocase -filter {name =~ "ARM*#0" && jtag_cable_name =~ "Digilent Zybo Z7 210351AF24E2A"} -index 0
dow D:/xlinx-projects/knight_rider/knight_rider.sdk/knight_rider/Debug/knight_rider.elf
configparams force-mem-access 0
----------------End of Script----------------

13:05:58 INFO  : Context for processor 'ps7_cortexa9_0' is selected.
13:05:58 INFO  : 'con' command is executed.
13:05:58 INFO  : ----------------XSDB Script (After Launch)----------------
targets -set -nocase -filter {name =~ "ARM*#0" && jtag_cable_name =~ "Digilent Zybo Z7 210351AF24E2A"} -index 0
con
----------------End of Script----------------

13:05:58 INFO  : Disconnected from the channel tcfchan#1.
13:07:29 INFO  : Connected to target on host '127.0.0.1' and port '3121'.
13:07:52 INFO  : Connected to target on host '127.0.0.1' and port '3121'.
13:07:52 INFO  : 'targets -set -filter {jtag_cable_name =~ "Digilent Zybo Z7 210351AF24E2A" && level==0} -index 1' command is executed.
13:07:54 INFO  : FPGA configured successfully with bitstream "D:/xlinx-projects/knight_rider/knight_rider.sdk/knight_rider_wrapper_hw_platform_0/knight_rider_wrapper.bit"
13:08:01 INFO  : 'targets -set -filter {jtag_cable_name =~ "Digilent Zybo Z7 210351AF24E2A" && level==0} -index 1' command is executed.
13:08:01 INFO  : 'fpga -state' command is executed.
13:08:01 INFO  : Connected to target on host '127.0.0.1' and port '3121'.
13:08:01 INFO  : Jtag cable 'Digilent Zybo Z7 210351AF24E2A' is selected.
13:08:01 INFO  : 'jtag frequency' command is executed.
13:08:01 INFO  : Sourcing of 'D:/xlinx-projects/knight_rider/knight_rider.sdk/knight_rider_wrapper_hw_platform_0/ps7_init.tcl' is done.
13:08:01 INFO  : Context for 'APU' is selected.
13:08:01 INFO  : Hardware design information is loaded from 'D:/xlinx-projects/knight_rider/knight_rider.sdk/knight_rider_wrapper_hw_platform_0/system.hdf'.
13:08:01 INFO  : 'configparams force-mem-access 1' command is executed.
13:08:01 INFO  : Context for 'APU' is selected.
13:08:01 INFO  : 'stop' command is executed.
13:08:02 INFO  : 'ps7_init' command is executed.
13:08:02 INFO  : 'ps7_post_config' command is executed.
13:08:02 INFO  : Context for processor 'ps7_cortexa9_0' is selected.
13:08:02 INFO  : Processor reset is completed for 'ps7_cortexa9_0'.
13:08:02 INFO  : Context for processor 'ps7_cortexa9_0' is selected.
13:08:02 INFO  : The application 'D:/xlinx-projects/knight_rider/knight_rider.sdk/test/Debug/test.elf' is downloaded to processor 'ps7_cortexa9_0'.
13:08:02 INFO  : 'configparams force-mem-access 0' command is executed.
13:08:02 INFO  : ----------------XSDB Script----------------
connect -url tcp:127.0.0.1:3121
source D:/xlinx-projects/knight_rider/knight_rider.sdk/knight_rider_wrapper_hw_platform_0/ps7_init.tcl
targets -set -nocase -filter {name =~"APU*" && jtag_cable_name =~ "Digilent Zybo Z7 210351AF24E2A"} -index 0
loadhw -hw D:/xlinx-projects/knight_rider/knight_rider.sdk/knight_rider_wrapper_hw_platform_0/system.hdf -mem-ranges [list {0x40000000 0xbfffffff}]
configparams force-mem-access 1
targets -set -nocase -filter {name =~"APU*" && jtag_cable_name =~ "Digilent Zybo Z7 210351AF24E2A"} -index 0
stop
ps7_init
ps7_post_config
targets -set -nocase -filter {name =~ "ARM*#0" && jtag_cable_name =~ "Digilent Zybo Z7 210351AF24E2A"} -index 0
rst -processor
targets -set -nocase -filter {name =~ "ARM*#0" && jtag_cable_name =~ "Digilent Zybo Z7 210351AF24E2A"} -index 0
dow D:/xlinx-projects/knight_rider/knight_rider.sdk/test/Debug/test.elf
configparams force-mem-access 0
----------------End of Script----------------

13:08:02 INFO  : Context for processor 'ps7_cortexa9_0' is selected.
13:08:02 INFO  : 'con' command is executed.
13:08:02 INFO  : ----------------XSDB Script (After Launch)----------------
targets -set -nocase -filter {name =~ "ARM*#0" && jtag_cable_name =~ "Digilent Zybo Z7 210351AF24E2A"} -index 0
con
----------------End of Script----------------

13:08:02 INFO  : Disconnected from the channel tcfchan#2.
13:09:28 INFO  : Connected to target on host '127.0.0.1' and port '3121'.
13:09:30 INFO  : 'targets -set -filter {jtag_cable_name =~ "Digilent Zybo Z7 210351AF24E2A" && level==0} -index 1' command is executed.
13:09:31 INFO  : FPGA configured successfully with bitstream "D:/xlinx-projects/knight_rider/knight_rider.sdk/knight_rider_wrapper_hw_platform_0/knight_rider_wrapper.bit"
13:10:28 INFO  : 'targets -set -filter {jtag_cable_name =~ "Digilent Zybo Z7 210351AF24E2A" && level==0} -index 1' command is executed.
13:10:28 INFO  : 'fpga -state' command is executed.
13:10:28 INFO  : Connected to target on host '127.0.0.1' and port '3121'.
13:10:28 INFO  : Jtag cable 'Digilent Zybo Z7 210351AF24E2A' is selected.
13:10:28 INFO  : 'jtag frequency' command is executed.
13:10:28 INFO  : Sourcing of 'D:/xlinx-projects/knight_rider/knight_rider.sdk/knight_rider_wrapper_hw_platform_0/ps7_init.tcl' is done.
13:10:28 INFO  : Context for 'APU' is selected.
13:10:28 INFO  : Hardware design information is loaded from 'D:/xlinx-projects/knight_rider/knight_rider.sdk/knight_rider_wrapper_hw_platform_0/system.hdf'.
13:10:28 INFO  : 'configparams force-mem-access 1' command is executed.
13:10:28 INFO  : Context for 'APU' is selected.
13:10:28 INFO  : 'stop' command is executed.
13:10:29 INFO  : 'ps7_init' command is executed.
13:10:29 INFO  : 'ps7_post_config' command is executed.
13:10:29 INFO  : Context for processor 'ps7_cortexa9_0' is selected.
13:10:29 INFO  : Processor reset is completed for 'ps7_cortexa9_0'.
13:10:29 INFO  : Context for processor 'ps7_cortexa9_0' is selected.
13:10:29 INFO  : The application 'D:/xlinx-projects/knight_rider/knight_rider.sdk/test/Debug/test.elf' is downloaded to processor 'ps7_cortexa9_0'.
13:10:29 INFO  : 'configparams force-mem-access 0' command is executed.
13:10:29 INFO  : ----------------XSDB Script----------------
connect -url tcp:127.0.0.1:3121
source D:/xlinx-projects/knight_rider/knight_rider.sdk/knight_rider_wrapper_hw_platform_0/ps7_init.tcl
targets -set -nocase -filter {name =~"APU*" && jtag_cable_name =~ "Digilent Zybo Z7 210351AF24E2A"} -index 0
loadhw -hw D:/xlinx-projects/knight_rider/knight_rider.sdk/knight_rider_wrapper_hw_platform_0/system.hdf -mem-ranges [list {0x40000000 0xbfffffff}]
configparams force-mem-access 1
targets -set -nocase -filter {name =~"APU*" && jtag_cable_name =~ "Digilent Zybo Z7 210351AF24E2A"} -index 0
stop
ps7_init
ps7_post_config
targets -set -nocase -filter {name =~ "ARM*#0" && jtag_cable_name =~ "Digilent Zybo Z7 210351AF24E2A"} -index 0
rst -processor
targets -set -nocase -filter {name =~ "ARM*#0" && jtag_cable_name =~ "Digilent Zybo Z7 210351AF24E2A"} -index 0
dow D:/xlinx-projects/knight_rider/knight_rider.sdk/test/Debug/test.elf
configparams force-mem-access 0
----------------End of Script----------------

13:10:29 INFO  : Context for processor 'ps7_cortexa9_0' is selected.
13:10:29 INFO  : 'con' command is executed.
13:10:29 INFO  : ----------------XSDB Script (After Launch)----------------
targets -set -nocase -filter {name =~ "ARM*#0" && jtag_cable_name =~ "Digilent Zybo Z7 210351AF24E2A"} -index 0
con
----------------End of Script----------------

13:10:29 INFO  : Disconnected from the channel tcfchan#3.
13:11:04 INFO  : Connected to target on host '127.0.0.1' and port '3121'.
13:11:07 INFO  : 'targets -set -filter {jtag_cable_name =~ "Digilent Zybo Z7 210351AF24E2A" && level==0} -index 1' command is executed.
13:11:08 INFO  : FPGA configured successfully with bitstream "D:/xlinx-projects/knight_rider/knight_rider.sdk/knight_rider_wrapper_hw_platform_0/knight_rider_wrapper.bit"
13:11:13 INFO  : 'targets -set -filter {jtag_cable_name =~ "Digilent Zybo Z7 210351AF24E2A" && level==0} -index 1' command is executed.
13:11:13 INFO  : 'fpga -state' command is executed.
13:11:13 INFO  : Connected to target on host '127.0.0.1' and port '3121'.
13:11:13 INFO  : Jtag cable 'Digilent Zybo Z7 210351AF24E2A' is selected.
13:11:14 INFO  : 'jtag frequency' command is executed.
13:11:14 INFO  : Sourcing of 'D:/xlinx-projects/knight_rider/knight_rider.sdk/knight_rider_wrapper_hw_platform_0/ps7_init.tcl' is done.
13:11:14 INFO  : Context for 'APU' is selected.
13:11:15 INFO  : Hardware design information is loaded from 'D:/xlinx-projects/knight_rider/knight_rider.sdk/knight_rider_wrapper_hw_platform_0/system.hdf'.
13:11:15 INFO  : 'configparams force-mem-access 1' command is executed.
13:11:15 INFO  : Context for 'APU' is selected.
13:11:15 INFO  : 'stop' command is executed.
13:11:15 INFO  : 'ps7_init' command is executed.
13:11:15 INFO  : 'ps7_post_config' command is executed.
13:11:15 INFO  : Context for processor 'ps7_cortexa9_0' is selected.
13:11:15 INFO  : Processor reset is completed for 'ps7_cortexa9_0'.
13:11:15 INFO  : Context for processor 'ps7_cortexa9_0' is selected.
13:11:16 INFO  : The application 'D:/xlinx-projects/knight_rider/knight_rider.sdk/test/Debug/test.elf' is downloaded to processor 'ps7_cortexa9_0'.
13:11:16 INFO  : 'configparams force-mem-access 0' command is executed.
13:11:16 INFO  : ----------------XSDB Script----------------
connect -url tcp:127.0.0.1:3121
source D:/xlinx-projects/knight_rider/knight_rider.sdk/knight_rider_wrapper_hw_platform_0/ps7_init.tcl
targets -set -nocase -filter {name =~"APU*" && jtag_cable_name =~ "Digilent Zybo Z7 210351AF24E2A"} -index 0
loadhw -hw D:/xlinx-projects/knight_rider/knight_rider.sdk/knight_rider_wrapper_hw_platform_0/system.hdf -mem-ranges [list {0x40000000 0xbfffffff}]
configparams force-mem-access 1
targets -set -nocase -filter {name =~"APU*" && jtag_cable_name =~ "Digilent Zybo Z7 210351AF24E2A"} -index 0
stop
ps7_init
ps7_post_config
targets -set -nocase -filter {name =~ "ARM*#0" && jtag_cable_name =~ "Digilent Zybo Z7 210351AF24E2A"} -index 0
rst -processor
targets -set -nocase -filter {name =~ "ARM*#0" && jtag_cable_name =~ "Digilent Zybo Z7 210351AF24E2A"} -index 0
dow D:/xlinx-projects/knight_rider/knight_rider.sdk/test/Debug/test.elf
configparams force-mem-access 0
----------------End of Script----------------

13:11:16 INFO  : Context for processor 'ps7_cortexa9_0' is selected.
13:11:16 INFO  : 'con' command is executed.
13:11:16 INFO  : ----------------XSDB Script (After Launch)----------------
targets -set -nocase -filter {name =~ "ARM*#0" && jtag_cable_name =~ "Digilent Zybo Z7 210351AF24E2A"} -index 0
con
----------------End of Script----------------

13:11:16 INFO  : Disconnected from the channel tcfchan#4.
