16:34:19 INFO  : Registering command handlers for SDK TCF services
16:34:20 INFO  : Launching XSCT server: xsct.bat -interactive D:\xlinx-projects\audio_p1\audio_p1.sdk\temp_xsdb_launch_script.tcl
16:34:24 INFO  : XSCT server has started successfully.
16:34:25 INFO  : Successfully done setting XSCT server connection channel  
16:34:30 INFO  : Successfully done setting SDK workspace  
16:34:30 INFO  : Processing command line option -hwspec D:/xlinx-projects/audio_p1/audio_p1.sdk/audio_design_wrapper.hdf.
16:37:55 ERROR : Interrupted exception while waiting for the completion of command ' ::hsi::utils::set_current_hw_sw D:/xlinx-projects/audio_p1/audio_p1.sdk/audio_design_wrapper_hw_platform_0/system.hdf D:/xlinx-projects/audio_p1/audio_p1.sdk/TestApp_bsp/system.mss '
16:42:40 INFO  : Connected to target on host '127.0.0.1' and port '3121'.
16:42:43 INFO  : 'targets -set -filter {jtag_cable_name =~ "Digilent Zybo Z7 210351AF24E2A" && level==0} -index 1' command is executed.
16:42:44 INFO  : FPGA configured successfully with bitstream "D:/xlinx-projects/audio_p1/audio_p1.sdk/audio_design_wrapper_hw_platform_0/audio_design_wrapper.bit"
16:44:37 INFO  : 'targets -set -filter {jtag_cable_name =~ "Digilent Zybo Z7 210351AF24E2A" && level==0} -index 1' command is executed.
16:44:37 INFO  : 'fpga -state' command is executed.
16:44:37 INFO  : Connected to target on host '127.0.0.1' and port '3121'.
16:44:37 INFO  : Jtag cable 'Digilent Zybo Z7 210351AF24E2A' is selected.
16:44:37 INFO  : 'jtag frequency' command is executed.
16:44:37 INFO  : Sourcing of 'D:/xlinx-projects/audio_p1/audio_p1.sdk/audio_design_wrapper_hw_platform_0/ps7_init.tcl' is done.
16:44:37 INFO  : Context for 'APU' is selected.
16:44:37 INFO  : Hardware design information is loaded from 'D:/xlinx-projects/audio_p1/audio_p1.sdk/audio_design_wrapper_hw_platform_0/system.hdf'.
16:44:37 INFO  : 'configparams force-mem-access 1' command is executed.
16:44:37 INFO  : Context for 'APU' is selected.
16:44:38 INFO  : 'stop' command is executed.
16:44:38 INFO  : 'ps7_init' command is executed.
16:44:38 INFO  : 'ps7_post_config' command is executed.
16:44:38 INFO  : Context for processor 'ps7_cortexa9_0' is selected.
16:44:38 INFO  : Processor reset is completed for 'ps7_cortexa9_0'.
16:44:38 INFO  : Context for processor 'ps7_cortexa9_0' is selected.
16:44:38 INFO  : The application 'D:/xlinx-projects/audio_p1/audio_p1.sdk/TestApp/Debug/TestApp.elf' is downloaded to processor 'ps7_cortexa9_0'.
16:44:38 INFO  : 'configparams force-mem-access 0' command is executed.
16:44:38 INFO  : ----------------XSDB Script----------------
connect -url tcp:127.0.0.1:3121
source D:/xlinx-projects/audio_p1/audio_p1.sdk/audio_design_wrapper_hw_platform_0/ps7_init.tcl
targets -set -nocase -filter {name =~"APU*" && jtag_cable_name =~ "Digilent Zybo Z7 210351AF24E2A"} -index 0
loadhw -hw D:/xlinx-projects/audio_p1/audio_p1.sdk/audio_design_wrapper_hw_platform_0/system.hdf -mem-ranges [list {0x40000000 0xbfffffff}]
configparams force-mem-access 1
targets -set -nocase -filter {name =~"APU*" && jtag_cable_name =~ "Digilent Zybo Z7 210351AF24E2A"} -index 0
stop
ps7_init
ps7_post_config
targets -set -nocase -filter {name =~ "ARM*#0" && jtag_cable_name =~ "Digilent Zybo Z7 210351AF24E2A"} -index 0
rst -processor
targets -set -nocase -filter {name =~ "ARM*#0" && jtag_cable_name =~ "Digilent Zybo Z7 210351AF24E2A"} -index 0
dow D:/xlinx-projects/audio_p1/audio_p1.sdk/TestApp/Debug/TestApp.elf
configparams force-mem-access 0
----------------End of Script----------------

16:44:39 INFO  : Context for processor 'ps7_cortexa9_0' is selected.
16:44:39 INFO  : 'con' command is executed.
16:44:39 INFO  : ----------------XSDB Script (After Launch)----------------
targets -set -nocase -filter {name =~ "ARM*#0" && jtag_cable_name =~ "Digilent Zybo Z7 210351AF24E2A"} -index 0
con
----------------End of Script----------------

16:44:39 INFO  : Disconnected from the channel tcfchan#1.
18:13:58 INFO  : Registering command handlers for SDK TCF services
18:13:59 INFO  : Launching XSCT server: xsct.bat -interactive D:\xlinx-projects\audio_p1\audio_p1.sdk\temp_xsdb_launch_script.tcl
18:14:02 INFO  : XSCT server has started successfully.
18:14:03 INFO  : Successfully done setting XSCT server connection channel  
18:14:03 INFO  : Processing command line option -hwspec D:/xlinx-projects/audio_p1/audio_p1.sdk/audio_design_wrapper.hdf.
18:14:03 INFO  : Successfully done setting SDK workspace  
18:14:03 INFO  : Checking for hwspec changes in the project audio_design_wrapper_hw_platform_0.
18:15:43 INFO  : Connected to target on host '127.0.0.1' and port '3121'.
18:15:43 INFO  : 'targets -set -filter {jtag_cable_name =~ "Digilent Zybo Z7 210351AF24E2A" && level==0} -index 1' command is executed.
18:15:45 INFO  : FPGA configured successfully with bitstream "D:/xlinx-projects/audio_p1/audio_p1.sdk/audio_design_wrapper_hw_platform_0/audio_design_wrapper.bit"
18:15:59 INFO  : 'targets -set -filter {jtag_cable_name =~ "Digilent Zybo Z7 210351AF24E2A" && level==0} -index 1' command is executed.
18:15:59 INFO  : 'fpga -state' command is executed.
18:15:59 INFO  : Connected to target on host '127.0.0.1' and port '3121'.
18:15:59 INFO  : Jtag cable 'Digilent Zybo Z7 210351AF24E2A' is selected.
18:15:59 INFO  : 'jtag frequency' command is executed.
18:15:59 INFO  : Sourcing of 'D:/xlinx-projects/audio_p1/audio_p1.sdk/audio_design_wrapper_hw_platform_0/ps7_init.tcl' is done.
18:15:59 INFO  : Context for 'APU' is selected.
18:15:59 INFO  : Hardware design information is loaded from 'D:/xlinx-projects/audio_p1/audio_p1.sdk/audio_design_wrapper_hw_platform_0/system.hdf'.
18:15:59 INFO  : 'configparams force-mem-access 1' command is executed.
18:15:59 INFO  : Context for 'APU' is selected.
18:15:59 INFO  : 'stop' command is executed.
18:16:00 INFO  : 'ps7_init' command is executed.
18:16:00 INFO  : 'ps7_post_config' command is executed.
18:16:00 INFO  : Context for processor 'ps7_cortexa9_0' is selected.
18:16:00 INFO  : Processor reset is completed for 'ps7_cortexa9_0'.
18:16:00 INFO  : Context for processor 'ps7_cortexa9_0' is selected.
18:16:00 INFO  : The application 'D:/xlinx-projects/audio_p1/audio_p1.sdk/TestApp/Debug/TestApp.elf' is downloaded to processor 'ps7_cortexa9_0'.
18:16:00 INFO  : 'configparams force-mem-access 0' command is executed.
18:16:00 INFO  : ----------------XSDB Script----------------
connect -url tcp:127.0.0.1:3121
source D:/xlinx-projects/audio_p1/audio_p1.sdk/audio_design_wrapper_hw_platform_0/ps7_init.tcl
targets -set -nocase -filter {name =~"APU*" && jtag_cable_name =~ "Digilent Zybo Z7 210351AF24E2A"} -index 0
loadhw -hw D:/xlinx-projects/audio_p1/audio_p1.sdk/audio_design_wrapper_hw_platform_0/system.hdf -mem-ranges [list {0x40000000 0xbfffffff}]
configparams force-mem-access 1
targets -set -nocase -filter {name =~"APU*" && jtag_cable_name =~ "Digilent Zybo Z7 210351AF24E2A"} -index 0
stop
ps7_init
ps7_post_config
targets -set -nocase -filter {name =~ "ARM*#0" && jtag_cable_name =~ "Digilent Zybo Z7 210351AF24E2A"} -index 0
rst -processor
targets -set -nocase -filter {name =~ "ARM*#0" && jtag_cable_name =~ "Digilent Zybo Z7 210351AF24E2A"} -index 0
dow D:/xlinx-projects/audio_p1/audio_p1.sdk/TestApp/Debug/TestApp.elf
configparams force-mem-access 0
----------------End of Script----------------

18:16:00 INFO  : Context for processor 'ps7_cortexa9_0' is selected.
18:16:01 INFO  : 'con' command is executed.
18:16:01 INFO  : ----------------XSDB Script (After Launch)----------------
targets -set -nocase -filter {name =~ "ARM*#0" && jtag_cable_name =~ "Digilent Zybo Z7 210351AF24E2A"} -index 0
con
----------------End of Script----------------

18:16:01 INFO  : Disconnected from the channel tcfchan#1.
18:26:18 INFO  : 'targets -set -filter {jtag_cable_name =~ "Digilent Zybo Z7 210351AF24E2A" && level==0} -index 1' command is executed.
18:26:18 INFO  : 'fpga -state' command is executed.
18:26:18 INFO  : Connected to target on host '127.0.0.1' and port '3121'.
18:26:19 INFO  : Jtag cable 'Digilent Zybo Z7 210351AF24E2A' is selected.
18:26:19 INFO  : 'jtag frequency' command is executed.
18:26:19 INFO  : Sourcing of 'D:/xlinx-projects/audio_p1/audio_p1.sdk/audio_design_wrapper_hw_platform_0/ps7_init.tcl' is done.
18:26:19 INFO  : Context for 'APU' is selected.
18:26:19 INFO  : Hardware design information is loaded from 'D:/xlinx-projects/audio_p1/audio_p1.sdk/audio_design_wrapper_hw_platform_0/system.hdf'.
18:26:19 INFO  : 'configparams force-mem-access 1' command is executed.
18:26:19 INFO  : Context for 'APU' is selected.
18:26:19 INFO  : 'stop' command is executed.
18:26:19 INFO  : 'ps7_init' command is executed.
18:26:19 INFO  : 'ps7_post_config' command is executed.
18:26:19 INFO  : Context for processor 'ps7_cortexa9_0' is selected.
18:26:20 INFO  : Processor reset is completed for 'ps7_cortexa9_0'.
18:26:20 INFO  : Context for processor 'ps7_cortexa9_0' is selected.
18:26:20 INFO  : The application 'D:/xlinx-projects/audio_p1/audio_p1.sdk/TestApp/Debug/TestApp.elf' is downloaded to processor 'ps7_cortexa9_0'.
18:26:20 INFO  : 'configparams force-mem-access 0' command is executed.
18:26:20 INFO  : ----------------XSDB Script----------------
connect -url tcp:127.0.0.1:3121
source D:/xlinx-projects/audio_p1/audio_p1.sdk/audio_design_wrapper_hw_platform_0/ps7_init.tcl
targets -set -nocase -filter {name =~"APU*" && jtag_cable_name =~ "Digilent Zybo Z7 210351AF24E2A"} -index 0
loadhw -hw D:/xlinx-projects/audio_p1/audio_p1.sdk/audio_design_wrapper_hw_platform_0/system.hdf -mem-ranges [list {0x40000000 0xbfffffff}]
configparams force-mem-access 1
targets -set -nocase -filter {name =~"APU*" && jtag_cable_name =~ "Digilent Zybo Z7 210351AF24E2A"} -index 0
stop
ps7_init
ps7_post_config
targets -set -nocase -filter {name =~ "ARM*#0" && jtag_cable_name =~ "Digilent Zybo Z7 210351AF24E2A"} -index 0
rst -processor
targets -set -nocase -filter {name =~ "ARM*#0" && jtag_cable_name =~ "Digilent Zybo Z7 210351AF24E2A"} -index 0
dow D:/xlinx-projects/audio_p1/audio_p1.sdk/TestApp/Debug/TestApp.elf
configparams force-mem-access 0
----------------End of Script----------------

18:26:20 INFO  : Context for processor 'ps7_cortexa9_0' is selected.
18:26:20 INFO  : 'con' command is executed.
18:26:20 INFO  : ----------------XSDB Script (After Launch)----------------
targets -set -nocase -filter {name =~ "ARM*#0" && jtag_cable_name =~ "Digilent Zybo Z7 210351AF24E2A"} -index 0
con
----------------End of Script----------------

18:26:20 INFO  : Disconnected from the channel tcfchan#2.
18:41:26 INFO  : 'targets -set -filter {jtag_cable_name =~ "Digilent Zybo Z7 210351AF24E2A" && level==0} -index 1' command is executed.
18:41:26 INFO  : 'fpga -state' command is executed.
18:41:26 INFO  : Connected to target on host '127.0.0.1' and port '3121'.
18:41:27 INFO  : Jtag cable 'Digilent Zybo Z7 210351AF24E2A' is selected.
18:41:27 INFO  : 'jtag frequency' command is executed.
18:41:27 INFO  : Sourcing of 'D:/xlinx-projects/audio_p1/audio_p1.sdk/audio_design_wrapper_hw_platform_0/ps7_init.tcl' is done.
18:41:27 INFO  : Context for 'APU' is selected.
18:41:27 INFO  : Hardware design information is loaded from 'D:/xlinx-projects/audio_p1/audio_p1.sdk/audio_design_wrapper_hw_platform_0/system.hdf'.
18:41:27 INFO  : 'configparams force-mem-access 1' command is executed.
18:41:27 INFO  : Context for 'APU' is selected.
18:41:27 INFO  : 'stop' command is executed.
18:41:28 INFO  : 'ps7_init' command is executed.
18:41:28 INFO  : 'ps7_post_config' command is executed.
18:41:28 INFO  : Context for processor 'ps7_cortexa9_0' is selected.
18:41:28 INFO  : Processor reset is completed for 'ps7_cortexa9_0'.
18:41:28 INFO  : Context for processor 'ps7_cortexa9_0' is selected.
18:41:28 INFO  : The application 'D:/xlinx-projects/audio_p1/audio_p1.sdk/TestApp/Debug/TestApp.elf' is downloaded to processor 'ps7_cortexa9_0'.
18:41:28 INFO  : 'configparams force-mem-access 0' command is executed.
18:41:28 INFO  : ----------------XSDB Script----------------
connect -url tcp:127.0.0.1:3121
source D:/xlinx-projects/audio_p1/audio_p1.sdk/audio_design_wrapper_hw_platform_0/ps7_init.tcl
targets -set -nocase -filter {name =~"APU*" && jtag_cable_name =~ "Digilent Zybo Z7 210351AF24E2A"} -index 0
loadhw -hw D:/xlinx-projects/audio_p1/audio_p1.sdk/audio_design_wrapper_hw_platform_0/system.hdf -mem-ranges [list {0x40000000 0xbfffffff}]
configparams force-mem-access 1
targets -set -nocase -filter {name =~"APU*" && jtag_cable_name =~ "Digilent Zybo Z7 210351AF24E2A"} -index 0
stop
ps7_init
ps7_post_config
targets -set -nocase -filter {name =~ "ARM*#0" && jtag_cable_name =~ "Digilent Zybo Z7 210351AF24E2A"} -index 0
rst -processor
targets -set -nocase -filter {name =~ "ARM*#0" && jtag_cable_name =~ "Digilent Zybo Z7 210351AF24E2A"} -index 0
dow D:/xlinx-projects/audio_p1/audio_p1.sdk/TestApp/Debug/TestApp.elf
configparams force-mem-access 0
----------------End of Script----------------

18:41:28 INFO  : Context for processor 'ps7_cortexa9_0' is selected.
18:41:28 INFO  : 'con' command is executed.
18:41:28 INFO  : ----------------XSDB Script (After Launch)----------------
targets -set -nocase -filter {name =~ "ARM*#0" && jtag_cable_name =~ "Digilent Zybo Z7 210351AF24E2A"} -index 0
con
----------------End of Script----------------

18:41:28 INFO  : Disconnected from the channel tcfchan#3.
18:41:43 INFO  : 'targets -set -filter {jtag_cable_name =~ "Digilent Zybo Z7 210351AF24E2A" && level==0} -index 1' command is executed.
18:41:43 INFO  : 'fpga -state' command is executed.
18:41:43 INFO  : Connected to target on host '127.0.0.1' and port '3121'.
18:41:44 INFO  : Jtag cable 'Digilent Zybo Z7 210351AF24E2A' is selected.
18:41:44 INFO  : 'jtag frequency' command is executed.
18:41:44 INFO  : Sourcing of 'D:/xlinx-projects/audio_p1/audio_p1.sdk/audio_design_wrapper_hw_platform_0/ps7_init.tcl' is done.
18:41:44 INFO  : Context for 'APU' is selected.
18:41:44 INFO  : Hardware design information is loaded from 'D:/xlinx-projects/audio_p1/audio_p1.sdk/audio_design_wrapper_hw_platform_0/system.hdf'.
18:41:44 INFO  : 'configparams force-mem-access 1' command is executed.
18:41:44 INFO  : Context for 'APU' is selected.
18:41:44 INFO  : 'stop' command is executed.
18:41:45 INFO  : 'ps7_init' command is executed.
18:41:45 INFO  : 'ps7_post_config' command is executed.
18:41:45 INFO  : Context for processor 'ps7_cortexa9_0' is selected.
18:41:45 INFO  : Processor reset is completed for 'ps7_cortexa9_0'.
18:41:45 INFO  : Context for processor 'ps7_cortexa9_0' is selected.
18:41:45 INFO  : The application 'D:/xlinx-projects/audio_p1/audio_p1.sdk/TestApp/Debug/TestApp.elf' is downloaded to processor 'ps7_cortexa9_0'.
18:41:45 INFO  : 'configparams force-mem-access 0' command is executed.
18:41:45 INFO  : ----------------XSDB Script----------------
connect -url tcp:127.0.0.1:3121
source D:/xlinx-projects/audio_p1/audio_p1.sdk/audio_design_wrapper_hw_platform_0/ps7_init.tcl
targets -set -nocase -filter {name =~"APU*" && jtag_cable_name =~ "Digilent Zybo Z7 210351AF24E2A"} -index 0
loadhw -hw D:/xlinx-projects/audio_p1/audio_p1.sdk/audio_design_wrapper_hw_platform_0/system.hdf -mem-ranges [list {0x40000000 0xbfffffff}]
configparams force-mem-access 1
targets -set -nocase -filter {name =~"APU*" && jtag_cable_name =~ "Digilent Zybo Z7 210351AF24E2A"} -index 0
stop
ps7_init
ps7_post_config
targets -set -nocase -filter {name =~ "ARM*#0" && jtag_cable_name =~ "Digilent Zybo Z7 210351AF24E2A"} -index 0
rst -processor
targets -set -nocase -filter {name =~ "ARM*#0" && jtag_cable_name =~ "Digilent Zybo Z7 210351AF24E2A"} -index 0
dow D:/xlinx-projects/audio_p1/audio_p1.sdk/TestApp/Debug/TestApp.elf
configparams force-mem-access 0
----------------End of Script----------------

18:41:45 INFO  : Context for processor 'ps7_cortexa9_0' is selected.
18:41:45 INFO  : 'con' command is executed.
18:41:45 INFO  : ----------------XSDB Script (After Launch)----------------
targets -set -nocase -filter {name =~ "ARM*#0" && jtag_cable_name =~ "Digilent Zybo Z7 210351AF24E2A"} -index 0
con
----------------End of Script----------------

18:41:45 INFO  : Disconnected from the channel tcfchan#4.
