#-----------------------------------------------------------
# Vivado v2018.3 (64-bit)
# SW Build 2405991 on Thu Dec  6 23:38:27 MST 2018
# IP Build 2404404 on Fri Dec  7 01:43:56 MST 2018
# Start of session at: Wed Oct 14 18:52:46 2020
# Process ID: 492
# Current directory: D:/xlinx-projects/adder_project
# Command line: vivado.exe -gui_launcher_event rodinguilauncherevent8536 D:\xlinx-projects\adder_project\adder_project.xpr
# Log file: D:/xlinx-projects/adder_project/vivado.log
# Journal file: D:/xlinx-projects/adder_project\vivado.jou
#-----------------------------------------------------------
start_gui
open_project D:/xlinx-projects/adder_project/adder_project.xpr
CRITICAL WARNING: [Project 1-19] Could not find the file 'D:/xlinx-projects/adder_project/adder_project.srcs/sources_1/new/p1_pack.vhd'.
Scanning sources...
Finished scanning sources
INFO: [IP_Flow 19-234] Refreshing IP repositories
INFO: [IP_Flow 19-1704] No user IP repositories specified
INFO: [IP_Flow 19-2313] Loaded Vivado IP repository 'D:/XILINX/Vivado/2018.3/data/ip'.
INFO: [Common 17-41] Interrupt caught. Command should exit soon.
INFO: [Common 17-344] 'open_project' was cancelled
exit
INFO: [Common 17-206] Exiting Vivado at Wed Oct 14 18:53:19 2020...
