00:57:22 INFO  : Registering command handlers for SDK TCF services
00:57:23 INFO  : Launching XSCT server: xsct.bat -interactive D:\xlinx-projects\knightrider_ip\knight_rd_tb\knight_rd_tb.sdk\temp_xsdb_launch_script.tcl
00:57:25 INFO  : XSCT server has started successfully.
00:57:25 INFO  : Successfully done setting XSCT server connection channel  
00:57:25 INFO  : Successfully done setting SDK workspace  
00:57:25 INFO  : Processing command line option -hwspec D:/xlinx-projects/knightrider_ip/knight_rd_tb/knight_rd_tb.sdk/knightrider_test_2_wrapper.hdf.
01:01:33 INFO  : 'targets -set -filter {jtag_cable_name =~ "Digilent Zybo Z7 210351AF24E2A" && level==0} -index 1' command is executed.
01:01:33 INFO  : 'fpga -state' command is executed.
01:01:46 INFO  : Connected to target on host '127.0.0.1' and port '3121'.
01:01:46 INFO  : 'targets -set -filter {jtag_cable_name =~ "Digilent Zybo Z7 210351AF24E2A" && level==0} -index 1' command is executed.
01:01:47 INFO  : FPGA configured successfully with bitstream "D:/xlinx-projects/knightrider_ip/knight_rd_tb/knight_rd_tb.sdk/knightrider_test_2_wrapper_hw_platform_0/knightrider_test_2_wrapper.bit"
01:01:52 INFO  : 'targets -set -filter {jtag_cable_name =~ "Digilent Zybo Z7 210351AF24E2A" && level==0} -index 1' command is executed.
01:01:52 INFO  : 'fpga -state' command is executed.
01:01:52 INFO  : Connected to target on host '127.0.0.1' and port '3121'.
01:01:53 INFO  : Jtag cable 'Digilent Zybo Z7 210351AF24E2A' is selected.
01:01:53 INFO  : 'jtag frequency' command is executed.
01:01:53 INFO  : Sourcing of 'D:/xlinx-projects/knightrider_ip/knight_rd_tb/knight_rd_tb.sdk/knightrider_test_2_wrapper_hw_platform_0/ps7_init.tcl' is done.
01:01:53 INFO  : Context for 'APU' is selected.
01:01:53 INFO  : Hardware design information is loaded from 'D:/xlinx-projects/knightrider_ip/knight_rd_tb/knight_rd_tb.sdk/knightrider_test_2_wrapper_hw_platform_0/system.hdf'.
01:01:53 INFO  : 'configparams force-mem-access 1' command is executed.
01:01:53 INFO  : Context for 'APU' is selected.
01:01:53 INFO  : 'stop' command is executed.
01:01:53 INFO  : 'ps7_init' command is executed.
01:01:53 INFO  : 'ps7_post_config' command is executed.
01:01:53 INFO  : Context for processor 'ps7_cortexa9_0' is selected.
01:01:53 INFO  : Processor reset is completed for 'ps7_cortexa9_0'.
01:01:54 INFO  : Context for processor 'ps7_cortexa9_0' is selected.
01:01:54 INFO  : The application 'D:/xlinx-projects/knightrider_ip/knight_rd_tb/knight_rd_tb.sdk/test/Debug/test.elf' is downloaded to processor 'ps7_cortexa9_0'.
01:01:54 INFO  : 'configparams force-mem-access 0' command is executed.
01:01:54 INFO  : ----------------XSDB Script----------------
connect -url tcp:127.0.0.1:3121
source D:/xlinx-projects/knightrider_ip/knight_rd_tb/knight_rd_tb.sdk/knightrider_test_2_wrapper_hw_platform_0/ps7_init.tcl
targets -set -nocase -filter {name =~"APU*" && jtag_cable_name =~ "Digilent Zybo Z7 210351AF24E2A"} -index 0
loadhw -hw D:/xlinx-projects/knightrider_ip/knight_rd_tb/knight_rd_tb.sdk/knightrider_test_2_wrapper_hw_platform_0/system.hdf -mem-ranges [list {0x40000000 0xbfffffff}]
configparams force-mem-access 1
targets -set -nocase -filter {name =~"APU*" && jtag_cable_name =~ "Digilent Zybo Z7 210351AF24E2A"} -index 0
stop
ps7_init
ps7_post_config
targets -set -nocase -filter {name =~ "ARM*#0" && jtag_cable_name =~ "Digilent Zybo Z7 210351AF24E2A"} -index 0
rst -processor
targets -set -nocase -filter {name =~ "ARM*#0" && jtag_cable_name =~ "Digilent Zybo Z7 210351AF24E2A"} -index 0
dow D:/xlinx-projects/knightrider_ip/knight_rd_tb/knight_rd_tb.sdk/test/Debug/test.elf
configparams force-mem-access 0
----------------End of Script----------------

01:01:54 INFO  : Context for processor 'ps7_cortexa9_0' is selected.
01:01:54 INFO  : 'con' command is executed.
01:01:54 INFO  : ----------------XSDB Script (After Launch)----------------
targets -set -nocase -filter {name =~ "ARM*#0" && jtag_cable_name =~ "Digilent Zybo Z7 210351AF24E2A"} -index 0
con
----------------End of Script----------------

01:01:54 INFO  : Disconnected from the channel tcfchan#1.
01:02:49 INFO  : 'targets -set -filter {jtag_cable_name =~ "Digilent Zybo Z7 210351AF24E2A" && level==0} -index 1' command is executed.
01:02:49 INFO  : 'fpga -state' command is executed.
01:02:49 INFO  : Connected to target on host '127.0.0.1' and port '3121'.
01:02:49 INFO  : Jtag cable 'Digilent Zybo Z7 210351AF24E2A' is selected.
01:02:49 INFO  : 'jtag frequency' command is executed.
01:02:49 INFO  : Sourcing of 'D:/xlinx-projects/knightrider_ip/knight_rd_tb/knight_rd_tb.sdk/knightrider_test_2_wrapper_hw_platform_0/ps7_init.tcl' is done.
01:02:50 INFO  : Context for 'APU' is selected.
01:02:50 INFO  : Hardware design information is loaded from 'D:/xlinx-projects/knightrider_ip/knight_rd_tb/knight_rd_tb.sdk/knightrider_test_2_wrapper_hw_platform_0/system.hdf'.
01:02:50 INFO  : 'configparams force-mem-access 1' command is executed.
01:02:50 INFO  : Context for 'APU' is selected.
01:02:51 INFO  : 'stop' command is executed.
01:02:51 INFO  : 'ps7_init' command is executed.
01:02:51 INFO  : 'ps7_post_config' command is executed.
01:02:52 INFO  : Context for processor 'ps7_cortexa9_0' is selected.
01:02:52 INFO  : Processor reset is completed for 'ps7_cortexa9_0'.
01:02:53 INFO  : Context for processor 'ps7_cortexa9_0' is selected.
01:02:53 INFO  : The application 'D:/xlinx-projects/knightrider_ip/knight_rd_tb/knight_rd_tb.sdk/test/Debug/test.elf' is downloaded to processor 'ps7_cortexa9_0'.
01:02:53 INFO  : 'configparams force-mem-access 0' command is executed.
01:02:53 INFO  : ----------------XSDB Script----------------
connect -url tcp:127.0.0.1:3121
source D:/xlinx-projects/knightrider_ip/knight_rd_tb/knight_rd_tb.sdk/knightrider_test_2_wrapper_hw_platform_0/ps7_init.tcl
targets -set -nocase -filter {name =~"APU*" && jtag_cable_name =~ "Digilent Zybo Z7 210351AF24E2A"} -index 0
loadhw -hw D:/xlinx-projects/knightrider_ip/knight_rd_tb/knight_rd_tb.sdk/knightrider_test_2_wrapper_hw_platform_0/system.hdf -mem-ranges [list {0x40000000 0xbfffffff}]
configparams force-mem-access 1
targets -set -nocase -filter {name =~"APU*" && jtag_cable_name =~ "Digilent Zybo Z7 210351AF24E2A"} -index 0
stop
ps7_init
ps7_post_config
targets -set -nocase -filter {name =~ "ARM*#0" && jtag_cable_name =~ "Digilent Zybo Z7 210351AF24E2A"} -index 0
rst -processor
targets -set -nocase -filter {name =~ "ARM*#0" && jtag_cable_name =~ "Digilent Zybo Z7 210351AF24E2A"} -index 0
dow D:/xlinx-projects/knightrider_ip/knight_rd_tb/knight_rd_tb.sdk/test/Debug/test.elf
configparams force-mem-access 0
----------------End of Script----------------

01:02:54 INFO  : Context for processor 'ps7_cortexa9_0' is selected.
01:02:54 INFO  : 'con' command is executed.
01:02:54 INFO  : ----------------XSDB Script (After Launch)----------------
targets -set -nocase -filter {name =~ "ARM*#0" && jtag_cable_name =~ "Digilent Zybo Z7 210351AF24E2A"} -index 0
con
----------------End of Script----------------

01:02:54 INFO  : Disconnected from the channel tcfchan#2.
01:07:14 INFO  : Registering command handlers for SDK TCF services
01:07:15 INFO  : Launching XSCT server: xsct.bat -interactive D:\xlinx-projects\knightrider_ip\knight_rd_tb\knight_rd_tb.sdk\temp_xsdb_launch_script.tcl
01:07:17 INFO  : XSCT server has started successfully.
01:07:17 INFO  : Successfully done setting XSCT server connection channel  
01:07:17 INFO  : Successfully done setting SDK workspace  
01:07:17 INFO  : Processing command line option -hwspec D:/xlinx-projects/knightrider_ip/knight_rd_tb/knight_rd_tb.sdk/knightrider_test_2_wrapper.hdf.
01:07:17 INFO  : Checking for hwspec changes in the project knightrider_test_2_wrapper_hw_platform_0.
01:07:20 INFO  : SDK has detected change in the last modified timestamps for source hardware specification file Source:1613430406816,  Project:1613429816255
01:07:20 INFO  : The hardware specification for project 'knightrider_test_2_wrapper_hw_platform_0' is different from D:/xlinx-projects/knightrider_ip/knight_rd_tb/knight_rd_tb.sdk/knightrider_test_2_wrapper.hdf.
01:07:20 INFO  : Copied contents of D:/xlinx-projects/knightrider_ip/knight_rd_tb/knight_rd_tb.sdk/knightrider_test_2_wrapper.hdf into \knightrider_test_2_wrapper_hw_platform_0\system.hdf.
01:07:24 INFO  : Synchronizing projects in the workspace with the hardware platform specification changes.
01:07:26 INFO  : 
01:07:26 INFO  : Updating hardware inferred compiler options for test.
01:07:26 INFO  : Clearing existing target manager status.
01:07:53 INFO  : Connected to target on host '127.0.0.1' and port '3121'.
01:07:55 INFO  : 'targets -set -filter {jtag_cable_name =~ "Digilent Zybo Z7 210351AF24E2A" && level==0} -index 1' command is executed.
01:07:57 INFO  : FPGA configured successfully with bitstream "D:/xlinx-projects/knightrider_ip/knight_rd_tb/knight_rd_tb.sdk/knightrider_test_2_wrapper_hw_platform_0/knightrider_test_2_wrapper.bit"
01:09:28 INFO  : Connected to target on host '127.0.0.1' and port '3121'.
01:09:28 INFO  : 'targets -set -filter {jtag_cable_name =~ "Digilent Zybo Z7 210351AF24E2A" && level==0} -index 1' command is executed.
01:09:29 INFO  : FPGA configured successfully with bitstream "D:/xlinx-projects/knightrider_ip/knight_rd_tb/knight_rd_tb.sdk/knightrider_test_2_wrapper_hw_platform_0/knightrider_test_2_wrapper.bit"
01:09:34 INFO  : 'targets -set -filter {jtag_cable_name =~ "Digilent Zybo Z7 210351AF24E2A" && level==0} -index 1' command is executed.
01:09:34 INFO  : 'fpga -state' command is executed.
01:09:34 INFO  : Connected to target on host '127.0.0.1' and port '3121'.
01:09:35 INFO  : Jtag cable 'Digilent Zybo Z7 210351AF24E2A' is selected.
01:09:35 INFO  : 'jtag frequency' command is executed.
01:09:35 INFO  : Sourcing of 'D:/xlinx-projects/knightrider_ip/knight_rd_tb/knight_rd_tb.sdk/knightrider_test_2_wrapper_hw_platform_0/ps7_init.tcl' is done.
01:09:35 INFO  : Context for 'APU' is selected.
01:09:35 INFO  : Hardware design information is loaded from 'D:/xlinx-projects/knightrider_ip/knight_rd_tb/knight_rd_tb.sdk/knightrider_test_2_wrapper_hw_platform_0/system.hdf'.
01:09:35 INFO  : 'configparams force-mem-access 1' command is executed.
01:09:35 INFO  : Context for 'APU' is selected.
01:09:35 INFO  : 'stop' command is executed.
01:09:35 INFO  : 'ps7_init' command is executed.
01:09:35 INFO  : 'ps7_post_config' command is executed.
01:09:35 INFO  : Context for processor 'ps7_cortexa9_0' is selected.
01:09:35 INFO  : Processor reset is completed for 'ps7_cortexa9_0'.
01:09:35 INFO  : Context for processor 'ps7_cortexa9_0' is selected.
01:09:36 INFO  : The application 'D:/xlinx-projects/knightrider_ip/knight_rd_tb/knight_rd_tb.sdk/test2/Debug/test2.elf' is downloaded to processor 'ps7_cortexa9_0'.
01:09:36 INFO  : 'configparams force-mem-access 0' command is executed.
01:09:36 INFO  : ----------------XSDB Script----------------
connect -url tcp:127.0.0.1:3121
source D:/xlinx-projects/knightrider_ip/knight_rd_tb/knight_rd_tb.sdk/knightrider_test_2_wrapper_hw_platform_0/ps7_init.tcl
targets -set -nocase -filter {name =~"APU*" && jtag_cable_name =~ "Digilent Zybo Z7 210351AF24E2A"} -index 0
loadhw -hw D:/xlinx-projects/knightrider_ip/knight_rd_tb/knight_rd_tb.sdk/knightrider_test_2_wrapper_hw_platform_0/system.hdf -mem-ranges [list {0x40000000 0xbfffffff}]
configparams force-mem-access 1
targets -set -nocase -filter {name =~"APU*" && jtag_cable_name =~ "Digilent Zybo Z7 210351AF24E2A"} -index 0
stop
ps7_init
ps7_post_config
targets -set -nocase -filter {name =~ "ARM*#0" && jtag_cable_name =~ "Digilent Zybo Z7 210351AF24E2A"} -index 0
rst -processor
targets -set -nocase -filter {name =~ "ARM*#0" && jtag_cable_name =~ "Digilent Zybo Z7 210351AF24E2A"} -index 0
dow D:/xlinx-projects/knightrider_ip/knight_rd_tb/knight_rd_tb.sdk/test2/Debug/test2.elf
configparams force-mem-access 0
----------------End of Script----------------

01:09:36 INFO  : Context for processor 'ps7_cortexa9_0' is selected.
01:09:36 INFO  : 'con' command is executed.
01:09:36 INFO  : ----------------XSDB Script (After Launch)----------------
targets -set -nocase -filter {name =~ "ARM*#0" && jtag_cable_name =~ "Digilent Zybo Z7 210351AF24E2A"} -index 0
con
----------------End of Script----------------

01:09:36 INFO  : Disconnected from the channel tcfchan#1.
