22:08:59 **** Incremental Build of configuration Debug for project sws_state_machine ****
make pre-build main-build 
a9-linaro-pre-build-step
' '
make: Nothing to be done for 'main-build'.
22:09:05 **** Incremental Build of configuration Debug for project sws_state_machine ****
make pre-build main-build 
a9-linaro-pre-build-step
' '
make: Nothing to be done for 'main-build'.
22:22:45 **** Incremental Build of configuration Debug for project sws_state_machine ****
make pre-build main-build 
a9-linaro-pre-build-step
' '
make: Nothing to be done for 'main-build'.
22:23:59 **** Incremental Build of configuration Debug for project sws_state_machine ****
make pre-build main-build 
a9-linaro-pre-build-step
' '
make: Nothing to be done for 'main-build'.
