00:03:54 INFO  : Registering command handlers for SDK TCF services
00:03:55 INFO  : Launching XSCT server: xsct.bat -interactive D:\xlinx-projects\snoop_controller_timer\snoop_controller_timer.sdk\temp_xsdb_launch_script.tcl
00:03:58 INFO  : XSCT server has started successfully.
00:03:59 INFO  : Successfully done setting XSCT server connection channel  
00:03:59 INFO  : Successfully done setting SDK workspace  
00:03:59 INFO  : Processing command line option -hwspec D:/xlinx-projects/snoop_controller_timer/snoop_controller_timer.sdk/scutimer_wrapper.hdf.
00:12:13 INFO  : Connected to target on host '127.0.0.1' and port '3121'.
00:12:14 INFO  : Jtag cable 'Digilent Zybo Z7 210351AF24E2A' is selected.
00:12:14 INFO  : 'jtag frequency' command is executed.
00:12:14 INFO  : Sourcing of 'D:/xlinx-projects/snoop_controller_timer/snoop_controller_timer.sdk/scutimer_wrapper_hw_platform_0/ps7_init.tcl' is done.
00:12:15 INFO  : Context for 'APU' is selected.
00:12:15 INFO  : Hardware design information is loaded from 'D:/xlinx-projects/snoop_controller_timer/snoop_controller_timer.sdk/scutimer_wrapper_hw_platform_0/system.hdf'.
00:12:15 INFO  : 'configparams force-mem-access 1' command is executed.
00:12:16 INFO  : Context for 'APU' is selected.
00:12:16 INFO  : 'stop' command is executed.
00:12:17 INFO  : 'ps7_init' command is executed.
00:12:17 INFO  : 'ps7_post_config' command is executed.
00:12:18 INFO  : Context for processor 'ps7_cortexa9_0' is selected.
00:12:18 INFO  : Processor reset is completed for 'ps7_cortexa9_0'.
00:12:18 INFO  : Context for processor 'ps7_cortexa9_0' is selected.
00:12:19 INFO  : The application 'D:/xlinx-projects/snoop_controller_timer/snoop_controller_timer.sdk/test/Debug/test.elf' is downloaded to processor 'ps7_cortexa9_0'.
00:12:19 INFO  : 'configparams force-mem-access 0' command is executed.
00:12:19 INFO  : ----------------XSDB Script----------------
connect -url tcp:127.0.0.1:3121
source D:/xlinx-projects/snoop_controller_timer/snoop_controller_timer.sdk/scutimer_wrapper_hw_platform_0/ps7_init.tcl
targets -set -nocase -filter {name =~"APU*" && jtag_cable_name =~ "Digilent Zybo Z7 210351AF24E2A"} -index 0
loadhw -hw D:/xlinx-projects/snoop_controller_timer/snoop_controller_timer.sdk/scutimer_wrapper_hw_platform_0/system.hdf -mem-ranges [list {0x40000000 0xbfffffff}]
configparams force-mem-access 1
targets -set -nocase -filter {name =~"APU*" && jtag_cable_name =~ "Digilent Zybo Z7 210351AF24E2A"} -index 0
stop
ps7_init
ps7_post_config
targets -set -nocase -filter {name =~ "ARM*#0" && jtag_cable_name =~ "Digilent Zybo Z7 210351AF24E2A"} -index 0
rst -processor
targets -set -nocase -filter {name =~ "ARM*#0" && jtag_cable_name =~ "Digilent Zybo Z7 210351AF24E2A"} -index 0
dow D:/xlinx-projects/snoop_controller_timer/snoop_controller_timer.sdk/test/Debug/test.elf
configparams force-mem-access 0
----------------End of Script----------------

00:12:19 INFO  : Context for processor 'ps7_cortexa9_0' is selected.
00:12:20 INFO  : 'con' command is executed.
00:12:20 INFO  : ----------------XSDB Script (After Launch)----------------
targets -set -nocase -filter {name =~ "ARM*#0" && jtag_cable_name =~ "Digilent Zybo Z7 210351AF24E2A"} -index 0
con
----------------End of Script----------------

00:12:20 INFO  : Disconnected from the channel tcfchan#1.
00:13:37 INFO  : Connected to target on host '127.0.0.1' and port '3121'.
00:13:38 INFO  : Jtag cable 'Digilent Zybo Z7 210351AF24E2A' is selected.
00:13:38 INFO  : 'jtag frequency' command is executed.
00:13:38 INFO  : Sourcing of 'D:/xlinx-projects/snoop_controller_timer/snoop_controller_timer.sdk/scutimer_wrapper_hw_platform_0/ps7_init.tcl' is done.
00:13:38 INFO  : Context for 'APU' is selected.
00:13:38 INFO  : Hardware design information is loaded from 'D:/xlinx-projects/snoop_controller_timer/snoop_controller_timer.sdk/scutimer_wrapper_hw_platform_0/system.hdf'.
00:13:38 INFO  : 'configparams force-mem-access 1' command is executed.
00:13:38 INFO  : Context for 'APU' is selected.
00:13:38 INFO  : 'stop' command is executed.
00:13:38 INFO  : 'ps7_init' command is executed.
00:13:38 INFO  : 'ps7_post_config' command is executed.
00:13:38 INFO  : Context for processor 'ps7_cortexa9_0' is selected.
00:13:38 INFO  : Processor reset is completed for 'ps7_cortexa9_0'.
00:13:39 INFO  : Context for processor 'ps7_cortexa9_0' is selected.
00:13:39 INFO  : The application 'D:/xlinx-projects/snoop_controller_timer/snoop_controller_timer.sdk/test/Debug/test.elf' is downloaded to processor 'ps7_cortexa9_0'.
00:13:39 INFO  : 'configparams force-mem-access 0' command is executed.
00:13:39 INFO  : ----------------XSDB Script----------------
connect -url tcp:127.0.0.1:3121
source D:/xlinx-projects/snoop_controller_timer/snoop_controller_timer.sdk/scutimer_wrapper_hw_platform_0/ps7_init.tcl
targets -set -nocase -filter {name =~"APU*" && jtag_cable_name =~ "Digilent Zybo Z7 210351AF24E2A"} -index 0
loadhw -hw D:/xlinx-projects/snoop_controller_timer/snoop_controller_timer.sdk/scutimer_wrapper_hw_platform_0/system.hdf -mem-ranges [list {0x40000000 0xbfffffff}]
configparams force-mem-access 1
targets -set -nocase -filter {name =~"APU*" && jtag_cable_name =~ "Digilent Zybo Z7 210351AF24E2A"} -index 0
stop
ps7_init
ps7_post_config
targets -set -nocase -filter {name =~ "ARM*#0" && jtag_cable_name =~ "Digilent Zybo Z7 210351AF24E2A"} -index 0
rst -processor
targets -set -nocase -filter {name =~ "ARM*#0" && jtag_cable_name =~ "Digilent Zybo Z7 210351AF24E2A"} -index 0
dow D:/xlinx-projects/snoop_controller_timer/snoop_controller_timer.sdk/test/Debug/test.elf
configparams force-mem-access 0
----------------End of Script----------------

00:13:39 INFO  : Context for processor 'ps7_cortexa9_0' is selected.
00:13:39 INFO  : 'con' command is executed.
00:13:39 INFO  : ----------------XSDB Script (After Launch)----------------
targets -set -nocase -filter {name =~ "ARM*#0" && jtag_cable_name =~ "Digilent Zybo Z7 210351AF24E2A"} -index 0
con
----------------End of Script----------------

00:13:39 INFO  : Disconnected from the channel tcfchan#2.
00:13:40 INFO  : Connected to target on host '127.0.0.1' and port '3121'.
00:13:50 INFO  : ----------------XSDB Script----------------
connect -url tcp:127.0.0.1:3121
----------------End of Script----------------

