15:17:25 INFO  : Registering command handlers for SDK TCF services
15:17:26 INFO  : Launching XSCT server: xsct.bat -interactive D:\xlinx-projects\dma_transfer\dma_transfer.sdk\temp_xsdb_launch_script.tcl
15:17:31 INFO  : XSCT server has started successfully.
15:17:35 INFO  : Successfully done setting XSCT server connection channel  
15:17:35 INFO  : Processing command line option -hwspec D:/xlinx-projects/dma_transfer/dma_transfer.sdk/dma_design_wrapper.hdf.
15:17:35 INFO  : Successfully done setting SDK workspace  
15:36:54 INFO  : Connected to target on host '127.0.0.1' and port '3121'.
15:36:55 INFO  : 'targets -set -filter {jtag_cable_name =~ "Digilent Zybo Z7 210351AF24E2A" && level==0} -index 1' command is executed.
15:36:56 INFO  : FPGA configured successfully with bitstream "D:/xlinx-projects/dma_transfer/dma_transfer.sdk/dma_design_wrapper_hw_platform_0/dma_design_wrapper.bit"
15:37:10 INFO  : 'targets -set -filter {jtag_cable_name =~ "Digilent Zybo Z7 210351AF24E2A" && level==0} -index 1' command is executed.
15:37:10 INFO  : 'fpga -state' command is executed.
15:37:10 INFO  : Connected to target on host '127.0.0.1' and port '3121'.
15:37:10 INFO  : Jtag cable 'Digilent Zybo Z7 210351AF24E2A' is selected.
15:37:10 INFO  : 'jtag frequency' command is executed.
15:37:10 INFO  : Sourcing of 'D:/xlinx-projects/dma_transfer/dma_transfer.sdk/dma_design_wrapper_hw_platform_0/ps7_init.tcl' is done.
15:37:10 INFO  : Context for 'APU' is selected.
15:37:11 INFO  : Hardware design information is loaded from 'D:/xlinx-projects/dma_transfer/dma_transfer.sdk/dma_design_wrapper_hw_platform_0/system.hdf'.
15:37:11 INFO  : 'configparams force-mem-access 1' command is executed.
15:37:11 INFO  : Context for 'APU' is selected.
15:37:11 INFO  : 'stop' command is executed.
15:37:11 INFO  : 'ps7_init' command is executed.
15:37:11 INFO  : 'ps7_post_config' command is executed.
15:37:11 INFO  : Context for processor 'ps7_cortexa9_0' is selected.
15:37:11 INFO  : Processor reset is completed for 'ps7_cortexa9_0'.
15:37:11 INFO  : Context for processor 'ps7_cortexa9_0' is selected.
15:37:12 INFO  : The application 'D:/xlinx-projects/dma_transfer/dma_transfer.sdk/testapp/Debug/testapp.elf' is downloaded to processor 'ps7_cortexa9_0'.
15:37:12 INFO  : 'configparams force-mem-access 0' command is executed.
15:37:12 INFO  : ----------------XSDB Script----------------
connect -url tcp:127.0.0.1:3121
source D:/xlinx-projects/dma_transfer/dma_transfer.sdk/dma_design_wrapper_hw_platform_0/ps7_init.tcl
targets -set -nocase -filter {name =~"APU*" && jtag_cable_name =~ "Digilent Zybo Z7 210351AF24E2A"} -index 0
loadhw -hw D:/xlinx-projects/dma_transfer/dma_transfer.sdk/dma_design_wrapper_hw_platform_0/system.hdf -mem-ranges [list {0x40000000 0xbfffffff}]
configparams force-mem-access 1
targets -set -nocase -filter {name =~"APU*" && jtag_cable_name =~ "Digilent Zybo Z7 210351AF24E2A"} -index 0
stop
ps7_init
ps7_post_config
targets -set -nocase -filter {name =~ "ARM*#0" && jtag_cable_name =~ "Digilent Zybo Z7 210351AF24E2A"} -index 0
rst -processor
targets -set -nocase -filter {name =~ "ARM*#0" && jtag_cable_name =~ "Digilent Zybo Z7 210351AF24E2A"} -index 0
dow D:/xlinx-projects/dma_transfer/dma_transfer.sdk/testapp/Debug/testapp.elf
configparams force-mem-access 0
----------------End of Script----------------

15:37:12 INFO  : Context for processor 'ps7_cortexa9_0' is selected.
15:37:12 INFO  : 'con' command is executed.
15:37:12 INFO  : ----------------XSDB Script (After Launch)----------------
targets -set -nocase -filter {name =~ "ARM*#0" && jtag_cable_name =~ "Digilent Zybo Z7 210351AF24E2A"} -index 0
con
----------------End of Script----------------

15:37:12 INFO  : Disconnected from the channel tcfchan#1.
15:39:35 INFO  : 'targets -set -filter {jtag_cable_name =~ "Digilent Zybo Z7 210351AF24E2A" && level==0} -index 1' command is executed.
15:39:35 INFO  : 'fpga -state' command is executed.
15:39:35 INFO  : Connected to target on host '127.0.0.1' and port '3121'.
15:39:36 INFO  : Jtag cable 'Digilent Zybo Z7 210351AF24E2A' is selected.
15:39:36 INFO  : 'jtag frequency' command is executed.
15:39:36 INFO  : Sourcing of 'D:/xlinx-projects/dma_transfer/dma_transfer.sdk/dma_design_wrapper_hw_platform_0/ps7_init.tcl' is done.
15:39:36 INFO  : Context for 'APU' is selected.
15:39:36 INFO  : Hardware design information is loaded from 'D:/xlinx-projects/dma_transfer/dma_transfer.sdk/dma_design_wrapper_hw_platform_0/system.hdf'.
15:39:36 INFO  : 'configparams force-mem-access 1' command is executed.
15:39:36 INFO  : Context for 'APU' is selected.
15:39:36 INFO  : 'stop' command is executed.
15:39:37 INFO  : 'ps7_init' command is executed.
15:39:37 INFO  : 'ps7_post_config' command is executed.
15:39:37 INFO  : Context for processor 'ps7_cortexa9_0' is selected.
15:39:37 INFO  : Processor reset is completed for 'ps7_cortexa9_0'.
15:39:37 INFO  : Context for processor 'ps7_cortexa9_0' is selected.
15:39:37 INFO  : The application 'D:/xlinx-projects/dma_transfer/dma_transfer.sdk/testapp/Debug/testapp.elf' is downloaded to processor 'ps7_cortexa9_0'.
15:39:37 INFO  : 'configparams force-mem-access 0' command is executed.
15:39:37 INFO  : ----------------XSDB Script----------------
connect -url tcp:127.0.0.1:3121
source D:/xlinx-projects/dma_transfer/dma_transfer.sdk/dma_design_wrapper_hw_platform_0/ps7_init.tcl
targets -set -nocase -filter {name =~"APU*" && jtag_cable_name =~ "Digilent Zybo Z7 210351AF24E2A"} -index 0
loadhw -hw D:/xlinx-projects/dma_transfer/dma_transfer.sdk/dma_design_wrapper_hw_platform_0/system.hdf -mem-ranges [list {0x40000000 0xbfffffff}]
configparams force-mem-access 1
targets -set -nocase -filter {name =~"APU*" && jtag_cable_name =~ "Digilent Zybo Z7 210351AF24E2A"} -index 0
stop
ps7_init
ps7_post_config
targets -set -nocase -filter {name =~ "ARM*#0" && jtag_cable_name =~ "Digilent Zybo Z7 210351AF24E2A"} -index 0
rst -processor
targets -set -nocase -filter {name =~ "ARM*#0" && jtag_cable_name =~ "Digilent Zybo Z7 210351AF24E2A"} -index 0
dow D:/xlinx-projects/dma_transfer/dma_transfer.sdk/testapp/Debug/testapp.elf
configparams force-mem-access 0
----------------End of Script----------------

15:39:37 INFO  : Context for processor 'ps7_cortexa9_0' is selected.
15:39:37 INFO  : 'con' command is executed.
15:39:37 INFO  : ----------------XSDB Script (After Launch)----------------
targets -set -nocase -filter {name =~ "ARM*#0" && jtag_cable_name =~ "Digilent Zybo Z7 210351AF24E2A"} -index 0
con
----------------End of Script----------------

15:39:37 INFO  : Disconnected from the channel tcfchan#2.
16:30:37 INFO  : Registering command handlers for SDK TCF services
16:30:37 INFO  : Launching XSCT server: xsct.bat -interactive D:\xlinx-projects\dma_transfer\dma_transfer.sdk\temp_xsdb_launch_script.tcl
16:30:41 INFO  : XSCT server has started successfully.
16:30:41 INFO  : Successfully done setting XSCT server connection channel  
16:30:41 INFO  : Processing command line option -hwspec D:/xlinx-projects/dma_transfer/dma_transfer.sdk/dma_design_wrapper.hdf.
16:30:41 INFO  : Successfully done setting SDK workspace  
16:30:41 INFO  : Checking for hwspec changes in the project dma_design_wrapper_hw_platform_0.
16:30:46 INFO  : SDK has detected change in the last modified timestamps for source hardware specification file Source:1613572204221,  Project:1613567495522
16:30:46 INFO  : The hardware specification for project 'dma_design_wrapper_hw_platform_0' is different from D:/xlinx-projects/dma_transfer/dma_transfer.sdk/dma_design_wrapper.hdf.
16:30:46 INFO  : Copied contents of D:/xlinx-projects/dma_transfer/dma_transfer.sdk/dma_design_wrapper.hdf into \dma_design_wrapper_hw_platform_0\system.hdf.
16:30:50 INFO  : Synchronizing projects in the workspace with the hardware platform specification changes.
16:30:55 INFO  : 
16:30:55 INFO  : Updating hardware inferred compiler options for testapp.
16:30:56 INFO  : Clearing existing target manager status.
16:33:22 INFO  : 'targets -set -filter {jtag_cable_name =~ "Digilent Zybo Z7 210351AF24E2A" && level==0} -index 1' command is executed.
16:33:22 INFO  : 'fpga -state' command is executed.
16:33:43 INFO  : Connected to target on host '127.0.0.1' and port '3121'.
16:33:43 INFO  : 'targets -set -filter {jtag_cable_name =~ "Digilent Zybo Z7 210351AF24E2A" && level==0} -index 1' command is executed.
16:33:45 INFO  : FPGA configured successfully with bitstream "D:/xlinx-projects/dma_transfer/dma_transfer.sdk/dma_design_wrapper_hw_platform_0/dma_design_wrapper.bit"
16:33:51 INFO  : 'targets -set -filter {jtag_cable_name =~ "Digilent Zybo Z7 210351AF24E2A" && level==0} -index 1' command is executed.
16:33:51 INFO  : 'fpga -state' command is executed.
16:33:51 INFO  : Connected to target on host '127.0.0.1' and port '3121'.
16:33:51 INFO  : Jtag cable 'Digilent Zybo Z7 210351AF24E2A' is selected.
16:33:52 INFO  : 'jtag frequency' command is executed.
16:33:52 INFO  : Sourcing of 'D:/xlinx-projects/dma_transfer/dma_transfer.sdk/dma_design_wrapper_hw_platform_0/ps7_init.tcl' is done.
16:33:52 INFO  : Context for 'APU' is selected.
16:33:52 INFO  : Hardware design information is loaded from 'D:/xlinx-projects/dma_transfer/dma_transfer.sdk/dma_design_wrapper_hw_platform_0/system.hdf'.
16:33:52 INFO  : 'configparams force-mem-access 1' command is executed.
16:33:52 INFO  : Context for 'APU' is selected.
16:33:52 INFO  : 'stop' command is executed.
16:33:53 INFO  : 'ps7_init' command is executed.
16:33:53 INFO  : 'ps7_post_config' command is executed.
16:33:53 INFO  : Context for processor 'ps7_cortexa9_0' is selected.
16:33:53 INFO  : Processor reset is completed for 'ps7_cortexa9_0'.
16:33:53 INFO  : Context for processor 'ps7_cortexa9_0' is selected.
16:33:53 INFO  : The application 'D:/xlinx-projects/dma_transfer/dma_transfer.sdk/testapp/Debug/testapp.elf' is downloaded to processor 'ps7_cortexa9_0'.
16:33:53 INFO  : 'configparams force-mem-access 0' command is executed.
16:33:53 INFO  : ----------------XSDB Script----------------
connect -url tcp:127.0.0.1:3121
source D:/xlinx-projects/dma_transfer/dma_transfer.sdk/dma_design_wrapper_hw_platform_0/ps7_init.tcl
targets -set -nocase -filter {name =~"APU*" && jtag_cable_name =~ "Digilent Zybo Z7 210351AF24E2A"} -index 0
loadhw -hw D:/xlinx-projects/dma_transfer/dma_transfer.sdk/dma_design_wrapper_hw_platform_0/system.hdf -mem-ranges [list {0x40000000 0xbfffffff}]
configparams force-mem-access 1
targets -set -nocase -filter {name =~"APU*" && jtag_cable_name =~ "Digilent Zybo Z7 210351AF24E2A"} -index 0
stop
ps7_init
ps7_post_config
targets -set -nocase -filter {name =~ "ARM*#0" && jtag_cable_name =~ "Digilent Zybo Z7 210351AF24E2A"} -index 0
rst -processor
targets -set -nocase -filter {name =~ "ARM*#0" && jtag_cable_name =~ "Digilent Zybo Z7 210351AF24E2A"} -index 0
dow D:/xlinx-projects/dma_transfer/dma_transfer.sdk/testapp/Debug/testapp.elf
configparams force-mem-access 0
----------------End of Script----------------

16:33:53 INFO  : Context for processor 'ps7_cortexa9_0' is selected.
16:33:53 INFO  : 'con' command is executed.
16:33:53 INFO  : ----------------XSDB Script (After Launch)----------------
targets -set -nocase -filter {name =~ "ARM*#0" && jtag_cable_name =~ "Digilent Zybo Z7 210351AF24E2A"} -index 0
con
----------------End of Script----------------

16:33:53 INFO  : Disconnected from the channel tcfchan#1.
16:35:22 INFO  : 'targets -set -filter {jtag_cable_name =~ "Digilent Zybo Z7 210351AF24E2A" && level==0} -index 1' command is executed.
16:35:22 INFO  : 'fpga -state' command is executed.
16:35:22 INFO  : Connected to target on host '127.0.0.1' and port '3121'.
16:35:23 INFO  : Jtag cable 'Digilent Zybo Z7 210351AF24E2A' is selected.
16:35:23 INFO  : 'jtag frequency' command is executed.
16:35:23 INFO  : Sourcing of 'D:/xlinx-projects/dma_transfer/dma_transfer.sdk/dma_design_wrapper_hw_platform_0/ps7_init.tcl' is done.
16:35:23 INFO  : Context for 'APU' is selected.
16:35:23 INFO  : Hardware design information is loaded from 'D:/xlinx-projects/dma_transfer/dma_transfer.sdk/dma_design_wrapper_hw_platform_0/system.hdf'.
16:35:23 INFO  : 'configparams force-mem-access 1' command is executed.
16:35:23 INFO  : Context for 'APU' is selected.
16:35:23 INFO  : 'stop' command is executed.
16:35:24 INFO  : 'ps7_init' command is executed.
16:35:24 INFO  : 'ps7_post_config' command is executed.
16:35:24 INFO  : Context for processor 'ps7_cortexa9_0' is selected.
16:35:24 INFO  : Processor reset is completed for 'ps7_cortexa9_0'.
16:35:24 INFO  : Context for processor 'ps7_cortexa9_0' is selected.
16:35:24 INFO  : The application 'D:/xlinx-projects/dma_transfer/dma_transfer.sdk/testapp/Debug/testapp.elf' is downloaded to processor 'ps7_cortexa9_0'.
16:35:24 INFO  : 'configparams force-mem-access 0' command is executed.
16:35:24 INFO  : ----------------XSDB Script----------------
connect -url tcp:127.0.0.1:3121
source D:/xlinx-projects/dma_transfer/dma_transfer.sdk/dma_design_wrapper_hw_platform_0/ps7_init.tcl
targets -set -nocase -filter {name =~"APU*" && jtag_cable_name =~ "Digilent Zybo Z7 210351AF24E2A"} -index 0
loadhw -hw D:/xlinx-projects/dma_transfer/dma_transfer.sdk/dma_design_wrapper_hw_platform_0/system.hdf -mem-ranges [list {0x40000000 0xbfffffff}]
configparams force-mem-access 1
targets -set -nocase -filter {name =~"APU*" && jtag_cable_name =~ "Digilent Zybo Z7 210351AF24E2A"} -index 0
stop
ps7_init
ps7_post_config
targets -set -nocase -filter {name =~ "ARM*#0" && jtag_cable_name =~ "Digilent Zybo Z7 210351AF24E2A"} -index 0
rst -processor
targets -set -nocase -filter {name =~ "ARM*#0" && jtag_cable_name =~ "Digilent Zybo Z7 210351AF24E2A"} -index 0
dow D:/xlinx-projects/dma_transfer/dma_transfer.sdk/testapp/Debug/testapp.elf
configparams force-mem-access 0
----------------End of Script----------------

16:35:24 INFO  : Context for processor 'ps7_cortexa9_0' is selected.
16:35:24 INFO  : 'con' command is executed.
16:35:24 INFO  : ----------------XSDB Script (After Launch)----------------
targets -set -nocase -filter {name =~ "ARM*#0" && jtag_cable_name =~ "Digilent Zybo Z7 210351AF24E2A"} -index 0
con
----------------End of Script----------------

16:35:24 INFO  : Disconnected from the channel tcfchan#2.
16:36:42 INFO  : 'targets -set -filter {jtag_cable_name =~ "Digilent Zybo Z7 210351AF24E2A" && level==0} -index 1' command is executed.
16:36:43 INFO  : 'fpga -state' command is executed.
16:36:43 INFO  : Connected to target on host '127.0.0.1' and port '3121'.
16:36:43 INFO  : Jtag cable 'Digilent Zybo Z7 210351AF24E2A' is selected.
16:36:43 INFO  : 'jtag frequency' command is executed.
16:36:43 INFO  : Sourcing of 'D:/xlinx-projects/dma_transfer/dma_transfer.sdk/dma_design_wrapper_hw_platform_0/ps7_init.tcl' is done.
16:36:43 INFO  : Context for 'APU' is selected.
16:36:43 INFO  : Hardware design information is loaded from 'D:/xlinx-projects/dma_transfer/dma_transfer.sdk/dma_design_wrapper_hw_platform_0/system.hdf'.
16:36:43 INFO  : 'configparams force-mem-access 1' command is executed.
16:36:43 INFO  : Context for 'APU' is selected.
16:36:43 INFO  : 'stop' command is executed.
16:36:44 INFO  : 'ps7_init' command is executed.
16:36:44 INFO  : 'ps7_post_config' command is executed.
16:36:44 INFO  : Context for processor 'ps7_cortexa9_0' is selected.
16:36:44 INFO  : Processor reset is completed for 'ps7_cortexa9_0'.
16:36:44 INFO  : Context for processor 'ps7_cortexa9_0' is selected.
16:36:45 INFO  : The application 'D:/xlinx-projects/dma_transfer/dma_transfer.sdk/testapp/Debug/testapp.elf' is downloaded to processor 'ps7_cortexa9_0'.
16:36:45 INFO  : 'configparams force-mem-access 0' command is executed.
16:36:45 INFO  : ----------------XSDB Script----------------
connect -url tcp:127.0.0.1:3121
source D:/xlinx-projects/dma_transfer/dma_transfer.sdk/dma_design_wrapper_hw_platform_0/ps7_init.tcl
targets -set -nocase -filter {name =~"APU*" && jtag_cable_name =~ "Digilent Zybo Z7 210351AF24E2A"} -index 0
loadhw -hw D:/xlinx-projects/dma_transfer/dma_transfer.sdk/dma_design_wrapper_hw_platform_0/system.hdf -mem-ranges [list {0x40000000 0xbfffffff}]
configparams force-mem-access 1
targets -set -nocase -filter {name =~"APU*" && jtag_cable_name =~ "Digilent Zybo Z7 210351AF24E2A"} -index 0
stop
ps7_init
ps7_post_config
targets -set -nocase -filter {name =~ "ARM*#0" && jtag_cable_name =~ "Digilent Zybo Z7 210351AF24E2A"} -index 0
rst -processor
targets -set -nocase -filter {name =~ "ARM*#0" && jtag_cable_name =~ "Digilent Zybo Z7 210351AF24E2A"} -index 0
dow D:/xlinx-projects/dma_transfer/dma_transfer.sdk/testapp/Debug/testapp.elf
configparams force-mem-access 0
----------------End of Script----------------

16:36:45 INFO  : Context for processor 'ps7_cortexa9_0' is selected.
16:36:45 INFO  : 'con' command is executed.
16:36:45 INFO  : ----------------XSDB Script (After Launch)----------------
targets -set -nocase -filter {name =~ "ARM*#0" && jtag_cable_name =~ "Digilent Zybo Z7 210351AF24E2A"} -index 0
con
----------------End of Script----------------

16:36:45 INFO  : Disconnected from the channel tcfchan#3.
16:39:29 INFO  : 'targets -set -filter {jtag_cable_name =~ "Digilent Zybo Z7 210351AF24E2A" && level==0} -index 1' command is executed.
16:39:29 INFO  : 'fpga -state' command is executed.
16:39:29 INFO  : Connected to target on host '127.0.0.1' and port '3121'.
16:39:30 INFO  : Jtag cable 'Digilent Zybo Z7 210351AF24E2A' is selected.
16:39:30 INFO  : 'jtag frequency' command is executed.
16:39:30 INFO  : Sourcing of 'D:/xlinx-projects/dma_transfer/dma_transfer.sdk/dma_design_wrapper_hw_platform_0/ps7_init.tcl' is done.
16:39:30 INFO  : Context for 'APU' is selected.
16:39:30 INFO  : Hardware design information is loaded from 'D:/xlinx-projects/dma_transfer/dma_transfer.sdk/dma_design_wrapper_hw_platform_0/system.hdf'.
16:39:30 INFO  : 'configparams force-mem-access 1' command is executed.
16:39:30 INFO  : Context for 'APU' is selected.
16:39:30 INFO  : 'stop' command is executed.
16:39:31 INFO  : 'ps7_init' command is executed.
16:39:31 INFO  : 'ps7_post_config' command is executed.
16:39:31 INFO  : Context for processor 'ps7_cortexa9_0' is selected.
16:39:31 INFO  : Processor reset is completed for 'ps7_cortexa9_0'.
16:39:31 INFO  : Context for processor 'ps7_cortexa9_0' is selected.
16:39:31 INFO  : The application 'D:/xlinx-projects/dma_transfer/dma_transfer.sdk/testapp/Debug/testapp.elf' is downloaded to processor 'ps7_cortexa9_0'.
16:39:31 INFO  : 'configparams force-mem-access 0' command is executed.
16:39:31 INFO  : ----------------XSDB Script----------------
connect -url tcp:127.0.0.1:3121
source D:/xlinx-projects/dma_transfer/dma_transfer.sdk/dma_design_wrapper_hw_platform_0/ps7_init.tcl
targets -set -nocase -filter {name =~"APU*" && jtag_cable_name =~ "Digilent Zybo Z7 210351AF24E2A"} -index 0
loadhw -hw D:/xlinx-projects/dma_transfer/dma_transfer.sdk/dma_design_wrapper_hw_platform_0/system.hdf -mem-ranges [list {0x40000000 0xbfffffff}]
configparams force-mem-access 1
targets -set -nocase -filter {name =~"APU*" && jtag_cable_name =~ "Digilent Zybo Z7 210351AF24E2A"} -index 0
stop
ps7_init
ps7_post_config
targets -set -nocase -filter {name =~ "ARM*#0" && jtag_cable_name =~ "Digilent Zybo Z7 210351AF24E2A"} -index 0
rst -processor
targets -set -nocase -filter {name =~ "ARM*#0" && jtag_cable_name =~ "Digilent Zybo Z7 210351AF24E2A"} -index 0
dow D:/xlinx-projects/dma_transfer/dma_transfer.sdk/testapp/Debug/testapp.elf
configparams force-mem-access 0
----------------End of Script----------------

16:39:31 INFO  : Context for processor 'ps7_cortexa9_0' is selected.
16:39:31 INFO  : 'con' command is executed.
16:39:31 INFO  : ----------------XSDB Script (After Launch)----------------
targets -set -nocase -filter {name =~ "ARM*#0" && jtag_cable_name =~ "Digilent Zybo Z7 210351AF24E2A"} -index 0
con
----------------End of Script----------------

16:39:31 INFO  : Disconnected from the channel tcfchan#4.
16:43:39 INFO  : 'targets -set -filter {jtag_cable_name =~ "Digilent Zybo Z7 210351AF24E2A" && level==0} -index 1' command is executed.
16:43:39 INFO  : 'fpga -state' command is executed.
16:43:39 INFO  : Connected to target on host '127.0.0.1' and port '3121'.
16:43:39 INFO  : Jtag cable 'Digilent Zybo Z7 210351AF24E2A' is selected.
16:43:39 INFO  : 'jtag frequency' command is executed.
16:43:39 INFO  : Sourcing of 'D:/xlinx-projects/dma_transfer/dma_transfer.sdk/dma_design_wrapper_hw_platform_0/ps7_init.tcl' is done.
16:43:39 INFO  : Context for 'APU' is selected.
16:43:39 INFO  : Hardware design information is loaded from 'D:/xlinx-projects/dma_transfer/dma_transfer.sdk/dma_design_wrapper_hw_platform_0/system.hdf'.
16:43:39 INFO  : 'configparams force-mem-access 1' command is executed.
16:43:39 INFO  : Context for 'APU' is selected.
16:43:39 INFO  : 'stop' command is executed.
16:43:40 INFO  : 'ps7_init' command is executed.
16:43:40 INFO  : 'ps7_post_config' command is executed.
16:43:40 INFO  : Context for processor 'ps7_cortexa9_0' is selected.
16:43:40 INFO  : Processor reset is completed for 'ps7_cortexa9_0'.
16:43:40 INFO  : Context for processor 'ps7_cortexa9_0' is selected.
16:43:40 INFO  : The application 'D:/xlinx-projects/dma_transfer/dma_transfer.sdk/testapp/Debug/testapp.elf' is downloaded to processor 'ps7_cortexa9_0'.
16:43:40 INFO  : 'configparams force-mem-access 0' command is executed.
16:43:40 INFO  : ----------------XSDB Script----------------
connect -url tcp:127.0.0.1:3121
source D:/xlinx-projects/dma_transfer/dma_transfer.sdk/dma_design_wrapper_hw_platform_0/ps7_init.tcl
targets -set -nocase -filter {name =~"APU*" && jtag_cable_name =~ "Digilent Zybo Z7 210351AF24E2A"} -index 0
loadhw -hw D:/xlinx-projects/dma_transfer/dma_transfer.sdk/dma_design_wrapper_hw_platform_0/system.hdf -mem-ranges [list {0x40000000 0xbfffffff}]
configparams force-mem-access 1
targets -set -nocase -filter {name =~"APU*" && jtag_cable_name =~ "Digilent Zybo Z7 210351AF24E2A"} -index 0
stop
ps7_init
ps7_post_config
targets -set -nocase -filter {name =~ "ARM*#0" && jtag_cable_name =~ "Digilent Zybo Z7 210351AF24E2A"} -index 0
rst -processor
targets -set -nocase -filter {name =~ "ARM*#0" && jtag_cable_name =~ "Digilent Zybo Z7 210351AF24E2A"} -index 0
dow D:/xlinx-projects/dma_transfer/dma_transfer.sdk/testapp/Debug/testapp.elf
configparams force-mem-access 0
----------------End of Script----------------

16:43:40 INFO  : Context for processor 'ps7_cortexa9_0' is selected.
16:43:40 INFO  : 'con' command is executed.
16:43:40 INFO  : ----------------XSDB Script (After Launch)----------------
targets -set -nocase -filter {name =~ "ARM*#0" && jtag_cable_name =~ "Digilent Zybo Z7 210351AF24E2A"} -index 0
con
----------------End of Script----------------

16:43:41 INFO  : Disconnected from the channel tcfchan#5.
16:44:54 INFO  : 'targets -set -filter {jtag_cable_name =~ "Digilent Zybo Z7 210351AF24E2A" && level==0} -index 1' command is executed.
16:44:54 INFO  : 'fpga -state' command is executed.
16:44:54 INFO  : Connected to target on host '127.0.0.1' and port '3121'.
16:44:55 INFO  : Jtag cable 'Digilent Zybo Z7 210351AF24E2A' is selected.
16:44:55 INFO  : 'jtag frequency' command is executed.
16:44:55 INFO  : Sourcing of 'D:/xlinx-projects/dma_transfer/dma_transfer.sdk/dma_design_wrapper_hw_platform_0/ps7_init.tcl' is done.
16:44:55 INFO  : Context for 'APU' is selected.
16:44:55 INFO  : Hardware design information is loaded from 'D:/xlinx-projects/dma_transfer/dma_transfer.sdk/dma_design_wrapper_hw_platform_0/system.hdf'.
16:44:55 INFO  : 'configparams force-mem-access 1' command is executed.
16:44:55 INFO  : Context for 'APU' is selected.
16:44:55 INFO  : 'stop' command is executed.
16:44:56 INFO  : 'ps7_init' command is executed.
16:44:56 INFO  : 'ps7_post_config' command is executed.
16:44:56 INFO  : Context for processor 'ps7_cortexa9_0' is selected.
16:44:56 INFO  : Processor reset is completed for 'ps7_cortexa9_0'.
16:44:56 INFO  : Context for processor 'ps7_cortexa9_0' is selected.
16:44:56 INFO  : The application 'D:/xlinx-projects/dma_transfer/dma_transfer.sdk/testapp/Debug/testapp.elf' is downloaded to processor 'ps7_cortexa9_0'.
16:44:56 INFO  : 'configparams force-mem-access 0' command is executed.
16:44:56 INFO  : ----------------XSDB Script----------------
connect -url tcp:127.0.0.1:3121
source D:/xlinx-projects/dma_transfer/dma_transfer.sdk/dma_design_wrapper_hw_platform_0/ps7_init.tcl
targets -set -nocase -filter {name =~"APU*" && jtag_cable_name =~ "Digilent Zybo Z7 210351AF24E2A"} -index 0
loadhw -hw D:/xlinx-projects/dma_transfer/dma_transfer.sdk/dma_design_wrapper_hw_platform_0/system.hdf -mem-ranges [list {0x40000000 0xbfffffff}]
configparams force-mem-access 1
targets -set -nocase -filter {name =~"APU*" && jtag_cable_name =~ "Digilent Zybo Z7 210351AF24E2A"} -index 0
stop
ps7_init
ps7_post_config
targets -set -nocase -filter {name =~ "ARM*#0" && jtag_cable_name =~ "Digilent Zybo Z7 210351AF24E2A"} -index 0
rst -processor
targets -set -nocase -filter {name =~ "ARM*#0" && jtag_cable_name =~ "Digilent Zybo Z7 210351AF24E2A"} -index 0
dow D:/xlinx-projects/dma_transfer/dma_transfer.sdk/testapp/Debug/testapp.elf
configparams force-mem-access 0
----------------End of Script----------------

16:44:56 INFO  : Context for processor 'ps7_cortexa9_0' is selected.
16:44:56 INFO  : 'con' command is executed.
16:44:56 INFO  : ----------------XSDB Script (After Launch)----------------
targets -set -nocase -filter {name =~ "ARM*#0" && jtag_cable_name =~ "Digilent Zybo Z7 210351AF24E2A"} -index 0
con
----------------End of Script----------------

16:44:56 INFO  : Disconnected from the channel tcfchan#6.
16:46:26 INFO  : 'targets -set -filter {jtag_cable_name =~ "Digilent Zybo Z7 210351AF24E2A" && level==0} -index 1' command is executed.
16:46:26 INFO  : 'fpga -state' command is executed.
16:46:26 INFO  : Connected to target on host '127.0.0.1' and port '3121'.
16:46:26 INFO  : Jtag cable 'Digilent Zybo Z7 210351AF24E2A' is selected.
16:46:26 INFO  : 'jtag frequency' command is executed.
16:46:26 INFO  : Sourcing of 'D:/xlinx-projects/dma_transfer/dma_transfer.sdk/dma_design_wrapper_hw_platform_0/ps7_init.tcl' is done.
16:46:26 INFO  : Context for 'APU' is selected.
16:46:26 INFO  : Hardware design information is loaded from 'D:/xlinx-projects/dma_transfer/dma_transfer.sdk/dma_design_wrapper_hw_platform_0/system.hdf'.
16:46:26 INFO  : 'configparams force-mem-access 1' command is executed.
16:46:26 INFO  : Context for 'APU' is selected.
16:46:26 INFO  : 'stop' command is executed.
16:46:27 INFO  : 'ps7_init' command is executed.
16:46:27 INFO  : 'ps7_post_config' command is executed.
16:46:27 INFO  : Context for processor 'ps7_cortexa9_0' is selected.
16:46:27 INFO  : Processor reset is completed for 'ps7_cortexa9_0'.
16:46:27 INFO  : Context for processor 'ps7_cortexa9_0' is selected.
16:46:27 INFO  : The application 'D:/xlinx-projects/dma_transfer/dma_transfer.sdk/testapp/Debug/testapp.elf' is downloaded to processor 'ps7_cortexa9_0'.
16:46:27 INFO  : 'configparams force-mem-access 0' command is executed.
16:46:27 INFO  : ----------------XSDB Script----------------
connect -url tcp:127.0.0.1:3121
source D:/xlinx-projects/dma_transfer/dma_transfer.sdk/dma_design_wrapper_hw_platform_0/ps7_init.tcl
targets -set -nocase -filter {name =~"APU*" && jtag_cable_name =~ "Digilent Zybo Z7 210351AF24E2A"} -index 0
loadhw -hw D:/xlinx-projects/dma_transfer/dma_transfer.sdk/dma_design_wrapper_hw_platform_0/system.hdf -mem-ranges [list {0x40000000 0xbfffffff}]
configparams force-mem-access 1
targets -set -nocase -filter {name =~"APU*" && jtag_cable_name =~ "Digilent Zybo Z7 210351AF24E2A"} -index 0
stop
ps7_init
ps7_post_config
targets -set -nocase -filter {name =~ "ARM*#0" && jtag_cable_name =~ "Digilent Zybo Z7 210351AF24E2A"} -index 0
rst -processor
targets -set -nocase -filter {name =~ "ARM*#0" && jtag_cable_name =~ "Digilent Zybo Z7 210351AF24E2A"} -index 0
dow D:/xlinx-projects/dma_transfer/dma_transfer.sdk/testapp/Debug/testapp.elf
configparams force-mem-access 0
----------------End of Script----------------

16:46:28 INFO  : Context for processor 'ps7_cortexa9_0' is selected.
16:46:28 INFO  : 'con' command is executed.
16:46:28 INFO  : ----------------XSDB Script (After Launch)----------------
targets -set -nocase -filter {name =~ "ARM*#0" && jtag_cable_name =~ "Digilent Zybo Z7 210351AF24E2A"} -index 0
con
----------------End of Script----------------

16:46:28 INFO  : Disconnected from the channel tcfchan#7.
16:47:00 INFO  : 'targets -set -filter {jtag_cable_name =~ "Digilent Zybo Z7 210351AF24E2A" && level==0} -index 1' command is executed.
16:47:00 INFO  : 'fpga -state' command is executed.
16:47:00 INFO  : Connected to target on host '127.0.0.1' and port '3121'.
16:47:01 INFO  : Jtag cable 'Digilent Zybo Z7 210351AF24E2A' is selected.
16:47:01 INFO  : 'jtag frequency' command is executed.
16:47:01 INFO  : Sourcing of 'D:/xlinx-projects/dma_transfer/dma_transfer.sdk/dma_design_wrapper_hw_platform_0/ps7_init.tcl' is done.
16:47:01 INFO  : Context for 'APU' is selected.
16:47:01 INFO  : Hardware design information is loaded from 'D:/xlinx-projects/dma_transfer/dma_transfer.sdk/dma_design_wrapper_hw_platform_0/system.hdf'.
16:47:01 INFO  : 'configparams force-mem-access 1' command is executed.
16:47:01 INFO  : Context for 'APU' is selected.
16:47:01 INFO  : 'stop' command is executed.
16:47:02 INFO  : 'ps7_init' command is executed.
16:47:02 INFO  : 'ps7_post_config' command is executed.
16:47:02 INFO  : Context for processor 'ps7_cortexa9_0' is selected.
16:47:02 INFO  : Processor reset is completed for 'ps7_cortexa9_0'.
16:47:02 INFO  : Context for processor 'ps7_cortexa9_0' is selected.
16:47:02 INFO  : The application 'D:/xlinx-projects/dma_transfer/dma_transfer.sdk/testapp/Debug/testapp.elf' is downloaded to processor 'ps7_cortexa9_0'.
16:47:02 INFO  : 'configparams force-mem-access 0' command is executed.
16:47:02 INFO  : ----------------XSDB Script----------------
connect -url tcp:127.0.0.1:3121
source D:/xlinx-projects/dma_transfer/dma_transfer.sdk/dma_design_wrapper_hw_platform_0/ps7_init.tcl
targets -set -nocase -filter {name =~"APU*" && jtag_cable_name =~ "Digilent Zybo Z7 210351AF24E2A"} -index 0
loadhw -hw D:/xlinx-projects/dma_transfer/dma_transfer.sdk/dma_design_wrapper_hw_platform_0/system.hdf -mem-ranges [list {0x40000000 0xbfffffff}]
configparams force-mem-access 1
targets -set -nocase -filter {name =~"APU*" && jtag_cable_name =~ "Digilent Zybo Z7 210351AF24E2A"} -index 0
stop
ps7_init
ps7_post_config
targets -set -nocase -filter {name =~ "ARM*#0" && jtag_cable_name =~ "Digilent Zybo Z7 210351AF24E2A"} -index 0
rst -processor
targets -set -nocase -filter {name =~ "ARM*#0" && jtag_cable_name =~ "Digilent Zybo Z7 210351AF24E2A"} -index 0
dow D:/xlinx-projects/dma_transfer/dma_transfer.sdk/testapp/Debug/testapp.elf
configparams force-mem-access 0
----------------End of Script----------------

16:47:02 INFO  : Context for processor 'ps7_cortexa9_0' is selected.
16:47:02 INFO  : 'con' command is executed.
16:47:02 INFO  : ----------------XSDB Script (After Launch)----------------
targets -set -nocase -filter {name =~ "ARM*#0" && jtag_cable_name =~ "Digilent Zybo Z7 210351AF24E2A"} -index 0
con
----------------End of Script----------------

16:47:02 INFO  : Disconnected from the channel tcfchan#8.
16:48:39 INFO  : 'targets -set -filter {jtag_cable_name =~ "Digilent Zybo Z7 210351AF24E2A" && level==0} -index 1' command is executed.
16:48:39 INFO  : 'fpga -state' command is executed.
16:48:39 INFO  : Connected to target on host '127.0.0.1' and port '3121'.
16:48:40 INFO  : Jtag cable 'Digilent Zybo Z7 210351AF24E2A' is selected.
16:48:40 INFO  : 'jtag frequency' command is executed.
16:48:40 INFO  : Sourcing of 'D:/xlinx-projects/dma_transfer/dma_transfer.sdk/dma_design_wrapper_hw_platform_0/ps7_init.tcl' is done.
16:48:40 INFO  : Context for 'APU' is selected.
16:48:40 INFO  : Hardware design information is loaded from 'D:/xlinx-projects/dma_transfer/dma_transfer.sdk/dma_design_wrapper_hw_platform_0/system.hdf'.
16:48:40 INFO  : 'configparams force-mem-access 1' command is executed.
16:48:40 INFO  : Context for 'APU' is selected.
16:48:40 INFO  : 'stop' command is executed.
16:48:41 INFO  : 'ps7_init' command is executed.
16:48:41 INFO  : 'ps7_post_config' command is executed.
16:48:41 INFO  : Context for processor 'ps7_cortexa9_0' is selected.
16:48:41 INFO  : Processor reset is completed for 'ps7_cortexa9_0'.
16:48:41 INFO  : Context for processor 'ps7_cortexa9_0' is selected.
16:48:41 INFO  : The application 'D:/xlinx-projects/dma_transfer/dma_transfer.sdk/testapp/Debug/testapp.elf' is downloaded to processor 'ps7_cortexa9_0'.
16:48:41 INFO  : 'configparams force-mem-access 0' command is executed.
16:48:41 INFO  : ----------------XSDB Script----------------
connect -url tcp:127.0.0.1:3121
source D:/xlinx-projects/dma_transfer/dma_transfer.sdk/dma_design_wrapper_hw_platform_0/ps7_init.tcl
targets -set -nocase -filter {name =~"APU*" && jtag_cable_name =~ "Digilent Zybo Z7 210351AF24E2A"} -index 0
loadhw -hw D:/xlinx-projects/dma_transfer/dma_transfer.sdk/dma_design_wrapper_hw_platform_0/system.hdf -mem-ranges [list {0x40000000 0xbfffffff}]
configparams force-mem-access 1
targets -set -nocase -filter {name =~"APU*" && jtag_cable_name =~ "Digilent Zybo Z7 210351AF24E2A"} -index 0
stop
ps7_init
ps7_post_config
targets -set -nocase -filter {name =~ "ARM*#0" && jtag_cable_name =~ "Digilent Zybo Z7 210351AF24E2A"} -index 0
rst -processor
targets -set -nocase -filter {name =~ "ARM*#0" && jtag_cable_name =~ "Digilent Zybo Z7 210351AF24E2A"} -index 0
dow D:/xlinx-projects/dma_transfer/dma_transfer.sdk/testapp/Debug/testapp.elf
configparams force-mem-access 0
----------------End of Script----------------

16:48:41 INFO  : Context for processor 'ps7_cortexa9_0' is selected.
16:48:41 INFO  : 'con' command is executed.
16:48:41 INFO  : ----------------XSDB Script (After Launch)----------------
targets -set -nocase -filter {name =~ "ARM*#0" && jtag_cable_name =~ "Digilent Zybo Z7 210351AF24E2A"} -index 0
con
----------------End of Script----------------

16:48:41 INFO  : Disconnected from the channel tcfchan#9.
17:05:04 INFO  : Registering command handlers for SDK TCF services
17:05:05 INFO  : Launching XSCT server: xsct.bat -interactive D:\xlinx-projects\dma_transfer\dma_transfer.sdk\temp_xsdb_launch_script.tcl
17:05:08 INFO  : XSCT server has started successfully.
17:05:09 INFO  : Successfully done setting XSCT server connection channel  
17:05:09 INFO  : Processing command line option -hwspec D:/xlinx-projects/dma_transfer/dma_transfer.sdk/dma_design_wrapper.hdf.
17:05:09 INFO  : Successfully done setting SDK workspace  
17:05:09 INFO  : Checking for hwspec changes in the project dma_design_wrapper_hw_platform_0.
17:05:14 INFO  : SDK has detected change in the last modified timestamps for source hardware specification file Source:1613574261916,  Project:1613572204221
17:05:14 INFO  : The hardware specification for project 'dma_design_wrapper_hw_platform_0' is different from D:/xlinx-projects/dma_transfer/dma_transfer.sdk/dma_design_wrapper.hdf.
17:05:14 INFO  : Copied contents of D:/xlinx-projects/dma_transfer/dma_transfer.sdk/dma_design_wrapper.hdf into \dma_design_wrapper_hw_platform_0\system.hdf.
17:05:18 INFO  : Synchronizing projects in the workspace with the hardware platform specification changes.
17:05:24 INFO  : 
17:05:25 INFO  : Updating hardware inferred compiler options for testapp.
17:05:25 INFO  : Clearing existing target manager status.
17:08:14 INFO  : Connected to target on host '127.0.0.1' and port '3121'.
17:08:14 INFO  : 'targets -set -filter {jtag_cable_name =~ "Digilent Zybo Z7 210351AF24E2A" && level==0} -index 1' command is executed.
17:08:15 INFO  : FPGA configured successfully with bitstream "D:/xlinx-projects/dma_transfer/dma_transfer.sdk/dma_design_wrapper_hw_platform_0/dma_design_wrapper.bit"
17:08:25 INFO  : 'targets -set -filter {jtag_cable_name =~ "Digilent Zybo Z7 210351AF24E2A" && level==0} -index 1' command is executed.
17:08:25 INFO  : 'fpga -state' command is executed.
17:08:25 INFO  : Connected to target on host '127.0.0.1' and port '3121'.
17:08:26 INFO  : Jtag cable 'Digilent Zybo Z7 210351AF24E2A' is selected.
17:08:26 INFO  : 'jtag frequency' command is executed.
17:08:26 INFO  : Sourcing of 'D:/xlinx-projects/dma_transfer/dma_transfer.sdk/dma_design_wrapper_hw_platform_0/ps7_init.tcl' is done.
17:08:26 INFO  : Context for 'APU' is selected.
17:08:26 INFO  : Hardware design information is loaded from 'D:/xlinx-projects/dma_transfer/dma_transfer.sdk/dma_design_wrapper_hw_platform_0/system.hdf'.
17:08:26 INFO  : 'configparams force-mem-access 1' command is executed.
17:08:26 INFO  : Context for 'APU' is selected.
17:08:26 INFO  : 'stop' command is executed.
17:08:27 INFO  : 'ps7_init' command is executed.
17:08:27 INFO  : 'ps7_post_config' command is executed.
17:08:27 INFO  : Context for processor 'ps7_cortexa9_0' is selected.
17:08:27 INFO  : Processor reset is completed for 'ps7_cortexa9_0'.
17:08:27 INFO  : Context for processor 'ps7_cortexa9_0' is selected.
17:08:27 INFO  : The application 'D:/xlinx-projects/dma_transfer/dma_transfer.sdk/testapp/Debug/testapp.elf' is downloaded to processor 'ps7_cortexa9_0'.
17:08:27 INFO  : 'configparams force-mem-access 0' command is executed.
17:08:27 INFO  : ----------------XSDB Script----------------
connect -url tcp:127.0.0.1:3121
source D:/xlinx-projects/dma_transfer/dma_transfer.sdk/dma_design_wrapper_hw_platform_0/ps7_init.tcl
targets -set -nocase -filter {name =~"APU*" && jtag_cable_name =~ "Digilent Zybo Z7 210351AF24E2A"} -index 0
loadhw -hw D:/xlinx-projects/dma_transfer/dma_transfer.sdk/dma_design_wrapper_hw_platform_0/system.hdf -mem-ranges [list {0x40000000 0xbfffffff}]
configparams force-mem-access 1
targets -set -nocase -filter {name =~"APU*" && jtag_cable_name =~ "Digilent Zybo Z7 210351AF24E2A"} -index 0
stop
ps7_init
ps7_post_config
targets -set -nocase -filter {name =~ "ARM*#0" && jtag_cable_name =~ "Digilent Zybo Z7 210351AF24E2A"} -index 0
rst -processor
targets -set -nocase -filter {name =~ "ARM*#0" && jtag_cable_name =~ "Digilent Zybo Z7 210351AF24E2A"} -index 0
dow D:/xlinx-projects/dma_transfer/dma_transfer.sdk/testapp/Debug/testapp.elf
configparams force-mem-access 0
----------------End of Script----------------

17:08:27 INFO  : Context for processor 'ps7_cortexa9_0' is selected.
17:08:27 INFO  : 'con' command is executed.
17:08:27 INFO  : ----------------XSDB Script (After Launch)----------------
targets -set -nocase -filter {name =~ "ARM*#0" && jtag_cable_name =~ "Digilent Zybo Z7 210351AF24E2A"} -index 0
con
----------------End of Script----------------

17:08:27 INFO  : Disconnected from the channel tcfchan#1.
21:06:15 INFO  : Registering command handlers for SDK TCF services
21:06:16 INFO  : Launching XSCT server: xsct.bat -interactive D:\xlinx-projects\dma_transfer\dma_transfer.sdk\temp_xsdb_launch_script.tcl
21:06:19 INFO  : XSCT server has started successfully.
21:06:19 INFO  : Successfully done setting XSCT server connection channel  
21:06:19 INFO  : Successfully done setting SDK workspace  
21:06:19 INFO  : Processing command line option -hwspec D:/xlinx-projects/dma_transfer/dma_transfer.sdk/dma_design_wrapper.hdf.
21:06:20 INFO  : Checking for hwspec changes in the project dma_design_wrapper_hw_platform_0.
21:09:32 INFO  : Connected to target on host '127.0.0.1' and port '3121'.
21:09:33 INFO  : 'targets -set -filter {jtag_cable_name =~ "Digilent Zybo Z7 210351AF24E2A" && level==0} -index 1' command is executed.
21:09:34 INFO  : FPGA configured successfully with bitstream "D:/xlinx-projects/dma_transfer/dma_transfer.sdk/dma_design_wrapper_hw_platform_0/dma_design_wrapper.bit"
21:09:50 INFO  : 'targets -set -filter {jtag_cable_name =~ "Digilent Zybo Z7 210351AF24E2A" && level==0} -index 1' command is executed.
21:09:50 INFO  : 'fpga -state' command is executed.
21:09:50 INFO  : Connected to target on host '127.0.0.1' and port '3121'.
21:09:51 INFO  : Jtag cable 'Digilent Zybo Z7 210351AF24E2A' is selected.
21:09:51 INFO  : 'jtag frequency' command is executed.
21:09:51 INFO  : Sourcing of 'D:/xlinx-projects/dma_transfer/dma_transfer.sdk/dma_design_wrapper_hw_platform_0/ps7_init.tcl' is done.
21:09:51 INFO  : Context for 'APU' is selected.
21:09:51 INFO  : Hardware design information is loaded from 'D:/xlinx-projects/dma_transfer/dma_transfer.sdk/dma_design_wrapper_hw_platform_0/system.hdf'.
21:09:51 INFO  : 'configparams force-mem-access 1' command is executed.
21:09:51 INFO  : Context for 'APU' is selected.
21:09:51 INFO  : 'stop' command is executed.
21:09:52 INFO  : 'ps7_init' command is executed.
21:09:52 INFO  : 'ps7_post_config' command is executed.
21:09:52 INFO  : Context for processor 'ps7_cortexa9_0' is selected.
21:09:52 INFO  : Processor reset is completed for 'ps7_cortexa9_0'.
21:09:52 INFO  : Context for processor 'ps7_cortexa9_0' is selected.
21:09:52 INFO  : The application 'D:/xlinx-projects/dma_transfer/dma_transfer.sdk/testapp/Debug/testapp.elf' is downloaded to processor 'ps7_cortexa9_0'.
21:09:52 INFO  : 'configparams force-mem-access 0' command is executed.
21:09:52 INFO  : ----------------XSDB Script----------------
connect -url tcp:127.0.0.1:3121
source D:/xlinx-projects/dma_transfer/dma_transfer.sdk/dma_design_wrapper_hw_platform_0/ps7_init.tcl
targets -set -nocase -filter {name =~"APU*" && jtag_cable_name =~ "Digilent Zybo Z7 210351AF24E2A"} -index 0
loadhw -hw D:/xlinx-projects/dma_transfer/dma_transfer.sdk/dma_design_wrapper_hw_platform_0/system.hdf -mem-ranges [list {0x40000000 0xbfffffff}]
configparams force-mem-access 1
targets -set -nocase -filter {name =~"APU*" && jtag_cable_name =~ "Digilent Zybo Z7 210351AF24E2A"} -index 0
stop
ps7_init
ps7_post_config
targets -set -nocase -filter {name =~ "ARM*#0" && jtag_cable_name =~ "Digilent Zybo Z7 210351AF24E2A"} -index 0
rst -processor
targets -set -nocase -filter {name =~ "ARM*#0" && jtag_cable_name =~ "Digilent Zybo Z7 210351AF24E2A"} -index 0
dow D:/xlinx-projects/dma_transfer/dma_transfer.sdk/testapp/Debug/testapp.elf
configparams force-mem-access 0
----------------End of Script----------------

21:09:52 INFO  : Context for processor 'ps7_cortexa9_0' is selected.
21:09:52 INFO  : 'con' command is executed.
21:09:52 INFO  : ----------------XSDB Script (After Launch)----------------
targets -set -nocase -filter {name =~ "ARM*#0" && jtag_cable_name =~ "Digilent Zybo Z7 210351AF24E2A"} -index 0
con
----------------End of Script----------------

21:09:52 INFO  : Disconnected from the channel tcfchan#1.
21:10:49 INFO  : 'targets -set -filter {jtag_cable_name =~ "Digilent Zybo Z7 210351AF24E2A" && level==0} -index 1' command is executed.
21:10:49 INFO  : 'fpga -state' command is executed.
21:10:49 INFO  : Connected to target on host '127.0.0.1' and port '3121'.
21:10:50 INFO  : Jtag cable 'Digilent Zybo Z7 210351AF24E2A' is selected.
21:10:50 INFO  : 'jtag frequency' command is executed.
21:10:50 INFO  : Sourcing of 'D:/xlinx-projects/dma_transfer/dma_transfer.sdk/dma_design_wrapper_hw_platform_0/ps7_init.tcl' is done.
21:10:50 INFO  : Context for 'APU' is selected.
21:10:50 INFO  : Hardware design information is loaded from 'D:/xlinx-projects/dma_transfer/dma_transfer.sdk/dma_design_wrapper_hw_platform_0/system.hdf'.
21:10:50 INFO  : 'configparams force-mem-access 1' command is executed.
21:10:50 INFO  : Context for 'APU' is selected.
21:10:50 INFO  : 'stop' command is executed.
21:10:51 INFO  : 'ps7_init' command is executed.
21:10:51 INFO  : 'ps7_post_config' command is executed.
21:10:51 INFO  : Context for processor 'ps7_cortexa9_0' is selected.
21:10:51 INFO  : Processor reset is completed for 'ps7_cortexa9_0'.
21:10:51 INFO  : Context for processor 'ps7_cortexa9_0' is selected.
21:10:51 INFO  : The application 'D:/xlinx-projects/dma_transfer/dma_transfer.sdk/testapp/Debug/testapp.elf' is downloaded to processor 'ps7_cortexa9_0'.
21:10:51 INFO  : 'configparams force-mem-access 0' command is executed.
21:10:51 INFO  : ----------------XSDB Script----------------
connect -url tcp:127.0.0.1:3121
source D:/xlinx-projects/dma_transfer/dma_transfer.sdk/dma_design_wrapper_hw_platform_0/ps7_init.tcl
targets -set -nocase -filter {name =~"APU*" && jtag_cable_name =~ "Digilent Zybo Z7 210351AF24E2A"} -index 0
loadhw -hw D:/xlinx-projects/dma_transfer/dma_transfer.sdk/dma_design_wrapper_hw_platform_0/system.hdf -mem-ranges [list {0x40000000 0xbfffffff}]
configparams force-mem-access 1
targets -set -nocase -filter {name =~"APU*" && jtag_cable_name =~ "Digilent Zybo Z7 210351AF24E2A"} -index 0
stop
ps7_init
ps7_post_config
targets -set -nocase -filter {name =~ "ARM*#0" && jtag_cable_name =~ "Digilent Zybo Z7 210351AF24E2A"} -index 0
rst -processor
targets -set -nocase -filter {name =~ "ARM*#0" && jtag_cable_name =~ "Digilent Zybo Z7 210351AF24E2A"} -index 0
dow D:/xlinx-projects/dma_transfer/dma_transfer.sdk/testapp/Debug/testapp.elf
configparams force-mem-access 0
----------------End of Script----------------

21:10:51 INFO  : Context for processor 'ps7_cortexa9_0' is selected.
21:10:51 INFO  : 'con' command is executed.
21:10:51 INFO  : ----------------XSDB Script (After Launch)----------------
targets -set -nocase -filter {name =~ "ARM*#0" && jtag_cable_name =~ "Digilent Zybo Z7 210351AF24E2A"} -index 0
con
----------------End of Script----------------

21:10:51 INFO  : Disconnected from the channel tcfchan#2.
