Copyright 1986-2018 Xilinx, Inc. All Rights Reserved.
---------------------------------------------------------------------------------------------
| Tool Version : Vivado v.2018.3 (win64) Build 2405991 Thu Dec  6 23:38:27 MST 2018
| Date         : Tue Feb 16 14:09:46 2021
| Host         : DESKTOP-P7INVOJ running 64-bit major release  (build 9200)
| Command      : report_control_sets -verbose -file kn_rd_tb_wrapper_control_sets_placed.rpt
| Design       : kn_rd_tb_wrapper
| Device       : xc7z010
---------------------------------------------------------------------------------------------

Control Set Information

Table of Contents
-----------------
1. Summary
2. Histogram
3. Flip-Flop Distribution
4. Detailed Control Set Information

1. Summary
----------

+----------------------------------------------------------+-------+
|                          Status                          | Count |
+----------------------------------------------------------+-------+
| Number of unique control sets                            |    46 |
| Unused register locations in slices containing registers |   107 |
+----------------------------------------------------------+-------+


2. Histogram
------------

+--------+--------------+
| Fanout | Control Sets |
+--------+--------------+
|      1 |            1 |
|      2 |            1 |
|      4 |            8 |
|      5 |            3 |
|      6 |            1 |
|      8 |           14 |
|     10 |            1 |
|     13 |            2 |
|     14 |            3 |
|    16+ |           12 |
+--------+--------------+


3. Flip-Flop Distribution
-------------------------

+--------------+-----------------------+------------------------+-----------------+--------------+
| Clock Enable | Synchronous Set/Reset | Asynchronous Set/Reset | Total Registers | Total Slices |
+--------------+-----------------------+------------------------+-----------------+--------------+
| No           | No                    | No                     |             109 |           32 |
| No           | No                    | Yes                    |               0 |            0 |
| No           | Yes                   | No                     |             106 |           46 |
| Yes          | No                    | No                     |             280 |           65 |
| Yes          | No                    | Yes                    |               0 |            0 |
| Yes          | Yes                   | No                     |             158 |           33 |
+--------------+-----------------------+------------------------+-----------------+--------------+


4. Detailed Control Set Information
-----------------------------------

+------------------------------------------------------+----------------------------------------------------------------------------------------------------------------------------------------------------------------+-------------------------------------------------------------------------------------------------------------------------------------------------------+------------------+----------------+
|                     Clock Signal                     |                                                                          Enable Signal                                                                         |                                                                    Set/Reset Signal                                                                   | Slice Load Count | Bel Load Count |
+------------------------------------------------------+----------------------------------------------------------------------------------------------------------------------------------------------------------------+-------------------------------------------------------------------------------------------------------------------------------------------------------+------------------+----------------+
|  kn_rd_tb_i/processing_system7_0/inst/FCLK_CLK0      | kn_rd_tb_i/ps7_0_axi_periph/s00_couplers/auto_pc/inst/gen_axilite.gen_b2s_conv.axilite_b2s/WR.aw_channel_0/aw_cmd_fsm_0/m_axi_awready_1                        | kn_rd_tb_i/ps7_0_axi_periph/s00_couplers/auto_pc/inst/gen_axilite.gen_b2s_conv.axilite_b2s/WR.aw_channel_0/aw_cmd_fsm_0/m_axi_awready_0               |                1 |              1 |
|  kn_rd_tb_i/processing_system7_0/inst/FCLK_CLK0      | kn_rd_tb_i/ps7_0_axi_periph/s00_couplers/auto_pc/inst/gen_axilite.gen_b2s_conv.axilite_b2s/WR.b_channel_0/bid_fifo_0/sel                                       |                                                                                                                                                       |                1 |              2 |
|  kn_rd_tb_i/kn_rd_0/U0/kn_rd_v1_0_S00_AXI_inst/U/ck1 |                                                                                                                                                                | kn_rd_tb_i/processing_system7_0/inst/M_AXI_GP0_WDATA[2]                                                                                               |                1 |              4 |
|  kn_rd_tb_i/processing_system7_0/inst/FCLK_CLK0      | kn_rd_tb_i/ps7_0_axi_periph/s00_couplers/auto_pc/inst/gen_axilite.gen_b2s_conv.axilite_b2s/RD.ar_channel_0/ar_cmd_fsm_0/sel_first_reg[0]                       |                                                                                                                                                       |                1 |              4 |
|  kn_rd_tb_i/processing_system7_0/inst/FCLK_CLK0      | kn_rd_tb_i/ps7_0_axi_periph/s00_couplers/auto_pc/inst/gen_axilite.gen_b2s_conv.axilite_b2s/RD.ar_channel_0/ar_cmd_fsm_0/E[0]                                   |                                                                                                                                                       |                2 |              4 |
|  kn_rd_tb_i/processing_system7_0/inst/FCLK_CLK0      |                                                                                                                                                                | kn_rd_tb_i/rst_ps7_0_50M/U0/EXT_LPF/lpf_int                                                                                                           |                2 |              4 |
|  kn_rd_tb_i/processing_system7_0/inst/FCLK_CLK0      |                                                                                                                                                                | kn_rd_tb_i/ps7_0_axi_periph/s00_couplers/auto_pc/inst/gen_axilite.gen_b2s_conv.axilite_b2s/SI_REG/ar.ar_pipe/aresetn_d_reg[1]_inv_0                   |                2 |              4 |
|  kn_rd_tb_i/processing_system7_0/inst/FCLK_CLK0      |                                                                                                                                                                | kn_rd_tb_i/ps7_0_axi_periph/s00_couplers/auto_pc/inst/gen_axilite.gen_b2s_conv.axilite_b2s/SI_REG/aw.aw_pipe/aresetn_d_reg[0]_0                       |                2 |              4 |
|  kn_rd_tb_i/processing_system7_0/inst/FCLK_CLK0      | kn_rd_tb_i/ps7_0_axi_periph/s00_couplers/auto_pc/inst/gen_axilite.gen_b2s_conv.axilite_b2s/WR.aw_channel_0/cmd_translator_0/incr_cmd_0/axaddr_incr[11]_i_1_n_0 |                                                                                                                                                       |                1 |              4 |
|  kn_rd_tb_i/processing_system7_0/inst/FCLK_CLK0      | kn_rd_tb_i/ps7_0_axi_periph/s00_couplers/auto_pc/inst/gen_axilite.gen_b2s_conv.axilite_b2s/WR.aw_channel_0/aw_cmd_fsm_0/E[0]                                   |                                                                                                                                                       |                1 |              4 |
|  kn_rd_tb_i/processing_system7_0/inst/FCLK_CLK0      | kn_rd_tb_i/ps7_0_axi_periph/s00_couplers/auto_pc/inst/gen_axilite.gen_b2s_conv.axilite_b2s/RD.r_channel_0/rd_data_fifo_0/E[0]                                  | kn_rd_tb_i/ps7_0_axi_periph/s00_couplers/auto_pc/inst/gen_axilite.gen_b2s_conv.axilite_b2s/areset_d1                                                  |                2 |              5 |
|  kn_rd_tb_i/processing_system7_0/inst/FCLK_CLK0      | kn_rd_tb_i/ps7_0_axi_periph/s00_couplers/auto_pc/inst/gen_axilite.gen_b2s_conv.axilite_b2s/RD.ar_channel_0/ar_cmd_fsm_0/m_valid_i_reg                          | kn_rd_tb_i/ps7_0_axi_periph/s00_couplers/auto_pc/inst/gen_axilite.gen_b2s_conv.axilite_b2s/RD.ar_channel_0/ar_cmd_fsm_0/FSM_sequential_state_reg[0]_0 |                2 |              5 |
|  kn_rd_tb_i/processing_system7_0/inst/FCLK_CLK0      | kn_rd_tb_i/ps7_0_axi_periph/s00_couplers/auto_pc/inst/gen_axilite.gen_b2s_conv.axilite_b2s/RD.r_channel_0/rd_data_fifo_0/cnt_read[4]_i_1_n_0                   | kn_rd_tb_i/ps7_0_axi_periph/s00_couplers/auto_pc/inst/gen_axilite.gen_b2s_conv.axilite_b2s/areset_d1                                                  |                2 |              5 |
|  kn_rd_tb_i/processing_system7_0/inst/FCLK_CLK0      | kn_rd_tb_i/rst_ps7_0_50M/U0/SEQ/seq_cnt_en                                                                                                                     | kn_rd_tb_i/rst_ps7_0_50M/U0/SEQ/SEQ_COUNTER/clear                                                                                                     |                1 |              6 |
|  kn_rd_tb_i/kn_rd_0/U0/kn_rd_v1_0_S00_AXI_inst/U/ck1 | kn_rd_tb_i/kn_rd_0/U0/kn_rd_v1_0_S00_AXI_inst/U/z[3]_i_1_n_0                                                                                                   |                                                                                                                                                       |                2 |              8 |
|  kn_rd_tb_i/processing_system7_0/inst/FCLK_CLK0      | kn_rd_tb_i/ps7_0_axi_periph/s00_couplers/auto_pc/inst/gen_axilite.gen_b2s_conv.axilite_b2s/WR.b_channel_0/mhandshake_r                                         | kn_rd_tb_i/ps7_0_axi_periph/s00_couplers/auto_pc/inst/gen_axilite.gen_b2s_conv.axilite_b2s/WR.b_channel_0/bid_fifo_0/SR[0]                            |                4 |              8 |
|  kn_rd_tb_i/processing_system7_0/inst/FCLK_CLK0      | kn_rd_tb_i/kn_rd_0/U0/kn_rd_v1_0_S00_AXI_inst/p_1_in[23]                                                                                                       | kn_rd_tb_i/kn_rd_0/U0/kn_rd_v1_0_S00_AXI_inst/axi_awready_i_1_n_0                                                                                     |                1 |              8 |
|  kn_rd_tb_i/processing_system7_0/inst/FCLK_CLK0      | kn_rd_tb_i/kn_rd_0/U0/kn_rd_v1_0_S00_AXI_inst/p_1_in[15]                                                                                                       | kn_rd_tb_i/kn_rd_0/U0/kn_rd_v1_0_S00_AXI_inst/axi_awready_i_1_n_0                                                                                     |                1 |              8 |
|  kn_rd_tb_i/processing_system7_0/inst/FCLK_CLK0      | kn_rd_tb_i/kn_rd_0/U0/kn_rd_v1_0_S00_AXI_inst/slv_reg1[15]_i_1_n_0                                                                                             | kn_rd_tb_i/kn_rd_0/U0/kn_rd_v1_0_S00_AXI_inst/axi_awready_i_1_n_0                                                                                     |                1 |              8 |
|  kn_rd_tb_i/processing_system7_0/inst/FCLK_CLK0      | kn_rd_tb_i/kn_rd_0/U0/kn_rd_v1_0_S00_AXI_inst/slv_reg0[15]_i_1_n_0                                                                                             | kn_rd_tb_i/kn_rd_0/U0/kn_rd_v1_0_S00_AXI_inst/axi_awready_i_1_n_0                                                                                     |                1 |              8 |
|  kn_rd_tb_i/processing_system7_0/inst/FCLK_CLK0      | kn_rd_tb_i/kn_rd_0/U0/kn_rd_v1_0_S00_AXI_inst/slv_reg1[7]_i_1_n_0                                                                                              | kn_rd_tb_i/kn_rd_0/U0/kn_rd_v1_0_S00_AXI_inst/axi_awready_i_1_n_0                                                                                     |                1 |              8 |
|  kn_rd_tb_i/processing_system7_0/inst/FCLK_CLK0      | kn_rd_tb_i/kn_rd_0/U0/kn_rd_v1_0_S00_AXI_inst/p_1_in[7]                                                                                                        | kn_rd_tb_i/kn_rd_0/U0/kn_rd_v1_0_S00_AXI_inst/axi_awready_i_1_n_0                                                                                     |                1 |              8 |
|  kn_rd_tb_i/processing_system7_0/inst/FCLK_CLK0      | kn_rd_tb_i/kn_rd_0/U0/kn_rd_v1_0_S00_AXI_inst/p_1_in[31]                                                                                                       | kn_rd_tb_i/kn_rd_0/U0/kn_rd_v1_0_S00_AXI_inst/axi_awready_i_1_n_0                                                                                     |                1 |              8 |
|  kn_rd_tb_i/processing_system7_0/inst/FCLK_CLK0      | kn_rd_tb_i/kn_rd_0/U0/kn_rd_v1_0_S00_AXI_inst/slv_reg0[31]_i_1_n_0                                                                                             | kn_rd_tb_i/kn_rd_0/U0/kn_rd_v1_0_S00_AXI_inst/axi_awready_i_1_n_0                                                                                     |                1 |              8 |
|  kn_rd_tb_i/processing_system7_0/inst/FCLK_CLK0      | kn_rd_tb_i/kn_rd_0/U0/kn_rd_v1_0_S00_AXI_inst/slv_reg1[23]_i_1_n_0                                                                                             | kn_rd_tb_i/kn_rd_0/U0/kn_rd_v1_0_S00_AXI_inst/axi_awready_i_1_n_0                                                                                     |                1 |              8 |
|  kn_rd_tb_i/processing_system7_0/inst/FCLK_CLK0      | kn_rd_tb_i/kn_rd_0/U0/kn_rd_v1_0_S00_AXI_inst/slv_reg0[7]_i_1_n_0                                                                                              | kn_rd_tb_i/kn_rd_0/U0/kn_rd_v1_0_S00_AXI_inst/axi_awready_i_1_n_0                                                                                     |                1 |              8 |
|  kn_rd_tb_i/processing_system7_0/inst/FCLK_CLK0      | kn_rd_tb_i/kn_rd_0/U0/kn_rd_v1_0_S00_AXI_inst/slv_reg1[31]_i_1_n_0                                                                                             | kn_rd_tb_i/kn_rd_0/U0/kn_rd_v1_0_S00_AXI_inst/axi_awready_i_1_n_0                                                                                     |                1 |              8 |
|  kn_rd_tb_i/processing_system7_0/inst/FCLK_CLK0      | kn_rd_tb_i/kn_rd_0/U0/kn_rd_v1_0_S00_AXI_inst/slv_reg0[23]_i_1_n_0                                                                                             | kn_rd_tb_i/kn_rd_0/U0/kn_rd_v1_0_S00_AXI_inst/axi_awready_i_1_n_0                                                                                     |                1 |              8 |
|  kn_rd_tb_i/processing_system7_0/inst/FCLK_CLK0      |                                                                                                                                                                | kn_rd_tb_i/ps7_0_axi_periph/s00_couplers/auto_pc/inst/gen_axilite.gen_b2s_conv.axilite_b2s/areset_d1                                                  |                6 |             10 |
|  kn_rd_tb_i/processing_system7_0/inst/FCLK_CLK0      | kn_rd_tb_i/ps7_0_axi_periph/s00_couplers/auto_pc/inst/gen_axilite.gen_b2s_conv.axilite_b2s/RD.r_channel_0/r_push_r                                             |                                                                                                                                                       |                4 |             13 |
|  kn_rd_tb_i/processing_system7_0/inst/FCLK_CLK0      | kn_rd_tb_i/ps7_0_axi_periph/s00_couplers/auto_pc/inst/gen_axilite.gen_b2s_conv.axilite_b2s/RD.ar_channel_0/ar_cmd_fsm_0/m_valid_i_reg                          |                                                                                                                                                       |                5 |             13 |
|  kn_rd_tb_i/processing_system7_0/inst/FCLK_CLK0      |                                                                                                                                                                | kn_rd_tb_i/kn_rd_0/U0/kn_rd_v1_0_S00_AXI_inst/axi_awready_i_1_n_0                                                                                     |                5 |             14 |
|  kn_rd_tb_i/processing_system7_0/inst/FCLK_CLK0      | kn_rd_tb_i/ps7_0_axi_periph/s00_couplers/auto_pc/inst/gen_axilite.gen_b2s_conv.axilite_b2s/SI_REG/b.b_pipe/p_1_in                                              |                                                                                                                                                       |                2 |             14 |
|  kn_rd_tb_i/processing_system7_0/inst/FCLK_CLK0      | kn_rd_tb_i/ps7_0_axi_periph/s00_couplers/auto_pc/inst/gen_axilite.gen_b2s_conv.axilite_b2s/SI_REG/b.b_pipe/s_ready_i_reg_0                                     |                                                                                                                                                       |                2 |             14 |
|  kn_rd_tb_i/processing_system7_0/inst/FCLK_CLK0      | kn_rd_tb_i/ps7_0_axi_periph/s00_couplers/auto_pc/inst/gen_axilite.gen_b2s_conv.axilite_b2s/WR.aw_channel_0/aw_cmd_fsm_0/b_push                                 |                                                                                                                                                       |                3 |             16 |
|  kn_rd_tb_i/processing_system7_0/inst/FCLK_CLK0      | kn_rd_tb_i/ps7_0_axi_periph/s00_couplers/auto_pc/inst/gen_axilite.gen_b2s_conv.axilite_b2s/WR.aw_channel_0/aw_cmd_fsm_0/m_axi_awready_1                        |                                                                                                                                                       |                7 |             17 |
|  kn_rd_tb_i/processing_system7_0/inst/FCLK_CLK0      | kn_rd_tb_i/ps7_0_axi_periph/s00_couplers/auto_pc/inst/gen_axilite.gen_b2s_conv.axilite_b2s/WR.aw_channel_0/aw_cmd_fsm_0/m_valid_i_reg[0]                       |                                                                                                                                                       |                5 |             27 |
|  kn_rd_tb_i/processing_system7_0/inst/FCLK_CLK0      | kn_rd_tb_i/ps7_0_axi_periph/s00_couplers/auto_pc/inst/gen_axilite.gen_b2s_conv.axilite_b2s/SI_REG/ar.ar_pipe/s_ready_i_reg_0                                   |                                                                                                                                                       |                6 |             27 |
|  kn_rd_tb_i/processing_system7_0/inst/FCLK_CLK0      | kn_rd_tb_i/ps7_0_axi_periph/s00_couplers/auto_pc/inst/gen_axilite.gen_b2s_conv.axilite_b2s/SI_REG/aw.aw_pipe/s_ready_i_reg_0                                   |                                                                                                                                                       |                5 |             27 |
|  kn_rd_tb_i/processing_system7_0/inst/FCLK_CLK0      | kn_rd_tb_i/ps7_0_axi_periph/s00_couplers/auto_pc/inst/gen_axilite.gen_b2s_conv.axilite_b2s/RD.ar_channel_0/ar_cmd_fsm_0/FSM_sequential_state_reg[1]_0[0]       |                                                                                                                                                       |                6 |             27 |
|  kn_rd_tb_i/processing_system7_0/inst/FCLK_CLK0      | kn_rd_tb_i/ps7_0_axi_periph/s00_couplers/auto_pc/inst/gen_axilite.gen_b2s_conv.axilite_b2s/RD.r_channel_0/rd_data_fifo_0/wr_en0                                |                                                                                                                                                       |                8 |             32 |
|  kn_rd_tb_i/processing_system7_0/inst/FCLK_CLK0      | kn_rd_tb_i/kn_rd_0/U0/kn_rd_v1_0_S00_AXI_inst/slv_reg_rden                                                                                                     | kn_rd_tb_i/kn_rd_0/U0/kn_rd_v1_0_S00_AXI_inst/axi_awready_i_1_n_0                                                                                     |                9 |             32 |
|  kn_rd_tb_i/processing_system7_0/inst/FCLK_CLK0      | kn_rd_tb_i/ps7_0_axi_periph/s00_couplers/auto_pc/inst/gen_axilite.gen_b2s_conv.axilite_b2s/SI_REG/r.r_pipe/s_ready_i_reg_0                                     |                                                                                                                                                       |               10 |             45 |
|  kn_rd_tb_i/processing_system7_0/inst/FCLK_CLK0      | kn_rd_tb_i/ps7_0_axi_periph/s00_couplers/auto_pc/inst/gen_axilite.gen_b2s_conv.axilite_b2s/SI_REG/r.r_pipe/p_1_in                                              |                                                                                                                                                       |               10 |             45 |
|  kn_rd_tb_i/processing_system7_0/inst/FCLK_CLK0      |                                                                                                                                                                | kn_rd_tb_i/processing_system7_0/inst/M_AXI_GP0_WDATA[2]                                                                                               |               28 |             66 |
|  kn_rd_tb_i/processing_system7_0/inst/FCLK_CLK0      |                                                                                                                                                                |                                                                                                                                                       |               33 |            110 |
+------------------------------------------------------+----------------------------------------------------------------------------------------------------------------------------------------------------------------+-------------------------------------------------------------------------------------------------------------------------------------------------------+------------------+----------------+


