Copyright 1986-2018 Xilinx, Inc. All Rights Reserved.
--------------------------------------------------------------------------------------------------------------------------------------------------------------------------------------
| Tool Version : Vivado v.2018.3 (win64) Build 2405991 Thu Dec  6 23:38:27 MST 2018
| Date         : Tue Feb 16 14:10:10 2021
| Host         : DESKTOP-P7INVOJ running 64-bit major release  (build 9200)
| Command      : report_methodology -file kn_rd_tb_wrapper_methodology_drc_routed.rpt -pb kn_rd_tb_wrapper_methodology_drc_routed.pb -rpx kn_rd_tb_wrapper_methodology_drc_routed.rpx
| Design       : kn_rd_tb_wrapper
| Device       : xc7z010clg400-1
| Speed File   : -1
| Design State : Fully Routed
--------------------------------------------------------------------------------------------------------------------------------------------------------------------------------------

Report Methodology

Table of Contents
-----------------
1. REPORT SUMMARY
2. REPORT DETAILS

1. REPORT SUMMARY
-----------------
            Netlist: netlist
          Floorplan: design_1
      Design limits: <entire design considered>
             Max violations: <unlimited>
             Violations found: 12
+-----------+----------+-----------------------------+------------+
| Rule      | Severity | Description                 | Violations |
+-----------+----------+-----------------------------+------------+
| TIMING-17 | Warning  | Non-clocked sequential cell | 12         |
+-----------+----------+-----------------------------+------------+

2. REPORT DETAILS
-----------------
TIMING-17#1 Warning
Non-clocked sequential cell  
The clock pin kn_rd_tb_i/kn_rd_0/U0/kn_rd_v1_0_S00_AXI_inst/U/FSM_onehot_n_s_reg[0]/C is not reached by a timing clock
Related violations: <none>

TIMING-17#2 Warning
Non-clocked sequential cell  
The clock pin kn_rd_tb_i/kn_rd_0/U0/kn_rd_v1_0_S00_AXI_inst/U/FSM_onehot_n_s_reg[1]/C is not reached by a timing clock
Related violations: <none>

TIMING-17#3 Warning
Non-clocked sequential cell  
The clock pin kn_rd_tb_i/kn_rd_0/U0/kn_rd_v1_0_S00_AXI_inst/U/FSM_onehot_n_s_reg[2]/C is not reached by a timing clock
Related violations: <none>

TIMING-17#4 Warning
Non-clocked sequential cell  
The clock pin kn_rd_tb_i/kn_rd_0/U0/kn_rd_v1_0_S00_AXI_inst/U/FSM_onehot_n_s_reg[3]/C is not reached by a timing clock
Related violations: <none>

TIMING-17#5 Warning
Non-clocked sequential cell  
The clock pin kn_rd_tb_i/kn_rd_0/U0/kn_rd_v1_0_S00_AXI_inst/U/z_reg[0]/C is not reached by a timing clock
Related violations: <none>

TIMING-17#6 Warning
Non-clocked sequential cell  
The clock pin kn_rd_tb_i/kn_rd_0/U0/kn_rd_v1_0_S00_AXI_inst/U/z_reg[0]_lopt_replica/C is not reached by a timing clock
Related violations: <none>

TIMING-17#7 Warning
Non-clocked sequential cell  
The clock pin kn_rd_tb_i/kn_rd_0/U0/kn_rd_v1_0_S00_AXI_inst/U/z_reg[1]/C is not reached by a timing clock
Related violations: <none>

TIMING-17#8 Warning
Non-clocked sequential cell  
The clock pin kn_rd_tb_i/kn_rd_0/U0/kn_rd_v1_0_S00_AXI_inst/U/z_reg[1]_lopt_replica/C is not reached by a timing clock
Related violations: <none>

TIMING-17#9 Warning
Non-clocked sequential cell  
The clock pin kn_rd_tb_i/kn_rd_0/U0/kn_rd_v1_0_S00_AXI_inst/U/z_reg[2]/C is not reached by a timing clock
Related violations: <none>

TIMING-17#10 Warning
Non-clocked sequential cell  
The clock pin kn_rd_tb_i/kn_rd_0/U0/kn_rd_v1_0_S00_AXI_inst/U/z_reg[2]_lopt_replica/C is not reached by a timing clock
Related violations: <none>

TIMING-17#11 Warning
Non-clocked sequential cell  
The clock pin kn_rd_tb_i/kn_rd_0/U0/kn_rd_v1_0_S00_AXI_inst/U/z_reg[3]/C is not reached by a timing clock
Related violations: <none>

TIMING-17#12 Warning
Non-clocked sequential cell  
The clock pin kn_rd_tb_i/kn_rd_0/U0/kn_rd_v1_0_S00_AXI_inst/U/z_reg[3]_lopt_replica/C is not reached by a timing clock
Related violations: <none>


