Copyright 1986-2018 Xilinx, Inc. All Rights Reserved.
------------------------------------------------------------------------------------------------
| Tool Version : Vivado v.2018.3 (win64) Build 2405991 Thu Dec  6 23:38:27 MST 2018
| Date         : Mon Feb 15 15:29:11 2021
| Host         : DESKTOP-P7INVOJ running 64-bit major release  (build 9200)
| Command      : report_control_sets -verbose -file custo_ip_tb_wrapper_control_sets_placed.rpt
| Design       : custo_ip_tb_wrapper
| Device       : xc7z010
------------------------------------------------------------------------------------------------

Control Set Information

Table of Contents
-----------------
1. Summary
2. Histogram
3. Flip-Flop Distribution
4. Detailed Control Set Information

1. Summary
----------

+----------------------------------------------------------+-------+
|                          Status                          | Count |
+----------------------------------------------------------+-------+
| Number of unique control sets                            |    62 |
| Unused register locations in slices containing registers |   135 |
+----------------------------------------------------------+-------+


2. Histogram
------------

+--------+--------------+
| Fanout | Control Sets |
+--------+--------------+
|      1 |            1 |
|      2 |            1 |
|      4 |           11 |
|      5 |            4 |
|      6 |            2 |
|      8 |           15 |
|     10 |            1 |
|     12 |            4 |
|     13 |            2 |
|     14 |            3 |
|     15 |            1 |
|    16+ |           17 |
+--------+--------------+


3. Flip-Flop Distribution
-------------------------

+--------------+-----------------------+------------------------+-----------------+--------------+
| Clock Enable | Synchronous Set/Reset | Asynchronous Set/Reset | Total Registers | Total Slices |
+--------------+-----------------------+------------------------+-----------------+--------------+
| No           | No                    | No                     |             187 |           65 |
| No           | No                    | Yes                    |               0 |            0 |
| No           | Yes                   | No                     |             125 |           46 |
| Yes          | No                    | No                     |             458 |          102 |
| Yes          | No                    | Yes                    |               0 |            0 |
| Yes          | Yes                   | No                     |             247 |           60 |
+--------------+-----------------------+------------------------+-----------------+--------------+


4. Detailed Control Set Information
-----------------------------------

+----------------------------------------------------+-------------------------------------------------------------------------------------------------------------------------------------------------------------------+----------------------------------------------------------------------------------------------------------------------------------------------------------+------------------+----------------+
|                    Clock Signal                    |                                                                           Enable Signal                                                                           |                                                                     Set/Reset Signal                                                                     | Slice Load Count | Bel Load Count |
+----------------------------------------------------+-------------------------------------------------------------------------------------------------------------------------------------------------------------------+----------------------------------------------------------------------------------------------------------------------------------------------------------+------------------+----------------+
|  custo_ip_tb_i/processing_system7_0/inst/FCLK_CLK0 | custo_ip_tb_i/ps7_0_axi_periph/s00_couplers/auto_pc/inst/gen_axilite.gen_b2s_conv.axilite_b2s/WR.aw_channel_0/aw_cmd_fsm_0/m_axi_awready_1                        | custo_ip_tb_i/ps7_0_axi_periph/s00_couplers/auto_pc/inst/gen_axilite.gen_b2s_conv.axilite_b2s/WR.aw_channel_0/aw_cmd_fsm_0/m_axi_awready_0               |                1 |              1 |
|  custo_ip_tb_i/processing_system7_0/inst/FCLK_CLK0 | custo_ip_tb_i/ps7_0_axi_periph/s00_couplers/auto_pc/inst/gen_axilite.gen_b2s_conv.axilite_b2s/WR.b_channel_0/bid_fifo_0/sel                                       |                                                                                                                                                          |                1 |              2 |
|  custo_ip_tb_i/processing_system7_0/inst/FCLK_CLK0 |                                                                                                                                                                   | custo_ip_tb_i/rst_ps7_0_50M/U0/EXT_LPF/lpf_int                                                                                                           |                1 |              4 |
|  custo_ip_tb_i/processing_system7_0/inst/FCLK_CLK0 |                                                                                                                                                                   | custo_ip_tb_i/buttons/U0/AXI_LITE_IPIF_I/I_SLAVE_ATTACHMENT/clear                                                                                        |                1 |              4 |
|  custo_ip_tb_i/processing_system7_0/inst/FCLK_CLK0 |                                                                                                                                                                   | custo_ip_tb_i/buttons/U0/gpio_core_1/Not_Dual.ALLIN1_ND.READ_REG_GEN[3].reg1[31]_i_1_n_0                                                                 |                1 |              4 |
|  custo_ip_tb_i/processing_system7_0/inst/FCLK_CLK0 |                                                                                                                                                                   | custo_ip_tb_i/switches/U0/AXI_LITE_IPIF_I/I_SLAVE_ATTACHMENT/I_DECODER/bus2ip_rnw_i_reg_0                                                                |                1 |              4 |
|  custo_ip_tb_i/processing_system7_0/inst/FCLK_CLK0 | custo_ip_tb_i/switches/U0/AXI_LITE_IPIF_I/I_SLAVE_ATTACHMENT/bus2ip_addr_i[8]_i_1_n_0                                                                             | custo_ip_tb_i/switches/U0/AXI_LITE_IPIF_I/I_SLAVE_ATTACHMENT/SR[0]                                                                                       |                1 |              4 |
|  custo_ip_tb_i/processing_system7_0/inst/FCLK_CLK0 |                                                                                                                                                                   | custo_ip_tb_i/switches/U0/AXI_LITE_IPIF_I/I_SLAVE_ATTACHMENT/clear                                                                                       |                1 |              4 |
|  custo_ip_tb_i/processing_system7_0/inst/FCLK_CLK0 |                                                                                                                                                                   | custo_ip_tb_i/ps7_0_axi_periph/s00_couplers/auto_pc/inst/gen_axilite.gen_b2s_conv.axilite_b2s/SI_REG/ar.ar_pipe/aresetn_d_reg[1]_inv_0                   |                4 |              4 |
|  custo_ip_tb_i/processing_system7_0/inst/FCLK_CLK0 |                                                                                                                                                                   | custo_ip_tb_i/ps7_0_axi_periph/s00_couplers/auto_pc/inst/gen_axilite.gen_b2s_conv.axilite_b2s/SI_REG/aw.aw_pipe/aresetn_d_reg[0]_0                       |                3 |              4 |
|  custo_ip_tb_i/processing_system7_0/inst/FCLK_CLK0 | custo_ip_tb_i/buttons/U0/AXI_LITE_IPIF_I/I_SLAVE_ATTACHMENT/I_DECODER/MEM_DECODE_GEN[0].cs_out_i_reg[0]_1[0]                                                      | custo_ip_tb_i/buttons/U0/bus2ip_reset                                                                                                                    |                1 |              4 |
|  custo_ip_tb_i/processing_system7_0/inst/FCLK_CLK0 | custo_ip_tb_i/switches/U0/AXI_LITE_IPIF_I/I_SLAVE_ATTACHMENT/start2                                                                                               | custo_ip_tb_i/switches/U0/AXI_LITE_IPIF_I/I_SLAVE_ATTACHMENT/I_DECODER/cs_ce_clr                                                                         |                2 |              4 |
|  custo_ip_tb_i/processing_system7_0/inst/FCLK_CLK0 | custo_ip_tb_i/switches/U0/AXI_LITE_IPIF_I/I_SLAVE_ATTACHMENT/I_DECODER/bus2ip_rnw_i_reg[0]                                                                        | custo_ip_tb_i/switches/U0/AXI_LITE_IPIF_I/I_SLAVE_ATTACHMENT/SR[0]                                                                                       |                1 |              4 |
|  custo_ip_tb_i/processing_system7_0/inst/FCLK_CLK0 | custo_ip_tb_i/ps7_0_axi_periph/s00_couplers/auto_pc/inst/gen_axilite.gen_b2s_conv.axilite_b2s/RD.ar_channel_0/ar_cmd_fsm_0/m_valid_i_reg                          | custo_ip_tb_i/ps7_0_axi_periph/s00_couplers/auto_pc/inst/gen_axilite.gen_b2s_conv.axilite_b2s/RD.ar_channel_0/ar_cmd_fsm_0/FSM_sequential_state_reg[0]_0 |                2 |              5 |
|  custo_ip_tb_i/processing_system7_0/inst/FCLK_CLK0 | custo_ip_tb_i/ps7_0_axi_periph/s00_couplers/auto_pc/inst/gen_axilite.gen_b2s_conv.axilite_b2s/RD.r_channel_0/rd_data_fifo_0/cnt_read[4]_i_1_n_0                   | custo_ip_tb_i/ps7_0_axi_periph/s00_couplers/auto_pc/inst/gen_axilite.gen_b2s_conv.axilite_b2s/areset_d1                                                  |                1 |              5 |
|  custo_ip_tb_i/processing_system7_0/inst/FCLK_CLK0 | custo_ip_tb_i/switches/U0/AXI_LITE_IPIF_I/I_SLAVE_ATTACHMENT/s_axi_rresp_i                                                                                        | custo_ip_tb_i/switches/U0/AXI_LITE_IPIF_I/I_SLAVE_ATTACHMENT/SR[0]                                                                                       |                1 |              5 |
|  custo_ip_tb_i/processing_system7_0/inst/FCLK_CLK0 | custo_ip_tb_i/ps7_0_axi_periph/s00_couplers/auto_pc/inst/gen_axilite.gen_b2s_conv.axilite_b2s/RD.r_channel_0/rd_data_fifo_0/E[0]                                  | custo_ip_tb_i/ps7_0_axi_periph/s00_couplers/auto_pc/inst/gen_axilite.gen_b2s_conv.axilite_b2s/areset_d1                                                  |                2 |              5 |
|  custo_ip_tb_i/processing_system7_0/inst/FCLK_CLK0 | custo_ip_tb_i/buttons/U0/AXI_LITE_IPIF_I/I_SLAVE_ATTACHMENT/s_axi_rresp_i                                                                                         | custo_ip_tb_i/buttons/U0/bus2ip_reset                                                                                                                    |                2 |              6 |
|  custo_ip_tb_i/processing_system7_0/inst/FCLK_CLK0 | custo_ip_tb_i/rst_ps7_0_50M/U0/SEQ/seq_cnt_en                                                                                                                     | custo_ip_tb_i/rst_ps7_0_50M/U0/SEQ/SEQ_COUNTER/clear                                                                                                     |                1 |              6 |
|  custo_ip_tb_i/processing_system7_0/inst/FCLK_CLK0 | custo_ip_tb_i/led_driver_0/U0/led_driver_v1_0_S_AXI_inst/slv_reg1[15]_i_1_n_0                                                                                     | custo_ip_tb_i/led_driver_0/U0/led_driver_v1_0_S_AXI_inst/U/SR[0]                                                                                         |                1 |              8 |
|  custo_ip_tb_i/processing_system7_0/inst/FCLK_CLK0 | custo_ip_tb_i/led_driver_0/U0/led_driver_v1_0_S_AXI_inst/slv_reg1[31]_i_1_n_0                                                                                     | custo_ip_tb_i/led_driver_0/U0/led_driver_v1_0_S_AXI_inst/U/SR[0]                                                                                         |                1 |              8 |
|  custo_ip_tb_i/processing_system7_0/inst/FCLK_CLK0 | custo_ip_tb_i/led_driver_0/U0/led_driver_v1_0_S_AXI_inst/slv_reg1[7]_i_1_n_0                                                                                      | custo_ip_tb_i/led_driver_0/U0/led_driver_v1_0_S_AXI_inst/U/SR[0]                                                                                         |                1 |              8 |
|  custo_ip_tb_i/processing_system7_0/inst/FCLK_CLK0 | custo_ip_tb_i/led_driver_0/U0/led_driver_v1_0_S_AXI_inst/slv_reg0[15]_i_1_n_0                                                                                     | custo_ip_tb_i/led_driver_0/U0/led_driver_v1_0_S_AXI_inst/U/SR[0]                                                                                         |                1 |              8 |
|  custo_ip_tb_i/processing_system7_0/inst/FCLK_CLK0 | custo_ip_tb_i/led_driver_0/U0/led_driver_v1_0_S_AXI_inst/p_1_in[7]                                                                                                | custo_ip_tb_i/led_driver_0/U0/led_driver_v1_0_S_AXI_inst/U/SR[0]                                                                                         |                1 |              8 |
|  custo_ip_tb_i/processing_system7_0/inst/FCLK_CLK0 | custo_ip_tb_i/led_driver_0/U0/led_driver_v1_0_S_AXI_inst/p_1_in[15]                                                                                               | custo_ip_tb_i/led_driver_0/U0/led_driver_v1_0_S_AXI_inst/U/SR[0]                                                                                         |                1 |              8 |
|  custo_ip_tb_i/processing_system7_0/inst/FCLK_CLK0 | custo_ip_tb_i/led_driver_0/U0/led_driver_v1_0_S_AXI_inst/slv_reg0[7]_i_1_n_0                                                                                      | custo_ip_tb_i/led_driver_0/U0/led_driver_v1_0_S_AXI_inst/U/SR[0]                                                                                         |                1 |              8 |
|  custo_ip_tb_i/processing_system7_0/inst/FCLK_CLK0 | custo_ip_tb_i/led_driver_0/U0/led_driver_v1_0_S_AXI_inst/slv_reg0[31]_i_1_n_0                                                                                     | custo_ip_tb_i/led_driver_0/U0/led_driver_v1_0_S_AXI_inst/U/SR[0]                                                                                         |                1 |              8 |
|  custo_ip_tb_i/processing_system7_0/inst/FCLK_CLK0 | custo_ip_tb_i/led_driver_0/U0/led_driver_v1_0_S_AXI_inst/slv_reg1[23]_i_1_n_0                                                                                     | custo_ip_tb_i/led_driver_0/U0/led_driver_v1_0_S_AXI_inst/U/SR[0]                                                                                         |                1 |              8 |
|  custo_ip_tb_i/processing_system7_0/inst/FCLK_CLK0 | custo_ip_tb_i/led_driver_0/U0/led_driver_v1_0_S_AXI_inst/U/temp[3]_i_2_n_0                                                                                        | custo_ip_tb_i/led_driver_0/U0/led_driver_v1_0_S_AXI_inst/U/SR[0]                                                                                         |                2 |              8 |
|  custo_ip_tb_i/processing_system7_0/inst/FCLK_CLK0 | custo_ip_tb_i/led_driver_0/U0/led_driver_v1_0_S_AXI_inst/p_1_in[31]                                                                                               | custo_ip_tb_i/led_driver_0/U0/led_driver_v1_0_S_AXI_inst/U/SR[0]                                                                                         |                1 |              8 |
|  custo_ip_tb_i/processing_system7_0/inst/FCLK_CLK0 | custo_ip_tb_i/led_driver_0/U0/led_driver_v1_0_S_AXI_inst/p_1_in[23]                                                                                               | custo_ip_tb_i/led_driver_0/U0/led_driver_v1_0_S_AXI_inst/U/SR[0]                                                                                         |                1 |              8 |
|  custo_ip_tb_i/processing_system7_0/inst/FCLK_CLK0 | custo_ip_tb_i/led_driver_0/U0/led_driver_v1_0_S_AXI_inst/slv_reg0[23]_i_1_n_0                                                                                     | custo_ip_tb_i/led_driver_0/U0/led_driver_v1_0_S_AXI_inst/U/SR[0]                                                                                         |                1 |              8 |
|  custo_ip_tb_i/processing_system7_0/inst/FCLK_CLK0 | custo_ip_tb_i/ps7_0_axi_periph/s00_couplers/auto_pc/inst/gen_axilite.gen_b2s_conv.axilite_b2s/WR.b_channel_0/mhandshake_r                                         | custo_ip_tb_i/ps7_0_axi_periph/s00_couplers/auto_pc/inst/gen_axilite.gen_b2s_conv.axilite_b2s/WR.b_channel_0/bid_fifo_0/SR[0]                            |                3 |              8 |
|  custo_ip_tb_i/processing_system7_0/inst/FCLK_CLK0 | custo_ip_tb_i/buttons/U0/AXI_LITE_IPIF_I/I_SLAVE_ATTACHMENT/bus2ip_addr_i[8]_i_1_n_0                                                                              | custo_ip_tb_i/buttons/U0/bus2ip_reset                                                                                                                    |                4 |              8 |
|  custo_ip_tb_i/processing_system7_0/inst/FCLK_CLK0 |                                                                                                                                                                   | custo_ip_tb_i/ps7_0_axi_periph/s00_couplers/auto_pc/inst/gen_axilite.gen_b2s_conv.axilite_b2s/areset_d1                                                  |                4 |             10 |
|  custo_ip_tb_i/processing_system7_0/inst/FCLK_CLK0 | custo_ip_tb_i/ps7_0_axi_periph/s00_couplers/auto_pc/inst/gen_axilite.gen_b2s_conv.axilite_b2s/WR.aw_channel_0/aw_cmd_fsm_0/E[0]                                   |                                                                                                                                                          |                5 |             12 |
|  custo_ip_tb_i/processing_system7_0/inst/FCLK_CLK0 | custo_ip_tb_i/ps7_0_axi_periph/s00_couplers/auto_pc/inst/gen_axilite.gen_b2s_conv.axilite_b2s/WR.aw_channel_0/cmd_translator_0/incr_cmd_0/axaddr_incr[11]_i_1_n_0 |                                                                                                                                                          |                2 |             12 |
|  custo_ip_tb_i/processing_system7_0/inst/FCLK_CLK0 | custo_ip_tb_i/ps7_0_axi_periph/s00_couplers/auto_pc/inst/gen_axilite.gen_b2s_conv.axilite_b2s/RD.ar_channel_0/ar_cmd_fsm_0/sel_first_reg[0]                       |                                                                                                                                                          |                3 |             12 |
|  custo_ip_tb_i/processing_system7_0/inst/FCLK_CLK0 | custo_ip_tb_i/ps7_0_axi_periph/s00_couplers/auto_pc/inst/gen_axilite.gen_b2s_conv.axilite_b2s/RD.ar_channel_0/ar_cmd_fsm_0/E[0]                                   |                                                                                                                                                          |                5 |             12 |
|  custo_ip_tb_i/processing_system7_0/inst/FCLK_CLK0 |                                                                                                                                                                   | custo_ip_tb_i/ps7_0_axi_periph/xbar/inst/gen_sasd.crossbar_sasd_0/addr_arbiter_inst/SR[0]                                                                |                6 |             13 |
|  custo_ip_tb_i/processing_system7_0/inst/FCLK_CLK0 | custo_ip_tb_i/ps7_0_axi_periph/s00_couplers/auto_pc/inst/gen_axilite.gen_b2s_conv.axilite_b2s/RD.r_channel_0/r_push_r                                             |                                                                                                                                                          |                4 |             13 |
|  custo_ip_tb_i/processing_system7_0/inst/FCLK_CLK0 |                                                                                                                                                                   | custo_ip_tb_i/led_driver_0/U0/led_driver_v1_0_S_AXI_inst/U/SR[0]                                                                                         |                4 |             14 |
|  custo_ip_tb_i/processing_system7_0/inst/FCLK_CLK0 | custo_ip_tb_i/ps7_0_axi_periph/s00_couplers/auto_pc/inst/gen_axilite.gen_b2s_conv.axilite_b2s/SI_REG/b.b_pipe/p_1_in                                              |                                                                                                                                                          |                3 |             14 |
|  custo_ip_tb_i/processing_system7_0/inst/FCLK_CLK0 | custo_ip_tb_i/ps7_0_axi_periph/s00_couplers/auto_pc/inst/gen_axilite.gen_b2s_conv.axilite_b2s/SI_REG/b.b_pipe/s_ready_i_reg_0                                     |                                                                                                                                                          |                3 |             14 |
|  custo_ip_tb_i/processing_system7_0/inst/FCLK_CLK0 | custo_ip_tb_i/ps7_0_axi_periph/xbar/inst/gen_sasd.crossbar_sasd_0/reg_slice_r/aa_rready                                                                           |                                                                                                                                                          |                5 |             15 |
|  custo_ip_tb_i/processing_system7_0/inst/FCLK_CLK0 | custo_ip_tb_i/ps7_0_axi_periph/s00_couplers/auto_pc/inst/gen_axilite.gen_b2s_conv.axilite_b2s/WR.aw_channel_0/aw_cmd_fsm_0/b_push                                 |                                                                                                                                                          |                3 |             16 |
|  custo_ip_tb_i/processing_system7_0/inst/FCLK_CLK0 |                                                                                                                                                                   | custo_ip_tb_i/switches/U0/AXI_LITE_IPIF_I/I_SLAVE_ATTACHMENT/SR[0]                                                                                       |                7 |             20 |
|  custo_ip_tb_i/processing_system7_0/inst/FCLK_CLK0 | custo_ip_tb_i/buttons/U0/AXI_LITE_IPIF_I/I_SLAVE_ATTACHMENT/start2                                                                                                | custo_ip_tb_i/buttons/U0/AXI_LITE_IPIF_I/I_SLAVE_ATTACHMENT/I_DECODER/cs_ce_clr                                                                          |                4 |             21 |
|  custo_ip_tb_i/processing_system7_0/inst/FCLK_CLK0 | custo_ip_tb_i/ps7_0_axi_periph/s00_couplers/auto_pc/inst/gen_axilite.gen_b2s_conv.axilite_b2s/RD.ar_channel_0/ar_cmd_fsm_0/m_valid_i_reg                          |                                                                                                                                                          |                7 |             21 |
|  custo_ip_tb_i/processing_system7_0/inst/FCLK_CLK0 | custo_ip_tb_i/ps7_0_axi_periph/xbar/inst/gen_sasd.crossbar_sasd_0/addr_arbiter_inst/p_0_in1_in                                                                    | custo_ip_tb_i/ps7_0_axi_periph/xbar/inst/gen_sasd.crossbar_sasd_0/addr_arbiter_inst/SR[0]                                                                |                9 |             25 |
|  custo_ip_tb_i/processing_system7_0/inst/FCLK_CLK0 | custo_ip_tb_i/ps7_0_axi_periph/s00_couplers/auto_pc/inst/gen_axilite.gen_b2s_conv.axilite_b2s/WR.aw_channel_0/aw_cmd_fsm_0/m_axi_awready_1                        |                                                                                                                                                          |                9 |             25 |
|  custo_ip_tb_i/processing_system7_0/inst/FCLK_CLK0 | custo_ip_tb_i/led_driver_0/U0/led_driver_v1_0_S_AXI_inst/slv_reg_rden                                                                                             | custo_ip_tb_i/led_driver_0/U0/led_driver_v1_0_S_AXI_inst/U/SR[0]                                                                                         |               11 |             32 |
|  custo_ip_tb_i/processing_system7_0/inst/FCLK_CLK0 | custo_ip_tb_i/ps7_0_axi_periph/s00_couplers/auto_pc/inst/gen_axilite.gen_b2s_conv.axilite_b2s/RD.r_channel_0/rd_data_fifo_0/wr_en0                                |                                                                                                                                                          |                9 |             34 |
|  custo_ip_tb_i/processing_system7_0/inst/FCLK_CLK0 | custo_ip_tb_i/ps7_0_axi_periph/xbar/inst/gen_sasd.crossbar_sasd_0/addr_arbiter_inst/E[0]                                                                          |                                                                                                                                                          |                6 |             35 |
|  custo_ip_tb_i/processing_system7_0/inst/FCLK_CLK0 |                                                                                                                                                                   | custo_ip_tb_i/buttons/U0/bus2ip_reset                                                                                                                    |               13 |             40 |
|  custo_ip_tb_i/processing_system7_0/inst/FCLK_CLK0 | custo_ip_tb_i/ps7_0_axi_periph/s00_couplers/auto_pc/inst/gen_axilite.gen_b2s_conv.axilite_b2s/SI_REG/r.r_pipe/p_1_in                                              |                                                                                                                                                          |                7 |             47 |
|  custo_ip_tb_i/processing_system7_0/inst/FCLK_CLK0 | custo_ip_tb_i/ps7_0_axi_periph/s00_couplers/auto_pc/inst/gen_axilite.gen_b2s_conv.axilite_b2s/SI_REG/r.r_pipe/s_ready_i_reg_0                                     |                                                                                                                                                          |                7 |             47 |
|  custo_ip_tb_i/processing_system7_0/inst/FCLK_CLK0 | custo_ip_tb_i/ps7_0_axi_periph/s00_couplers/auto_pc/inst/gen_axilite.gen_b2s_conv.axilite_b2s/WR.aw_channel_0/aw_cmd_fsm_0/m_valid_i_reg[0]                       |                                                                                                                                                          |                8 |             48 |
|  custo_ip_tb_i/processing_system7_0/inst/FCLK_CLK0 | custo_ip_tb_i/ps7_0_axi_periph/s00_couplers/auto_pc/inst/gen_axilite.gen_b2s_conv.axilite_b2s/RD.ar_channel_0/ar_cmd_fsm_0/FSM_sequential_state_reg[1]_0[0]       |                                                                                                                                                          |               10 |             48 |
|  custo_ip_tb_i/processing_system7_0/inst/FCLK_CLK0 | custo_ip_tb_i/ps7_0_axi_periph/s00_couplers/auto_pc/inst/gen_axilite.gen_b2s_conv.axilite_b2s/SI_REG/ar.ar_pipe/s_ready_i_reg_0                                   |                                                                                                                                                          |               12 |             48 |
|  custo_ip_tb_i/processing_system7_0/inst/FCLK_CLK0 | custo_ip_tb_i/ps7_0_axi_periph/s00_couplers/auto_pc/inst/gen_axilite.gen_b2s_conv.axilite_b2s/SI_REG/aw.aw_pipe/s_ready_i_reg_0                                   |                                                                                                                                                          |               10 |             48 |
|  custo_ip_tb_i/processing_system7_0/inst/FCLK_CLK0 |                                                                                                                                                                   |                                                                                                                                                          |               66 |            188 |
+----------------------------------------------------+-------------------------------------------------------------------------------------------------------------------------------------------------------------------+----------------------------------------------------------------------------------------------------------------------------------------------------------+------------------+----------------+


