22:26:52 INFO  : Registering command handlers for SDK TCF services
22:26:53 INFO  : Launching XSCT server: xsct.bat -interactive D:\xlinx-projects\final_p2\final_p2.sdk\temp_xsdb_launch_script.tcl
22:26:56 INFO  : XSCT server has started successfully.
22:26:57 INFO  : Successfully done setting XSCT server connection channel  
22:26:57 INFO  : Processing command line option -hwspec D:/xlinx-projects/final_p2/final_p2.sdk/stream_fifo_wrapper.hdf.
22:26:57 INFO  : Successfully done setting SDK workspace  
22:34:38 INFO  : 'targets -set -filter {jtag_cable_name =~ "Digilent Zybo Z7 210351AF24E2A" && level==0} -index 1' command is executed.
22:34:38 INFO  : 'fpga -state' command is executed.
22:34:45 INFO  : Connected to target on host '127.0.0.1' and port '3121'.
22:34:45 INFO  : 'targets -set -filter {jtag_cable_name =~ "Digilent Zybo Z7 210351AF24E2A" && level==0} -index 1' command is executed.
22:34:47 INFO  : FPGA configured successfully with bitstream "D:/xlinx-projects/final_p2/final_p2.sdk/stream_fifo_wrapper_hw_platform_0/stream_fifo_wrapper.bit"
22:34:54 INFO  : 'targets -set -filter {jtag_cable_name =~ "Digilent Zybo Z7 210351AF24E2A" && level==0} -index 1' command is executed.
22:34:54 INFO  : 'fpga -state' command is executed.
22:34:54 INFO  : Connected to target on host '127.0.0.1' and port '3121'.
22:34:54 INFO  : Jtag cable 'Digilent Zybo Z7 210351AF24E2A' is selected.
22:34:54 INFO  : 'jtag frequency' command is executed.
22:34:54 INFO  : Sourcing of 'D:/xlinx-projects/final_p2/final_p2.sdk/stream_fifo_wrapper_hw_platform_0/ps7_init.tcl' is done.
22:34:54 INFO  : Context for 'APU' is selected.
22:34:54 INFO  : Hardware design information is loaded from 'D:/xlinx-projects/final_p2/final_p2.sdk/stream_fifo_wrapper_hw_platform_0/system.hdf'.
22:34:54 INFO  : 'configparams force-mem-access 1' command is executed.
22:34:55 INFO  : Context for 'APU' is selected.
22:34:55 INFO  : 'stop' command is executed.
22:34:55 INFO  : 'ps7_init' command is executed.
22:34:55 INFO  : 'ps7_post_config' command is executed.
22:34:55 INFO  : Context for processor 'ps7_cortexa9_0' is selected.
22:34:55 INFO  : Processor reset is completed for 'ps7_cortexa9_0'.
22:34:55 INFO  : Context for processor 'ps7_cortexa9_0' is selected.
22:34:55 INFO  : The application 'D:/xlinx-projects/final_p2/final_p2.sdk/fifo_test/Debug/fifo_test.elf' is downloaded to processor 'ps7_cortexa9_0'.
22:34:55 INFO  : 'configparams force-mem-access 0' command is executed.
22:34:55 INFO  : ----------------XSDB Script----------------
connect -url tcp:127.0.0.1:3121
source D:/xlinx-projects/final_p2/final_p2.sdk/stream_fifo_wrapper_hw_platform_0/ps7_init.tcl
targets -set -nocase -filter {name =~"APU*" && jtag_cable_name =~ "Digilent Zybo Z7 210351AF24E2A"} -index 0
loadhw -hw D:/xlinx-projects/final_p2/final_p2.sdk/stream_fifo_wrapper_hw_platform_0/system.hdf -mem-ranges [list {0x40000000 0xbfffffff}]
configparams force-mem-access 1
targets -set -nocase -filter {name =~"APU*" && jtag_cable_name =~ "Digilent Zybo Z7 210351AF24E2A"} -index 0
stop
ps7_init
ps7_post_config
targets -set -nocase -filter {name =~ "ARM*#0" && jtag_cable_name =~ "Digilent Zybo Z7 210351AF24E2A"} -index 0
rst -processor
targets -set -nocase -filter {name =~ "ARM*#0" && jtag_cable_name =~ "Digilent Zybo Z7 210351AF24E2A"} -index 0
dow D:/xlinx-projects/final_p2/final_p2.sdk/fifo_test/Debug/fifo_test.elf
configparams force-mem-access 0
----------------End of Script----------------

22:34:55 INFO  : Context for processor 'ps7_cortexa9_0' is selected.
22:34:56 INFO  : 'con' command is executed.
22:34:56 INFO  : ----------------XSDB Script (After Launch)----------------
targets -set -nocase -filter {name =~ "ARM*#0" && jtag_cable_name =~ "Digilent Zybo Z7 210351AF24E2A"} -index 0
con
----------------End of Script----------------

22:34:56 INFO  : Disconnected from the channel tcfchan#1.
22:36:23 INFO  : 'targets -set -filter {jtag_cable_name =~ "Digilent Zybo Z7 210351AF24E2A" && level==0} -index 1' command is executed.
22:36:23 INFO  : 'fpga -state' command is executed.
22:36:23 INFO  : Connected to target on host '127.0.0.1' and port '3121'.
22:36:23 INFO  : Jtag cable 'Digilent Zybo Z7 210351AF24E2A' is selected.
22:36:23 INFO  : 'jtag frequency' command is executed.
22:36:23 INFO  : Sourcing of 'D:/xlinx-projects/final_p2/final_p2.sdk/stream_fifo_wrapper_hw_platform_0/ps7_init.tcl' is done.
22:36:24 INFO  : Context for 'APU' is selected.
22:36:24 INFO  : Hardware design information is loaded from 'D:/xlinx-projects/final_p2/final_p2.sdk/stream_fifo_wrapper_hw_platform_0/system.hdf'.
22:36:24 INFO  : 'configparams force-mem-access 1' command is executed.
22:36:24 INFO  : Context for 'APU' is selected.
22:36:24 INFO  : 'stop' command is executed.
22:36:24 INFO  : 'ps7_init' command is executed.
22:36:24 INFO  : 'ps7_post_config' command is executed.
22:36:24 INFO  : Context for processor 'ps7_cortexa9_0' is selected.
22:36:24 INFO  : Processor reset is completed for 'ps7_cortexa9_0'.
22:36:24 INFO  : Context for processor 'ps7_cortexa9_0' is selected.
22:36:25 INFO  : The application 'D:/xlinx-projects/final_p2/final_p2.sdk/fifo_test/Debug/fifo_test.elf' is downloaded to processor 'ps7_cortexa9_0'.
22:36:25 INFO  : 'configparams force-mem-access 0' command is executed.
22:36:25 INFO  : ----------------XSDB Script----------------
connect -url tcp:127.0.0.1:3121
source D:/xlinx-projects/final_p2/final_p2.sdk/stream_fifo_wrapper_hw_platform_0/ps7_init.tcl
targets -set -nocase -filter {name =~"APU*" && jtag_cable_name =~ "Digilent Zybo Z7 210351AF24E2A"} -index 0
loadhw -hw D:/xlinx-projects/final_p2/final_p2.sdk/stream_fifo_wrapper_hw_platform_0/system.hdf -mem-ranges [list {0x40000000 0xbfffffff}]
configparams force-mem-access 1
targets -set -nocase -filter {name =~"APU*" && jtag_cable_name =~ "Digilent Zybo Z7 210351AF24E2A"} -index 0
stop
ps7_init
ps7_post_config
targets -set -nocase -filter {name =~ "ARM*#0" && jtag_cable_name =~ "Digilent Zybo Z7 210351AF24E2A"} -index 0
rst -processor
targets -set -nocase -filter {name =~ "ARM*#0" && jtag_cable_name =~ "Digilent Zybo Z7 210351AF24E2A"} -index 0
dow D:/xlinx-projects/final_p2/final_p2.sdk/fifo_test/Debug/fifo_test.elf
configparams force-mem-access 0
----------------End of Script----------------

22:36:25 INFO  : Context for processor 'ps7_cortexa9_0' is selected.
22:36:25 INFO  : 'con' command is executed.
22:36:25 INFO  : ----------------XSDB Script (After Launch)----------------
targets -set -nocase -filter {name =~ "ARM*#0" && jtag_cable_name =~ "Digilent Zybo Z7 210351AF24E2A"} -index 0
con
----------------End of Script----------------

22:36:25 INFO  : Disconnected from the channel tcfchan#2.
22:40:15 INFO  : 'targets -set -filter {jtag_cable_name =~ "Digilent Zybo Z7 210351AF24E2A" && level==0} -index 1' command is executed.
22:40:15 INFO  : 'fpga -state' command is executed.
22:40:15 INFO  : Connected to target on host '127.0.0.1' and port '3121'.
22:40:16 INFO  : Jtag cable 'Digilent Zybo Z7 210351AF24E2A' is selected.
22:40:16 INFO  : 'jtag frequency' command is executed.
22:40:16 INFO  : Sourcing of 'D:/xlinx-projects/final_p2/final_p2.sdk/stream_fifo_wrapper_hw_platform_0/ps7_init.tcl' is done.
22:40:16 INFO  : Context for 'APU' is selected.
22:40:16 INFO  : Hardware design information is loaded from 'D:/xlinx-projects/final_p2/final_p2.sdk/stream_fifo_wrapper_hw_platform_0/system.hdf'.
22:40:16 INFO  : 'configparams force-mem-access 1' command is executed.
22:40:16 INFO  : Context for 'APU' is selected.
22:40:16 INFO  : 'stop' command is executed.
22:40:16 INFO  : 'ps7_init' command is executed.
22:40:16 INFO  : 'ps7_post_config' command is executed.
22:40:16 INFO  : Context for processor 'ps7_cortexa9_0' is selected.
22:40:17 INFO  : Processor reset is completed for 'ps7_cortexa9_0'.
22:40:17 INFO  : Context for processor 'ps7_cortexa9_0' is selected.
22:40:17 INFO  : The application 'D:/xlinx-projects/final_p2/final_p2.sdk/fifo_test/Debug/fifo_test.elf' is downloaded to processor 'ps7_cortexa9_0'.
22:40:17 INFO  : 'configparams force-mem-access 0' command is executed.
22:40:17 INFO  : ----------------XSDB Script----------------
connect -url tcp:127.0.0.1:3121
source D:/xlinx-projects/final_p2/final_p2.sdk/stream_fifo_wrapper_hw_platform_0/ps7_init.tcl
targets -set -nocase -filter {name =~"APU*" && jtag_cable_name =~ "Digilent Zybo Z7 210351AF24E2A"} -index 0
loadhw -hw D:/xlinx-projects/final_p2/final_p2.sdk/stream_fifo_wrapper_hw_platform_0/system.hdf -mem-ranges [list {0x40000000 0xbfffffff}]
configparams force-mem-access 1
targets -set -nocase -filter {name =~"APU*" && jtag_cable_name =~ "Digilent Zybo Z7 210351AF24E2A"} -index 0
stop
ps7_init
ps7_post_config
targets -set -nocase -filter {name =~ "ARM*#0" && jtag_cable_name =~ "Digilent Zybo Z7 210351AF24E2A"} -index 0
rst -processor
targets -set -nocase -filter {name =~ "ARM*#0" && jtag_cable_name =~ "Digilent Zybo Z7 210351AF24E2A"} -index 0
dow D:/xlinx-projects/final_p2/final_p2.sdk/fifo_test/Debug/fifo_test.elf
configparams force-mem-access 0
----------------End of Script----------------

22:40:17 INFO  : Context for processor 'ps7_cortexa9_0' is selected.
22:40:17 INFO  : 'con' command is executed.
22:40:17 INFO  : ----------------XSDB Script (After Launch)----------------
targets -set -nocase -filter {name =~ "ARM*#0" && jtag_cable_name =~ "Digilent Zybo Z7 210351AF24E2A"} -index 0
con
----------------End of Script----------------

22:40:17 INFO  : Disconnected from the channel tcfchan#3.
22:40:52 INFO  : 'targets -set -filter {jtag_cable_name =~ "Digilent Zybo Z7 210351AF24E2A" && level==0} -index 1' command is executed.
22:40:52 INFO  : 'fpga -state' command is executed.
22:40:52 INFO  : Connected to target on host '127.0.0.1' and port '3121'.
22:40:53 INFO  : Jtag cable 'Digilent Zybo Z7 210351AF24E2A' is selected.
22:40:53 INFO  : 'jtag frequency' command is executed.
22:40:53 INFO  : Sourcing of 'D:/xlinx-projects/final_p2/final_p2.sdk/stream_fifo_wrapper_hw_platform_0/ps7_init.tcl' is done.
22:40:53 INFO  : Context for 'APU' is selected.
22:40:53 INFO  : Hardware design information is loaded from 'D:/xlinx-projects/final_p2/final_p2.sdk/stream_fifo_wrapper_hw_platform_0/system.hdf'.
22:40:53 INFO  : 'configparams force-mem-access 1' command is executed.
22:40:53 INFO  : Context for 'APU' is selected.
22:40:53 INFO  : 'stop' command is executed.
22:40:53 INFO  : 'ps7_init' command is executed.
22:40:53 INFO  : 'ps7_post_config' command is executed.
22:40:53 INFO  : Context for processor 'ps7_cortexa9_0' is selected.
22:40:53 INFO  : Processor reset is completed for 'ps7_cortexa9_0'.
22:40:53 INFO  : Context for processor 'ps7_cortexa9_0' is selected.
22:40:54 INFO  : The application 'D:/xlinx-projects/final_p2/final_p2.sdk/fifo_test/Debug/fifo_test.elf' is downloaded to processor 'ps7_cortexa9_0'.
22:40:54 INFO  : 'configparams force-mem-access 0' command is executed.
22:40:54 INFO  : ----------------XSDB Script----------------
connect -url tcp:127.0.0.1:3121
source D:/xlinx-projects/final_p2/final_p2.sdk/stream_fifo_wrapper_hw_platform_0/ps7_init.tcl
targets -set -nocase -filter {name =~"APU*" && jtag_cable_name =~ "Digilent Zybo Z7 210351AF24E2A"} -index 0
loadhw -hw D:/xlinx-projects/final_p2/final_p2.sdk/stream_fifo_wrapper_hw_platform_0/system.hdf -mem-ranges [list {0x40000000 0xbfffffff}]
configparams force-mem-access 1
targets -set -nocase -filter {name =~"APU*" && jtag_cable_name =~ "Digilent Zybo Z7 210351AF24E2A"} -index 0
stop
ps7_init
ps7_post_config
targets -set -nocase -filter {name =~ "ARM*#0" && jtag_cable_name =~ "Digilent Zybo Z7 210351AF24E2A"} -index 0
rst -processor
targets -set -nocase -filter {name =~ "ARM*#0" && jtag_cable_name =~ "Digilent Zybo Z7 210351AF24E2A"} -index 0
dow D:/xlinx-projects/final_p2/final_p2.sdk/fifo_test/Debug/fifo_test.elf
configparams force-mem-access 0
----------------End of Script----------------

22:40:54 INFO  : Context for processor 'ps7_cortexa9_0' is selected.
22:40:54 INFO  : 'con' command is executed.
22:40:54 INFO  : ----------------XSDB Script (After Launch)----------------
targets -set -nocase -filter {name =~ "ARM*#0" && jtag_cable_name =~ "Digilent Zybo Z7 210351AF24E2A"} -index 0
con
----------------End of Script----------------

22:40:54 INFO  : Disconnected from the channel tcfchan#4.
22:42:17 INFO  : 'targets -set -filter {jtag_cable_name =~ "Digilent Zybo Z7 210351AF24E2A" && level==0} -index 1' command is executed.
22:42:17 INFO  : 'fpga -state' command is executed.
22:42:17 INFO  : Connected to target on host '127.0.0.1' and port '3121'.
22:42:17 INFO  : Jtag cable 'Digilent Zybo Z7 210351AF24E2A' is selected.
22:42:17 INFO  : 'jtag frequency' command is executed.
22:42:17 INFO  : Sourcing of 'D:/xlinx-projects/final_p2/final_p2.sdk/stream_fifo_wrapper_hw_platform_0/ps7_init.tcl' is done.
22:42:17 INFO  : Context for 'APU' is selected.
22:42:17 INFO  : Hardware design information is loaded from 'D:/xlinx-projects/final_p2/final_p2.sdk/stream_fifo_wrapper_hw_platform_0/system.hdf'.
22:42:17 INFO  : 'configparams force-mem-access 1' command is executed.
22:42:17 INFO  : Context for 'APU' is selected.
22:42:18 INFO  : 'stop' command is executed.
22:42:18 INFO  : 'ps7_init' command is executed.
22:42:18 INFO  : 'ps7_post_config' command is executed.
22:42:18 INFO  : Context for processor 'ps7_cortexa9_0' is selected.
22:42:18 INFO  : Processor reset is completed for 'ps7_cortexa9_0'.
22:42:18 INFO  : Context for processor 'ps7_cortexa9_0' is selected.
22:42:18 INFO  : The application 'D:/xlinx-projects/final_p2/final_p2.sdk/fifo_test/Debug/fifo_test.elf' is downloaded to processor 'ps7_cortexa9_0'.
22:42:18 INFO  : 'configparams force-mem-access 0' command is executed.
22:42:18 INFO  : ----------------XSDB Script----------------
connect -url tcp:127.0.0.1:3121
source D:/xlinx-projects/final_p2/final_p2.sdk/stream_fifo_wrapper_hw_platform_0/ps7_init.tcl
targets -set -nocase -filter {name =~"APU*" && jtag_cable_name =~ "Digilent Zybo Z7 210351AF24E2A"} -index 0
loadhw -hw D:/xlinx-projects/final_p2/final_p2.sdk/stream_fifo_wrapper_hw_platform_0/system.hdf -mem-ranges [list {0x40000000 0xbfffffff}]
configparams force-mem-access 1
targets -set -nocase -filter {name =~"APU*" && jtag_cable_name =~ "Digilent Zybo Z7 210351AF24E2A"} -index 0
stop
ps7_init
ps7_post_config
targets -set -nocase -filter {name =~ "ARM*#0" && jtag_cable_name =~ "Digilent Zybo Z7 210351AF24E2A"} -index 0
rst -processor
targets -set -nocase -filter {name =~ "ARM*#0" && jtag_cable_name =~ "Digilent Zybo Z7 210351AF24E2A"} -index 0
dow D:/xlinx-projects/final_p2/final_p2.sdk/fifo_test/Debug/fifo_test.elf
configparams force-mem-access 0
----------------End of Script----------------

22:42:18 INFO  : Context for processor 'ps7_cortexa9_0' is selected.
22:42:18 INFO  : 'con' command is executed.
22:42:18 INFO  : ----------------XSDB Script (After Launch)----------------
targets -set -nocase -filter {name =~ "ARM*#0" && jtag_cable_name =~ "Digilent Zybo Z7 210351AF24E2A"} -index 0
con
----------------End of Script----------------

22:42:19 INFO  : Disconnected from the channel tcfchan#5.
22:42:45 INFO  : 'targets -set -filter {jtag_cable_name =~ "Digilent Zybo Z7 210351AF24E2A" && level==0} -index 1' command is executed.
22:42:45 INFO  : 'fpga -state' command is executed.
22:42:45 INFO  : Connected to target on host '127.0.0.1' and port '3121'.
22:42:45 INFO  : Jtag cable 'Digilent Zybo Z7 210351AF24E2A' is selected.
22:42:45 INFO  : 'jtag frequency' command is executed.
22:42:45 INFO  : Sourcing of 'D:/xlinx-projects/final_p2/final_p2.sdk/stream_fifo_wrapper_hw_platform_0/ps7_init.tcl' is done.
22:42:46 INFO  : Context for 'APU' is selected.
22:42:46 INFO  : Hardware design information is loaded from 'D:/xlinx-projects/final_p2/final_p2.sdk/stream_fifo_wrapper_hw_platform_0/system.hdf'.
22:42:46 INFO  : 'configparams force-mem-access 1' command is executed.
22:42:46 INFO  : Context for 'APU' is selected.
22:42:46 INFO  : 'stop' command is executed.
22:42:46 INFO  : 'ps7_init' command is executed.
22:42:46 INFO  : 'ps7_post_config' command is executed.
22:42:46 INFO  : Context for processor 'ps7_cortexa9_0' is selected.
22:42:46 INFO  : Processor reset is completed for 'ps7_cortexa9_0'.
22:42:46 INFO  : Context for processor 'ps7_cortexa9_0' is selected.
22:42:46 INFO  : The application 'D:/xlinx-projects/final_p2/final_p2.sdk/fifo_test/Debug/fifo_test.elf' is downloaded to processor 'ps7_cortexa9_0'.
22:42:46 INFO  : 'configparams force-mem-access 0' command is executed.
22:42:46 INFO  : ----------------XSDB Script----------------
connect -url tcp:127.0.0.1:3121
source D:/xlinx-projects/final_p2/final_p2.sdk/stream_fifo_wrapper_hw_platform_0/ps7_init.tcl
targets -set -nocase -filter {name =~"APU*" && jtag_cable_name =~ "Digilent Zybo Z7 210351AF24E2A"} -index 0
loadhw -hw D:/xlinx-projects/final_p2/final_p2.sdk/stream_fifo_wrapper_hw_platform_0/system.hdf -mem-ranges [list {0x40000000 0xbfffffff}]
configparams force-mem-access 1
targets -set -nocase -filter {name =~"APU*" && jtag_cable_name =~ "Digilent Zybo Z7 210351AF24E2A"} -index 0
stop
ps7_init
ps7_post_config
targets -set -nocase -filter {name =~ "ARM*#0" && jtag_cable_name =~ "Digilent Zybo Z7 210351AF24E2A"} -index 0
rst -processor
targets -set -nocase -filter {name =~ "ARM*#0" && jtag_cable_name =~ "Digilent Zybo Z7 210351AF24E2A"} -index 0
dow D:/xlinx-projects/final_p2/final_p2.sdk/fifo_test/Debug/fifo_test.elf
configparams force-mem-access 0
----------------End of Script----------------

22:42:47 INFO  : Context for processor 'ps7_cortexa9_0' is selected.
22:42:47 INFO  : 'con' command is executed.
22:42:47 INFO  : ----------------XSDB Script (After Launch)----------------
targets -set -nocase -filter {name =~ "ARM*#0" && jtag_cable_name =~ "Digilent Zybo Z7 210351AF24E2A"} -index 0
con
----------------End of Script----------------

22:42:47 INFO  : Disconnected from the channel tcfchan#6.
22:43:50 INFO  : 'targets -set -filter {jtag_cable_name =~ "Digilent Zybo Z7 210351AF24E2A" && level==0} -index 1' command is executed.
22:43:50 INFO  : 'fpga -state' command is executed.
22:43:50 INFO  : Connected to target on host '127.0.0.1' and port '3121'.
22:43:51 INFO  : Jtag cable 'Digilent Zybo Z7 210351AF24E2A' is selected.
22:43:51 INFO  : 'jtag frequency' command is executed.
22:43:51 INFO  : Sourcing of 'D:/xlinx-projects/final_p2/final_p2.sdk/stream_fifo_wrapper_hw_platform_0/ps7_init.tcl' is done.
22:43:51 INFO  : Context for 'APU' is selected.
22:43:51 INFO  : Hardware design information is loaded from 'D:/xlinx-projects/final_p2/final_p2.sdk/stream_fifo_wrapper_hw_platform_0/system.hdf'.
22:43:51 INFO  : 'configparams force-mem-access 1' command is executed.
22:43:51 INFO  : Context for 'APU' is selected.
22:43:51 INFO  : 'stop' command is executed.
22:43:51 INFO  : 'ps7_init' command is executed.
22:43:52 INFO  : 'ps7_post_config' command is executed.
22:43:52 INFO  : Context for processor 'ps7_cortexa9_0' is selected.
22:43:52 INFO  : Processor reset is completed for 'ps7_cortexa9_0'.
22:43:52 INFO  : Context for processor 'ps7_cortexa9_0' is selected.
22:43:52 INFO  : The application 'D:/xlinx-projects/final_p2/final_p2.sdk/fifo_test/Debug/fifo_test.elf' is downloaded to processor 'ps7_cortexa9_0'.
22:43:52 INFO  : 'configparams force-mem-access 0' command is executed.
22:43:52 INFO  : ----------------XSDB Script----------------
connect -url tcp:127.0.0.1:3121
source D:/xlinx-projects/final_p2/final_p2.sdk/stream_fifo_wrapper_hw_platform_0/ps7_init.tcl
targets -set -nocase -filter {name =~"APU*" && jtag_cable_name =~ "Digilent Zybo Z7 210351AF24E2A"} -index 0
loadhw -hw D:/xlinx-projects/final_p2/final_p2.sdk/stream_fifo_wrapper_hw_platform_0/system.hdf -mem-ranges [list {0x40000000 0xbfffffff}]
configparams force-mem-access 1
targets -set -nocase -filter {name =~"APU*" && jtag_cable_name =~ "Digilent Zybo Z7 210351AF24E2A"} -index 0
stop
ps7_init
ps7_post_config
targets -set -nocase -filter {name =~ "ARM*#0" && jtag_cable_name =~ "Digilent Zybo Z7 210351AF24E2A"} -index 0
rst -processor
targets -set -nocase -filter {name =~ "ARM*#0" && jtag_cable_name =~ "Digilent Zybo Z7 210351AF24E2A"} -index 0
dow D:/xlinx-projects/final_p2/final_p2.sdk/fifo_test/Debug/fifo_test.elf
configparams force-mem-access 0
----------------End of Script----------------

22:43:52 INFO  : Context for processor 'ps7_cortexa9_0' is selected.
22:43:52 INFO  : 'con' command is executed.
22:43:52 INFO  : ----------------XSDB Script (After Launch)----------------
targets -set -nocase -filter {name =~ "ARM*#0" && jtag_cable_name =~ "Digilent Zybo Z7 210351AF24E2A"} -index 0
con
----------------End of Script----------------

22:43:52 INFO  : Disconnected from the channel tcfchan#7.
22:45:01 INFO  : 'targets -set -filter {jtag_cable_name =~ "Digilent Zybo Z7 210351AF24E2A" && level==0} -index 1' command is executed.
22:45:01 INFO  : 'fpga -state' command is executed.
22:45:01 INFO  : Connected to target on host '127.0.0.1' and port '3121'.
22:45:02 INFO  : Jtag cable 'Digilent Zybo Z7 210351AF24E2A' is selected.
22:45:02 INFO  : 'jtag frequency' command is executed.
22:45:02 INFO  : Sourcing of 'D:/xlinx-projects/final_p2/final_p2.sdk/stream_fifo_wrapper_hw_platform_0/ps7_init.tcl' is done.
22:45:02 INFO  : Context for 'APU' is selected.
22:45:02 INFO  : Hardware design information is loaded from 'D:/xlinx-projects/final_p2/final_p2.sdk/stream_fifo_wrapper_hw_platform_0/system.hdf'.
22:45:02 INFO  : 'configparams force-mem-access 1' command is executed.
22:45:02 INFO  : Context for 'APU' is selected.
22:45:02 INFO  : 'stop' command is executed.
22:45:03 INFO  : 'ps7_init' command is executed.
22:45:03 INFO  : 'ps7_post_config' command is executed.
22:45:03 INFO  : Context for processor 'ps7_cortexa9_0' is selected.
22:45:03 INFO  : Processor reset is completed for 'ps7_cortexa9_0'.
22:45:03 INFO  : Context for processor 'ps7_cortexa9_0' is selected.
22:45:03 INFO  : The application 'D:/xlinx-projects/final_p2/final_p2.sdk/fifo_test/Debug/fifo_test.elf' is downloaded to processor 'ps7_cortexa9_0'.
22:45:03 INFO  : 'configparams force-mem-access 0' command is executed.
22:45:03 INFO  : ----------------XSDB Script----------------
connect -url tcp:127.0.0.1:3121
source D:/xlinx-projects/final_p2/final_p2.sdk/stream_fifo_wrapper_hw_platform_0/ps7_init.tcl
targets -set -nocase -filter {name =~"APU*" && jtag_cable_name =~ "Digilent Zybo Z7 210351AF24E2A"} -index 0
loadhw -hw D:/xlinx-projects/final_p2/final_p2.sdk/stream_fifo_wrapper_hw_platform_0/system.hdf -mem-ranges [list {0x40000000 0xbfffffff}]
configparams force-mem-access 1
targets -set -nocase -filter {name =~"APU*" && jtag_cable_name =~ "Digilent Zybo Z7 210351AF24E2A"} -index 0
stop
ps7_init
ps7_post_config
targets -set -nocase -filter {name =~ "ARM*#0" && jtag_cable_name =~ "Digilent Zybo Z7 210351AF24E2A"} -index 0
rst -processor
targets -set -nocase -filter {name =~ "ARM*#0" && jtag_cable_name =~ "Digilent Zybo Z7 210351AF24E2A"} -index 0
dow D:/xlinx-projects/final_p2/final_p2.sdk/fifo_test/Debug/fifo_test.elf
configparams force-mem-access 0
----------------End of Script----------------

22:45:03 INFO  : Context for processor 'ps7_cortexa9_0' is selected.
22:45:03 INFO  : 'con' command is executed.
22:45:03 INFO  : ----------------XSDB Script (After Launch)----------------
targets -set -nocase -filter {name =~ "ARM*#0" && jtag_cable_name =~ "Digilent Zybo Z7 210351AF24E2A"} -index 0
con
----------------End of Script----------------

22:45:03 INFO  : Disconnected from the channel tcfchan#8.
22:46:20 INFO  : 'targets -set -filter {jtag_cable_name =~ "Digilent Zybo Z7 210351AF24E2A" && level==0} -index 1' command is executed.
22:46:20 INFO  : 'fpga -state' command is executed.
22:46:20 INFO  : Connected to target on host '127.0.0.1' and port '3121'.
22:46:20 INFO  : Jtag cable 'Digilent Zybo Z7 210351AF24E2A' is selected.
22:46:20 INFO  : 'jtag frequency' command is executed.
22:46:20 INFO  : Sourcing of 'D:/xlinx-projects/final_p2/final_p2.sdk/stream_fifo_wrapper_hw_platform_0/ps7_init.tcl' is done.
22:46:20 INFO  : Context for 'APU' is selected.
22:46:20 INFO  : Hardware design information is loaded from 'D:/xlinx-projects/final_p2/final_p2.sdk/stream_fifo_wrapper_hw_platform_0/system.hdf'.
22:46:20 INFO  : 'configparams force-mem-access 1' command is executed.
22:46:21 INFO  : Context for 'APU' is selected.
22:46:21 INFO  : 'stop' command is executed.
22:46:21 INFO  : 'ps7_init' command is executed.
22:46:21 INFO  : 'ps7_post_config' command is executed.
22:46:21 INFO  : Context for processor 'ps7_cortexa9_0' is selected.
22:46:21 INFO  : Processor reset is completed for 'ps7_cortexa9_0'.
22:46:21 INFO  : Context for processor 'ps7_cortexa9_0' is selected.
22:46:21 INFO  : The application 'D:/xlinx-projects/final_p2/final_p2.sdk/fifo_test/Debug/fifo_test.elf' is downloaded to processor 'ps7_cortexa9_0'.
22:46:21 INFO  : 'configparams force-mem-access 0' command is executed.
22:46:21 INFO  : ----------------XSDB Script----------------
connect -url tcp:127.0.0.1:3121
source D:/xlinx-projects/final_p2/final_p2.sdk/stream_fifo_wrapper_hw_platform_0/ps7_init.tcl
targets -set -nocase -filter {name =~"APU*" && jtag_cable_name =~ "Digilent Zybo Z7 210351AF24E2A"} -index 0
loadhw -hw D:/xlinx-projects/final_p2/final_p2.sdk/stream_fifo_wrapper_hw_platform_0/system.hdf -mem-ranges [list {0x40000000 0xbfffffff}]
configparams force-mem-access 1
targets -set -nocase -filter {name =~"APU*" && jtag_cable_name =~ "Digilent Zybo Z7 210351AF24E2A"} -index 0
stop
ps7_init
ps7_post_config
targets -set -nocase -filter {name =~ "ARM*#0" && jtag_cable_name =~ "Digilent Zybo Z7 210351AF24E2A"} -index 0
rst -processor
targets -set -nocase -filter {name =~ "ARM*#0" && jtag_cable_name =~ "Digilent Zybo Z7 210351AF24E2A"} -index 0
dow D:/xlinx-projects/final_p2/final_p2.sdk/fifo_test/Debug/fifo_test.elf
configparams force-mem-access 0
----------------End of Script----------------

22:46:22 INFO  : Context for processor 'ps7_cortexa9_0' is selected.
22:46:22 INFO  : 'con' command is executed.
22:46:22 INFO  : ----------------XSDB Script (After Launch)----------------
targets -set -nocase -filter {name =~ "ARM*#0" && jtag_cable_name =~ "Digilent Zybo Z7 210351AF24E2A"} -index 0
con
----------------End of Script----------------

22:46:22 INFO  : Disconnected from the channel tcfchan#9.
