20:59:42 INFO  : Registering command handlers for SDK TCF services
20:59:43 INFO  : Launching XSCT server: xsct.bat -interactive D:\xlinx-projects\kn_rd_tb\kn_rd_tb.sdk\temp_xsdb_launch_script.tcl
20:59:47 INFO  : XSCT server has started successfully.
20:59:52 INFO  : Successfully done setting XSCT server connection channel  
20:59:52 INFO  : Processing command line option -hwspec D:/xlinx-projects/kn_rd_tb/kn_rd_tb.sdk/knight_rd_tb_wrapper.hdf.
20:59:52 INFO  : Successfully done setting SDK workspace  
21:02:59 INFO  : Connected to target on host '127.0.0.1' and port '3121'.
21:03:02 INFO  : 'targets -set -filter {jtag_cable_name =~ "Digilent Zybo Z7 210351AF24E2A" && level==0} -index 1' command is executed.
21:03:03 INFO  : FPGA configured successfully with bitstream "D:/xlinx-projects/kn_rd_tb/kn_rd_tb.sdk/knight_rd_tb_wrapper_hw_platform_0/knight_rd_tb_wrapper.bit"
21:03:13 INFO  : 'targets -set -filter {jtag_cable_name =~ "Digilent Zybo Z7 210351AF24E2A" && level==0} -index 1' command is executed.
21:03:13 INFO  : 'fpga -state' command is executed.
21:03:13 INFO  : Connected to target on host '127.0.0.1' and port '3121'.
21:03:14 INFO  : Jtag cable 'Digilent Zybo Z7 210351AF24E2A' is selected.
21:03:14 INFO  : 'jtag frequency' command is executed.
21:03:14 INFO  : Sourcing of 'D:/xlinx-projects/kn_rd_tb/kn_rd_tb.sdk/knight_rd_tb_wrapper_hw_platform_0/ps7_init.tcl' is done.
21:03:14 INFO  : Context for 'APU' is selected.
21:03:14 INFO  : Hardware design information is loaded from 'D:/xlinx-projects/kn_rd_tb/kn_rd_tb.sdk/knight_rd_tb_wrapper_hw_platform_0/system.hdf'.
21:03:14 INFO  : 'configparams force-mem-access 1' command is executed.
21:03:14 INFO  : Context for 'APU' is selected.
21:03:14 INFO  : 'stop' command is executed.
21:03:15 INFO  : 'ps7_init' command is executed.
21:03:15 INFO  : 'ps7_post_config' command is executed.
21:03:15 INFO  : Context for processor 'ps7_cortexa9_0' is selected.
21:03:15 INFO  : Processor reset is completed for 'ps7_cortexa9_0'.
21:03:15 INFO  : Context for processor 'ps7_cortexa9_0' is selected.
21:03:15 INFO  : The application 'D:/xlinx-projects/kn_rd_tb/kn_rd_tb.sdk/test/Debug/test.elf' is downloaded to processor 'ps7_cortexa9_0'.
21:03:15 INFO  : 'configparams force-mem-access 0' command is executed.
21:03:15 INFO  : ----------------XSDB Script----------------
connect -url tcp:127.0.0.1:3121
source D:/xlinx-projects/kn_rd_tb/kn_rd_tb.sdk/knight_rd_tb_wrapper_hw_platform_0/ps7_init.tcl
targets -set -nocase -filter {name =~"APU*" && jtag_cable_name =~ "Digilent Zybo Z7 210351AF24E2A"} -index 0
loadhw -hw D:/xlinx-projects/kn_rd_tb/kn_rd_tb.sdk/knight_rd_tb_wrapper_hw_platform_0/system.hdf -mem-ranges [list {0x40000000 0xbfffffff}]
configparams force-mem-access 1
targets -set -nocase -filter {name =~"APU*" && jtag_cable_name =~ "Digilent Zybo Z7 210351AF24E2A"} -index 0
stop
ps7_init
ps7_post_config
targets -set -nocase -filter {name =~ "ARM*#0" && jtag_cable_name =~ "Digilent Zybo Z7 210351AF24E2A"} -index 0
rst -processor
targets -set -nocase -filter {name =~ "ARM*#0" && jtag_cable_name =~ "Digilent Zybo Z7 210351AF24E2A"} -index 0
dow D:/xlinx-projects/kn_rd_tb/kn_rd_tb.sdk/test/Debug/test.elf
configparams force-mem-access 0
----------------End of Script----------------

21:03:15 INFO  : Context for processor 'ps7_cortexa9_0' is selected.
21:03:15 INFO  : 'con' command is executed.
21:03:15 INFO  : ----------------XSDB Script (After Launch)----------------
targets -set -nocase -filter {name =~ "ARM*#0" && jtag_cable_name =~ "Digilent Zybo Z7 210351AF24E2A"} -index 0
con
----------------End of Script----------------

21:03:15 INFO  : Disconnected from the channel tcfchan#1.
21:03:48 INFO  : 'targets -set -filter {jtag_cable_name =~ "Digilent Zybo Z7 210351AF24E2A" && level==0} -index 1' command is executed.
21:03:48 INFO  : 'fpga -state' command is executed.
21:03:48 INFO  : Connected to target on host '127.0.0.1' and port '3121'.
21:03:48 INFO  : Jtag cable 'Digilent Zybo Z7 210351AF24E2A' is selected.
21:03:48 INFO  : 'jtag frequency' command is executed.
21:03:48 INFO  : Sourcing of 'D:/xlinx-projects/kn_rd_tb/kn_rd_tb.sdk/knight_rd_tb_wrapper_hw_platform_0/ps7_init.tcl' is done.
21:03:49 INFO  : Context for 'APU' is selected.
21:03:49 INFO  : Hardware design information is loaded from 'D:/xlinx-projects/kn_rd_tb/kn_rd_tb.sdk/knight_rd_tb_wrapper_hw_platform_0/system.hdf'.
21:03:49 INFO  : 'configparams force-mem-access 1' command is executed.
21:03:50 INFO  : Context for 'APU' is selected.
21:03:50 INFO  : 'stop' command is executed.
21:03:51 INFO  : 'ps7_init' command is executed.
21:03:51 INFO  : 'ps7_post_config' command is executed.
21:03:52 INFO  : Context for processor 'ps7_cortexa9_0' is selected.
21:03:52 INFO  : Processor reset is completed for 'ps7_cortexa9_0'.
21:03:53 INFO  : Context for processor 'ps7_cortexa9_0' is selected.
21:03:54 INFO  : The application 'D:/xlinx-projects/kn_rd_tb/kn_rd_tb.sdk/test/Debug/test.elf' is downloaded to processor 'ps7_cortexa9_0'.
21:03:54 INFO  : 'configparams force-mem-access 0' command is executed.
21:03:54 INFO  : ----------------XSDB Script----------------
connect -url tcp:127.0.0.1:3121
source D:/xlinx-projects/kn_rd_tb/kn_rd_tb.sdk/knight_rd_tb_wrapper_hw_platform_0/ps7_init.tcl
targets -set -nocase -filter {name =~"APU*" && jtag_cable_name =~ "Digilent Zybo Z7 210351AF24E2A"} -index 0
loadhw -hw D:/xlinx-projects/kn_rd_tb/kn_rd_tb.sdk/knight_rd_tb_wrapper_hw_platform_0/system.hdf -mem-ranges [list {0x40000000 0xbfffffff}]
configparams force-mem-access 1
targets -set -nocase -filter {name =~"APU*" && jtag_cable_name =~ "Digilent Zybo Z7 210351AF24E2A"} -index 0
stop
ps7_init
ps7_post_config
targets -set -nocase -filter {name =~ "ARM*#0" && jtag_cable_name =~ "Digilent Zybo Z7 210351AF24E2A"} -index 0
rst -processor
targets -set -nocase -filter {name =~ "ARM*#0" && jtag_cable_name =~ "Digilent Zybo Z7 210351AF24E2A"} -index 0
dow D:/xlinx-projects/kn_rd_tb/kn_rd_tb.sdk/test/Debug/test.elf
configparams force-mem-access 0
----------------End of Script----------------

21:03:54 INFO  : Context for processor 'ps7_cortexa9_0' is selected.
21:03:54 INFO  : 'con' command is executed.
21:03:54 INFO  : ----------------XSDB Script (After Launch)----------------
targets -set -nocase -filter {name =~ "ARM*#0" && jtag_cable_name =~ "Digilent Zybo Z7 210351AF24E2A"} -index 0
con
----------------End of Script----------------

21:03:54 INFO  : Disconnected from the channel tcfchan#2.
