14:12:03 INFO  : Registering command handlers for SDK TCF services
14:12:04 INFO  : Launching XSCT server: xsct.bat -interactive D:\xlinx-projects\knight_rider_ip_tb\knight_rider_ip_tb.sdk\temp_xsdb_launch_script.tcl
14:12:07 INFO  : XSCT server has started successfully.
14:12:07 INFO  : Successfully done setting XSCT server connection channel  
14:12:07 INFO  : Successfully done setting SDK workspace  
14:12:07 INFO  : Processing command line option -hwspec D:/xlinx-projects/knight_rider_ip_tb/knight_rider_ip_tb.sdk/kn_rd_tb_wrapper.hdf.
14:15:01 INFO  : 'targets -set -filter {jtag_cable_name =~ "Digilent Zybo Z7 210351AF24E2A" && level==0} -index 1' command is executed.
14:15:01 INFO  : 'fpga -state' command is executed.
14:15:08 INFO  : Connected to target on host '127.0.0.1' and port '3121'.
14:15:08 INFO  : 'targets -set -filter {jtag_cable_name =~ "Digilent Zybo Z7 210351AF24E2A" && level==0} -index 1' command is executed.
14:15:10 INFO  : FPGA configured successfully with bitstream "D:/xlinx-projects/knight_rider_ip_tb/knight_rider_ip_tb.sdk/kn_rd_tb_wrapper_hw_platform_0/kn_rd_tb_wrapper.bit"
14:15:16 INFO  : 'targets -set -filter {jtag_cable_name =~ "Digilent Zybo Z7 210351AF24E2A" && level==0} -index 1' command is executed.
14:15:16 INFO  : 'fpga -state' command is executed.
14:15:16 INFO  : Connected to target on host '127.0.0.1' and port '3121'.
14:15:16 INFO  : Jtag cable 'Digilent Zybo Z7 210351AF24E2A' is selected.
14:15:16 INFO  : 'jtag frequency' command is executed.
14:15:16 INFO  : Sourcing of 'D:/xlinx-projects/knight_rider_ip_tb/knight_rider_ip_tb.sdk/kn_rd_tb_wrapper_hw_platform_0/ps7_init.tcl' is done.
14:15:16 INFO  : Context for 'APU' is selected.
14:15:16 INFO  : Hardware design information is loaded from 'D:/xlinx-projects/knight_rider_ip_tb/knight_rider_ip_tb.sdk/kn_rd_tb_wrapper_hw_platform_0/system.hdf'.
14:15:16 INFO  : 'configparams force-mem-access 1' command is executed.
14:15:16 INFO  : Context for 'APU' is selected.
14:15:16 INFO  : 'stop' command is executed.
14:15:17 INFO  : 'ps7_init' command is executed.
14:15:17 INFO  : 'ps7_post_config' command is executed.
14:15:17 INFO  : Context for processor 'ps7_cortexa9_0' is selected.
14:15:17 INFO  : Processor reset is completed for 'ps7_cortexa9_0'.
14:15:17 INFO  : Context for processor 'ps7_cortexa9_0' is selected.
14:15:17 INFO  : The application 'D:/xlinx-projects/knight_rider_ip_tb/knight_rider_ip_tb.sdk/test/Debug/test.elf' is downloaded to processor 'ps7_cortexa9_0'.
14:15:17 INFO  : 'configparams force-mem-access 0' command is executed.
14:15:17 INFO  : ----------------XSDB Script----------------
connect -url tcp:127.0.0.1:3121
source D:/xlinx-projects/knight_rider_ip_tb/knight_rider_ip_tb.sdk/kn_rd_tb_wrapper_hw_platform_0/ps7_init.tcl
targets -set -nocase -filter {name =~"APU*" && jtag_cable_name =~ "Digilent Zybo Z7 210351AF24E2A"} -index 0
loadhw -hw D:/xlinx-projects/knight_rider_ip_tb/knight_rider_ip_tb.sdk/kn_rd_tb_wrapper_hw_platform_0/system.hdf -mem-ranges [list {0x40000000 0xbfffffff}]
configparams force-mem-access 1
targets -set -nocase -filter {name =~"APU*" && jtag_cable_name =~ "Digilent Zybo Z7 210351AF24E2A"} -index 0
stop
ps7_init
ps7_post_config
targets -set -nocase -filter {name =~ "ARM*#0" && jtag_cable_name =~ "Digilent Zybo Z7 210351AF24E2A"} -index 0
rst -processor
targets -set -nocase -filter {name =~ "ARM*#0" && jtag_cable_name =~ "Digilent Zybo Z7 210351AF24E2A"} -index 0
dow D:/xlinx-projects/knight_rider_ip_tb/knight_rider_ip_tb.sdk/test/Debug/test.elf
configparams force-mem-access 0
----------------End of Script----------------

14:15:17 INFO  : Context for processor 'ps7_cortexa9_0' is selected.
14:15:17 INFO  : 'con' command is executed.
14:15:17 INFO  : ----------------XSDB Script (After Launch)----------------
targets -set -nocase -filter {name =~ "ARM*#0" && jtag_cable_name =~ "Digilent Zybo Z7 210351AF24E2A"} -index 0
con
----------------End of Script----------------

14:15:17 INFO  : Disconnected from the channel tcfchan#1.
