Copyright 1986-2018 Xilinx, Inc. All Rights Reserved.
--------------------------------------------------------------------------------------------
| Tool Version : Vivado v.2018.3 (win64) Build 2405991 Thu Dec  6 23:38:27 MST 2018
| Date         : Fri Feb  5 00:32:09 2021
| Host         : DESKTOP-P7INVOJ running 64-bit major release  (build 9200)
| Command      : report_control_sets -verbose -file hw_3_p1_wrapper_control_sets_placed.rpt
| Design       : hw_3_p1_wrapper
| Device       : xc7z010
--------------------------------------------------------------------------------------------

Control Set Information

Table of Contents
-----------------
1. Summary
2. Histogram
3. Flip-Flop Distribution
4. Detailed Control Set Information

1. Summary
----------

+----------------------------------------------------------+-------+
|                          Status                          | Count |
+----------------------------------------------------------+-------+
| Number of unique control sets                            |    46 |
| Unused register locations in slices containing registers |   120 |
+----------------------------------------------------------+-------+


2. Histogram
------------

+--------+--------------+
| Fanout | Control Sets |
+--------+--------------+
|      1 |            1 |
|      2 |            1 |
|      4 |           10 |
|      5 |            4 |
|      6 |            2 |
|      8 |            3 |
|     10 |            1 |
|     11 |            1 |
|     12 |            4 |
|     13 |            1 |
|     14 |            2 |
|    16+ |           16 |
+--------+--------------+


3. Flip-Flop Distribution
-------------------------

+--------------+-----------------------+------------------------+-----------------+--------------+
| Clock Enable | Synchronous Set/Reset | Asynchronous Set/Reset | Total Registers | Total Slices |
+--------------+-----------------------+------------------------+-----------------+--------------+
| No           | No                    | No                     |             183 |           55 |
| No           | No                    | Yes                    |               0 |            0 |
| No           | Yes                   | No                     |             109 |           40 |
| Yes          | No                    | No                     |             443 |          110 |
| Yes          | No                    | Yes                    |               0 |            0 |
| Yes          | Yes                   | No                     |             113 |           31 |
+--------------+-----------------------+------------------------+-----------------+--------------+


4. Detailed Control Set Information
-----------------------------------

+------------------------------------------------+---------------------------------------------------------------------------------------------------------------------------------------------------------------+------------------------------------------------------------------------------------------------------------------------------------------------------+------------------+----------------+
|                  Clock Signal                  |                                                                         Enable Signal                                                                         |                                                                   Set/Reset Signal                                                                   | Slice Load Count | Bel Load Count |
+------------------------------------------------+---------------------------------------------------------------------------------------------------------------------------------------------------------------+------------------------------------------------------------------------------------------------------------------------------------------------------+------------------+----------------+
|  hw_3_p1_i/processing_system7_0/inst/FCLK_CLK0 | hw_3_p1_i/ps7_0_axi_periph/s00_couplers/auto_pc/inst/gen_axilite.gen_b2s_conv.axilite_b2s/WR.aw_channel_0/aw_cmd_fsm_0/m_axi_awready_1                        | hw_3_p1_i/ps7_0_axi_periph/s00_couplers/auto_pc/inst/gen_axilite.gen_b2s_conv.axilite_b2s/WR.aw_channel_0/aw_cmd_fsm_0/m_axi_awready_0               |                1 |              1 |
|  hw_3_p1_i/processing_system7_0/inst/FCLK_CLK0 | hw_3_p1_i/ps7_0_axi_periph/s00_couplers/auto_pc/inst/gen_axilite.gen_b2s_conv.axilite_b2s/WR.b_channel_0/bid_fifo_0/sel                                       |                                                                                                                                                      |                1 |              2 |
|  hw_3_p1_i/processing_system7_0/inst/FCLK_CLK0 |                                                                                                                                                               | hw_3_p1_i/btns/U0/AXI_LITE_IPIF_I/I_SLAVE_ATTACHMENT/clear                                                                                           |                1 |              4 |
|  hw_3_p1_i/processing_system7_0/inst/FCLK_CLK0 |                                                                                                                                                               | hw_3_p1_i/btns/U0/gpio_core_1/Not_Dual.ALLIN1_ND.READ_REG_GEN[3].reg1[31]_i_1_n_0                                                                    |                1 |              4 |
|  hw_3_p1_i/processing_system7_0/inst/FCLK_CLK0 | hw_3_p1_i/leds/U0/AXI_LITE_IPIF_I/I_SLAVE_ATTACHMENT/start2                                                                                                   | hw_3_p1_i/leds/U0/AXI_LITE_IPIF_I/I_SLAVE_ATTACHMENT/I_DECODER/cs_ce_clr                                                                             |                1 |              4 |
|  hw_3_p1_i/processing_system7_0/inst/FCLK_CLK0 |                                                                                                                                                               | hw_3_p1_i/ps7_0_axi_periph/s00_couplers/auto_pc/inst/gen_axilite.gen_b2s_conv.axilite_b2s/SI_REG/ar.ar_pipe/aresetn_d_reg[1]_inv_0                   |                3 |              4 |
|  hw_3_p1_i/processing_system7_0/inst/FCLK_CLK0 |                                                                                                                                                               | hw_3_p1_i/leds/U0/AXI_LITE_IPIF_I/I_SLAVE_ATTACHMENT/clear                                                                                           |                1 |              4 |
|  hw_3_p1_i/processing_system7_0/inst/FCLK_CLK0 | hw_3_p1_i/leds/U0/AXI_LITE_IPIF_I/I_SLAVE_ATTACHMENT/bus2ip_addr_i[8]_i_1_n_0                                                                                 | hw_3_p1_i/leds/U0/AXI_LITE_IPIF_I/I_SLAVE_ATTACHMENT/SR[0]                                                                                           |                1 |              4 |
|  hw_3_p1_i/processing_system7_0/inst/FCLK_CLK0 |                                                                                                                                                               | hw_3_p1_i/leds/U0/gpio_core_1/Read_Reg_Rst__0                                                                                                        |                1 |              4 |
|  hw_3_p1_i/processing_system7_0/inst/FCLK_CLK0 |                                                                                                                                                               | hw_3_p1_i/rst_ps7_0_50M/U0/EXT_LPF/lpf_int                                                                                                           |                2 |              4 |
|  hw_3_p1_i/processing_system7_0/inst/FCLK_CLK0 |                                                                                                                                                               | hw_3_p1_i/ps7_0_axi_periph/s00_couplers/auto_pc/inst/gen_axilite.gen_b2s_conv.axilite_b2s/SI_REG/aw.aw_pipe/aresetn_d_reg[0]_0                       |                3 |              4 |
|  hw_3_p1_i/processing_system7_0/inst/FCLK_CLK0 | hw_3_p1_i/btns/U0/AXI_LITE_IPIF_I/I_SLAVE_ATTACHMENT/I_DECODER/MEM_DECODE_GEN[0].cs_out_i_reg[0]_1[0]                                                         | hw_3_p1_i/btns/U0/bus2ip_reset                                                                                                                       |                1 |              4 |
|  hw_3_p1_i/processing_system7_0/inst/FCLK_CLK0 | hw_3_p1_i/leds/U0/AXI_LITE_IPIF_I/I_SLAVE_ATTACHMENT/s_axi_rresp_i                                                                                            | hw_3_p1_i/leds/U0/AXI_LITE_IPIF_I/I_SLAVE_ATTACHMENT/SR[0]                                                                                           |                1 |              5 |
|  hw_3_p1_i/processing_system7_0/inst/FCLK_CLK0 | hw_3_p1_i/ps7_0_axi_periph/s00_couplers/auto_pc/inst/gen_axilite.gen_b2s_conv.axilite_b2s/RD.r_channel_0/rd_data_fifo_0/cnt_read[4]_i_1_n_0                   | hw_3_p1_i/ps7_0_axi_periph/s00_couplers/auto_pc/inst/gen_axilite.gen_b2s_conv.axilite_b2s/areset_d1                                                  |                1 |              5 |
|  hw_3_p1_i/processing_system7_0/inst/FCLK_CLK0 | hw_3_p1_i/ps7_0_axi_periph/s00_couplers/auto_pc/inst/gen_axilite.gen_b2s_conv.axilite_b2s/RD.r_channel_0/rd_data_fifo_0/E[0]                                  | hw_3_p1_i/ps7_0_axi_periph/s00_couplers/auto_pc/inst/gen_axilite.gen_b2s_conv.axilite_b2s/areset_d1                                                  |                1 |              5 |
|  hw_3_p1_i/processing_system7_0/inst/FCLK_CLK0 | hw_3_p1_i/ps7_0_axi_periph/s00_couplers/auto_pc/inst/gen_axilite.gen_b2s_conv.axilite_b2s/RD.ar_channel_0/ar_cmd_fsm_0/m_valid_i_reg                          | hw_3_p1_i/ps7_0_axi_periph/s00_couplers/auto_pc/inst/gen_axilite.gen_b2s_conv.axilite_b2s/RD.ar_channel_0/ar_cmd_fsm_0/FSM_sequential_state_reg[0]_0 |                3 |              5 |
|  hw_3_p1_i/processing_system7_0/inst/FCLK_CLK0 | hw_3_p1_i/btns/U0/AXI_LITE_IPIF_I/I_SLAVE_ATTACHMENT/s_axi_rresp_i                                                                                            | hw_3_p1_i/btns/U0/bus2ip_reset                                                                                                                       |                2 |              6 |
|  hw_3_p1_i/processing_system7_0/inst/FCLK_CLK0 | hw_3_p1_i/rst_ps7_0_50M/U0/SEQ/seq_cnt_en                                                                                                                     | hw_3_p1_i/rst_ps7_0_50M/U0/SEQ/SEQ_COUNTER/clear                                                                                                     |                1 |              6 |
|  hw_3_p1_i/processing_system7_0/inst/FCLK_CLK0 | hw_3_p1_i/ps7_0_axi_periph/s00_couplers/auto_pc/inst/gen_axilite.gen_b2s_conv.axilite_b2s/WR.b_channel_0/mhandshake_r                                         | hw_3_p1_i/ps7_0_axi_periph/s00_couplers/auto_pc/inst/gen_axilite.gen_b2s_conv.axilite_b2s/WR.b_channel_0/bid_fifo_0/SR[0]                            |                2 |              8 |
|  hw_3_p1_i/processing_system7_0/inst/FCLK_CLK0 | hw_3_p1_i/btns/U0/AXI_LITE_IPIF_I/I_SLAVE_ATTACHMENT/bus2ip_addr_i[8]_i_1_n_0                                                                                 | hw_3_p1_i/btns/U0/bus2ip_reset                                                                                                                       |                2 |              8 |
|  hw_3_p1_i/processing_system7_0/inst/FCLK_CLK0 | hw_3_p1_i/leds/U0/AXI_LITE_IPIF_I/I_SLAVE_ATTACHMENT/I_DECODER/E[0]                                                                                           | hw_3_p1_i/leds/U0/AXI_LITE_IPIF_I/I_SLAVE_ATTACHMENT/SR[0]                                                                                           |                1 |              8 |
|  hw_3_p1_i/processing_system7_0/inst/FCLK_CLK0 |                                                                                                                                                               | hw_3_p1_i/ps7_0_axi_periph/s00_couplers/auto_pc/inst/gen_axilite.gen_b2s_conv.axilite_b2s/areset_d1                                                  |                4 |             10 |
|  hw_3_p1_i/processing_system7_0/inst/FCLK_CLK0 |                                                                                                                                                               | hw_3_p1_i/ps7_0_axi_periph/xbar/inst/gen_sasd.crossbar_sasd_0/addr_arbiter_inst/SR[0]                                                                |                4 |             11 |
|  hw_3_p1_i/processing_system7_0/inst/FCLK_CLK0 | hw_3_p1_i/ps7_0_axi_periph/s00_couplers/auto_pc/inst/gen_axilite.gen_b2s_conv.axilite_b2s/WR.aw_channel_0/aw_cmd_fsm_0/E[0]                                   |                                                                                                                                                      |                6 |             12 |
|  hw_3_p1_i/processing_system7_0/inst/FCLK_CLK0 | hw_3_p1_i/ps7_0_axi_periph/s00_couplers/auto_pc/inst/gen_axilite.gen_b2s_conv.axilite_b2s/WR.aw_channel_0/cmd_translator_0/incr_cmd_0/axaddr_incr[11]_i_1_n_0 |                                                                                                                                                      |                3 |             12 |
|  hw_3_p1_i/processing_system7_0/inst/FCLK_CLK0 | hw_3_p1_i/ps7_0_axi_periph/s00_couplers/auto_pc/inst/gen_axilite.gen_b2s_conv.axilite_b2s/RD.ar_channel_0/ar_cmd_fsm_0/E[0]                                   |                                                                                                                                                      |                6 |             12 |
|  hw_3_p1_i/processing_system7_0/inst/FCLK_CLK0 | hw_3_p1_i/ps7_0_axi_periph/s00_couplers/auto_pc/inst/gen_axilite.gen_b2s_conv.axilite_b2s/RD.ar_channel_0/ar_cmd_fsm_0/sel_first_reg[0]                       |                                                                                                                                                      |                2 |             12 |
|  hw_3_p1_i/processing_system7_0/inst/FCLK_CLK0 | hw_3_p1_i/ps7_0_axi_periph/s00_couplers/auto_pc/inst/gen_axilite.gen_b2s_conv.axilite_b2s/RD.r_channel_0/r_push_r                                             |                                                                                                                                                      |                4 |             13 |
|  hw_3_p1_i/processing_system7_0/inst/FCLK_CLK0 | hw_3_p1_i/ps7_0_axi_periph/s00_couplers/auto_pc/inst/gen_axilite.gen_b2s_conv.axilite_b2s/SI_REG/b.b_pipe/p_1_in                                              |                                                                                                                                                      |                2 |             14 |
|  hw_3_p1_i/processing_system7_0/inst/FCLK_CLK0 | hw_3_p1_i/ps7_0_axi_periph/s00_couplers/auto_pc/inst/gen_axilite.gen_b2s_conv.axilite_b2s/SI_REG/b.b_pipe/s_ready_i_reg_0                                     |                                                                                                                                                      |                2 |             14 |
|  hw_3_p1_i/processing_system7_0/inst/FCLK_CLK0 | hw_3_p1_i/ps7_0_axi_periph/s00_couplers/auto_pc/inst/gen_axilite.gen_b2s_conv.axilite_b2s/WR.aw_channel_0/aw_cmd_fsm_0/b_push                                 |                                                                                                                                                      |                3 |             16 |
|  hw_3_p1_i/processing_system7_0/inst/FCLK_CLK0 |                                                                                                                                                               | hw_3_p1_i/leds/U0/AXI_LITE_IPIF_I/I_SLAVE_ATTACHMENT/SR[0]                                                                                           |                7 |             20 |
|  hw_3_p1_i/processing_system7_0/inst/FCLK_CLK0 | hw_3_p1_i/btns/U0/AXI_LITE_IPIF_I/I_SLAVE_ATTACHMENT/start2                                                                                                   | hw_3_p1_i/btns/U0/AXI_LITE_IPIF_I/I_SLAVE_ATTACHMENT/I_DECODER/cs_ce_clr                                                                             |                4 |             21 |
|  hw_3_p1_i/processing_system7_0/inst/FCLK_CLK0 | hw_3_p1_i/ps7_0_axi_periph/s00_couplers/auto_pc/inst/gen_axilite.gen_b2s_conv.axilite_b2s/RD.ar_channel_0/ar_cmd_fsm_0/m_valid_i_reg                          |                                                                                                                                                      |               11 |             21 |
|  hw_3_p1_i/processing_system7_0/inst/FCLK_CLK0 | hw_3_p1_i/ps7_0_axi_periph/xbar/inst/gen_sasd.crossbar_sasd_0/addr_arbiter_inst/p_0_in1_in                                                                    | hw_3_p1_i/ps7_0_axi_periph/xbar/inst/gen_sasd.crossbar_sasd_0/addr_arbiter_inst/SR[0]                                                                |                9 |             23 |
|  hw_3_p1_i/processing_system7_0/inst/FCLK_CLK0 | hw_3_p1_i/ps7_0_axi_periph/s00_couplers/auto_pc/inst/gen_axilite.gen_b2s_conv.axilite_b2s/WR.aw_channel_0/aw_cmd_fsm_0/m_axi_awready_1                        |                                                                                                                                                      |               11 |             25 |
|  hw_3_p1_i/processing_system7_0/inst/FCLK_CLK0 | hw_3_p1_i/ps7_0_axi_periph/s00_couplers/auto_pc/inst/gen_axilite.gen_b2s_conv.axilite_b2s/RD.r_channel_0/rd_data_fifo_0/wr_en0                                |                                                                                                                                                      |                9 |             34 |
|  hw_3_p1_i/processing_system7_0/inst/FCLK_CLK0 | hw_3_p1_i/ps7_0_axi_periph/xbar/inst/gen_sasd.crossbar_sasd_0/addr_arbiter_inst/E[0]                                                                          |                                                                                                                                                      |                9 |             35 |
|  hw_3_p1_i/processing_system7_0/inst/FCLK_CLK0 |                                                                                                                                                               | hw_3_p1_i/btns/U0/bus2ip_reset                                                                                                                       |               13 |             40 |
|  hw_3_p1_i/processing_system7_0/inst/FCLK_CLK0 | hw_3_p1_i/ps7_0_axi_periph/s00_couplers/auto_pc/inst/gen_axilite.gen_b2s_conv.axilite_b2s/SI_REG/r.r_pipe/s_ready_i_reg_0                                     |                                                                                                                                                      |                8 |             47 |
|  hw_3_p1_i/processing_system7_0/inst/FCLK_CLK0 | hw_3_p1_i/ps7_0_axi_periph/s00_couplers/auto_pc/inst/gen_axilite.gen_b2s_conv.axilite_b2s/SI_REG/r.r_pipe/p_1_in                                              |                                                                                                                                                      |                7 |             47 |
|  hw_3_p1_i/processing_system7_0/inst/FCLK_CLK0 | hw_3_p1_i/ps7_0_axi_periph/s00_couplers/auto_pc/inst/gen_axilite.gen_b2s_conv.axilite_b2s/WR.aw_channel_0/aw_cmd_fsm_0/m_valid_i_reg[0]                       |                                                                                                                                                      |                9 |             48 |
|  hw_3_p1_i/processing_system7_0/inst/FCLK_CLK0 | hw_3_p1_i/ps7_0_axi_periph/s00_couplers/auto_pc/inst/gen_axilite.gen_b2s_conv.axilite_b2s/RD.ar_channel_0/ar_cmd_fsm_0/FSM_sequential_state_reg[1]_0[0]       |                                                                                                                                                      |                9 |             48 |
|  hw_3_p1_i/processing_system7_0/inst/FCLK_CLK0 | hw_3_p1_i/ps7_0_axi_periph/s00_couplers/auto_pc/inst/gen_axilite.gen_b2s_conv.axilite_b2s/SI_REG/aw.aw_pipe/s_ready_i_reg_0                                   |                                                                                                                                                      |               13 |             48 |
|  hw_3_p1_i/processing_system7_0/inst/FCLK_CLK0 | hw_3_p1_i/ps7_0_axi_periph/s00_couplers/auto_pc/inst/gen_axilite.gen_b2s_conv.axilite_b2s/SI_REG/ar.ar_pipe/s_ready_i_reg_0                                   |                                                                                                                                                      |               12 |             48 |
|  hw_3_p1_i/processing_system7_0/inst/FCLK_CLK0 |                                                                                                                                                               |                                                                                                                                                      |               56 |            184 |
+------------------------------------------------+---------------------------------------------------------------------------------------------------------------------------------------------------------------+------------------------------------------------------------------------------------------------------------------------------------------------------+------------------+----------------+


