Copyright 1986-2018 Xilinx, Inc. All Rights Reserved.
----------------------------------------------------------------------------------------------
| Tool Version : Vivado v.2018.3 (win64) Build 2405991 Thu Dec  6 23:38:27 MST 2018
| Date         : Fri Feb  5 02:05:30 2021
| Host         : DESKTOP-P7INVOJ running 64-bit major release  (build 9200)
| Command      : report_control_sets -verbose -file stopwatch_wrapper_control_sets_placed.rpt
| Design       : stopwatch_wrapper
| Device       : xc7z010
----------------------------------------------------------------------------------------------

Control Set Information

Table of Contents
-----------------
1. Summary
2. Histogram
3. Flip-Flop Distribution
4. Detailed Control Set Information

1. Summary
----------

+----------------------------------------------------------+-------+
|                          Status                          | Count |
+----------------------------------------------------------+-------+
| Number of unique control sets                            |    56 |
| Unused register locations in slices containing registers |   155 |
+----------------------------------------------------------+-------+


2. Histogram
------------

+--------+--------------+
| Fanout | Control Sets |
+--------+--------------+
|      1 |            5 |
|      2 |            1 |
|      4 |            8 |
|      5 |            3 |
|      6 |            3 |
|      7 |            1 |
|      8 |            3 |
|      9 |            1 |
|     10 |            1 |
|     11 |            2 |
|     12 |            5 |
|     13 |            1 |
|     14 |            2 |
|    16+ |           20 |
+--------+--------------+


3. Flip-Flop Distribution
-------------------------

+--------------+-----------------------+------------------------+-----------------+--------------+
| Clock Enable | Synchronous Set/Reset | Asynchronous Set/Reset | Total Registers | Total Slices |
+--------------+-----------------------+------------------------+-----------------+--------------+
| No           | No                    | No                     |             196 |           60 |
| No           | No                    | Yes                    |               0 |            0 |
| No           | Yes                   | No                     |             114 |           50 |
| Yes          | No                    | No                     |             443 |          103 |
| Yes          | No                    | Yes                    |               0 |            0 |
| Yes          | Yes                   | No                     |             284 |           97 |
+--------------+-----------------------+------------------------+-----------------+--------------+


4. Detailed Control Set Information
-----------------------------------

+--------------------------------------------------+-----------------------------------------------------------------------------------------------------------------------------------------------------------------+--------------------------------------------------------------------------------------------------------------------------------------------------------+------------------+----------------+
|                   Clock Signal                   |                                                                          Enable Signal                                                                          |                                                                    Set/Reset Signal                                                                    | Slice Load Count | Bel Load Count |
+--------------------------------------------------+-----------------------------------------------------------------------------------------------------------------------------------------------------------------+--------------------------------------------------------------------------------------------------------------------------------------------------------+------------------+----------------+
|  stopwatch_i/processing_system7_0/inst/FCLK_CLK0 |                                                                                                                                                                 | stopwatch_i/axi_timer_0/U0/AXI4_LITE_I/I_SLAVE_ATTACHMENT/I_DECODER/GEN_BKEND_CE_REGISTERS[0].ce_out_i_reg[0]_0                                        |                1 |              1 |
|  stopwatch_i/processing_system7_0/inst/FCLK_CLK0 |                                                                                                                                                                 | stopwatch_i/axi_timer_0/U0/TC_CORE_I/TIMER_CONTROL_I/READ_DONE1_I_i_1_n_0                                                                              |                1 |              1 |
|  stopwatch_i/processing_system7_0/inst/FCLK_CLK0 |                                                                                                                                                                 | stopwatch_i/axi_timer_0/U0/TC_CORE_I/TIMER_CONTROL_I/R_0                                                                                               |                1 |              1 |
|  stopwatch_i/processing_system7_0/inst/FCLK_CLK0 |                                                                                                                                                                 | stopwatch_i/axi_timer_0/U0/AXI4_LITE_I/I_SLAVE_ATTACHMENT/I_DECODER/GEN_BKEND_CE_REGISTERS[4].ce_out_i_reg[4]_0                                        |                1 |              1 |
|  stopwatch_i/processing_system7_0/inst/FCLK_CLK0 | stopwatch_i/ps7_0_axi_periph/s00_couplers/auto_pc/inst/gen_axilite.gen_b2s_conv.axilite_b2s/WR.aw_channel_0/aw_cmd_fsm_0/m_axi_awready_1                        | stopwatch_i/ps7_0_axi_periph/s00_couplers/auto_pc/inst/gen_axilite.gen_b2s_conv.axilite_b2s/WR.aw_channel_0/aw_cmd_fsm_0/m_axi_awready_0               |                1 |              1 |
|  stopwatch_i/processing_system7_0/inst/FCLK_CLK0 | stopwatch_i/ps7_0_axi_periph/s00_couplers/auto_pc/inst/gen_axilite.gen_b2s_conv.axilite_b2s/WR.b_channel_0/bid_fifo_0/sel                                       |                                                                                                                                                        |                1 |              2 |
|  stopwatch_i/processing_system7_0/inst/FCLK_CLK0 |                                                                                                                                                                 | stopwatch_i/ps7_0_axi_periph/s00_couplers/auto_pc/inst/gen_axilite.gen_b2s_conv.axilite_b2s/SI_REG/aw.aw_pipe/aresetn_d_reg[0]_0                       |                3 |              4 |
|  stopwatch_i/processing_system7_0/inst/FCLK_CLK0 | stopwatch_i/btns/U0/AXI_LITE_IPIF_I/I_SLAVE_ATTACHMENT/I_DECODER/MEM_DECODE_GEN[0].cs_out_i_reg[0]_1[0]                                                         | stopwatch_i/btns/U0/bus2ip_reset                                                                                                                       |                1 |              4 |
|  stopwatch_i/processing_system7_0/inst/FCLK_CLK0 |                                                                                                                                                                 | stopwatch_i/ps7_0_axi_periph/s00_couplers/auto_pc/inst/gen_axilite.gen_b2s_conv.axilite_b2s/SI_REG/ar.ar_pipe/aresetn_d_reg[1]_inv_0                   |                3 |              4 |
|  stopwatch_i/processing_system7_0/inst/FCLK_CLK0 |                                                                                                                                                                 | stopwatch_i/btns/U0/AXI_LITE_IPIF_I/I_SLAVE_ATTACHMENT/clear                                                                                           |                1 |              4 |
|  stopwatch_i/processing_system7_0/inst/FCLK_CLK0 |                                                                                                                                                                 | stopwatch_i/btns/U0/gpio_core_1/Not_Dual.ALLIN1_ND.READ_REG_GEN[3].reg1[31]_i_1_n_0                                                                    |                1 |              4 |
|  stopwatch_i/processing_system7_0/inst/FCLK_CLK0 |                                                                                                                                                                 | stopwatch_i/rst_ps7_0_50M/U0/EXT_LPF/lpf_int                                                                                                           |                2 |              4 |
|  stopwatch_i/processing_system7_0/inst/FCLK_CLK0 | stopwatch_i/axi_timer_0/U0/AXI4_LITE_I/I_SLAVE_ATTACHMENT/I_DECODER/pair0_Select                                                                                | stopwatch_i/axi_timer_0/U0/TC_CORE_I/GEN_SECOND_TIMER.COUNTER_1_I/COUNTER_I/s_axi_aresetn_0                                                            |                1 |              4 |
|  stopwatch_i/processing_system7_0/inst/FCLK_CLK0 | stopwatch_i/axi_timer_0/U0/AXI4_LITE_I/I_SLAVE_ATTACHMENT/bus2ip_addr_i[4]_i_1_n_0                                                                              | stopwatch_i/axi_timer_0/U0/AXI4_LITE_I/I_SLAVE_ATTACHMENT/rst                                                                                          |                1 |              4 |
|  stopwatch_i/processing_system7_0/inst/FCLK_CLK0 | stopwatch_i/ps7_0_axi_periph/s00_couplers/auto_pc/inst/gen_axilite.gen_b2s_conv.axilite_b2s/RD.ar_channel_0/ar_cmd_fsm_0/m_valid_i_reg                          | stopwatch_i/ps7_0_axi_periph/s00_couplers/auto_pc/inst/gen_axilite.gen_b2s_conv.axilite_b2s/RD.ar_channel_0/ar_cmd_fsm_0/FSM_sequential_state_reg[0]_0 |                2 |              5 |
|  stopwatch_i/processing_system7_0/inst/FCLK_CLK0 | stopwatch_i/ps7_0_axi_periph/s00_couplers/auto_pc/inst/gen_axilite.gen_b2s_conv.axilite_b2s/RD.r_channel_0/rd_data_fifo_0/cnt_read[4]_i_1_n_0                   | stopwatch_i/ps7_0_axi_periph/s00_couplers/auto_pc/inst/gen_axilite.gen_b2s_conv.axilite_b2s/areset_d1                                                  |                1 |              5 |
|  stopwatch_i/processing_system7_0/inst/FCLK_CLK0 | stopwatch_i/ps7_0_axi_periph/s00_couplers/auto_pc/inst/gen_axilite.gen_b2s_conv.axilite_b2s/RD.r_channel_0/rd_data_fifo_0/E[0]                                  | stopwatch_i/ps7_0_axi_periph/s00_couplers/auto_pc/inst/gen_axilite.gen_b2s_conv.axilite_b2s/areset_d1                                                  |                2 |              5 |
|  stopwatch_i/processing_system7_0/inst/FCLK_CLK0 | stopwatch_i/btns/U0/AXI_LITE_IPIF_I/I_SLAVE_ATTACHMENT/s_axi_rresp_i                                                                                            | stopwatch_i/btns/U0/bus2ip_reset                                                                                                                       |                1 |              6 |
|  stopwatch_i/processing_system7_0/inst/FCLK_CLK0 |                                                                                                                                                                 | stopwatch_i/axi_timer_0/U0/AXI4_LITE_I/I_SLAVE_ATTACHMENT/INCLUDE_DPHASE_TIMER.dpto_cnt[5]_i_1_n_0                                                     |                2 |              6 |
|  stopwatch_i/processing_system7_0/inst/FCLK_CLK0 | stopwatch_i/rst_ps7_0_50M/U0/SEQ/seq_cnt_en                                                                                                                     | stopwatch_i/rst_ps7_0_50M/U0/SEQ/SEQ_COUNTER/clear                                                                                                     |                1 |              6 |
|  stopwatch_i/processing_system7_0/inst/FCLK_CLK0 | stopwatch_i/axi_timer_0/U0/AXI4_LITE_I/I_SLAVE_ATTACHMENT/start2                                                                                                | stopwatch_i/axi_timer_0/U0/AXI4_LITE_I/I_SLAVE_ATTACHMENT/I_DECODER/cs_ce_clr                                                                          |                2 |              7 |
|  stopwatch_i/processing_system7_0/inst/FCLK_CLK0 | stopwatch_i/axi_timer_0/U0/AXI4_LITE_I/I_SLAVE_ATTACHMENT/I_DECODER/bus2ip_wrce[0]                                                                              | stopwatch_i/axi_timer_0/U0/TC_CORE_I/GEN_SECOND_TIMER.COUNTER_1_I/COUNTER_I/s_axi_aresetn_0                                                            |                3 |              8 |
|  stopwatch_i/processing_system7_0/inst/FCLK_CLK0 | stopwatch_i/btns/U0/AXI_LITE_IPIF_I/I_SLAVE_ATTACHMENT/bus2ip_addr_i[8]_i_1_n_0                                                                                 | stopwatch_i/btns/U0/bus2ip_reset                                                                                                                       |                2 |              8 |
|  stopwatch_i/processing_system7_0/inst/FCLK_CLK0 | stopwatch_i/ps7_0_axi_periph/s00_couplers/auto_pc/inst/gen_axilite.gen_b2s_conv.axilite_b2s/WR.b_channel_0/mhandshake_r                                         | stopwatch_i/ps7_0_axi_periph/s00_couplers/auto_pc/inst/gen_axilite.gen_b2s_conv.axilite_b2s/WR.b_channel_0/bid_fifo_0/SR[0]                            |                2 |              8 |
|  stopwatch_i/processing_system7_0/inst/FCLK_CLK0 | stopwatch_i/axi_timer_0/U0/AXI4_LITE_I/I_SLAVE_ATTACHMENT/I_DECODER/bus2ip_wrce[1]                                                                              | stopwatch_i/axi_timer_0/U0/TC_CORE_I/GEN_SECOND_TIMER.COUNTER_1_I/COUNTER_I/s_axi_aresetn_0                                                            |                3 |              9 |
|  stopwatch_i/processing_system7_0/inst/FCLK_CLK0 |                                                                                                                                                                 | stopwatch_i/ps7_0_axi_periph/s00_couplers/auto_pc/inst/gen_axilite.gen_b2s_conv.axilite_b2s/areset_d1                                                  |                5 |             10 |
|  stopwatch_i/processing_system7_0/inst/FCLK_CLK0 |                                                                                                                                                                 | stopwatch_i/axi_timer_0/U0/AXI4_LITE_I/I_SLAVE_ATTACHMENT/rst                                                                                          |                5 |             11 |
|  stopwatch_i/processing_system7_0/inst/FCLK_CLK0 |                                                                                                                                                                 | stopwatch_i/ps7_0_axi_periph/xbar/inst/gen_sasd.crossbar_sasd_0/addr_arbiter_inst/SR[0]                                                                |                6 |             11 |
|  stopwatch_i/processing_system7_0/inst/FCLK_CLK0 |                                                                                                                                                                 | stopwatch_i/axi_timer_0/U0/TC_CORE_I/GEN_SECOND_TIMER.COUNTER_1_I/COUNTER_I/s_axi_aresetn_0                                                            |                4 |             12 |
|  stopwatch_i/processing_system7_0/inst/FCLK_CLK0 | stopwatch_i/ps7_0_axi_periph/s00_couplers/auto_pc/inst/gen_axilite.gen_b2s_conv.axilite_b2s/WR.aw_channel_0/cmd_translator_0/incr_cmd_0/axaddr_incr[11]_i_1_n_0 |                                                                                                                                                        |                3 |             12 |
|  stopwatch_i/processing_system7_0/inst/FCLK_CLK0 | stopwatch_i/ps7_0_axi_periph/s00_couplers/auto_pc/inst/gen_axilite.gen_b2s_conv.axilite_b2s/WR.aw_channel_0/aw_cmd_fsm_0/E[0]                                   |                                                                                                                                                        |                6 |             12 |
|  stopwatch_i/processing_system7_0/inst/FCLK_CLK0 | stopwatch_i/ps7_0_axi_periph/s00_couplers/auto_pc/inst/gen_axilite.gen_b2s_conv.axilite_b2s/RD.ar_channel_0/ar_cmd_fsm_0/E[0]                                   |                                                                                                                                                        |                5 |             12 |
|  stopwatch_i/processing_system7_0/inst/FCLK_CLK0 | stopwatch_i/ps7_0_axi_periph/s00_couplers/auto_pc/inst/gen_axilite.gen_b2s_conv.axilite_b2s/RD.ar_channel_0/ar_cmd_fsm_0/sel_first_reg[0]                       |                                                                                                                                                        |                2 |             12 |
|  stopwatch_i/processing_system7_0/inst/FCLK_CLK0 | stopwatch_i/ps7_0_axi_periph/s00_couplers/auto_pc/inst/gen_axilite.gen_b2s_conv.axilite_b2s/RD.r_channel_0/r_push_r                                             |                                                                                                                                                        |                4 |             13 |
|  stopwatch_i/processing_system7_0/inst/FCLK_CLK0 | stopwatch_i/ps7_0_axi_periph/s00_couplers/auto_pc/inst/gen_axilite.gen_b2s_conv.axilite_b2s/SI_REG/b.b_pipe/p_1_in                                              |                                                                                                                                                        |                3 |             14 |
|  stopwatch_i/processing_system7_0/inst/FCLK_CLK0 | stopwatch_i/ps7_0_axi_periph/s00_couplers/auto_pc/inst/gen_axilite.gen_b2s_conv.axilite_b2s/SI_REG/b.b_pipe/s_ready_i_reg_0                                     |                                                                                                                                                        |                3 |             14 |
|  stopwatch_i/processing_system7_0/inst/FCLK_CLK0 | stopwatch_i/ps7_0_axi_periph/s00_couplers/auto_pc/inst/gen_axilite.gen_b2s_conv.axilite_b2s/WR.aw_channel_0/aw_cmd_fsm_0/b_push                                 |                                                                                                                                                        |                3 |             16 |
|  stopwatch_i/processing_system7_0/inst/FCLK_CLK0 | stopwatch_i/btns/U0/AXI_LITE_IPIF_I/I_SLAVE_ATTACHMENT/start2                                                                                                   | stopwatch_i/btns/U0/AXI_LITE_IPIF_I/I_SLAVE_ATTACHMENT/I_DECODER/cs_ce_clr                                                                             |                4 |             21 |
|  stopwatch_i/processing_system7_0/inst/FCLK_CLK0 | stopwatch_i/ps7_0_axi_periph/s00_couplers/auto_pc/inst/gen_axilite.gen_b2s_conv.axilite_b2s/RD.ar_channel_0/ar_cmd_fsm_0/m_valid_i_reg                          |                                                                                                                                                        |                8 |             21 |
|  stopwatch_i/processing_system7_0/inst/FCLK_CLK0 | stopwatch_i/ps7_0_axi_periph/xbar/inst/gen_sasd.crossbar_sasd_0/addr_arbiter_inst/p_0_in1_in                                                                    | stopwatch_i/ps7_0_axi_periph/xbar/inst/gen_sasd.crossbar_sasd_0/addr_arbiter_inst/SR[0]                                                                |                9 |             23 |
|  stopwatch_i/processing_system7_0/inst/FCLK_CLK0 | stopwatch_i/ps7_0_axi_periph/s00_couplers/auto_pc/inst/gen_axilite.gen_b2s_conv.axilite_b2s/WR.aw_channel_0/aw_cmd_fsm_0/m_axi_awready_1                        |                                                                                                                                                        |                9 |             25 |
|  stopwatch_i/processing_system7_0/inst/FCLK_CLK0 | stopwatch_i/axi_timer_0/U0/AXI4_LITE_I/I_SLAVE_ATTACHMENT/s_axi_rresp_i                                                                                         | stopwatch_i/axi_timer_0/U0/AXI4_LITE_I/I_SLAVE_ATTACHMENT/rst                                                                                          |               32 |             32 |
|  stopwatch_i/processing_system7_0/inst/FCLK_CLK0 | stopwatch_i/axi_timer_0/U0/TC_CORE_I/TIMER_CONTROL_I/INPUT_DOUBLE_REGS3/generateOutPre0_reg                                                                     | stopwatch_i/axi_timer_0/U0/TC_CORE_I/GEN_SECOND_TIMER.COUNTER_1_I/COUNTER_I/s_axi_aresetn_0                                                            |                5 |             32 |
|  stopwatch_i/processing_system7_0/inst/FCLK_CLK0 | stopwatch_i/axi_timer_0/U0/TC_CORE_I/TIMER_CONTROL_I/INPUT_DOUBLE_REGS3/TCSR0_GENERATE[20].TCSR0_FF_I                                                           | stopwatch_i/axi_timer_0/U0/TC_CORE_I/GEN_SECOND_TIMER.COUNTER_1_I/COUNTER_I/s_axi_aresetn_0                                                            |                5 |             32 |
|  stopwatch_i/processing_system7_0/inst/FCLK_CLK0 | stopwatch_i/axi_timer_0/U0/TC_CORE_I/TIMER_CONTROL_I/CE                                                                                                         | stopwatch_i/axi_timer_0/U0/TC_CORE_I/GEN_SECOND_TIMER.COUNTER_1_I/COUNTER_I/s_axi_aresetn_0                                                            |               10 |             32 |
|  stopwatch_i/processing_system7_0/inst/FCLK_CLK0 | stopwatch_i/axi_timer_0/U0/TC_CORE_I/TIMER_CONTROL_I/CE_0                                                                                                       | stopwatch_i/axi_timer_0/U0/TC_CORE_I/GEN_SECOND_TIMER.COUNTER_1_I/COUNTER_I/s_axi_aresetn_0                                                            |                9 |             32 |
|  stopwatch_i/processing_system7_0/inst/FCLK_CLK0 | stopwatch_i/ps7_0_axi_periph/s00_couplers/auto_pc/inst/gen_axilite.gen_b2s_conv.axilite_b2s/RD.r_channel_0/rd_data_fifo_0/wr_en0                                |                                                                                                                                                        |                9 |             34 |
|  stopwatch_i/processing_system7_0/inst/FCLK_CLK0 | stopwatch_i/ps7_0_axi_periph/xbar/inst/gen_sasd.crossbar_sasd_0/addr_arbiter_inst/E[0]                                                                          |                                                                                                                                                        |                9 |             35 |
|  stopwatch_i/processing_system7_0/inst/FCLK_CLK0 |                                                                                                                                                                 | stopwatch_i/btns/U0/bus2ip_reset                                                                                                                       |               14 |             40 |
|  stopwatch_i/processing_system7_0/inst/FCLK_CLK0 | stopwatch_i/ps7_0_axi_periph/s00_couplers/auto_pc/inst/gen_axilite.gen_b2s_conv.axilite_b2s/SI_REG/r.r_pipe/p_1_in                                              |                                                                                                                                                        |                7 |             47 |
|  stopwatch_i/processing_system7_0/inst/FCLK_CLK0 | stopwatch_i/ps7_0_axi_periph/s00_couplers/auto_pc/inst/gen_axilite.gen_b2s_conv.axilite_b2s/SI_REG/r.r_pipe/s_ready_i_reg_0                                     |                                                                                                                                                        |                7 |             47 |
|  stopwatch_i/processing_system7_0/inst/FCLK_CLK0 | stopwatch_i/ps7_0_axi_periph/s00_couplers/auto_pc/inst/gen_axilite.gen_b2s_conv.axilite_b2s/WR.aw_channel_0/aw_cmd_fsm_0/m_valid_i_reg[0]                       |                                                                                                                                                        |                8 |             48 |
|  stopwatch_i/processing_system7_0/inst/FCLK_CLK0 | stopwatch_i/ps7_0_axi_periph/s00_couplers/auto_pc/inst/gen_axilite.gen_b2s_conv.axilite_b2s/SI_REG/aw.aw_pipe/s_ready_i_reg_0                                   |                                                                                                                                                        |               10 |             48 |
|  stopwatch_i/processing_system7_0/inst/FCLK_CLK0 | stopwatch_i/ps7_0_axi_periph/s00_couplers/auto_pc/inst/gen_axilite.gen_b2s_conv.axilite_b2s/RD.ar_channel_0/ar_cmd_fsm_0/FSM_sequential_state_reg[1]_0[0]       |                                                                                                                                                        |               12 |             48 |
|  stopwatch_i/processing_system7_0/inst/FCLK_CLK0 | stopwatch_i/ps7_0_axi_periph/s00_couplers/auto_pc/inst/gen_axilite.gen_b2s_conv.axilite_b2s/SI_REG/ar.ar_pipe/s_ready_i_reg_0                                   |                                                                                                                                                        |               11 |             48 |
|  stopwatch_i/processing_system7_0/inst/FCLK_CLK0 |                                                                                                                                                                 |                                                                                                                                                        |               61 |            197 |
+--------------------------------------------------+-----------------------------------------------------------------------------------------------------------------------------------------------------------------+--------------------------------------------------------------------------------------------------------------------------------------------------------+------------------+----------------+


