
*** Running vivado
    with args -log custo_ip_tb_led_driver_0_0.vds -m64 -product Vivado -mode batch -messageDb vivado.pb -notrace -source custo_ip_tb_led_driver_0_0.tcl


****** Vivado v2018.3 (64-bit)
  **** SW Build 2405991 on Thu Dec  6 23:38:27 MST 2018
  **** IP Build 2404404 on Fri Dec  7 01:43:56 MST 2018
    ** Copyright 1986-2018 Xilinx, Inc. All Rights Reserved.

source custo_ip_tb_led_driver_0_0.tcl -notrace
INFO: [IP_Flow 19-234] Refreshing IP repositories
INFO: [IP_Flow 19-1700] Loaded user IP repository 'd:/xlinx-projects/mtpracticeip/ip_repo'.
INFO: [IP_Flow 19-2313] Loaded Vivado IP repository 'D:/XILINX/Vivado/2018.3/data/ip'.
Command: synth_design -top custo_ip_tb_led_driver_0_0 -part xc7z010clg400-1 -mode out_of_context
Starting synth_design
Attempting to get a license for feature 'Synthesis' and/or device 'xc7z010'
INFO: [Common 17-349] Got license for feature 'Synthesis' and/or device 'xc7z010'
INFO: Launching helper process for spawning children vivado processes
INFO: Helper process launched with PID 12768 
---------------------------------------------------------------------------------
Starting RTL Elaboration : Time (s): cpu = 00:00:05 ; elapsed = 00:00:05 . Memory (MB): peak = 413.441 ; gain = 97.363
---------------------------------------------------------------------------------
INFO: [Synth 8-638] synthesizing module 'custo_ip_tb_led_driver_0_0' [d:/xlinx-projects/custom_ip_tb/custom_ip_tb.srcs/sources_1/bd/custo_ip_tb/ip/custo_ip_tb_led_driver_0_0/synth/custo_ip_tb_led_driver_0_0.vhd:83]
	Parameter C_S_AXI_DATA_WIDTH bound to: 32 - type: integer 
	Parameter C_S_AXI_ADDR_WIDTH bound to: 4 - type: integer 
	Parameter led_width bound to: 4 - type: integer 
INFO: [Synth 8-3491] module 'led_driver_v1_0' declared at 'd:/xlinx-projects/custom_ip_tb/custom_ip_tb.srcs/sources_1/bd/custo_ip_tb/ipshared/8f22/hdl/led_driver_v1_0.vhd:5' bound to instance 'U0' of component 'led_driver_v1_0' [d:/xlinx-projects/custom_ip_tb/custom_ip_tb.srcs/sources_1/bd/custo_ip_tb/ip/custo_ip_tb_led_driver_0_0/synth/custo_ip_tb_led_driver_0_0.vhd:151]
INFO: [Synth 8-638] synthesizing module 'led_driver_v1_0' [d:/xlinx-projects/custom_ip_tb/custom_ip_tb.srcs/sources_1/bd/custo_ip_tb/ipshared/8f22/hdl/led_driver_v1_0.vhd:49]
	Parameter led_width bound to: 4 - type: integer 
	Parameter C_S_AXI_DATA_WIDTH bound to: 32 - type: integer 
	Parameter C_S_AXI_ADDR_WIDTH bound to: 4 - type: integer 
	Parameter led_width bound to: 4 - type: integer 
	Parameter C_S_AXI_DATA_WIDTH bound to: 32 - type: integer 
	Parameter C_S_AXI_ADDR_WIDTH bound to: 4 - type: integer 
INFO: [Synth 8-3491] module 'led_driver_v1_0_S_AXI' declared at 'd:/xlinx-projects/custom_ip_tb/custom_ip_tb.srcs/sources_1/bd/custo_ip_tb/ipshared/8f22/hdl/led_driver_v1_0_S_AXI.vhd:5' bound to instance 'led_driver_v1_0_S_AXI_inst' of component 'led_driver_v1_0_S_AXI' [d:/xlinx-projects/custom_ip_tb/custom_ip_tb.srcs/sources_1/bd/custo_ip_tb/ipshared/8f22/hdl/led_driver_v1_0.vhd:87]
INFO: [Synth 8-638] synthesizing module 'led_driver_v1_0_S_AXI' [d:/xlinx-projects/custom_ip_tb/custom_ip_tb.srcs/sources_1/bd/custo_ip_tb/ipshared/8f22/hdl/led_driver_v1_0_S_AXI.vhd:86]
	Parameter led_width bound to: 4 - type: integer 
	Parameter C_S_AXI_DATA_WIDTH bound to: 32 - type: integer 
	Parameter C_S_AXI_ADDR_WIDTH bound to: 4 - type: integer 
	Parameter LED_num bound to: 4 - type: integer 
	Parameter saddr_width bound to: 4 - type: integer 
INFO: [Synth 8-3491] module 'user_logic' declared at 'd:/xlinx-projects/custom_ip_tb/custom_ip_tb.srcs/sources_1/bd/custo_ip_tb/ipshared/8f22/src/myip.vhd:3' bound to instance 'U' of component 'user_logic' [d:/xlinx-projects/custom_ip_tb/custom_ip_tb.srcs/sources_1/bd/custo_ip_tb/ipshared/8f22/hdl/led_driver_v1_0_S_AXI.vhd:138]
INFO: [Synth 8-638] synthesizing module 'user_logic' [d:/xlinx-projects/custom_ip_tb/custom_ip_tb.srcs/sources_1/bd/custo_ip_tb/ipshared/8f22/src/myip.vhd:19]
	Parameter LED_num bound to: 4 - type: integer 
	Parameter saddr_width bound to: 4 - type: integer 
INFO: [Synth 8-256] done synthesizing module 'user_logic' (1#1) [d:/xlinx-projects/custom_ip_tb/custom_ip_tb.srcs/sources_1/bd/custo_ip_tb/ipshared/8f22/src/myip.vhd:19]
INFO: [Synth 8-226] default block is never used [d:/xlinx-projects/custom_ip_tb/custom_ip_tb.srcs/sources_1/bd/custo_ip_tb/ipshared/8f22/hdl/led_driver_v1_0_S_AXI.vhd:394]
WARNING: [Synth 8-6014] Unused sequential element loc_addr_reg was removed.  [d:/xlinx-projects/custom_ip_tb/custom_ip_tb.srcs/sources_1/bd/custo_ip_tb/ipshared/8f22/hdl/led_driver_v1_0_S_AXI.vhd:262]
INFO: [Synth 8-256] done synthesizing module 'led_driver_v1_0_S_AXI' (2#1) [d:/xlinx-projects/custom_ip_tb/custom_ip_tb.srcs/sources_1/bd/custo_ip_tb/ipshared/8f22/hdl/led_driver_v1_0_S_AXI.vhd:86]
INFO: [Synth 8-256] done synthesizing module 'led_driver_v1_0' (3#1) [d:/xlinx-projects/custom_ip_tb/custom_ip_tb.srcs/sources_1/bd/custo_ip_tb/ipshared/8f22/hdl/led_driver_v1_0.vhd:49]
INFO: [Synth 8-256] done synthesizing module 'custo_ip_tb_led_driver_0_0' (4#1) [d:/xlinx-projects/custom_ip_tb/custom_ip_tb.srcs/sources_1/bd/custo_ip_tb/ip/custo_ip_tb_led_driver_0_0/synth/custo_ip_tb_led_driver_0_0.vhd:83]
WARNING: [Synth 8-3331] design led_driver_v1_0_S_AXI has unconnected port S_AXI_AWPROT[2]
WARNING: [Synth 8-3331] design led_driver_v1_0_S_AXI has unconnected port S_AXI_AWPROT[1]
WARNING: [Synth 8-3331] design led_driver_v1_0_S_AXI has unconnected port S_AXI_AWPROT[0]
WARNING: [Synth 8-3331] design led_driver_v1_0_S_AXI has unconnected port S_AXI_ARPROT[2]
WARNING: [Synth 8-3331] design led_driver_v1_0_S_AXI has unconnected port S_AXI_ARPROT[1]
WARNING: [Synth 8-3331] design led_driver_v1_0_S_AXI has unconnected port S_AXI_ARPROT[0]
---------------------------------------------------------------------------------
Finished RTL Elaboration : Time (s): cpu = 00:00:06 ; elapsed = 00:00:07 . Memory (MB): peak = 469.590 ; gain = 153.512
---------------------------------------------------------------------------------

Report Check Netlist: 
+------+------------------+-------+---------+-------+------------------+
|      |Item              |Errors |Warnings |Status |Description       |
+------+------------------+-------+---------+-------+------------------+
|1     |multi_driven_nets |      0|        0|Passed |Multi driven nets |
+------+------------------+-------+---------+-------+------------------+
---------------------------------------------------------------------------------
Start Handling Custom Attributes
---------------------------------------------------------------------------------
---------------------------------------------------------------------------------
Finished Handling Custom Attributes : Time (s): cpu = 00:00:07 ; elapsed = 00:00:07 . Memory (MB): peak = 469.590 ; gain = 153.512
---------------------------------------------------------------------------------
---------------------------------------------------------------------------------
Finished RTL Optimization Phase 1 : Time (s): cpu = 00:00:07 ; elapsed = 00:00:07 . Memory (MB): peak = 469.590 ; gain = 153.512
---------------------------------------------------------------------------------
INFO: [Device 21-403] Loading part xc7z010clg400-1
INFO: [Project 1-570] Preparing netlist for logic optimization

Processing XDC Constraints
Initializing timing engine
Completed Processing XDC Constraints

Netlist sorting complete. Time (s): cpu = 00:00:00 ; elapsed = 00:00:00 . Memory (MB): peak = 788.043 ; gain = 0.000
INFO: [Project 1-111] Unisim Transformation Summary:
No Unisim elements were transformed.

Netlist sorting complete. Time (s): cpu = 00:00:00 ; elapsed = 00:00:00.001 . Memory (MB): peak = 788.043 ; gain = 0.000
WARNING: [Constraints 18-5210] No constraints selected for write.
Resolution: This message can indicate that there are no constraints for the design, or it can indicate that the used_in flags are set such that the constraints are ignored. This later case is used when running synth_design to not write synthesis constraints to the resulting checkpoint. Instead, project constraints are read when the synthesized design is opened.
Constraint Validation Runtime : Time (s): cpu = 00:00:00 ; elapsed = 00:00:00.120 . Memory (MB): peak = 790.258 ; gain = 2.215
---------------------------------------------------------------------------------
Finished Constraint Validation : Time (s): cpu = 00:00:19 ; elapsed = 00:00:22 . Memory (MB): peak = 790.258 ; gain = 474.180
---------------------------------------------------------------------------------
---------------------------------------------------------------------------------
Start Loading Part and Timing Information
---------------------------------------------------------------------------------
Loading part: xc7z010clg400-1
---------------------------------------------------------------------------------
Finished Loading Part and Timing Information : Time (s): cpu = 00:00:19 ; elapsed = 00:00:22 . Memory (MB): peak = 790.258 ; gain = 474.180
---------------------------------------------------------------------------------
---------------------------------------------------------------------------------
Start Applying 'set_property' XDC Constraints
---------------------------------------------------------------------------------
---------------------------------------------------------------------------------
Finished applying 'set_property' XDC Constraints : Time (s): cpu = 00:00:19 ; elapsed = 00:00:22 . Memory (MB): peak = 790.258 ; gain = 474.180
---------------------------------------------------------------------------------
---------------------------------------------------------------------------------
Finished RTL Optimization Phase 2 : Time (s): cpu = 00:00:20 ; elapsed = 00:00:22 . Memory (MB): peak = 790.258 ; gain = 474.180
---------------------------------------------------------------------------------

Report RTL Partitions: 
+-+--------------+------------+----------+
| |RTL Partition |Replication |Instances |
+-+--------------+------------+----------+
+-+--------------+------------+----------+
---------------------------------------------------------------------------------
Start RTL Component Statistics 
---------------------------------------------------------------------------------
Detailed RTL Component Info : 
+---Registers : 
	               32 Bit    Registers := 5     
	                4 Bit    Registers := 3     
	                2 Bit    Registers := 2     
	                1 Bit    Registers := 6     
+---Muxes : 
	   2 Input     32 Bit        Muxes := 4     
	   4 Input     32 Bit        Muxes := 4     
	   2 Input      4 Bit        Muxes := 1     
	   2 Input      1 Bit        Muxes := 6     
---------------------------------------------------------------------------------
Finished RTL Component Statistics 
---------------------------------------------------------------------------------
---------------------------------------------------------------------------------
Start RTL Hierarchical Component Statistics 
---------------------------------------------------------------------------------
Hierarchical RTL Component report 
Module user_logic 
Detailed RTL Component Info : 
+---Registers : 
	                4 Bit    Registers := 1     
+---Muxes : 
	   2 Input      4 Bit        Muxes := 1     
	   2 Input      1 Bit        Muxes := 1     
Module led_driver_v1_0_S_AXI 
Detailed RTL Component Info : 
+---Registers : 
	               32 Bit    Registers := 5     
	                4 Bit    Registers := 2     
	                2 Bit    Registers := 2     
	                1 Bit    Registers := 6     
+---Muxes : 
	   2 Input     32 Bit        Muxes := 4     
	   4 Input     32 Bit        Muxes := 4     
	   2 Input      1 Bit        Muxes := 5     
---------------------------------------------------------------------------------
Finished RTL Hierarchical Component Statistics
---------------------------------------------------------------------------------
---------------------------------------------------------------------------------
Start Part Resource Summary
---------------------------------------------------------------------------------
Part Resources:
DSPs: 80 (col length:40)
BRAMs: 120 (col length: RAMB18 40 RAMB36 20)
---------------------------------------------------------------------------------
Finished Part Resource Summary
---------------------------------------------------------------------------------
---------------------------------------------------------------------------------
Start Cross Boundary and Area Optimization
---------------------------------------------------------------------------------
Warning: Parallel synthesis criteria is not met 
WARNING: [Synth 8-3331] design custo_ip_tb_led_driver_0_0 has unconnected port s_axi_awprot[2]
WARNING: [Synth 8-3331] design custo_ip_tb_led_driver_0_0 has unconnected port s_axi_awprot[1]
WARNING: [Synth 8-3331] design custo_ip_tb_led_driver_0_0 has unconnected port s_axi_awprot[0]
WARNING: [Synth 8-3331] design custo_ip_tb_led_driver_0_0 has unconnected port s_axi_arprot[2]
WARNING: [Synth 8-3331] design custo_ip_tb_led_driver_0_0 has unconnected port s_axi_arprot[1]
WARNING: [Synth 8-3331] design custo_ip_tb_led_driver_0_0 has unconnected port s_axi_arprot[0]
INFO: [Synth 8-3886] merging instance 'U0/led_driver_v1_0_S_AXI_inst/slv_reg2_reg[4]' (FDR) to 'U0/led_driver_v1_0_S_AXI_inst/slv_reg2_reg[5]'
INFO: [Synth 8-3886] merging instance 'U0/led_driver_v1_0_S_AXI_inst/slv_reg2_reg[5]' (FDR) to 'U0/led_driver_v1_0_S_AXI_inst/slv_reg2_reg[6]'
INFO: [Synth 8-3886] merging instance 'U0/led_driver_v1_0_S_AXI_inst/slv_reg2_reg[6]' (FDR) to 'U0/led_driver_v1_0_S_AXI_inst/slv_reg2_reg[7]'
INFO: [Synth 8-3886] merging instance 'U0/led_driver_v1_0_S_AXI_inst/slv_reg2_reg[7]' (FDR) to 'U0/led_driver_v1_0_S_AXI_inst/slv_reg2_reg[8]'
INFO: [Synth 8-3886] merging instance 'U0/led_driver_v1_0_S_AXI_inst/slv_reg2_reg[8]' (FDR) to 'U0/led_driver_v1_0_S_AXI_inst/slv_reg2_reg[9]'
INFO: [Synth 8-3886] merging instance 'U0/led_driver_v1_0_S_AXI_inst/slv_reg2_reg[9]' (FDR) to 'U0/led_driver_v1_0_S_AXI_inst/slv_reg2_reg[10]'
INFO: [Synth 8-3886] merging instance 'U0/led_driver_v1_0_S_AXI_inst/slv_reg2_reg[10]' (FDR) to 'U0/led_driver_v1_0_S_AXI_inst/slv_reg2_reg[11]'
INFO: [Synth 8-3886] merging instance 'U0/led_driver_v1_0_S_AXI_inst/slv_reg2_reg[11]' (FDR) to 'U0/led_driver_v1_0_S_AXI_inst/slv_reg2_reg[12]'
INFO: [Synth 8-3886] merging instance 'U0/led_driver_v1_0_S_AXI_inst/slv_reg2_reg[12]' (FDR) to 'U0/led_driver_v1_0_S_AXI_inst/slv_reg2_reg[13]'
INFO: [Synth 8-3886] merging instance 'U0/led_driver_v1_0_S_AXI_inst/slv_reg2_reg[13]' (FDR) to 'U0/led_driver_v1_0_S_AXI_inst/slv_reg2_reg[14]'
INFO: [Synth 8-3886] merging instance 'U0/led_driver_v1_0_S_AXI_inst/slv_reg2_reg[14]' (FDR) to 'U0/led_driver_v1_0_S_AXI_inst/slv_reg2_reg[15]'
INFO: [Synth 8-3886] merging instance 'U0/led_driver_v1_0_S_AXI_inst/slv_reg2_reg[15]' (FDR) to 'U0/led_driver_v1_0_S_AXI_inst/slv_reg2_reg[16]'
INFO: [Synth 8-3886] merging instance 'U0/led_driver_v1_0_S_AXI_inst/slv_reg2_reg[16]' (FDR) to 'U0/led_driver_v1_0_S_AXI_inst/slv_reg2_reg[17]'
INFO: [Synth 8-3886] merging instance 'U0/led_driver_v1_0_S_AXI_inst/slv_reg2_reg[17]' (FDR) to 'U0/led_driver_v1_0_S_AXI_inst/slv_reg2_reg[18]'
INFO: [Synth 8-3886] merging instance 'U0/led_driver_v1_0_S_AXI_inst/slv_reg2_reg[18]' (FDR) to 'U0/led_driver_v1_0_S_AXI_inst/slv_reg2_reg[19]'
INFO: [Synth 8-3886] merging instance 'U0/led_driver_v1_0_S_AXI_inst/slv_reg2_reg[19]' (FDR) to 'U0/led_driver_v1_0_S_AXI_inst/slv_reg2_reg[20]'
INFO: [Synth 8-3886] merging instance 'U0/led_driver_v1_0_S_AXI_inst/slv_reg2_reg[20]' (FDR) to 'U0/led_driver_v1_0_S_AXI_inst/slv_reg2_reg[21]'
INFO: [Synth 8-3886] merging instance 'U0/led_driver_v1_0_S_AXI_inst/slv_reg2_reg[21]' (FDR) to 'U0/led_driver_v1_0_S_AXI_inst/slv_reg2_reg[22]'
INFO: [Synth 8-3886] merging instance 'U0/led_driver_v1_0_S_AXI_inst/slv_reg2_reg[22]' (FDR) to 'U0/led_driver_v1_0_S_AXI_inst/slv_reg2_reg[23]'
INFO: [Synth 8-3886] merging instance 'U0/led_driver_v1_0_S_AXI_inst/slv_reg2_reg[23]' (FDR) to 'U0/led_driver_v1_0_S_AXI_inst/slv_reg2_reg[24]'
INFO: [Synth 8-3886] merging instance 'U0/led_driver_v1_0_S_AXI_inst/slv_reg2_reg[24]' (FDR) to 'U0/led_driver_v1_0_S_AXI_inst/slv_reg2_reg[25]'
INFO: [Synth 8-3886] merging instance 'U0/led_driver_v1_0_S_AXI_inst/slv_reg2_reg[25]' (FDR) to 'U0/led_driver_v1_0_S_AXI_inst/slv_reg2_reg[26]'
INFO: [Synth 8-3886] merging instance 'U0/led_driver_v1_0_S_AXI_inst/slv_reg2_reg[26]' (FDR) to 'U0/led_driver_v1_0_S_AXI_inst/slv_reg2_reg[27]'
INFO: [Synth 8-3886] merging instance 'U0/led_driver_v1_0_S_AXI_inst/slv_reg2_reg[27]' (FDR) to 'U0/led_driver_v1_0_S_AXI_inst/slv_reg2_reg[28]'
INFO: [Synth 8-3886] merging instance 'U0/led_driver_v1_0_S_AXI_inst/slv_reg2_reg[28]' (FDR) to 'U0/led_driver_v1_0_S_AXI_inst/slv_reg2_reg[29]'
INFO: [Synth 8-3886] merging instance 'U0/led_driver_v1_0_S_AXI_inst/slv_reg2_reg[29]' (FDR) to 'U0/led_driver_v1_0_S_AXI_inst/slv_reg2_reg[30]'
INFO: [Synth 8-3886] merging instance 'U0/led_driver_v1_0_S_AXI_inst/slv_reg2_reg[30]' (FDR) to 'U0/led_driver_v1_0_S_AXI_inst/slv_reg2_reg[31]'
INFO: [Synth 8-3333] propagating constant 0 across sequential element (\U0/led_driver_v1_0_S_AXI_inst/slv_reg2_reg[31] )
INFO: [Synth 8-3886] merging instance 'U0/led_driver_v1_0_S_AXI_inst/axi_rresp_reg[0]' (FDRE) to 'U0/led_driver_v1_0_S_AXI_inst/axi_rresp_reg[1]'
INFO: [Synth 8-3333] propagating constant 0 across sequential element (\U0/led_driver_v1_0_S_AXI_inst/axi_rresp_reg[1] )
INFO: [Synth 8-3886] merging instance 'U0/led_driver_v1_0_S_AXI_inst/axi_bresp_reg[0]' (FDRE) to 'U0/led_driver_v1_0_S_AXI_inst/axi_bresp_reg[1]'
INFO: [Synth 8-3333] propagating constant 0 across sequential element (\U0/led_driver_v1_0_S_AXI_inst/axi_bresp_reg[1] )
---------------------------------------------------------------------------------
Finished Cross Boundary and Area Optimization : Time (s): cpu = 00:00:21 ; elapsed = 00:00:24 . Memory (MB): peak = 790.258 ; gain = 474.180
---------------------------------------------------------------------------------

Report RTL Partitions: 
+-+--------------+------------+----------+
| |RTL Partition |Replication |Instances |
+-+--------------+------------+----------+
+-+--------------+------------+----------+
---------------------------------------------------------------------------------
Start Applying XDC Timing Constraints
---------------------------------------------------------------------------------
---------------------------------------------------------------------------------
Finished Applying XDC Timing Constraints : Time (s): cpu = 00:00:35 ; elapsed = 00:00:38 . Memory (MB): peak = 790.617 ; gain = 474.539
---------------------------------------------------------------------------------
---------------------------------------------------------------------------------
Start Timing Optimization
---------------------------------------------------------------------------------
---------------------------------------------------------------------------------
Finished Timing Optimization : Time (s): cpu = 00:00:35 ; elapsed = 00:00:38 . Memory (MB): peak = 790.691 ; gain = 474.613
---------------------------------------------------------------------------------

Report RTL Partitions: 
+-+--------------+------------+----------+
| |RTL Partition |Replication |Instances |
+-+--------------+------------+----------+
+-+--------------+------------+----------+
---------------------------------------------------------------------------------
Start Technology Mapping
---------------------------------------------------------------------------------
---------------------------------------------------------------------------------
Finished Technology Mapping : Time (s): cpu = 00:00:35 ; elapsed = 00:00:38 . Memory (MB): peak = 810.523 ; gain = 494.445
---------------------------------------------------------------------------------

Report RTL Partitions: 
+-+--------------+------------+----------+
| |RTL Partition |Replication |Instances |
+-+--------------+------------+----------+
+-+--------------+------------+----------+
---------------------------------------------------------------------------------
Start IO Insertion
---------------------------------------------------------------------------------
---------------------------------------------------------------------------------
Start Flattening Before IO Insertion
---------------------------------------------------------------------------------
---------------------------------------------------------------------------------
Finished Flattening Before IO Insertion
---------------------------------------------------------------------------------
---------------------------------------------------------------------------------
Start Final Netlist Cleanup
---------------------------------------------------------------------------------
---------------------------------------------------------------------------------
Finished Final Netlist Cleanup
---------------------------------------------------------------------------------
---------------------------------------------------------------------------------
Finished IO Insertion : Time (s): cpu = 00:00:37 ; elapsed = 00:00:40 . Memory (MB): peak = 810.523 ; gain = 494.445
---------------------------------------------------------------------------------

Report Check Netlist: 
+------+------------------+-------+---------+-------+------------------+
|      |Item              |Errors |Warnings |Status |Description       |
+------+------------------+-------+---------+-------+------------------+
|1     |multi_driven_nets |      0|        0|Passed |Multi driven nets |
+------+------------------+-------+---------+-------+------------------+
---------------------------------------------------------------------------------
Start Renaming Generated Instances
---------------------------------------------------------------------------------
---------------------------------------------------------------------------------
Finished Renaming Generated Instances : Time (s): cpu = 00:00:37 ; elapsed = 00:00:40 . Memory (MB): peak = 810.523 ; gain = 494.445
---------------------------------------------------------------------------------

Report RTL Partitions: 
+-+--------------+------------+----------+
| |RTL Partition |Replication |Instances |
+-+--------------+------------+----------+
+-+--------------+------------+----------+
---------------------------------------------------------------------------------
Start Rebuilding User Hierarchy
---------------------------------------------------------------------------------
---------------------------------------------------------------------------------
Finished Rebuilding User Hierarchy : Time (s): cpu = 00:00:37 ; elapsed = 00:00:40 . Memory (MB): peak = 810.523 ; gain = 494.445
---------------------------------------------------------------------------------
---------------------------------------------------------------------------------
Start Renaming Generated Ports
---------------------------------------------------------------------------------
---------------------------------------------------------------------------------
Finished Renaming Generated Ports : Time (s): cpu = 00:00:37 ; elapsed = 00:00:40 . Memory (MB): peak = 810.523 ; gain = 494.445
---------------------------------------------------------------------------------
---------------------------------------------------------------------------------
Start Handling Custom Attributes
---------------------------------------------------------------------------------
---------------------------------------------------------------------------------
Finished Handling Custom Attributes : Time (s): cpu = 00:00:37 ; elapsed = 00:00:40 . Memory (MB): peak = 810.523 ; gain = 494.445
---------------------------------------------------------------------------------
---------------------------------------------------------------------------------
Start Renaming Generated Nets
---------------------------------------------------------------------------------
---------------------------------------------------------------------------------
Finished Renaming Generated Nets : Time (s): cpu = 00:00:37 ; elapsed = 00:00:40 . Memory (MB): peak = 810.523 ; gain = 494.445
---------------------------------------------------------------------------------
---------------------------------------------------------------------------------
Start Writing Synthesis Report
---------------------------------------------------------------------------------

Report BlackBoxes: 
+-+--------------+----------+
| |BlackBox name |Instances |
+-+--------------+----------+
+-+--------------+----------+

Report Cell Usage: 
+------+-----+------+
|      |Cell |Count |
+------+-----+------+
|1     |LUT1 |     1|
|2     |LUT2 |     1|
|3     |LUT3 |     1|
|4     |LUT4 |    19|
|5     |LUT5 |    28|
|6     |LUT6 |    12|
|7     |FDRE |   143|
|8     |FDSE |     3|
+------+-----+------+

Report Instance Areas: 
+------+-------------------------------+----------------------+------+
|      |Instance                       |Module                |Cells |
+------+-------------------------------+----------------------+------+
|1     |top                            |                      |   208|
|2     |  U0                           |led_driver_v1_0       |   208|
|3     |    led_driver_v1_0_S_AXI_inst |led_driver_v1_0_S_AXI |   208|
|4     |      U                        |user_logic            |    11|
+------+-------------------------------+----------------------+------+
---------------------------------------------------------------------------------
Finished Writing Synthesis Report : Time (s): cpu = 00:00:37 ; elapsed = 00:00:40 . Memory (MB): peak = 810.523 ; gain = 494.445
---------------------------------------------------------------------------------
Synthesis finished with 0 errors, 0 critical warnings and 6 warnings.
Synthesis Optimization Runtime : Time (s): cpu = 00:00:22 ; elapsed = 00:00:29 . Memory (MB): peak = 810.523 ; gain = 173.777
Synthesis Optimization Complete : Time (s): cpu = 00:00:37 ; elapsed = 00:00:40 . Memory (MB): peak = 810.523 ; gain = 494.445
INFO: [Project 1-571] Translating synthesized netlist
INFO: [Project 1-570] Preparing netlist for logic optimization
INFO: [Opt 31-138] Pushed 0 inverter(s) to 0 load pin(s).
Netlist sorting complete. Time (s): cpu = 00:00:00 ; elapsed = 00:00:00 . Memory (MB): peak = 812.539 ; gain = 0.000
INFO: [Project 1-111] Unisim Transformation Summary:
No Unisim elements were transformed.

INFO: [Common 17-83] Releasing license: Synthesis
56 Infos, 14 Warnings, 0 Critical Warnings and 0 Errors encountered.
synth_design completed successfully
synth_design: Time (s): cpu = 00:00:39 ; elapsed = 00:00:44 . Memory (MB): peak = 812.539 ; gain = 506.703
Netlist sorting complete. Time (s): cpu = 00:00:00 ; elapsed = 00:00:00 . Memory (MB): peak = 812.539 ; gain = 0.000
WARNING: [Constraints 18-5210] No constraints selected for write.
Resolution: This message can indicate that there are no constraints for the design, or it can indicate that the used_in flags are set such that the constraints are ignored. This later case is used when running synth_design to not write synthesis constraints to the resulting checkpoint. Instead, project constraints are read when the synthesized design is opened.
INFO: [Common 17-1381] The checkpoint 'D:/xlinx-projects/custom_ip_tb/custom_ip_tb.runs/custo_ip_tb_led_driver_0_0_synth_1/custo_ip_tb_led_driver_0_0.dcp' has been generated.
INFO: [Coretcl 2-1648] Added synthesis output to IP cache for IP custo_ip_tb_led_driver_0_0, cache-ID = a55da76583a9be59
INFO: [Coretcl 2-1174] Renamed 3 cell refs.
Netlist sorting complete. Time (s): cpu = 00:00:00 ; elapsed = 00:00:00 . Memory (MB): peak = 812.539 ; gain = 0.000
WARNING: [Constraints 18-5210] No constraints selected for write.
Resolution: This message can indicate that there are no constraints for the design, or it can indicate that the used_in flags are set such that the constraints are ignored. This later case is used when running synth_design to not write synthesis constraints to the resulting checkpoint. Instead, project constraints are read when the synthesized design is opened.
INFO: [Common 17-1381] The checkpoint 'D:/xlinx-projects/custom_ip_tb/custom_ip_tb.runs/custo_ip_tb_led_driver_0_0_synth_1/custo_ip_tb_led_driver_0_0.dcp' has been generated.
INFO: [runtcl-4] Executing : report_utilization -file custo_ip_tb_led_driver_0_0_utilization_synth.rpt -pb custo_ip_tb_led_driver_0_0_utilization_synth.pb
INFO: [Common 17-206] Exiting Vivado at Mon Feb 15 14:49:52 2021...
